<?xml version="1.0" encoding="UTF-8"?>
<robot generator="Robot 3.1.2 (Python 3.8.1 on win32)" generated="20200402 16:41:12.048" rpa="false">
<suite id="s1" name="Register Seller TestCases" source="C:\development\EscrowAPIProj\TestCases\RegisterSeller_API\Register_Seller_TestCases.robot">
<test id="s1-t1" name="TC_25 RegisterSeller duplicate_ID_NO Belong to seller status @post">
<kw name="Sleep" library="BuiltIn" type="setup">
<doc>Pauses the test executed for the given time.</doc>
<arguments>
<arg>2s</arg>
</arguments>
<msg timestamp="20200402 16:41:14.433" level="INFO">Slept 2 seconds</msg>
<status status="PASS" starttime="20200402 16:41:12.433" endtime="20200402 16:41:14.433"></status>
</kw>
<kw name="GetToken Escrow" library="Get Token">
<assign>
<var>${TokenEscrow}</var>
</assign>
<kw name="Create Session" library="RequestsLibrary">
<doc>Create Session: create a HTTP session to a server</doc>
<arguments>
<arg>Session</arg>
<arg>${URLEscrowAuthUAT}</arg>
</arguments>
<msg timestamp="20200402 16:41:14.437" level="INFO">Creating Session using : alias=Session, url=http://172.31.2.28/escrow_core/api/v1/Authentication/oauth2, headers={},                     cookies={}, auth=None, timeout=None, proxies=None, verify=False,                     debug=0 </msg>
<status status="PASS" starttime="20200402 16:41:14.437" endtime="20200402 16:41:14.438"></status>
</kw>
<kw name="Create Dictionary" library="BuiltIn">
<doc>Creates and returns a dictionary based on the given ``items``.</doc>
<arguments>
<arg>Content-Type=application/x-www-form-urlencoded</arg>
</arguments>
<assign>
<var>${header}</var>
</assign>
<msg timestamp="20200402 16:41:14.440" level="INFO">${header} = {'Content-Type': 'application/x-www-form-urlencoded'}</msg>
<status status="PASS" starttime="20200402 16:41:14.439" endtime="20200402 16:41:14.440"></status>
</kw>
<kw name="Set To Dictionary" library="Collections">
<doc>Adds the given ``key_value_pairs`` and ``items`` to the ``dictionary``.</doc>
<arguments>
<arg>${header}</arg>
<arg>Authorization</arg>
<arg>Basic ${Client_authKey}</arg>
</arguments>
<status status="PASS" starttime="20200402 16:41:14.441" endtime="20200402 16:41:14.441"></status>
</kw>
<kw name="Create Dictionary" library="BuiltIn">
<doc>Creates and returns a dictionary based on the given ``items``.</doc>
<arguments>
<arg>grant_type=client_credentials</arg>
</arguments>
<assign>
<var>${Body}</var>
</assign>
<msg timestamp="20200402 16:41:14.443" level="INFO">${Body} = {'grant_type': 'client_credentials'}</msg>
<status status="PASS" starttime="20200402 16:41:14.442" endtime="20200402 16:41:14.443"></status>
</kw>
<kw name="Post Request" library="RequestsLibrary">
<doc>Send a POST request on the session object found using the
given `alias`</doc>
<arguments>
<arg>Session</arg>
<arg>/token</arg>
<arg>data=${Body}</arg>
<arg>headers=${header}</arg>
</arguments>
<assign>
<var>${response}</var>
</assign>
<msg timestamp="20200402 16:41:14.445" level="INFO">POST Request using : uri=/token, params=None, files=None, allow_redirects=True, timeout=None
headers={'User-Agent': 'python-requests/2.22.0', 'Accept-Encoding': 'gzip, deflate', 'Accept': '*/*', 'Connection': 'keep-alive', 'Content-Type': 'application/x-www-form-urlencoded', 'Authorization': 'Basic MDAxOmthaWRlZVNlY3JldEtleVRlc3Q='} 
data=grant_type=client_credentials 
json=None</msg>
<msg timestamp="20200402 16:41:15.400" level="INFO">${response} = &lt;Response [200]&gt;</msg>
<status status="PASS" starttime="20200402 16:41:14.443" endtime="20200402 16:41:15.400"></status>
</kw>
<kw name="Should Be Equal As Strings" library="BuiltIn">
<doc>Fails if objects are unequal after converting them to strings.</doc>
<arguments>
<arg>${response.status_code}</arg>
<arg>200</arg>
</arguments>
<msg timestamp="20200402 16:41:15.400" level="INFO">Argument types are:
&lt;class 'int'&gt;
&lt;type 'unicode'&gt;</msg>
<status status="PASS" starttime="20200402 16:41:15.400" endtime="20200402 16:41:15.400"></status>
</kw>
<kw name="Log" library="BuiltIn">
<doc>Logs the given message with the given level.</doc>
<arguments>
<arg>${response.json()['accessToken']}</arg>
</arguments>
<msg timestamp="20200402 16:41:15.400" level="INFO">eyJhbGciOiJIUzI1NiIsInR5cCI6IkpXVCJ9.eyJodHRwOi8vc2NoZW1hcy5taWNyb3NvZnQuY29tL3dzLzIwMDgvMDYvaWRlbnRpdHkvY2xhaW1zL3VzZXJkYXRhIjoiOTE1b2srbFFFM2Ird3ZBU1hsdE9QMW14TzlXdmwva1Nia0tGVDEwMXIwVFpyNDNJdW5ENTZHbXVvcXl4VVNqSHo3Vzgxb00yK2dtUzZrYnJ5cXBMUWJMV2JPY0FlalRBZzdNTCtZaG5DaVk9IiwibmJmIjoxNTg1ODI1ODc0LCJleHAiOjE1ODU4MjU5MzQsImlhdCI6MTU4NTgyNTg3NCwiaXNzIjoiZXNjcm93LWNvcmUtYXBpIiwiYXVkIjoiZXNjcm93LWNvcmUtY2xpZW50In0.lyazfwm6qN2nyOSTFidu0eq9oxr6D229zfdVxtWSpXg</msg>
<status status="PASS" starttime="20200402 16:41:15.400" endtime="20200402 16:41:15.400"></status>
</kw>
<msg timestamp="20200402 16:41:15.400" level="INFO">${TokenEscrow} = eyJhbGciOiJIUzI1NiIsInR5cCI6IkpXVCJ9.eyJodHRwOi8vc2NoZW1hcy5taWNyb3NvZnQuY29tL3dzLzIwMDgvMDYvaWRlbnRpdHkvY2xhaW1zL3VzZXJkYXRhIjoiOTE1b2srbFFFM2Ird3ZBU1hsdE9QMW14TzlXdmwva1Nia0tGVDEwMXIwVFpyNDNJdW5ENTZ...</msg>
<status status="PASS" starttime="20200402 16:41:14.435" endtime="20200402 16:41:15.400"></status>
</kw>
<kw name="Randome_IDNumber" library="Register_Global_Keywords">
<assign>
<var>${IdNumber}</var>
</assign>
<kw name="Generate Random String" library="String">
<doc>Generates a string with a desired ``length`` from the given ``chars``.</doc>
<arguments>
<arg>14</arg>
<arg>[NUMBERS]</arg>
</arguments>
<assign>
<var>${Id}</var>
</assign>
<msg timestamp="20200402 16:41:15.400" level="INFO">${Id} = 53557744472745</msg>
<status status="PASS" starttime="20200402 16:41:15.400" endtime="20200402 16:41:15.400"></status>
</kw>
<kw name="Set Global Variable" library="BuiltIn">
<doc>Makes a variable available globally in all tests and suites.</doc>
<arguments>
<arg>${IdNumber}</arg>
<arg>${Id}</arg>
</arguments>
<msg timestamp="20200402 16:41:15.416" level="INFO">${IdNumber} = 53557744472745</msg>
<status status="PASS" starttime="20200402 16:41:15.400" endtime="20200402 16:41:15.416"></status>
</kw>
<msg timestamp="20200402 16:41:15.416" level="INFO">${IdNumber} = 53557744472745</msg>
<status status="PASS" starttime="20200402 16:41:15.400" endtime="20200402 16:41:15.416"></status>
</kw>
<kw name="RegisterSeller duplicateIdNO Belong to sellerID @post" library="Register_Seller_API">
<arguments>
<arg>${TokenEscrow}</arg>
<arg>@{escrowCompId}[0]</arg>
<arg>${IdNumber}</arg>
<arg>${2}</arg>
<arg>${0}</arg>
<arg>000</arg>
<arg>Success</arg>
</arguments>
<kw name="Create Session" library="RequestsLibrary">
<doc>Create Session: create a HTTP session to a server</doc>
<arguments>
<arg>RegisterNewSeller</arg>
<arg>http://172.31.2.28/escrow_core/api/v1</arg>
</arguments>
<msg timestamp="20200402 16:41:15.416" level="INFO">Creating Session using : alias=RegisterNewSeller, url=http://172.31.2.28/escrow_core/api/v1, headers={},                     cookies={}, auth=None, timeout=None, proxies=None, verify=False,                     debug=0 </msg>
<status status="PASS" starttime="20200402 16:41:15.416" endtime="20200402 16:41:15.416"></status>
</kw>
<kw name="Convert To Integer" library="BuiltIn">
<doc>Converts the given item to an integer number.</doc>
<arguments>
<arg>${typeOfID}</arg>
</arguments>
<assign>
<var>${typeID}</var>
</assign>
<msg timestamp="20200402 16:41:15.416" level="INFO">${typeID} = 2</msg>
<status status="PASS" starttime="20200402 16:41:15.416" endtime="20200402 16:41:15.416"></status>
</kw>
<kw name="Convert To Integer" library="BuiltIn">
<doc>Converts the given item to an integer number.</doc>
<arguments>
<arg>${kycRequest}</arg>
</arguments>
<assign>
<var>${KeyReq}</var>
</assign>
<msg timestamp="20200402 16:41:15.416" level="INFO">${KeyReq} = 0</msg>
<status status="PASS" starttime="20200402 16:41:15.416" endtime="20200402 16:41:15.416"></status>
</kw>
<kw name="Create Dictionary" library="BuiltIn">
<doc>Creates and returns a dictionary based on the given ``items``.</doc>
<arguments>
<arg>escrowCompanyId=${escrowCompanyID}</arg>
<arg>idNumber=${idNumber}</arg>
<arg>typeOfID=${typeOfID}</arg>
<arg>kycRequest=${KeyReq}</arg>
</arguments>
<assign>
<var>${body}</var>
</assign>
<msg timestamp="20200402 16:41:15.432" level="INFO">${body} = {'escrowCompanyId': '001', 'idNumber': '53557744472745', 'typeOfID': 2, 'kycRequest': 0}</msg>
<status status="PASS" starttime="20200402 16:41:15.416" endtime="20200402 16:41:15.432"></status>
</kw>
<kw name="Set Variable" library="BuiltIn">
<doc>Returns the given values which can then be assigned to a variables.</doc>
<arguments>
<arg>bearer ${Token}</arg>
</arguments>
<assign>
<var>${AuthToken}</var>
</assign>
<msg timestamp="20200402 16:41:15.432" level="INFO">${AuthToken} = bearer eyJhbGciOiJIUzI1NiIsInR5cCI6IkpXVCJ9.eyJodHRwOi8vc2NoZW1hcy5taWNyb3NvZnQuY29tL3dzLzIwMDgvMDYvaWRlbnRpdHkvY2xhaW1zL3VzZXJkYXRhIjoiOTE1b2srbFFFM2Ird3ZBU1hsdE9QMW14TzlXdmwva1Nia0tGVDEwMXIwVFpyNDNJ...</msg>
<status status="PASS" starttime="20200402 16:41:15.432" endtime="20200402 16:41:15.432"></status>
</kw>
<kw name="Create Dictionary" library="BuiltIn">
<doc>Creates and returns a dictionary based on the given ``items``.</doc>
<arguments>
<arg>Content-Type=application/json</arg>
<arg>Authorization=${AuthToken}</arg>
</arguments>
<assign>
<var>${header}</var>
</assign>
<msg timestamp="20200402 16:41:15.432" level="INFO">${header} = {'Content-Type': 'application/json', 'Authorization': 'bearer eyJhbGciOiJIUzI1NiIsInR5cCI6IkpXVCJ9.eyJodHRwOi8vc2NoZW1hcy5taWNyb3NvZnQuY29tL3dzLzIwMDgvMDYvaWRlbnRpdHkvY2xhaW1zL3VzZXJkYXRhIjoiOTE1b2srb...</msg>
<status status="PASS" starttime="20200402 16:41:15.432" endtime="20200402 16:41:15.432"></status>
</kw>
<kw name="Post Request" library="RequestsLibrary">
<doc>Send a POST request on the session object found using the
given `alias`</doc>
<arguments>
<arg>RegisterNewSeller</arg>
<arg>/seller/register</arg>
<arg>data=${body}</arg>
<arg>headers=${header}</arg>
</arguments>
<assign>
<var>${response}</var>
</assign>
<msg timestamp="20200402 16:41:15.438" level="INFO">POST Request using : uri=/seller/register, params=None, files=None, allow_redirects=True, timeout=None
headers={'User-Agent': 'python-requests/2.22.0', 'Accept-Encoding': 'gzip, deflate', 'Accept': '*/*', 'Connection': 'keep-alive', 'Content-Type': 'application/json', 'Authorization': 'bearer eyJhbGciOiJIUzI1NiIsInR5cCI6IkpXVCJ9.eyJodHRwOi8vc2NoZW1hcy5taWNyb3NvZnQuY29tL3dzLzIwMDgvMDYvaWRlbnRpdHkvY2xhaW1zL3VzZXJkYXRhIjoiOTE1b2srbFFFM2Ird3ZBU1hsdE9QMW14TzlXdmwva1Nia0tGVDEwMXIwVFpyNDNJdW5ENTZHbXVvcXl4VVNqSHo3Vzgxb00yK2dtUzZrYnJ5cXBMUWJMV2JPY0FlalRBZzdNTCtZaG5DaVk9IiwibmJmIjoxNTg1ODI1ODc0LCJleHAiOjE1ODU4MjU5MzQsImlhdCI6MTU4NTgyNTg3NCwiaXNzIjoiZXNjcm93LWNvcmUtYXBpIiwiYXVkIjoiZXNjcm93LWNvcmUtY2xpZW50In0.lyazfwm6qN2nyOSTFidu0eq9oxr6D229zfdVxtWSpXg'} 
data={"escrowCompanyId": "001", "idNumber": "53557744472745", "typeOfID": 2, "kycRequest": 0} 
json=None</msg>
<msg timestamp="20200402 16:41:18.858" level="INFO">${response} = &lt;Response [200]&gt;</msg>
<status status="PASS" starttime="20200402 16:41:15.432" endtime="20200402 16:41:18.858"></status>
</kw>
<kw name="Log" library="BuiltIn">
<doc>Logs the given message with the given level.</doc>
<arguments>
<arg>${response.text}</arg>
<arg>console=True</arg>
</arguments>
<msg timestamp="20200402 16:41:18.864" level="INFO">{"sellerId":"844c6d7f-ca4e-4c1a-ae2f-fe91917c447b","responseCode":"000","resDescription":"Success"}</msg>
<status status="PASS" starttime="20200402 16:41:18.858" endtime="20200402 16:41:18.864"></status>
</kw>
<kw name="Should Be Equal As Strings" library="BuiltIn">
<doc>Fails if objects are unequal after converting them to strings.</doc>
<arguments>
<arg>${response.status_code}</arg>
<arg>200</arg>
</arguments>
<msg timestamp="20200402 16:41:18.864" level="INFO">Argument types are:
&lt;class 'int'&gt;
&lt;type 'unicode'&gt;</msg>
<status status="PASS" starttime="20200402 16:41:18.864" endtime="20200402 16:41:18.864"></status>
</kw>
<kw name="Should Be Equal As Strings" library="BuiltIn">
<doc>Fails if objects are unequal after converting them to strings.</doc>
<arguments>
<arg>${response.json()['responseCode']}</arg>
<arg>${ResponseCode}</arg>
</arguments>
<status status="PASS" starttime="20200402 16:41:18.864" endtime="20200402 16:41:18.864"></status>
</kw>
<kw name="Should Be Equal As Strings" library="BuiltIn">
<doc>Fails if objects are unequal after converting them to strings.</doc>
<arguments>
<arg>${response.json()['resDescription']}</arg>
<arg>${ResponseDescription}</arg>
</arguments>
<status status="PASS" starttime="20200402 16:41:18.864" endtime="20200402 16:41:18.864"></status>
</kw>
<status status="PASS" starttime="20200402 16:41:15.416" endtime="20200402 16:41:18.864"></status>
</kw>
<doc>Valid : To check idNumber is entered duplicate (duplicate id number should belong to Seller status = terminated ) and request is send with all mandatory fields</doc>
<tags>
<tag>0000</tag>
</tags>
<status status="PASS" starttime="20200402 16:41:12.433" endtime="20200402 16:41:18.864" critical="yes"></status>
</test>
<status status="PASS" starttime="20200402 16:41:12.048" endtime="20200402 16:41:18.864"></status>
</suite>
<statistics>
<total>
<stat pass="1" fail="0">Critical Tests</stat>
<stat pass="1" fail="0">All Tests</stat>
</total>
<tag>
<stat pass="1" fail="0">0000</stat>
</tag>
<suite>
<stat pass="1" fail="0" id="s1" name="Register Seller TestCases">Register Seller TestCases</stat>
</suite>
</statistics>
<errors>
<msg timestamp="20200402 16:41:12.397" level="ERROR">Error in file 'C:\development\EscrowAPIProj\Resource\Keyword\All Keywords EscrowAPI.robot': Resource file '\Global Keyword\Get Token.robot' does not exist.</msg>
<msg timestamp="20200402 16:41:12.397" level="ERROR">Error in file 'C:\development\EscrowAPIProj\Resource\Keyword\All Keywords EscrowAPI.robot': Resource file '\Global Keyword\Register_Global_Keywords.robot' does not exist.</msg>
</errors>
</robot>
