<?xml version="1.0" encoding="UTF-8"?>
<robot generator="Robot 3.1.2 (Python 3.8.1 on win32)" generated="20200312 21:59:58.529" rpa="false">
<suite id="s1" name="TestCasesEscrowAPI" source="C:\Users\perennial\PycharmProjects\Mobile Api\TestCasesEscrowAPI.robot">
<test id="s1-t1" name="RandomeGenerateVaribales with Values">
<kw name="Generate Random String" library="String">
<doc>Generates a string with a desired ``length`` from the given ``chars``.</doc>
<arguments>
<arg>14</arg>
<arg>[NUMBERS]</arg>
</arguments>
<assign>
<var>${Id}</var>
</assign>
<msg timestamp="20200312 21:59:59.046" level="INFO">${Id} = 54089779288335</msg>
<status status="PASS" starttime="20200312 21:59:59.046" endtime="20200312 21:59:59.046"></status>
</kw>
<kw name="Set Global Variable" library="BuiltIn">
<doc>Makes a variable available globally in all tests and suites.</doc>
<arguments>
<arg>${IdNumber}</arg>
<arg>${Id}</arg>
</arguments>
<msg timestamp="20200312 21:59:59.047" level="INFO">${IdNumber} = 54089779288335</msg>
<status status="PASS" starttime="20200312 21:59:59.047" endtime="20200312 21:59:59.047"></status>
</kw>
<kw name="Generate Random String" library="String">
<doc>Generates a string with a desired ``length`` from the given ``chars``.</doc>
<arguments>
<arg>10</arg>
<arg>[NUMBERS]</arg>
</arguments>
<assign>
<var>${mobile}</var>
</assign>
<msg timestamp="20200312 21:59:59.048" level="INFO">${mobile} = 8604812915</msg>
<status status="PASS" starttime="20200312 21:59:59.048" endtime="20200312 21:59:59.048"></status>
</kw>
<kw name="Set Global Variable" library="BuiltIn">
<doc>Makes a variable available globally in all tests and suites.</doc>
<arguments>
<arg>${mobileNo}</arg>
<arg>${mobile}</arg>
</arguments>
<msg timestamp="20200312 21:59:59.049" level="INFO">${mobileNo} = 8604812915</msg>
<status status="PASS" starttime="20200312 21:59:59.048" endtime="20200312 21:59:59.049"></status>
</kw>
<kw name="Generate Random String" library="String">
<doc>Generates a string with a desired ``length`` from the given ``chars``.</doc>
<arguments>
<arg>3</arg>
<arg>[NUMBERS]</arg>
</arguments>
<assign>
<var>${Emailnum}</var>
</assign>
<msg timestamp="20200312 21:59:59.050" level="INFO">${Emailnum} = 734</msg>
<status status="PASS" starttime="20200312 21:59:59.049" endtime="20200312 21:59:59.050"></status>
</kw>
<kw name="Set Global Variable" library="BuiltIn">
<doc>Makes a variable available globally in all tests and suites.</doc>
<arguments>
<arg>${enum}</arg>
<arg>${Emailnum}</arg>
</arguments>
<msg timestamp="20200312 21:59:59.051" level="INFO">${enum} = 734</msg>
<status status="PASS" starttime="20200312 21:59:59.050" endtime="20200312 21:59:59.051"></status>
</kw>
<status status="PASS" starttime="20200312 21:59:59.045" endtime="20200312 21:59:59.051" critical="yes"></status>
</test>
<test id="s1-t2" name="RegisterNewSeller">
<kw name="GetToken Escrow" library="Get Token">
<assign>
<var>${TokenEscrow}</var>
</assign>
<kw name="Create Session" library="RequestsLibrary">
<doc>Create Session: create a HTTP session to a server</doc>
<arguments>
<arg>Session</arg>
<arg>${URLEscrowAuthUAT}</arg>
</arguments>
<msg timestamp="20200312 21:59:59.054" level="INFO">Creating Session using : alias=Session, url=http://172.31.2.28/escrow_core/api/v1/Authentication/oauth2, headers={},                     cookies={}, auth=None, timeout=None, proxies=None, verify=False,                     debug=0 </msg>
<status status="PASS" starttime="20200312 21:59:59.053" endtime="20200312 21:59:59.054"></status>
</kw>
<kw name="Create Dictionary" library="BuiltIn">
<doc>Creates and returns a dictionary based on the given ``items``.</doc>
<arguments>
<arg>Content-Type=application/x-www-form-urlencoded</arg>
</arguments>
<assign>
<var>${header}</var>
</assign>
<msg timestamp="20200312 21:59:59.055" level="INFO">${header} = {'Content-Type': 'application/x-www-form-urlencoded'}</msg>
<status status="PASS" starttime="20200312 21:59:59.054" endtime="20200312 21:59:59.055"></status>
</kw>
<kw name="Set To Dictionary" library="Collections">
<doc>Adds the given ``key_value_pairs`` and ``items`` to the ``dictionary``.</doc>
<arguments>
<arg>${header}</arg>
<arg>Authorization</arg>
<arg>Basic ${Client_authKey}</arg>
</arguments>
<status status="PASS" starttime="20200312 21:59:59.055" endtime="20200312 21:59:59.055"></status>
</kw>
<kw name="Create Dictionary" library="BuiltIn">
<doc>Creates and returns a dictionary based on the given ``items``.</doc>
<arguments>
<arg>grant_type=client_credentials</arg>
</arguments>
<assign>
<var>${Body}</var>
</assign>
<msg timestamp="20200312 21:59:59.056" level="INFO">${Body} = {'grant_type': 'client_credentials'}</msg>
<status status="PASS" starttime="20200312 21:59:59.055" endtime="20200312 21:59:59.056"></status>
</kw>
<kw name="Post Request" library="RequestsLibrary">
<doc>Send a POST request on the session object found using the
given `alias`</doc>
<arguments>
<arg>Session</arg>
<arg>/token</arg>
<arg>data=${Body}</arg>
<arg>headers=${header}</arg>
</arguments>
<assign>
<var>${response}</var>
</assign>
<msg timestamp="20200312 21:59:59.056" level="INFO">POST Request using : uri=/token, params=None, files=None, allow_redirects=True, timeout=None
headers={'User-Agent': 'python-requests/2.23.0', 'Accept-Encoding': 'gzip, deflate', 'Accept': '*/*', 'Connection': 'keep-alive', 'Content-Type': 'application/x-www-form-urlencoded', 'Authorization': 'Basic MDAxOmthaWRlZVNlY3JldEtleVRlc3Q='} 
data=grant_type=client_credentials 
json=None</msg>
<msg timestamp="20200312 22:00:01.572" level="INFO">${response} = &lt;Response [200]&gt;</msg>
<status status="PASS" starttime="20200312 21:59:59.056" endtime="20200312 22:00:01.572"></status>
</kw>
<kw name="Should Be Equal As Strings" library="BuiltIn">
<doc>Fails if objects are unequal after converting them to strings.</doc>
<arguments>
<arg>${response.status_code}</arg>
<arg>200</arg>
</arguments>
<msg timestamp="20200312 22:00:01.574" level="INFO">Argument types are:
&lt;class 'int'&gt;
&lt;type 'unicode'&gt;</msg>
<status status="PASS" starttime="20200312 22:00:01.573" endtime="20200312 22:00:01.575"></status>
</kw>
<kw name="Log" library="BuiltIn">
<doc>Logs the given message with the given level.</doc>
<arguments>
<arg>${response.json()['accessToken']}</arg>
</arguments>
<msg timestamp="20200312 22:00:01.577" level="INFO">eyJhbGciOiJIUzI1NiIsInR5cCI6IkpXVCJ9.eyJodHRwOi8vc2NoZW1hcy5taWNyb3NvZnQuY29tL3dzLzIwMDgvMDYvaWRlbnRpdHkvY2xhaW1zL3VzZXJkYXRhIjoiOTE1b2srbFFFM2Ird3ZBU1hsdE9QeEsxY2MzTi9lbVBpZnQxSDZIYWNKT3p5eWZJcWdjbkd6T2M1MFNhcDZuZ1RoQWFZaTIvUXF1QmR3OXRWOHgza0U1eG9lNVIwaHZPanloWkFObkVTZ2M9IiwibmJmIjoxNTg0MDMwNjAwLCJleHAiOjE1ODQwMzA2NjAsImlhdCI6MTU4NDAzMDYwMCwiaXNzIjoiZXNjcm93LWNvcmUtYXBpIiwiYXVkIjoiZXNjcm93LWNvcmUtY2xpZW50In0.-XLje_kGlDSo82QbDo8xZBuYlf4p3eIqlkPNOiIHw1A</msg>
<status status="PASS" starttime="20200312 22:00:01.575" endtime="20200312 22:00:01.577"></status>
</kw>
<msg timestamp="20200312 22:00:01.577" level="INFO">${TokenEscrow} = eyJhbGciOiJIUzI1NiIsInR5cCI6IkpXVCJ9.eyJodHRwOi8vc2NoZW1hcy5taWNyb3NvZnQuY29tL3dzLzIwMDgvMDYvaWRlbnRpdHkvY2xhaW1zL3VzZXJkYXRhIjoiOTE1b2srbFFFM2Ird3ZBU1hsdE9QeEsxY2MzTi9lbVBpZnQxSDZIYWNKT3p5eWZJcWdjbkd...</msg>
<status status="PASS" starttime="20200312 21:59:59.053" endtime="20200312 22:00:01.577"></status>
</kw>
<kw name="Log To Console" library="BuiltIn">
<doc>Logs the given message to the console.</doc>
<arguments>
<arg>${IdNumber}</arg>
</arguments>
<status status="PASS" starttime="20200312 22:00:01.578" endtime="20200312 22:00:01.578"></status>
</kw>
<kw name="RegisterSeller" library="Seller Register Keyword">
<arguments>
<arg>${TokenEscrow}</arg>
<arg>${escrowCompId}</arg>
<arg>${IdNumber}</arg>
<arg>1</arg>
<arg>0</arg>
</arguments>
<assign>
<var>${sellerid_locaL}</var>
</assign>
<kw name="Create Session" library="RequestsLibrary">
<doc>Create Session: create a HTTP session to a server</doc>
<arguments>
<arg>RegisterNewSeller</arg>
<arg>http://172.31.2.28/escrow_core/api/v1</arg>
</arguments>
<msg timestamp="20200312 22:00:01.580" level="INFO">Creating Session using : alias=RegisterNewSeller, url=http://172.31.2.28/escrow_core/api/v1, headers={},                     cookies={}, auth=None, timeout=None, proxies=None, verify=False,                     debug=0 </msg>
<status status="PASS" starttime="20200312 22:00:01.579" endtime="20200312 22:00:01.580"></status>
</kw>
<kw name="Convert To Integer" library="BuiltIn">
<doc>Converts the given item to an integer number.</doc>
<arguments>
<arg>${typeOfID}</arg>
</arguments>
<assign>
<var>${typeID}</var>
</assign>
<msg timestamp="20200312 22:00:01.581" level="INFO">${typeID} = 1</msg>
<status status="PASS" starttime="20200312 22:00:01.580" endtime="20200312 22:00:01.581"></status>
</kw>
<kw name="Convert To Integer" library="BuiltIn">
<doc>Converts the given item to an integer number.</doc>
<arguments>
<arg>${kycRequest}</arg>
</arguments>
<assign>
<var>${KeyReq}</var>
</assign>
<msg timestamp="20200312 22:00:01.581" level="INFO">${KeyReq} = 0</msg>
<status status="PASS" starttime="20200312 22:00:01.581" endtime="20200312 22:00:01.581"></status>
</kw>
<kw name="Create Dictionary" library="BuiltIn">
<doc>Creates and returns a dictionary based on the given ``items``.</doc>
<arguments>
<arg>escrowCompanyId=${escrowCompanyID}</arg>
<arg>idNumber=${idNumber}</arg>
<arg>typeOfId=${typeID}</arg>
<arg>kycRequest=${KeyReq}</arg>
</arguments>
<assign>
<var>${body}</var>
</assign>
<msg timestamp="20200312 22:00:01.582" level="INFO">${body} = {'escrowCompanyId': '001', 'idNumber': '54089779288335', 'typeOfId': 1, 'kycRequest': 0}</msg>
<status status="PASS" starttime="20200312 22:00:01.581" endtime="20200312 22:00:01.582"></status>
</kw>
<kw name="Set Variable" library="BuiltIn">
<doc>Returns the given values which can then be assigned to a variables.</doc>
<arguments>
<arg>bearer ${Token}</arg>
</arguments>
<assign>
<var>${AuthToken}</var>
</assign>
<msg timestamp="20200312 22:00:01.583" level="INFO">${AuthToken} = bearer eyJhbGciOiJIUzI1NiIsInR5cCI6IkpXVCJ9.eyJodHRwOi8vc2NoZW1hcy5taWNyb3NvZnQuY29tL3dzLzIwMDgvMDYvaWRlbnRpdHkvY2xhaW1zL3VzZXJkYXRhIjoiOTE1b2srbFFFM2Ird3ZBU1hsdE9QeEsxY2MzTi9lbVBpZnQxSDZIYWNKT3p5eWZJ...</msg>
<status status="PASS" starttime="20200312 22:00:01.582" endtime="20200312 22:00:01.583"></status>
</kw>
<kw name="Create Dictionary" library="BuiltIn">
<doc>Creates and returns a dictionary based on the given ``items``.</doc>
<arguments>
<arg>Content-Type=application/json</arg>
<arg>Authorization=${AuthToken}</arg>
</arguments>
<assign>
<var>${header}</var>
</assign>
<msg timestamp="20200312 22:00:01.583" level="INFO">${header} = {'Content-Type': 'application/json', 'Authorization': 'bearer eyJhbGciOiJIUzI1NiIsInR5cCI6IkpXVCJ9.eyJodHRwOi8vc2NoZW1hcy5taWNyb3NvZnQuY29tL3dzLzIwMDgvMDYvaWRlbnRpdHkvY2xhaW1zL3VzZXJkYXRhIjoiOTE1b2srb...</msg>
<status status="PASS" starttime="20200312 22:00:01.583" endtime="20200312 22:00:01.583"></status>
</kw>
<kw name="Post Request" library="RequestsLibrary">
<doc>Send a POST request on the session object found using the
given `alias`</doc>
<arguments>
<arg>RegisterNewSeller</arg>
<arg>/seller/register</arg>
<arg>data=${body}</arg>
<arg>headers=${header}</arg>
</arguments>
<assign>
<var>${response}</var>
</assign>
<msg timestamp="20200312 22:00:01.584" level="INFO">POST Request using : uri=/seller/register, params=None, files=None, allow_redirects=True, timeout=None
headers={'User-Agent': 'python-requests/2.23.0', 'Accept-Encoding': 'gzip, deflate', 'Accept': '*/*', 'Connection': 'keep-alive', 'Content-Type': 'application/json', 'Authorization': 'bearer eyJhbGciOiJIUzI1NiIsInR5cCI6IkpXVCJ9.eyJodHRwOi8vc2NoZW1hcy5taWNyb3NvZnQuY29tL3dzLzIwMDgvMDYvaWRlbnRpdHkvY2xhaW1zL3VzZXJkYXRhIjoiOTE1b2srbFFFM2Ird3ZBU1hsdE9QeEsxY2MzTi9lbVBpZnQxSDZIYWNKT3p5eWZJcWdjbkd6T2M1MFNhcDZuZ1RoQWFZaTIvUXF1QmR3OXRWOHgza0U1eG9lNVIwaHZPanloWkFObkVTZ2M9IiwibmJmIjoxNTg0MDMwNjAwLCJleHAiOjE1ODQwMzA2NjAsImlhdCI6MTU4NDAzMDYwMCwiaXNzIjoiZXNjcm93LWNvcmUtYXBpIiwiYXVkIjoiZXNjcm93LWNvcmUtY2xpZW50In0.-XLje_kGlDSo82QbDo8xZBuYlf4p3eIqlkPNOiIHw1A'} 
data={"escrowCompanyId": "001", "idNumber": "54089779288335", "typeOfId": 1, "kycRequest": 0} 
json=None</msg>
<msg timestamp="20200312 22:00:02.768" level="INFO">${response} = &lt;Response [200]&gt;</msg>
<status status="PASS" starttime="20200312 22:00:01.583" endtime="20200312 22:00:02.768"></status>
</kw>
<kw name="Log" library="BuiltIn">
<doc>Logs the given message with the given level.</doc>
<arguments>
<arg>${response.text}</arg>
<arg>console=True</arg>
</arguments>
<msg timestamp="20200312 22:00:02.770" level="INFO">{"sellerId":"56582e64-e40a-4e20-9c67-3e9712617f3a","responseCode":"000","responseDescription":"Success"}</msg>
<status status="PASS" starttime="20200312 22:00:02.769" endtime="20200312 22:00:02.771"></status>
</kw>
<kw name="Should Be Equal As Strings" library="BuiltIn">
<doc>Fails if objects are unequal after converting them to strings.</doc>
<arguments>
<arg>${response.status_code}</arg>
<arg>200</arg>
</arguments>
<msg timestamp="20200312 22:00:02.772" level="INFO">Argument types are:
&lt;class 'int'&gt;
&lt;type 'unicode'&gt;</msg>
<status status="PASS" starttime="20200312 22:00:02.771" endtime="20200312 22:00:02.773"></status>
</kw>
<msg timestamp="20200312 22:00:02.774" level="INFO">${sellerid_locaL} = 56582e64-e40a-4e20-9c67-3e9712617f3a</msg>
<status status="PASS" starttime="20200312 22:00:01.579" endtime="20200312 22:00:02.774"></status>
</kw>
<kw name="Set Global Variable" library="BuiltIn">
<doc>Makes a variable available globally in all tests and suites.</doc>
<arguments>
<arg>${sellerid}</arg>
<arg>${sellerid_locaL}</arg>
</arguments>
<msg timestamp="20200312 22:00:02.776" level="INFO">${sellerid} = 56582e64-e40a-4e20-9c67-3e9712617f3a</msg>
<status status="PASS" starttime="20200312 22:00:02.775" endtime="20200312 22:00:02.776"></status>
</kw>
<status status="PASS" starttime="20200312 21:59:59.052" endtime="20200312 22:00:02.777" critical="yes"></status>
</test>
<test id="s1-t3" name="UpdateSellerDetails">
<kw name="Log To Console" library="BuiltIn">
<doc>Logs the given message to the console.</doc>
<arguments>
<arg>${IdNumber}</arg>
</arguments>
<status status="PASS" starttime="20200312 22:00:02.779" endtime="20200312 22:00:02.779"></status>
</kw>
<kw name="GetToken Escrow" library="Get Token">
<assign>
<var>${TokenEscrow}</var>
</assign>
<kw name="Create Session" library="RequestsLibrary">
<doc>Create Session: create a HTTP session to a server</doc>
<arguments>
<arg>Session</arg>
<arg>${URLEscrowAuthUAT}</arg>
</arguments>
<msg timestamp="20200312 22:00:02.781" level="INFO">Creating Session using : alias=Session, url=http://172.31.2.28/escrow_core/api/v1/Authentication/oauth2, headers={},                     cookies={}, auth=None, timeout=None, proxies=None, verify=False,                     debug=0 </msg>
<status status="PASS" starttime="20200312 22:00:02.780" endtime="20200312 22:00:02.781"></status>
</kw>
<kw name="Create Dictionary" library="BuiltIn">
<doc>Creates and returns a dictionary based on the given ``items``.</doc>
<arguments>
<arg>Content-Type=application/x-www-form-urlencoded</arg>
</arguments>
<assign>
<var>${header}</var>
</assign>
<msg timestamp="20200312 22:00:02.781" level="INFO">${header} = {'Content-Type': 'application/x-www-form-urlencoded'}</msg>
<status status="PASS" starttime="20200312 22:00:02.781" endtime="20200312 22:00:02.781"></status>
</kw>
<kw name="Set To Dictionary" library="Collections">
<doc>Adds the given ``key_value_pairs`` and ``items`` to the ``dictionary``.</doc>
<arguments>
<arg>${header}</arg>
<arg>Authorization</arg>
<arg>Basic ${Client_authKey}</arg>
</arguments>
<status status="PASS" starttime="20200312 22:00:02.782" endtime="20200312 22:00:02.782"></status>
</kw>
<kw name="Create Dictionary" library="BuiltIn">
<doc>Creates and returns a dictionary based on the given ``items``.</doc>
<arguments>
<arg>grant_type=client_credentials</arg>
</arguments>
<assign>
<var>${Body}</var>
</assign>
<msg timestamp="20200312 22:00:02.782" level="INFO">${Body} = {'grant_type': 'client_credentials'}</msg>
<status status="PASS" starttime="20200312 22:00:02.782" endtime="20200312 22:00:02.783"></status>
</kw>
<kw name="Post Request" library="RequestsLibrary">
<doc>Send a POST request on the session object found using the
given `alias`</doc>
<arguments>
<arg>Session</arg>
<arg>/token</arg>
<arg>data=${Body}</arg>
<arg>headers=${header}</arg>
</arguments>
<assign>
<var>${response}</var>
</assign>
<msg timestamp="20200312 22:00:02.783" level="INFO">POST Request using : uri=/token, params=None, files=None, allow_redirects=True, timeout=None
headers={'User-Agent': 'python-requests/2.23.0', 'Accept-Encoding': 'gzip, deflate', 'Accept': '*/*', 'Connection': 'keep-alive', 'Content-Type': 'application/x-www-form-urlencoded', 'Authorization': 'Basic MDAxOmthaWRlZVNlY3JldEtleVRlc3Q='} 
data=grant_type=client_credentials 
json=None</msg>
<msg timestamp="20200312 22:00:03.561" level="INFO">${response} = &lt;Response [200]&gt;</msg>
<status status="PASS" starttime="20200312 22:00:02.783" endtime="20200312 22:00:03.561"></status>
</kw>
<kw name="Should Be Equal As Strings" library="BuiltIn">
<doc>Fails if objects are unequal after converting them to strings.</doc>
<arguments>
<arg>${response.status_code}</arg>
<arg>200</arg>
</arguments>
<msg timestamp="20200312 22:00:03.564" level="INFO">Argument types are:
&lt;class 'int'&gt;
&lt;type 'unicode'&gt;</msg>
<status status="PASS" starttime="20200312 22:00:03.562" endtime="20200312 22:00:03.564"></status>
</kw>
<kw name="Log" library="BuiltIn">
<doc>Logs the given message with the given level.</doc>
<arguments>
<arg>${response.json()['accessToken']}</arg>
</arguments>
<msg timestamp="20200312 22:00:03.566" level="INFO">eyJhbGciOiJIUzI1NiIsInR5cCI6IkpXVCJ9.eyJodHRwOi8vc2NoZW1hcy5taWNyb3NvZnQuY29tL3dzLzIwMDgvMDYvaWRlbnRpdHkvY2xhaW1zL3VzZXJkYXRhIjoiOTE1b2srbFFFM2Ird3ZBU1hsdE9QOE5LNU1vRDE2WU1za2ZRTDVVblVIcEZuOGxocXJyTHJUQVBqeXRXVU1IdzZDR3FmN0tPZ1B0SGgrb0QyaitiZmZDdnhDR1RkRUd3aFNlRzR2amwza0E9IiwibmJmIjoxNTg0MDMwNjAyLCJleHAiOjE1ODQwMzA2NjIsImlhdCI6MTU4NDAzMDYwMiwiaXNzIjoiZXNjcm93LWNvcmUtYXBpIiwiYXVkIjoiZXNjcm93LWNvcmUtY2xpZW50In0.JC-6XzQ2qzSCJ7dX0WYnnr5I10q1uOki-k0RjdpmMcM</msg>
<status status="PASS" starttime="20200312 22:00:03.565" endtime="20200312 22:00:03.567"></status>
</kw>
<msg timestamp="20200312 22:00:03.568" level="INFO">${TokenEscrow} = eyJhbGciOiJIUzI1NiIsInR5cCI6IkpXVCJ9.eyJodHRwOi8vc2NoZW1hcy5taWNyb3NvZnQuY29tL3dzLzIwMDgvMDYvaWRlbnRpdHkvY2xhaW1zL3VzZXJkYXRhIjoiOTE1b2srbFFFM2Ird3ZBU1hsdE9QOE5LNU1vRDE2WU1za2ZRTDVVblVIcEZuOGxocXJyTHJ...</msg>
<status status="PASS" starttime="20200312 22:00:02.780" endtime="20200312 22:00:03.568"></status>
</kw>
<kw name="Create Dictionary" library="BuiltIn">
<doc>Creates and returns a dictionary based on the given ``items``.</doc>
<arguments>
<arg>homeAddress1=homeAddress1</arg>
<arg>homeAddress2=homeAddress2</arg>
<arg>countryId=004</arg>
<arg>stateId=001</arg>
<arg>state=Bangkok</arg>
<arg>postalCode=123001</arg>
<arg>addressDefine1=Define1</arg>
<arg>addressDefine2=Define2</arg>
<arg>addressDefine3=Define3</arg>
<arg>addressDefine4=Define4</arg>
</arguments>
<assign>
<var>${address}</var>
</assign>
<msg timestamp="20200312 22:00:03.570" level="INFO">${address} = {'homeAddress1': 'homeAddress1', 'homeAddress2': 'homeAddress2', 'countryId': '004', 'stateId': '001', 'state': 'Bangkok', 'postalCode': '123001', 'addressDefine1': 'Define1', 'addressDefine2': 'Defin...</msg>
<status status="PASS" starttime="20200312 22:00:03.569" endtime="20200312 22:00:03.570"></status>
</kw>
<kw name="Create Dictionary" library="BuiltIn">
<doc>Creates and returns a dictionary based on the given ``items``.</doc>
<arguments>
<arg>mailAddress1=mailAddress1</arg>
<arg>mailAddress2=mailAddress2</arg>
<arg>countryId=004</arg>
<arg>stateId=001</arg>
<arg>state=bangkok</arg>
<arg>postalCode=111001</arg>
<arg>addressDefine1=11</arg>
<arg>addressDefine2=22</arg>
<arg>addressDefine3=33</arg>
<arg>ressDefine4=44</arg>
</arguments>
<assign>
<var>${mailingAddress}</var>
</assign>
<msg timestamp="20200312 22:00:03.572" level="INFO">${mailingAddress} = {'mailAddress1': 'mailAddress1', 'mailAddress2': 'mailAddress2', 'countryId': '004', 'stateId': '001', 'state': 'bangkok', 'postalCode': '111001', 'addressDefine1': '11', 'addressDefine2': '22', 'addr...</msg>
<status status="PASS" starttime="20200312 22:00:03.572" endtime="20200312 22:00:03.572"></status>
</kw>
<kw name="Create Dictionary" library="BuiltIn">
<doc>Creates and returns a dictionary based on the given ``items``.</doc>
<arguments>
<arg>escrowCompanyId=${escrowCompId}</arg>
<arg>sellerId=${sellerid}</arg>
<arg>idNumber=${IdNumber}</arg>
<arg>typeOfId=${3}</arg>
<arg>mobileCountryCode=66</arg>
<arg>mobileNo=${mobileNo}</arg>
<arg>email=pavan.p+${enum}@gmail.com</arg>
<arg>gender=F</arg>
<arg>titleEn=MR.</arg>
<arg>firstNameEn=kavita</arg>
<arg>lastNameEn=Mehra</arg>
<arg>titleLocal=TH</arg>
<arg>firstNameLocal=Test</arg>
<arg>lastNameLocal=Test1</arg>
<arg>dateOfBirth=02/01/2001</arg>
<arg>nationalityId=764</arg>
<arg>otherVerification=AB1215563203</arg>
<arg>workPlace=test co</arg>
<arg>userDefine1=1</arg>
<arg>userDefine2=2</arg>
<arg>userDefine3=3</arg>
<arg>userDefine4=4</arg>
<arg>userDefine5=5</arg>
<arg>kycRequest=${0}</arg>
<arg>address=${address}</arg>
<arg>mailingAddress=${mailingAddress}</arg>
</arguments>
<assign>
<var>${PayLoad}</var>
</assign>
<msg timestamp="20200312 22:00:03.574" level="INFO">${PayLoad} = {'escrowCompanyId': '001', 'sellerId': '56582e64-e40a-4e20-9c67-3e9712617f3a', 'idNumber': '54089779288335', 'typeOfId': 3, 'mobileCountryCode': '66', 'mobileNo': '8604812915', 'email': 'pavan.p+734@g...</msg>
<status status="PASS" starttime="20200312 22:00:03.573" endtime="20200312 22:00:03.574"></status>
</kw>
<kw name="Log To Console" library="BuiltIn">
<doc>Logs the given message to the console.</doc>
<arguments>
<arg>${PayLoad}</arg>
</arguments>
<status status="PASS" starttime="20200312 22:00:03.575" endtime="20200312 22:00:03.576"></status>
</kw>
<kw name="UpdateSeller" library="Seller Register Keyword">
<arguments>
<arg>${TokenEscrow}</arg>
<arg>${PayLoad}</arg>
</arguments>
<kw name="Create Session" library="RequestsLibrary">
<doc>Create Session: create a HTTP session to a server</doc>
<arguments>
<arg>UpdateSellerDetails</arg>
<arg>http://172.31.2.28/escrow_core/api/v1</arg>
</arguments>
<msg timestamp="20200312 22:00:03.577" level="INFO">Creating Session using : alias=UpdateSellerDetails, url=http://172.31.2.28/escrow_core/api/v1, headers={},                     cookies={}, auth=None, timeout=None, proxies=None, verify=False,                     debug=0 </msg>
<status status="PASS" starttime="20200312 22:00:03.576" endtime="20200312 22:00:03.577"></status>
</kw>
<kw name="Set Variable" library="BuiltIn">
<doc>Returns the given values which can then be assigned to a variables.</doc>
<arguments>
<arg>bearer ${Token}</arg>
</arguments>
<assign>
<var>${AuthToken}</var>
</assign>
<msg timestamp="20200312 22:00:03.578" level="INFO">${AuthToken} = bearer eyJhbGciOiJIUzI1NiIsInR5cCI6IkpXVCJ9.eyJodHRwOi8vc2NoZW1hcy5taWNyb3NvZnQuY29tL3dzLzIwMDgvMDYvaWRlbnRpdHkvY2xhaW1zL3VzZXJkYXRhIjoiOTE1b2srbFFFM2Ird3ZBU1hsdE9QOE5LNU1vRDE2WU1za2ZRTDVVblVIcEZuOGxo...</msg>
<status status="PASS" starttime="20200312 22:00:03.577" endtime="20200312 22:00:03.578"></status>
</kw>
<kw name="Create Dictionary" library="BuiltIn">
<doc>Creates and returns a dictionary based on the given ``items``.</doc>
<arguments>
<arg>Content-Type=application/json</arg>
<arg>Authorization=${AuthToken}</arg>
</arguments>
<assign>
<var>${header}</var>
</assign>
<msg timestamp="20200312 22:00:03.578" level="INFO">${header} = {'Content-Type': 'application/json', 'Authorization': 'bearer eyJhbGciOiJIUzI1NiIsInR5cCI6IkpXVCJ9.eyJodHRwOi8vc2NoZW1hcy5taWNyb3NvZnQuY29tL3dzLzIwMDgvMDYvaWRlbnRpdHkvY2xhaW1zL3VzZXJkYXRhIjoiOTE1b2srb...</msg>
<status status="PASS" starttime="20200312 22:00:03.578" endtime="20200312 22:00:03.578"></status>
</kw>
<kw name="Post Request" library="RequestsLibrary">
<doc>Send a POST request on the session object found using the
given `alias`</doc>
<arguments>
<arg>UpdateSellerDetails</arg>
<arg>/seller/updatedetail</arg>
<arg>data=${PayLoad}</arg>
<arg>headers=${header}</arg>
</arguments>
<assign>
<var>${response}</var>
</assign>
<msg timestamp="20200312 22:00:03.579" level="INFO">POST Request using : uri=/seller/updatedetail, params=None, files=None, allow_redirects=True, timeout=None
headers={'User-Agent': 'python-requests/2.23.0', 'Accept-Encoding': 'gzip, deflate', 'Accept': '*/*', 'Connection': 'keep-alive', 'Content-Type': 'application/json', 'Authorization': 'bearer eyJhbGciOiJIUzI1NiIsInR5cCI6IkpXVCJ9.eyJodHRwOi8vc2NoZW1hcy5taWNyb3NvZnQuY29tL3dzLzIwMDgvMDYvaWRlbnRpdHkvY2xhaW1zL3VzZXJkYXRhIjoiOTE1b2srbFFFM2Ird3ZBU1hsdE9QOE5LNU1vRDE2WU1za2ZRTDVVblVIcEZuOGxocXJyTHJUQVBqeXRXVU1IdzZDR3FmN0tPZ1B0SGgrb0QyaitiZmZDdnhDR1RkRUd3aFNlRzR2amwza0E9IiwibmJmIjoxNTg0MDMwNjAyLCJleHAiOjE1ODQwMzA2NjIsImlhdCI6MTU4NDAzMDYwMiwiaXNzIjoiZXNjcm93LWNvcmUtYXBpIiwiYXVkIjoiZXNjcm93LWNvcmUtY2xpZW50In0.JC-6XzQ2qzSCJ7dX0WYnnr5I10q1uOki-k0RjdpmMcM'} 
data={"escrowCompanyId": "001", "sellerId": "56582e64-e40a-4e20-9c67-3e9712617f3a", "idNumber": "54089779288335", "typeOfId": 3, "mobileCountryCode": "66", "mobileNo": "8604812915", "email": "pavan.p+734@gmail.com", "gender": "F", "titleEn": "MR.", "firstNameEn": "kavita", "lastNameEn": "Mehra", "titleLocal": "TH", "firstNameLocal": "Test", "lastNameLocal": "Test1", "dateOfBirth": "02/01/2001", "nationalityId": "764", "otherVerification": "AB1215563203", "workPlace": "test co", "userDefine1": "1", "userDefine2": "2", "userDefine3": "3", "userDefine4": "4", "userDefine5": "5", "kycRequest": 0, "address": {"homeAddress1": "homeAddress1", "homeAddress2": "homeAddress2", "countryId": "004", "stateId": "001", "state": "Bangkok", "postalCode": "123001", "addressDefine1": "Define1", "addressDefine2": "Define2", "addressDefine3": "Define3", "addressDefine4": "Define4"}, "mailingAddress": {"mailAddress1": "mailAddress1", "mailAddress2": "mailAddress2", "countryId": "004", "stateId": "001", "state": "bangkok", "postalCode": "111001", "addressDefine1": "11", "addressDefine2": "22", "addressDefine3": "33", "ressDefine4": "44"}} 
json=None</msg>
<msg timestamp="20200312 22:00:04.368" level="INFO">${response} = &lt;Response [200]&gt;</msg>
<status status="PASS" starttime="20200312 22:00:03.578" endtime="20200312 22:00:04.368"></status>
</kw>
<kw name="Log" library="BuiltIn">
<doc>Logs the given message with the given level.</doc>
<arguments>
<arg>${response.text}</arg>
<arg>console=True</arg>
</arguments>
<msg timestamp="20200312 22:00:04.370" level="INFO">{"responseCode":"000","responseDescription":"Success"}</msg>
<status status="PASS" starttime="20200312 22:00:04.369" endtime="20200312 22:00:04.372"></status>
</kw>
<kw name="Should Be Equal As Strings" library="BuiltIn">
<doc>Fails if objects are unequal after converting them to strings.</doc>
<arguments>
<arg>${response.status_code}</arg>
<arg>200</arg>
</arguments>
<msg timestamp="20200312 22:00:04.374" level="INFO">Argument types are:
&lt;class 'int'&gt;
&lt;type 'unicode'&gt;</msg>
<status status="PASS" starttime="20200312 22:00:04.373" endtime="20200312 22:00:04.375"></status>
</kw>
<status status="PASS" starttime="20200312 22:00:03.576" endtime="20200312 22:00:04.375"></status>
</kw>
<status status="PASS" starttime="20200312 22:00:02.778" endtime="20200312 22:00:04.377" critical="yes"></status>
</test>
<test id="s1-t4" name="GetSellerDetails">
<kw name="Log To Console" library="BuiltIn">
<doc>Logs the given message to the console.</doc>
<arguments>
<arg>${IdNumber}</arg>
</arguments>
<status status="PASS" starttime="20200312 22:00:04.382" endtime="20200312 22:00:04.383"></status>
</kw>
<kw name="GetToken Escrow" library="Get Token">
<assign>
<var>${TokenEscrow}</var>
</assign>
<kw name="Create Session" library="RequestsLibrary">
<doc>Create Session: create a HTTP session to a server</doc>
<arguments>
<arg>Session</arg>
<arg>${URLEscrowAuthUAT}</arg>
</arguments>
<msg timestamp="20200312 22:00:04.383" level="INFO">Creating Session using : alias=Session, url=http://172.31.2.28/escrow_core/api/v1/Authentication/oauth2, headers={},                     cookies={}, auth=None, timeout=None, proxies=None, verify=False,                     debug=0 </msg>
<status status="PASS" starttime="20200312 22:00:04.383" endtime="20200312 22:00:04.384"></status>
</kw>
<kw name="Create Dictionary" library="BuiltIn">
<doc>Creates and returns a dictionary based on the given ``items``.</doc>
<arguments>
<arg>Content-Type=application/x-www-form-urlencoded</arg>
</arguments>
<assign>
<var>${header}</var>
</assign>
<msg timestamp="20200312 22:00:04.384" level="INFO">${header} = {'Content-Type': 'application/x-www-form-urlencoded'}</msg>
<status status="PASS" starttime="20200312 22:00:04.384" endtime="20200312 22:00:04.384"></status>
</kw>
<kw name="Set To Dictionary" library="Collections">
<doc>Adds the given ``key_value_pairs`` and ``items`` to the ``dictionary``.</doc>
<arguments>
<arg>${header}</arg>
<arg>Authorization</arg>
<arg>Basic ${Client_authKey}</arg>
</arguments>
<status status="PASS" starttime="20200312 22:00:04.384" endtime="20200312 22:00:04.385"></status>
</kw>
<kw name="Create Dictionary" library="BuiltIn">
<doc>Creates and returns a dictionary based on the given ``items``.</doc>
<arguments>
<arg>grant_type=client_credentials</arg>
</arguments>
<assign>
<var>${Body}</var>
</assign>
<msg timestamp="20200312 22:00:04.385" level="INFO">${Body} = {'grant_type': 'client_credentials'}</msg>
<status status="PASS" starttime="20200312 22:00:04.385" endtime="20200312 22:00:04.385"></status>
</kw>
<kw name="Post Request" library="RequestsLibrary">
<doc>Send a POST request on the session object found using the
given `alias`</doc>
<arguments>
<arg>Session</arg>
<arg>/token</arg>
<arg>data=${Body}</arg>
<arg>headers=${header}</arg>
</arguments>
<assign>
<var>${response}</var>
</assign>
<msg timestamp="20200312 22:00:04.386" level="INFO">POST Request using : uri=/token, params=None, files=None, allow_redirects=True, timeout=None
headers={'User-Agent': 'python-requests/2.23.0', 'Accept-Encoding': 'gzip, deflate', 'Accept': '*/*', 'Connection': 'keep-alive', 'Content-Type': 'application/x-www-form-urlencoded', 'Authorization': 'Basic MDAxOmthaWRlZVNlY3JldEtleVRlc3Q='} 
data=grant_type=client_credentials 
json=None</msg>
<msg timestamp="20200312 22:00:05.266" level="INFO">${response} = &lt;Response [200]&gt;</msg>
<status status="PASS" starttime="20200312 22:00:04.385" endtime="20200312 22:00:05.266"></status>
</kw>
<kw name="Should Be Equal As Strings" library="BuiltIn">
<doc>Fails if objects are unequal after converting them to strings.</doc>
<arguments>
<arg>${response.status_code}</arg>
<arg>200</arg>
</arguments>
<msg timestamp="20200312 22:00:05.268" level="INFO">Argument types are:
&lt;class 'int'&gt;
&lt;type 'unicode'&gt;</msg>
<status status="PASS" starttime="20200312 22:00:05.267" endtime="20200312 22:00:05.268"></status>
</kw>
<kw name="Log" library="BuiltIn">
<doc>Logs the given message with the given level.</doc>
<arguments>
<arg>${response.json()['accessToken']}</arg>
</arguments>
<msg timestamp="20200312 22:00:05.270" level="INFO">eyJhbGciOiJIUzI1NiIsInR5cCI6IkpXVCJ9.eyJodHRwOi8vc2NoZW1hcy5taWNyb3NvZnQuY29tL3dzLzIwMDgvMDYvaWRlbnRpdHkvY2xhaW1zL3VzZXJkYXRhIjoiOTE1b2srbFFFM2Ird3ZBU1hsdE9QK3N1K29nV3g0SWRJUFRPMmpiTXFpb3F4Y2R1cXBVUFIxM2lTd2ZJNE5ZdHlqaTNzVnpwQWZSYTFXWkxvVk1qZ1R1ZGtuSTlldnFRL014bHNNT1MrTkU9IiwibmJmIjoxNTg0MDMwNjAzLCJleHAiOjE1ODQwMzA2NjMsImlhdCI6MTU4NDAzMDYwMywiaXNzIjoiZXNjcm93LWNvcmUtYXBpIiwiYXVkIjoiZXNjcm93LWNvcmUtY2xpZW50In0.gCTfKT2hunOKOESc7FXBaoX54vwhd9MOp3lHqrM4jSA</msg>
<status status="PASS" starttime="20200312 22:00:05.269" endtime="20200312 22:00:05.270"></status>
</kw>
<msg timestamp="20200312 22:00:05.271" level="INFO">${TokenEscrow} = eyJhbGciOiJIUzI1NiIsInR5cCI6IkpXVCJ9.eyJodHRwOi8vc2NoZW1hcy5taWNyb3NvZnQuY29tL3dzLzIwMDgvMDYvaWRlbnRpdHkvY2xhaW1zL3VzZXJkYXRhIjoiOTE1b2srbFFFM2Ird3ZBU1hsdE9QK3N1K29nV3g0SWRJUFRPMmpiTXFpb3F4Y2R1cXBVUFI...</msg>
<status status="PASS" starttime="20200312 22:00:04.383" endtime="20200312 22:00:05.271"></status>
</kw>
<kw name="Create Dictionary" library="BuiltIn">
<doc>Creates and returns a dictionary based on the given ``items``.</doc>
<arguments>
<arg>escrowCompanyId=${escrowCompId}</arg>
<arg>sellerId=${sellerid}</arg>
</arguments>
<assign>
<var>${PayLoad}</var>
</assign>
<msg timestamp="20200312 22:00:05.275" level="INFO">${PayLoad} = {'escrowCompanyId': '001', 'sellerId': '56582e64-e40a-4e20-9c67-3e9712617f3a'}</msg>
<status status="PASS" starttime="20200312 22:00:05.273" endtime="20200312 22:00:05.275"></status>
</kw>
<kw name="GetDetails" library="Seller Register Keyword">
<arguments>
<arg>${TokenEscrow}</arg>
<arg>${PayLoad}</arg>
</arguments>
<kw name="Create Session" library="RequestsLibrary">
<doc>Create Session: create a HTTP session to a server</doc>
<arguments>
<arg>GetSellerDetails</arg>
<arg>http://172.31.2.28/escrow_core/api/v1</arg>
</arguments>
<msg timestamp="20200312 22:00:05.278" level="INFO">Creating Session using : alias=GetSellerDetails, url=http://172.31.2.28/escrow_core/api/v1, headers={},                     cookies={}, auth=None, timeout=None, proxies=None, verify=False,                     debug=0 </msg>
<status status="PASS" starttime="20200312 22:00:05.277" endtime="20200312 22:00:05.279"></status>
</kw>
<kw name="Set Variable" library="BuiltIn">
<doc>Returns the given values which can then be assigned to a variables.</doc>
<arguments>
<arg>bearer ${Token}</arg>
</arguments>
<assign>
<var>${AuthToken}</var>
</assign>
<msg timestamp="20200312 22:00:05.280" level="INFO">${AuthToken} = bearer eyJhbGciOiJIUzI1NiIsInR5cCI6IkpXVCJ9.eyJodHRwOi8vc2NoZW1hcy5taWNyb3NvZnQuY29tL3dzLzIwMDgvMDYvaWRlbnRpdHkvY2xhaW1zL3VzZXJkYXRhIjoiOTE1b2srbFFFM2Ird3ZBU1hsdE9QK3N1K29nV3g0SWRJUFRPMmpiTXFpb3F4Y2R1...</msg>
<status status="PASS" starttime="20200312 22:00:05.280" endtime="20200312 22:00:05.281"></status>
</kw>
<kw name="Create Dictionary" library="BuiltIn">
<doc>Creates and returns a dictionary based on the given ``items``.</doc>
<arguments>
<arg>Content-Type=application/json</arg>
<arg>Authorization=${AuthToken}</arg>
</arguments>
<assign>
<var>${header}</var>
</assign>
<msg timestamp="20200312 22:00:05.281" level="INFO">${header} = {'Content-Type': 'application/json', 'Authorization': 'bearer eyJhbGciOiJIUzI1NiIsInR5cCI6IkpXVCJ9.eyJodHRwOi8vc2NoZW1hcy5taWNyb3NvZnQuY29tL3dzLzIwMDgvMDYvaWRlbnRpdHkvY2xhaW1zL3VzZXJkYXRhIjoiOTE1b2srb...</msg>
<status status="PASS" starttime="20200312 22:00:05.281" endtime="20200312 22:00:05.281"></status>
</kw>
<kw name="Post Request" library="RequestsLibrary">
<doc>Send a POST request on the session object found using the
given `alias`</doc>
<arguments>
<arg>GetSellerDetails</arg>
<arg>/seller/detail</arg>
<arg>data=${PayLoad}</arg>
<arg>headers=${header}</arg>
</arguments>
<assign>
<var>${response}</var>
</assign>
<msg timestamp="20200312 22:00:05.282" level="INFO">POST Request using : uri=/seller/detail, params=None, files=None, allow_redirects=True, timeout=None
headers={'User-Agent': 'python-requests/2.23.0', 'Accept-Encoding': 'gzip, deflate', 'Accept': '*/*', 'Connection': 'keep-alive', 'Content-Type': 'application/json', 'Authorization': 'bearer eyJhbGciOiJIUzI1NiIsInR5cCI6IkpXVCJ9.eyJodHRwOi8vc2NoZW1hcy5taWNyb3NvZnQuY29tL3dzLzIwMDgvMDYvaWRlbnRpdHkvY2xhaW1zL3VzZXJkYXRhIjoiOTE1b2srbFFFM2Ird3ZBU1hsdE9QK3N1K29nV3g0SWRJUFRPMmpiTXFpb3F4Y2R1cXBVUFIxM2lTd2ZJNE5ZdHlqaTNzVnpwQWZSYTFXWkxvVk1qZ1R1ZGtuSTlldnFRL014bHNNT1MrTkU9IiwibmJmIjoxNTg0MDMwNjAzLCJleHAiOjE1ODQwMzA2NjMsImlhdCI6MTU4NDAzMDYwMywiaXNzIjoiZXNjcm93LWNvcmUtYXBpIiwiYXVkIjoiZXNjcm93LWNvcmUtY2xpZW50In0.gCTfKT2hunOKOESc7FXBaoX54vwhd9MOp3lHqrM4jSA'} 
data={"escrowCompanyId": "001", "sellerId": "56582e64-e40a-4e20-9c67-3e9712617f3a"} 
json=None</msg>
<msg timestamp="20200312 22:00:22.782" level="INFO">${response} = &lt;Response [200]&gt;</msg>
<status status="PASS" starttime="20200312 22:00:05.282" endtime="20200312 22:00:22.782"></status>
</kw>
<kw name="Log" library="BuiltIn">
<doc>Logs the given message with the given level.</doc>
<arguments>
<arg>${response.text}</arg>
<arg>console=True</arg>
</arguments>
<msg timestamp="20200312 22:00:22.783" level="INFO">{"escrowCompanyId":"001","sellerId":"56582e64-e40a-4e20-9c67-3e9712617f3a","idNumber":"54089779288335","typeOfId":3,"mobileCountryCode":"66","mobileNo":"8604812915","email":"pavan.p+734@gmail.com","gender":"F","titleEn":"MR.","firstNameEn":"kavita","lastNameEn":"Mehra","titleLocal":"TH","firstNameLocal":"Test","lastNameLocal":"Test1","dateOfBirth":"02/01/2001","nationalityId":"764","otherVerification":"AB1215563203","status":1,"statusText":"Active","workPlace":"test co","userDefine1":"1","userDefine2":"2","userDefine3":"3","userDefine4":"4","userDefine5":"5","kycFlag":0,"createDate":"12/03/2020 11:30:01","updateDate":"12/03/2020 11:30:02","address":{"homeAddress1":"homeAddress1","homeAddress2":"homeAddress2","countryId":"004","stateId":"001","state":"Bangkok","postalCode":"123001","addressDefine1":"Define1","addressDefine2":"Define2","addressDefine3":"Define3","addressDefine4":"Define4"},"mailingAddress":{"mailAddress1":"mailAddress1","mailAddress2":"mailAddress2","countryId":"004","stateId":"001","state":"bangkok","postalCode":"111001","addressDefine1":"11","addressDefine2":"22","addressDefine3":"33","addressDefine4":null},"responseCode":"000","responseDescription":"Success"}</msg>
<status status="PASS" starttime="20200312 22:00:22.782" endtime="20200312 22:00:22.784"></status>
</kw>
<kw name="Should Be Equal As Strings" library="BuiltIn">
<doc>Fails if objects are unequal after converting them to strings.</doc>
<arguments>
<arg>${response.status_code}</arg>
<arg>200</arg>
</arguments>
<msg timestamp="20200312 22:00:22.785" level="INFO">Argument types are:
&lt;class 'int'&gt;
&lt;type 'unicode'&gt;</msg>
<status status="PASS" starttime="20200312 22:00:22.784" endtime="20200312 22:00:22.785"></status>
</kw>
<status status="PASS" starttime="20200312 22:00:05.276" endtime="20200312 22:00:22.785"></status>
</kw>
<status status="PASS" starttime="20200312 22:00:04.381" endtime="20200312 22:00:22.785" critical="yes"></status>
</test>
<test id="s1-t5" name="UpdateSellerStatus">
<kw name="GetToken Escrow" library="Get Token">
<assign>
<var>${TokenEscrow}</var>
</assign>
<kw name="Create Session" library="RequestsLibrary">
<doc>Create Session: create a HTTP session to a server</doc>
<arguments>
<arg>Session</arg>
<arg>${URLEscrowAuthUAT}</arg>
</arguments>
<msg timestamp="20200312 22:00:22.790" level="INFO">Creating Session using : alias=Session, url=http://172.31.2.28/escrow_core/api/v1/Authentication/oauth2, headers={},                     cookies={}, auth=None, timeout=None, proxies=None, verify=False,                     debug=0 </msg>
<status status="PASS" starttime="20200312 22:00:22.790" endtime="20200312 22:00:22.790"></status>
</kw>
<kw name="Create Dictionary" library="BuiltIn">
<doc>Creates and returns a dictionary based on the given ``items``.</doc>
<arguments>
<arg>Content-Type=application/x-www-form-urlencoded</arg>
</arguments>
<assign>
<var>${header}</var>
</assign>
<msg timestamp="20200312 22:00:22.791" level="INFO">${header} = {'Content-Type': 'application/x-www-form-urlencoded'}</msg>
<status status="PASS" starttime="20200312 22:00:22.791" endtime="20200312 22:00:22.791"></status>
</kw>
<kw name="Set To Dictionary" library="Collections">
<doc>Adds the given ``key_value_pairs`` and ``items`` to the ``dictionary``.</doc>
<arguments>
<arg>${header}</arg>
<arg>Authorization</arg>
<arg>Basic ${Client_authKey}</arg>
</arguments>
<status status="PASS" starttime="20200312 22:00:22.791" endtime="20200312 22:00:22.792"></status>
</kw>
<kw name="Create Dictionary" library="BuiltIn">
<doc>Creates and returns a dictionary based on the given ``items``.</doc>
<arguments>
<arg>grant_type=client_credentials</arg>
</arguments>
<assign>
<var>${Body}</var>
</assign>
<msg timestamp="20200312 22:00:22.793" level="INFO">${Body} = {'grant_type': 'client_credentials'}</msg>
<status status="PASS" starttime="20200312 22:00:22.792" endtime="20200312 22:00:22.793"></status>
</kw>
<kw name="Post Request" library="RequestsLibrary">
<doc>Send a POST request on the session object found using the
given `alias`</doc>
<arguments>
<arg>Session</arg>
<arg>/token</arg>
<arg>data=${Body}</arg>
<arg>headers=${header}</arg>
</arguments>
<assign>
<var>${response}</var>
</assign>
<msg timestamp="20200312 22:00:22.794" level="INFO">POST Request using : uri=/token, params=None, files=None, allow_redirects=True, timeout=None
headers={'User-Agent': 'python-requests/2.23.0', 'Accept-Encoding': 'gzip, deflate', 'Accept': '*/*', 'Connection': 'keep-alive', 'Content-Type': 'application/x-www-form-urlencoded', 'Authorization': 'Basic MDAxOmthaWRlZVNlY3JldEtleVRlc3Q='} 
data=grant_type=client_credentials 
json=None</msg>
<msg timestamp="20200312 22:00:24.754" level="INFO">${response} = &lt;Response [200]&gt;</msg>
<status status="PASS" starttime="20200312 22:00:22.793" endtime="20200312 22:00:24.754"></status>
</kw>
<kw name="Should Be Equal As Strings" library="BuiltIn">
<doc>Fails if objects are unequal after converting them to strings.</doc>
<arguments>
<arg>${response.status_code}</arg>
<arg>200</arg>
</arguments>
<msg timestamp="20200312 22:00:24.755" level="INFO">Argument types are:
&lt;class 'int'&gt;
&lt;type 'unicode'&gt;</msg>
<status status="PASS" starttime="20200312 22:00:24.754" endtime="20200312 22:00:24.755"></status>
</kw>
<kw name="Log" library="BuiltIn">
<doc>Logs the given message with the given level.</doc>
<arguments>
<arg>${response.json()['accessToken']}</arg>
</arguments>
<msg timestamp="20200312 22:00:24.755" level="INFO">eyJhbGciOiJIUzI1NiIsInR5cCI6IkpXVCJ9.eyJodHRwOi8vc2NoZW1hcy5taWNyb3NvZnQuY29tL3dzLzIwMDgvMDYvaWRlbnRpdHkvY2xhaW1zL3VzZXJkYXRhIjoiOTE1b2srbFFFM2Ird3ZBU1hsdE9QOTZhelhzdWpRZVRqM1E3VDhRRXk2ZGtTS28xcFdqQlJuL09NMXFpUVJ4aGhkZ0MwSnpTaG1KbDFmRHovYWVNTFJvSUlkWFJKV2V1cXlkQmRnaGY1eG89IiwibmJmIjoxNTg0MDMwNjIyLCJleHAiOjE1ODQwMzA2ODIsImlhdCI6MTU4NDAzMDYyMiwiaXNzIjoiZXNjcm93LWNvcmUtYXBpIiwiYXVkIjoiZXNjcm93LWNvcmUtY2xpZW50In0.k8KLyCL6EmBmmxkKrkVeQLuZFXMyLd5ptn2UOVrIvr0</msg>
<status status="PASS" starttime="20200312 22:00:24.755" endtime="20200312 22:00:24.756"></status>
</kw>
<msg timestamp="20200312 22:00:24.756" level="INFO">${TokenEscrow} = eyJhbGciOiJIUzI1NiIsInR5cCI6IkpXVCJ9.eyJodHRwOi8vc2NoZW1hcy5taWNyb3NvZnQuY29tL3dzLzIwMDgvMDYvaWRlbnRpdHkvY2xhaW1zL3VzZXJkYXRhIjoiOTE1b2srbFFFM2Ird3ZBU1hsdE9QOTZhelhzdWpRZVRqM1E3VDhRRXk2ZGtTS28xcFdqQlJ...</msg>
<status status="PASS" starttime="20200312 22:00:22.789" endtime="20200312 22:00:24.756"></status>
</kw>
<kw name="Create Dictionary" library="BuiltIn">
<doc>Creates and returns a dictionary based on the given ``items``.</doc>
<arguments>
<arg>escrowCompanyId=${escrowCompId}</arg>
<arg>sellerId=${sellerid}</arg>
<arg>status=${1}</arg>
</arguments>
<assign>
<var>${PayLoad}</var>
</assign>
<msg timestamp="20200312 22:00:24.757" level="INFO">${PayLoad} = {'escrowCompanyId': '001', 'sellerId': '56582e64-e40a-4e20-9c67-3e9712617f3a', 'status': 1}</msg>
<status status="PASS" starttime="20200312 22:00:24.757" endtime="20200312 22:00:24.757"></status>
</kw>
<kw name="UpdateStatus" library="Seller Register Keyword">
<arguments>
<arg>${TokenEscrow}</arg>
<arg>${PayLoad}</arg>
</arguments>
<kw name="Create Session" library="RequestsLibrary">
<doc>Create Session: create a HTTP session to a server</doc>
<arguments>
<arg>UpdateSellerStatus</arg>
<arg>http://172.31.2.28/escrow_core/api/v1</arg>
</arguments>
<msg timestamp="20200312 22:00:24.758" level="INFO">Creating Session using : alias=UpdateSellerStatus, url=http://172.31.2.28/escrow_core/api/v1, headers={},                     cookies={}, auth=None, timeout=None, proxies=None, verify=False,                     debug=0 </msg>
<status status="PASS" starttime="20200312 22:00:24.758" endtime="20200312 22:00:24.759"></status>
</kw>
<kw name="Set Variable" library="BuiltIn">
<doc>Returns the given values which can then be assigned to a variables.</doc>
<arguments>
<arg>bearer ${Token}</arg>
</arguments>
<assign>
<var>${AuthToken}</var>
</assign>
<msg timestamp="20200312 22:00:24.759" level="INFO">${AuthToken} = bearer eyJhbGciOiJIUzI1NiIsInR5cCI6IkpXVCJ9.eyJodHRwOi8vc2NoZW1hcy5taWNyb3NvZnQuY29tL3dzLzIwMDgvMDYvaWRlbnRpdHkvY2xhaW1zL3VzZXJkYXRhIjoiOTE1b2srbFFFM2Ird3ZBU1hsdE9QOTZhelhzdWpRZVRqM1E3VDhRRXk2ZGtTS28x...</msg>
<status status="PASS" starttime="20200312 22:00:24.759" endtime="20200312 22:00:24.759"></status>
</kw>
<kw name="Create Dictionary" library="BuiltIn">
<doc>Creates and returns a dictionary based on the given ``items``.</doc>
<arguments>
<arg>Content-Type=application/json</arg>
<arg>Authorization=${AuthToken}</arg>
</arguments>
<assign>
<var>${header}</var>
</assign>
<msg timestamp="20200312 22:00:24.760" level="INFO">${header} = {'Content-Type': 'application/json', 'Authorization': 'bearer eyJhbGciOiJIUzI1NiIsInR5cCI6IkpXVCJ9.eyJodHRwOi8vc2NoZW1hcy5taWNyb3NvZnQuY29tL3dzLzIwMDgvMDYvaWRlbnRpdHkvY2xhaW1zL3VzZXJkYXRhIjoiOTE1b2srb...</msg>
<status status="PASS" starttime="20200312 22:00:24.759" endtime="20200312 22:00:24.760"></status>
</kw>
<kw name="Post Request" library="RequestsLibrary">
<doc>Send a POST request on the session object found using the
given `alias`</doc>
<arguments>
<arg>UpdateSellerStatus</arg>
<arg>/seller/updatestatus</arg>
<arg>data=${PayLoad}</arg>
<arg>headers=${header}</arg>
</arguments>
<assign>
<var>${response}</var>
</assign>
<msg timestamp="20200312 22:00:24.760" level="INFO">POST Request using : uri=/seller/updatestatus, params=None, files=None, allow_redirects=True, timeout=None
headers={'User-Agent': 'python-requests/2.23.0', 'Accept-Encoding': 'gzip, deflate', 'Accept': '*/*', 'Connection': 'keep-alive', 'Content-Type': 'application/json', 'Authorization': 'bearer eyJhbGciOiJIUzI1NiIsInR5cCI6IkpXVCJ9.eyJodHRwOi8vc2NoZW1hcy5taWNyb3NvZnQuY29tL3dzLzIwMDgvMDYvaWRlbnRpdHkvY2xhaW1zL3VzZXJkYXRhIjoiOTE1b2srbFFFM2Ird3ZBU1hsdE9QOTZhelhzdWpRZVRqM1E3VDhRRXk2ZGtTS28xcFdqQlJuL09NMXFpUVJ4aGhkZ0MwSnpTaG1KbDFmRHovYWVNTFJvSUlkWFJKV2V1cXlkQmRnaGY1eG89IiwibmJmIjoxNTg0MDMwNjIyLCJleHAiOjE1ODQwMzA2ODIsImlhdCI6MTU4NDAzMDYyMiwiaXNzIjoiZXNjcm93LWNvcmUtYXBpIiwiYXVkIjoiZXNjcm93LWNvcmUtY2xpZW50In0.k8KLyCL6EmBmmxkKrkVeQLuZFXMyLd5ptn2UOVrIvr0'} 
data={"escrowCompanyId": "001", "sellerId": "56582e64-e40a-4e20-9c67-3e9712617f3a", "status": 1} 
json=None</msg>
<msg timestamp="20200312 22:00:32.174" level="INFO">${response} = &lt;Response [200]&gt;</msg>
<status status="PASS" starttime="20200312 22:00:24.760" endtime="20200312 22:00:32.174"></status>
</kw>
<kw name="Log" library="BuiltIn">
<doc>Logs the given message with the given level.</doc>
<arguments>
<arg>${response.text}</arg>
<arg>console=True</arg>
</arguments>
<msg timestamp="20200312 22:00:32.177" level="INFO">{"responseCode":"000","responseDescription":"Success"}</msg>
<status status="PASS" starttime="20200312 22:00:32.175" endtime="20200312 22:00:32.178"></status>
</kw>
<kw name="Should Be Equal As Strings" library="BuiltIn">
<doc>Fails if objects are unequal after converting them to strings.</doc>
<arguments>
<arg>${response.status_code}</arg>
<arg>200</arg>
</arguments>
<msg timestamp="20200312 22:00:32.181" level="INFO">Argument types are:
&lt;class 'int'&gt;
&lt;type 'unicode'&gt;</msg>
<status status="PASS" starttime="20200312 22:00:32.179" endtime="20200312 22:00:32.181"></status>
</kw>
<status status="PASS" starttime="20200312 22:00:24.758" endtime="20200312 22:00:32.181"></status>
</kw>
<status status="PASS" starttime="20200312 22:00:22.788" endtime="20200312 22:00:32.183" critical="yes"></status>
</test>
<status status="PASS" starttime="20200312 21:59:58.531" endtime="20200312 22:00:32.191"></status>
</suite>
<statistics>
<total>
<stat pass="5" fail="0">Critical Tests</stat>
<stat pass="5" fail="0">All Tests</stat>
</total>
<tag>
</tag>
<suite>
<stat pass="5" fail="0" id="s1" name="TestCasesEscrowAPI">TestCasesEscrowAPI</stat>
</suite>
</statistics>
<errors>
</errors>
</robot>
