<?xml version="1.0" encoding="UTF-8"?>
<robot generator="Robot 3.1.2 (Python 3.8.1 on win32)" generated="20200313 15:53:29.876" rpa="false">
<suite id="s1" name="TestCasesEscrowAPI" source="C:\development\EscrowAPI\TestCasesEscrowAPI.robot">
<test id="s1-t1" name="RandomeGenerateVaribales with Values">
<kw name="Generate Random String" library="String">
<doc>Generates a string with a desired ``length`` from the given ``chars``.</doc>
<arguments>
<arg>14</arg>
<arg>[NUMBERS]</arg>
</arguments>
<assign>
<var>${Id}</var>
</assign>
<msg timestamp="20200313 15:53:30.421" level="INFO">${Id} = 61763140732868</msg>
<status status="PASS" starttime="20200313 15:53:30.421" endtime="20200313 15:53:30.421"></status>
</kw>
<kw name="Set Global Variable" library="BuiltIn">
<doc>Makes a variable available globally in all tests and suites.</doc>
<arguments>
<arg>${IdNumber}</arg>
<arg>${Id}</arg>
</arguments>
<msg timestamp="20200313 15:53:30.421" level="INFO">${IdNumber} = 61763140732868</msg>
<status status="PASS" starttime="20200313 15:53:30.421" endtime="20200313 15:53:30.421"></status>
</kw>
<kw name="Generate Random String" library="String">
<doc>Generates a string with a desired ``length`` from the given ``chars``.</doc>
<arguments>
<arg>10</arg>
<arg>[NUMBERS]</arg>
</arguments>
<assign>
<var>${mobile}</var>
</assign>
<msg timestamp="20200313 15:53:30.425" level="INFO">${mobile} = 5027403314</msg>
<status status="PASS" starttime="20200313 15:53:30.421" endtime="20200313 15:53:30.425"></status>
</kw>
<kw name="Set Global Variable" library="BuiltIn">
<doc>Makes a variable available globally in all tests and suites.</doc>
<arguments>
<arg>${mobileNo}</arg>
<arg>${mobile}</arg>
</arguments>
<msg timestamp="20200313 15:53:30.425" level="INFO">${mobileNo} = 5027403314</msg>
<status status="PASS" starttime="20200313 15:53:30.425" endtime="20200313 15:53:30.425"></status>
</kw>
<kw name="Generate Random String" library="String">
<doc>Generates a string with a desired ``length`` from the given ``chars``.</doc>
<arguments>
<arg>3</arg>
<arg>[NUMBERS]</arg>
</arguments>
<assign>
<var>${Emailnum}</var>
</assign>
<msg timestamp="20200313 15:53:30.425" level="INFO">${Emailnum} = 899</msg>
<status status="PASS" starttime="20200313 15:53:30.425" endtime="20200313 15:53:30.425"></status>
</kw>
<kw name="Set Global Variable" library="BuiltIn">
<doc>Makes a variable available globally in all tests and suites.</doc>
<arguments>
<arg>${enum}</arg>
<arg>${Emailnum}</arg>
</arguments>
<msg timestamp="20200313 15:53:30.425" level="INFO">${enum} = 899</msg>
<status status="PASS" starttime="20200313 15:53:30.425" endtime="20200313 15:53:30.425"></status>
</kw>
<status status="PASS" starttime="20200313 15:53:30.421" endtime="20200313 15:53:30.429" critical="yes"></status>
</test>
<test id="s1-t2" name="RegisterNewSeller">
<kw name="GetToken Escrow" library="Get Token">
<assign>
<var>${TokenEscrow}</var>
</assign>
<kw name="Create Session" library="RequestsLibrary">
<doc>Create Session: create a HTTP session to a server</doc>
<arguments>
<arg>Session</arg>
<arg>${URLEscrowAuthUAT}</arg>
</arguments>
<msg timestamp="20200313 15:53:30.433" level="INFO">Creating Session using : alias=Session, url=http://172.31.2.28/escrow_core/api/v1/Authentication/oauth2, headers={},                     cookies={}, auth=None, timeout=None, proxies=None, verify=False,                     debug=0 </msg>
<status status="PASS" starttime="20200313 15:53:30.429" endtime="20200313 15:53:30.433"></status>
</kw>
<kw name="Create Dictionary" library="BuiltIn">
<doc>Creates and returns a dictionary based on the given ``items``.</doc>
<arguments>
<arg>Content-Type=application/x-www-form-urlencoded</arg>
</arguments>
<assign>
<var>${header}</var>
</assign>
<msg timestamp="20200313 15:53:30.433" level="INFO">${header} = {'Content-Type': 'application/x-www-form-urlencoded'}</msg>
<status status="PASS" starttime="20200313 15:53:30.433" endtime="20200313 15:53:30.433"></status>
</kw>
<kw name="Set To Dictionary" library="Collections">
<doc>Adds the given ``key_value_pairs`` and ``items`` to the ``dictionary``.</doc>
<arguments>
<arg>${header}</arg>
<arg>Authorization</arg>
<arg>Basic ${Client_authKey}</arg>
</arguments>
<status status="PASS" starttime="20200313 15:53:30.433" endtime="20200313 15:53:30.433"></status>
</kw>
<kw name="Create Dictionary" library="BuiltIn">
<doc>Creates and returns a dictionary based on the given ``items``.</doc>
<arguments>
<arg>grant_type=client_credentials</arg>
</arguments>
<assign>
<var>${Body}</var>
</assign>
<msg timestamp="20200313 15:53:30.433" level="INFO">${Body} = {'grant_type': 'client_credentials'}</msg>
<status status="PASS" starttime="20200313 15:53:30.433" endtime="20200313 15:53:30.433"></status>
</kw>
<kw name="Post Request" library="RequestsLibrary">
<doc>Send a POST request on the session object found using the
given `alias`</doc>
<arguments>
<arg>Session</arg>
<arg>/token</arg>
<arg>data=${Body}</arg>
<arg>headers=${header}</arg>
</arguments>
<assign>
<var>${response}</var>
</assign>
<msg timestamp="20200313 15:53:30.433" level="INFO">POST Request using : uri=/token, params=None, files=None, allow_redirects=True, timeout=None
headers={'User-Agent': 'python-requests/2.22.0', 'Accept-Encoding': 'gzip, deflate', 'Accept': '*/*', 'Connection': 'keep-alive', 'Content-Type': 'application/x-www-form-urlencoded', 'Authorization': 'Basic MDAxOmthaWRlZVNlY3JldEtleVRlc3Q='} 
data=grant_type=client_credentials 
json=None</msg>
<msg timestamp="20200313 15:53:30.733" level="INFO">${response} = &lt;Response [200]&gt;</msg>
<status status="PASS" starttime="20200313 15:53:30.433" endtime="20200313 15:53:30.733"></status>
</kw>
<kw name="Should Be Equal As Strings" library="BuiltIn">
<doc>Fails if objects are unequal after converting them to strings.</doc>
<arguments>
<arg>${response.status_code}</arg>
<arg>200</arg>
</arguments>
<msg timestamp="20200313 15:53:30.733" level="INFO">Argument types are:
&lt;class 'int'&gt;
&lt;type 'unicode'&gt;</msg>
<status status="PASS" starttime="20200313 15:53:30.733" endtime="20200313 15:53:30.737"></status>
</kw>
<kw name="Log" library="BuiltIn">
<doc>Logs the given message with the given level.</doc>
<arguments>
<arg>${response.json()['accessToken']}</arg>
</arguments>
<msg timestamp="20200313 15:53:30.737" level="INFO">eyJhbGciOiJIUzI1NiIsInR5cCI6IkpXVCJ9.eyJodHRwOi8vc2NoZW1hcy5taWNyb3NvZnQuY29tL3dzLzIwMDgvMDYvaWRlbnRpdHkvY2xhaW1zL3VzZXJkYXRhIjoiOTE1b2srbFFFM2Ird3ZBU1hsdE9Qd0VNTVJTTnlmbjRrY1pKL3IyUU1tSUlsSlROWG1aNEoxc0lBS2pVcTZtV0VtWEljY3dwZ0dSM2tOQjdjV0kxSW8xbXNtM0U1ZWFFM3AxcnhvSGZvVWc9IiwibmJmIjoxNTg0MDk1MDExLCJleHAiOjE1ODQwOTUwNzEsImlhdCI6MTU4NDA5NTAxMSwiaXNzIjoiZXNjcm93LWNvcmUtYXBpIiwiYXVkIjoiZXNjcm93LWNvcmUtY2xpZW50In0.cZPJ0C0v-O4oD00Hhdsh23RiiUPCCmsns4t_Q5JKNhs</msg>
<status status="PASS" starttime="20200313 15:53:30.737" endtime="20200313 15:53:30.737"></status>
</kw>
<msg timestamp="20200313 15:53:30.741" level="INFO">${TokenEscrow} = eyJhbGciOiJIUzI1NiIsInR5cCI6IkpXVCJ9.eyJodHRwOi8vc2NoZW1hcy5taWNyb3NvZnQuY29tL3dzLzIwMDgvMDYvaWRlbnRpdHkvY2xhaW1zL3VzZXJkYXRhIjoiOTE1b2srbFFFM2Ird3ZBU1hsdE9Qd0VNTVJTTnlmbjRrY1pKL3IyUU1tSUlsSlROWG1aNEo...</msg>
<status status="PASS" starttime="20200313 15:53:30.429" endtime="20200313 15:53:30.741"></status>
</kw>
<kw name="Log To Console" library="BuiltIn">
<doc>Logs the given message to the console.</doc>
<arguments>
<arg>${TokenEscrow}</arg>
</arguments>
<status status="PASS" starttime="20200313 15:53:30.741" endtime="20200313 15:53:30.745"></status>
</kw>
<kw name="Log To Console" library="BuiltIn">
<doc>Logs the given message to the console.</doc>
<arguments>
<arg>${IdNumber}</arg>
</arguments>
<status status="PASS" starttime="20200313 15:53:30.749" endtime="20200313 15:53:30.749"></status>
</kw>
<kw name="RegisterSeller" library="Seller Register Keyword">
<arguments>
<arg>${TokenEscrow}</arg>
<arg>${escrowCompId}</arg>
<arg>${IdNumber}</arg>
<arg>1</arg>
<arg>0</arg>
</arguments>
<assign>
<var>${sellerid_locaL}</var>
</assign>
<kw name="Create Session" library="RequestsLibrary">
<doc>Create Session: create a HTTP session to a server</doc>
<arguments>
<arg>RegisterNewSeller</arg>
<arg>http://172.31.2.28/escrow_core/api/v1</arg>
</arguments>
<msg timestamp="20200313 15:53:30.757" level="INFO">Creating Session using : alias=RegisterNewSeller, url=http://172.31.2.28/escrow_core/api/v1, headers={},                     cookies={}, auth=None, timeout=None, proxies=None, verify=False,                     debug=0 </msg>
<status status="PASS" starttime="20200313 15:53:30.757" endtime="20200313 15:53:30.757"></status>
</kw>
<kw name="Convert To Integer" library="BuiltIn">
<doc>Converts the given item to an integer number.</doc>
<arguments>
<arg>${typeOfID}</arg>
</arguments>
<assign>
<var>${typeID}</var>
</assign>
<msg timestamp="20200313 15:53:30.761" level="INFO">${typeID} = 1</msg>
<status status="PASS" starttime="20200313 15:53:30.761" endtime="20200313 15:53:30.761"></status>
</kw>
<kw name="Convert To Integer" library="BuiltIn">
<doc>Converts the given item to an integer number.</doc>
<arguments>
<arg>${kycRequest}</arg>
</arguments>
<assign>
<var>${KeyReq}</var>
</assign>
<msg timestamp="20200313 15:53:30.761" level="INFO">${KeyReq} = 0</msg>
<status status="PASS" starttime="20200313 15:53:30.761" endtime="20200313 15:53:30.761"></status>
</kw>
<kw name="Create Dictionary" library="BuiltIn">
<doc>Creates and returns a dictionary based on the given ``items``.</doc>
<arguments>
<arg>escrowCompanyId=${escrowCompanyID}</arg>
<arg>idNumber=${idNumber}</arg>
<arg>typeOfId=${typeID}</arg>
<arg>kycRequest=${KeyReq}</arg>
</arguments>
<assign>
<var>${body}</var>
</assign>
<msg timestamp="20200313 15:53:30.769" level="INFO">${body} = {'escrowCompanyId': '001', 'idNumber': '61763140732868', 'typeOfId': 1, 'kycRequest': 0}</msg>
<status status="PASS" starttime="20200313 15:53:30.765" endtime="20200313 15:53:30.769"></status>
</kw>
<kw name="Set Variable" library="BuiltIn">
<doc>Returns the given values which can then be assigned to a variables.</doc>
<arguments>
<arg>bearer ${Token}</arg>
</arguments>
<assign>
<var>${AuthToken}</var>
</assign>
<msg timestamp="20200313 15:53:30.769" level="INFO">${AuthToken} = bearer eyJhbGciOiJIUzI1NiIsInR5cCI6IkpXVCJ9.eyJodHRwOi8vc2NoZW1hcy5taWNyb3NvZnQuY29tL3dzLzIwMDgvMDYvaWRlbnRpdHkvY2xhaW1zL3VzZXJkYXRhIjoiOTE1b2srbFFFM2Ird3ZBU1hsdE9Qd0VNTVJTTnlmbjRrY1pKL3IyUU1tSUlsSlRO...</msg>
<status status="PASS" starttime="20200313 15:53:30.769" endtime="20200313 15:53:30.769"></status>
</kw>
<kw name="Create Dictionary" library="BuiltIn">
<doc>Creates and returns a dictionary based on the given ``items``.</doc>
<arguments>
<arg>Content-Type=application/json</arg>
<arg>Authorization=${AuthToken}</arg>
</arguments>
<assign>
<var>${header}</var>
</assign>
<msg timestamp="20200313 15:53:30.773" level="INFO">${header} = {'Content-Type': 'application/json', 'Authorization': 'bearer eyJhbGciOiJIUzI1NiIsInR5cCI6IkpXVCJ9.eyJodHRwOi8vc2NoZW1hcy5taWNyb3NvZnQuY29tL3dzLzIwMDgvMDYvaWRlbnRpdHkvY2xhaW1zL3VzZXJkYXRhIjoiOTE1b2srb...</msg>
<status status="PASS" starttime="20200313 15:53:30.769" endtime="20200313 15:53:30.773"></status>
</kw>
<kw name="Post Request" library="RequestsLibrary">
<doc>Send a POST request on the session object found using the
given `alias`</doc>
<arguments>
<arg>RegisterNewSeller</arg>
<arg>/seller/register</arg>
<arg>data=${body}</arg>
<arg>headers=${header}</arg>
</arguments>
<assign>
<var>${response}</var>
</assign>
<msg timestamp="20200313 15:53:30.773" level="INFO">POST Request using : uri=/seller/register, params=None, files=None, allow_redirects=True, timeout=None
headers={'User-Agent': 'python-requests/2.22.0', 'Accept-Encoding': 'gzip, deflate', 'Accept': '*/*', 'Connection': 'keep-alive', 'Content-Type': 'application/json', 'Authorization': 'bearer eyJhbGciOiJIUzI1NiIsInR5cCI6IkpXVCJ9.eyJodHRwOi8vc2NoZW1hcy5taWNyb3NvZnQuY29tL3dzLzIwMDgvMDYvaWRlbnRpdHkvY2xhaW1zL3VzZXJkYXRhIjoiOTE1b2srbFFFM2Ird3ZBU1hsdE9Qd0VNTVJTTnlmbjRrY1pKL3IyUU1tSUlsSlROWG1aNEoxc0lBS2pVcTZtV0VtWEljY3dwZ0dSM2tOQjdjV0kxSW8xbXNtM0U1ZWFFM3AxcnhvSGZvVWc9IiwibmJmIjoxNTg0MDk1MDExLCJleHAiOjE1ODQwOTUwNzEsImlhdCI6MTU4NDA5NTAxMSwiaXNzIjoiZXNjcm93LWNvcmUtYXBpIiwiYXVkIjoiZXNjcm93LWNvcmUtY2xpZW50In0.cZPJ0C0v-O4oD00Hhdsh23RiiUPCCmsns4t_Q5JKNhs'} 
data={"escrowCompanyId": "001", "idNumber": "61763140732868", "typeOfId": 1, "kycRequest": 0} 
json=None</msg>
<msg timestamp="20200313 15:53:31.105" level="INFO">${response} = &lt;Response [200]&gt;</msg>
<status status="PASS" starttime="20200313 15:53:30.773" endtime="20200313 15:53:31.105"></status>
</kw>
<kw name="Log" library="BuiltIn">
<doc>Logs the given message with the given level.</doc>
<arguments>
<arg>${response.text}</arg>
<arg>console=True</arg>
</arguments>
<msg timestamp="20200313 15:53:31.109" level="INFO">{"sellerId":"2e6f7c57-0810-4f19-bc91-74c0a8d2952f","responseCode":"000","responseDescription":"Success"}</msg>
<status status="PASS" starttime="20200313 15:53:31.105" endtime="20200313 15:53:31.109"></status>
</kw>
<kw name="Should Be Equal As Strings" library="BuiltIn">
<doc>Fails if objects are unequal after converting them to strings.</doc>
<arguments>
<arg>${response.status_code}</arg>
<arg>200</arg>
</arguments>
<msg timestamp="20200313 15:53:31.109" level="INFO">Argument types are:
&lt;class 'int'&gt;
&lt;type 'unicode'&gt;</msg>
<status status="PASS" starttime="20200313 15:53:31.109" endtime="20200313 15:53:31.109"></status>
</kw>
<msg timestamp="20200313 15:53:31.113" level="INFO">${sellerid_locaL} = 2e6f7c57-0810-4f19-bc91-74c0a8d2952f</msg>
<status status="PASS" starttime="20200313 15:53:30.753" endtime="20200313 15:53:31.113"></status>
</kw>
<kw name="Set Global Variable" library="BuiltIn">
<doc>Makes a variable available globally in all tests and suites.</doc>
<arguments>
<arg>${sellerid}</arg>
<arg>${sellerid_locaL}</arg>
</arguments>
<msg timestamp="20200313 15:53:31.113" level="INFO">${sellerid} = 2e6f7c57-0810-4f19-bc91-74c0a8d2952f</msg>
<status status="PASS" starttime="20200313 15:53:31.113" endtime="20200313 15:53:31.113"></status>
</kw>
<status status="PASS" starttime="20200313 15:53:30.429" endtime="20200313 15:53:31.117" critical="yes"></status>
</test>
<test id="s1-t3" name="UpdateSellerDetails">
<kw name="Log To Console" library="BuiltIn">
<doc>Logs the given message to the console.</doc>
<arguments>
<arg>${IdNumber}</arg>
</arguments>
<status status="PASS" starttime="20200313 15:53:31.121" endtime="20200313 15:53:31.121"></status>
</kw>
<kw name="GetToken Escrow" library="Get Token">
<assign>
<var>${TokenEscrow}</var>
</assign>
<kw name="Create Session" library="RequestsLibrary">
<doc>Create Session: create a HTTP session to a server</doc>
<arguments>
<arg>Session</arg>
<arg>${URLEscrowAuthUAT}</arg>
</arguments>
<msg timestamp="20200313 15:53:31.125" level="INFO">Creating Session using : alias=Session, url=http://172.31.2.28/escrow_core/api/v1/Authentication/oauth2, headers={},                     cookies={}, auth=None, timeout=None, proxies=None, verify=False,                     debug=0 </msg>
<status status="PASS" starttime="20200313 15:53:31.125" endtime="20200313 15:53:31.125"></status>
</kw>
<kw name="Create Dictionary" library="BuiltIn">
<doc>Creates and returns a dictionary based on the given ``items``.</doc>
<arguments>
<arg>Content-Type=application/x-www-form-urlencoded</arg>
</arguments>
<assign>
<var>${header}</var>
</assign>
<msg timestamp="20200313 15:53:31.129" level="INFO">${header} = {'Content-Type': 'application/x-www-form-urlencoded'}</msg>
<status status="PASS" starttime="20200313 15:53:31.129" endtime="20200313 15:53:31.129"></status>
</kw>
<kw name="Set To Dictionary" library="Collections">
<doc>Adds the given ``key_value_pairs`` and ``items`` to the ``dictionary``.</doc>
<arguments>
<arg>${header}</arg>
<arg>Authorization</arg>
<arg>Basic ${Client_authKey}</arg>
</arguments>
<status status="PASS" starttime="20200313 15:53:31.129" endtime="20200313 15:53:31.129"></status>
</kw>
<kw name="Create Dictionary" library="BuiltIn">
<doc>Creates and returns a dictionary based on the given ``items``.</doc>
<arguments>
<arg>grant_type=client_credentials</arg>
</arguments>
<assign>
<var>${Body}</var>
</assign>
<msg timestamp="20200313 15:53:31.133" level="INFO">${Body} = {'grant_type': 'client_credentials'}</msg>
<status status="PASS" starttime="20200313 15:53:31.133" endtime="20200313 15:53:31.133"></status>
</kw>
<kw name="Post Request" library="RequestsLibrary">
<doc>Send a POST request on the session object found using the
given `alias`</doc>
<arguments>
<arg>Session</arg>
<arg>/token</arg>
<arg>data=${Body}</arg>
<arg>headers=${header}</arg>
</arguments>
<assign>
<var>${response}</var>
</assign>
<msg timestamp="20200313 15:53:31.133" level="INFO">POST Request using : uri=/token, params=None, files=None, allow_redirects=True, timeout=None
headers={'User-Agent': 'python-requests/2.22.0', 'Accept-Encoding': 'gzip, deflate', 'Accept': '*/*', 'Connection': 'keep-alive', 'Content-Type': 'application/x-www-form-urlencoded', 'Authorization': 'Basic MDAxOmthaWRlZVNlY3JldEtleVRlc3Q='} 
data=grant_type=client_credentials 
json=None</msg>
<msg timestamp="20200313 15:53:31.429" level="INFO">${response} = &lt;Response [200]&gt;</msg>
<status status="PASS" starttime="20200313 15:53:31.133" endtime="20200313 15:53:31.429"></status>
</kw>
<kw name="Should Be Equal As Strings" library="BuiltIn">
<doc>Fails if objects are unequal after converting them to strings.</doc>
<arguments>
<arg>${response.status_code}</arg>
<arg>200</arg>
</arguments>
<msg timestamp="20200313 15:53:31.429" level="INFO">Argument types are:
&lt;class 'int'&gt;
&lt;type 'unicode'&gt;</msg>
<status status="PASS" starttime="20200313 15:53:31.429" endtime="20200313 15:53:31.429"></status>
</kw>
<kw name="Log" library="BuiltIn">
<doc>Logs the given message with the given level.</doc>
<arguments>
<arg>${response.json()['accessToken']}</arg>
</arguments>
<msg timestamp="20200313 15:53:31.433" level="INFO">eyJhbGciOiJIUzI1NiIsInR5cCI6IkpXVCJ9.eyJodHRwOi8vc2NoZW1hcy5taWNyb3NvZnQuY29tL3dzLzIwMDgvMDYvaWRlbnRpdHkvY2xhaW1zL3VzZXJkYXRhIjoiOTE1b2srbFFFM2Ird3ZBU1hsdE9QNkU4WVhkSmRteEh3NGduMjRQWG0zQytEWm00K0pLYTFCQjVoYjRXc0lSMjZGN1BsR21HY0hCSnFVK2hWSjNycXVSZ2NMam5Gd0p2VXhNZEJpRjZwb2c9IiwibmJmIjoxNTg0MDk1MDEyLCJleHAiOjE1ODQwOTUwNzIsImlhdCI6MTU4NDA5NTAxMiwiaXNzIjoiZXNjcm93LWNvcmUtYXBpIiwiYXVkIjoiZXNjcm93LWNvcmUtY2xpZW50In0.bQLml6Fh8fh6xkevejfo7Zlb81Gs5BLlMmgaP8rZOEo</msg>
<status status="PASS" starttime="20200313 15:53:31.429" endtime="20200313 15:53:31.433"></status>
</kw>
<msg timestamp="20200313 15:53:31.433" level="INFO">${TokenEscrow} = eyJhbGciOiJIUzI1NiIsInR5cCI6IkpXVCJ9.eyJodHRwOi8vc2NoZW1hcy5taWNyb3NvZnQuY29tL3dzLzIwMDgvMDYvaWRlbnRpdHkvY2xhaW1zL3VzZXJkYXRhIjoiOTE1b2srbFFFM2Ird3ZBU1hsdE9QNkU4WVhkSmRteEh3NGduMjRQWG0zQytEWm00K0pLYTF...</msg>
<status status="PASS" starttime="20200313 15:53:31.125" endtime="20200313 15:53:31.433"></status>
</kw>
<kw name="Create Dictionary" library="BuiltIn">
<doc>Creates and returns a dictionary based on the given ``items``.</doc>
<arguments>
<arg>homeAddress1=homeAddress1</arg>
<arg>homeAddress2=homeAddress2</arg>
<arg>countryId=004</arg>
<arg>stateId=001</arg>
<arg>state=Bangkok</arg>
<arg>postalCode=123001</arg>
<arg>addressDefine1=Define1</arg>
<arg>addressDefine2=Define2</arg>
<arg>addressDefine3=Define3</arg>
<arg>addressDefine4=Define4</arg>
</arguments>
<assign>
<var>${address}</var>
</assign>
<msg timestamp="20200313 15:53:31.437" level="INFO">${address} = {'homeAddress1': 'homeAddress1', 'homeAddress2': 'homeAddress2', 'countryId': '004', 'stateId': '001', 'state': 'Bangkok', 'postalCode': '123001', 'addressDefine1': 'Define1', 'addressDefine2': 'Defin...</msg>
<status status="PASS" starttime="20200313 15:53:31.437" endtime="20200313 15:53:31.437"></status>
</kw>
<kw name="Create Dictionary" library="BuiltIn">
<doc>Creates and returns a dictionary based on the given ``items``.</doc>
<arguments>
<arg>mailAddress1=mailAddress1</arg>
<arg>mailAddress2=mailAddress2</arg>
<arg>countryId=004</arg>
<arg>stateId=001</arg>
<arg>state=bangkok</arg>
<arg>postalCode=111001</arg>
<arg>addressDefine1=11</arg>
<arg>addressDefine2=22</arg>
<arg>addressDefine3=33</arg>
<arg>ressDefine4=44</arg>
</arguments>
<assign>
<var>${mailingAddress}</var>
</assign>
<msg timestamp="20200313 15:53:31.441" level="INFO">${mailingAddress} = {'mailAddress1': 'mailAddress1', 'mailAddress2': 'mailAddress2', 'countryId': '004', 'stateId': '001', 'state': 'bangkok', 'postalCode': '111001', 'addressDefine1': '11', 'addressDefine2': '22', 'addr...</msg>
<status status="PASS" starttime="20200313 15:53:31.437" endtime="20200313 15:53:31.441"></status>
</kw>
<kw name="Create Dictionary" library="BuiltIn">
<doc>Creates and returns a dictionary based on the given ``items``.</doc>
<arguments>
<arg>escrowCompanyId=${escrowCompId}</arg>
<arg>sellerId=${sellerid}</arg>
<arg>idNumber=${IdNumber}</arg>
<arg>typeOfId=${3}</arg>
<arg>mobileCountryCode=66</arg>
<arg>mobileNo=${mobileNo}</arg>
<arg>email=pavan.p+${enum}@gmail.com</arg>
<arg>gender=F</arg>
<arg>titleEn=MR.</arg>
<arg>firstNameEn=kavita</arg>
<arg>lastNameEn=Mehra</arg>
<arg>titleLocal=TH</arg>
<arg>firstNameLocal=Test</arg>
<arg>lastNameLocal=Test1</arg>
<arg>dateOfBirth=02/01/2001</arg>
<arg>nationalityId=764</arg>
<arg>otherVerification=AB1215563203</arg>
<arg>workPlace=test co</arg>
<arg>userDefine1=1</arg>
<arg>userDefine2=2</arg>
<arg>userDefine3=3</arg>
<arg>userDefine4=4</arg>
<arg>userDefine5=5</arg>
<arg>kycRequest=${0}</arg>
<arg>address=${address}</arg>
<arg>mailingAddress=${mailingAddress}</arg>
</arguments>
<assign>
<var>${PayLoad}</var>
</assign>
<msg timestamp="20200313 15:53:31.445" level="INFO">${PayLoad} = {'escrowCompanyId': '001', 'sellerId': '2e6f7c57-0810-4f19-bc91-74c0a8d2952f', 'idNumber': '61763140732868', 'typeOfId': 3, 'mobileCountryCode': '66', 'mobileNo': '5027403314', 'email': 'pavan.p+899@g...</msg>
<status status="PASS" starttime="20200313 15:53:31.441" endtime="20200313 15:53:31.445"></status>
</kw>
<kw name="Log To Console" library="BuiltIn">
<doc>Logs the given message to the console.</doc>
<arguments>
<arg>${PayLoad}</arg>
</arguments>
<status status="PASS" starttime="20200313 15:53:31.449" endtime="20200313 15:53:31.449"></status>
</kw>
<kw name="Evaluate" library="BuiltIn">
<doc>Evaluates the given expression in Python and returns the results.</doc>
<arguments>
<arg>json.dumps($PayLoad)</arg>
<arg>json</arg>
</arguments>
<assign>
<var>${PayBody}</var>
</assign>
<msg timestamp="20200313 15:53:31.469" level="INFO">${PayBody} = {"escrowCompanyId": "001", "sellerId": "2e6f7c57-0810-4f19-bc91-74c0a8d2952f", "idNumber": "61763140732868", "typeOfId": 3, "mobileCountryCode": "66", "mobileNo": "5027403314", "email": "pavan.p+899@g...</msg>
<status status="PASS" starttime="20200313 15:53:31.449" endtime="20200313 15:53:31.469"></status>
</kw>
<kw name="Log To Console" library="BuiltIn">
<doc>Logs the given message to the console.</doc>
<arguments>
<arg>${PayBody}</arg>
</arguments>
<status status="PASS" starttime="20200313 15:53:31.469" endtime="20200313 15:53:31.473"></status>
</kw>
<kw name="UpdateSeller" library="Seller Register Keyword">
<arguments>
<arg>${TokenEscrow}</arg>
<arg>${PayLoad}</arg>
</arguments>
<kw name="Create Session" library="RequestsLibrary">
<doc>Create Session: create a HTTP session to a server</doc>
<arguments>
<arg>UpdateSellerDetails</arg>
<arg>http://172.31.2.28/escrow_core/api/v1</arg>
</arguments>
<msg timestamp="20200313 15:53:31.477" level="INFO">Creating Session using : alias=UpdateSellerDetails, url=http://172.31.2.28/escrow_core/api/v1, headers={},                     cookies={}, auth=None, timeout=None, proxies=None, verify=False,                     debug=0 </msg>
<status status="PASS" starttime="20200313 15:53:31.477" endtime="20200313 15:53:31.481"></status>
</kw>
<kw name="Set Variable" library="BuiltIn">
<doc>Returns the given values which can then be assigned to a variables.</doc>
<arguments>
<arg>bearer ${Token}</arg>
</arguments>
<assign>
<var>${AuthToken}</var>
</assign>
<msg timestamp="20200313 15:53:31.481" level="INFO">${AuthToken} = bearer eyJhbGciOiJIUzI1NiIsInR5cCI6IkpXVCJ9.eyJodHRwOi8vc2NoZW1hcy5taWNyb3NvZnQuY29tL3dzLzIwMDgvMDYvaWRlbnRpdHkvY2xhaW1zL3VzZXJkYXRhIjoiOTE1b2srbFFFM2Ird3ZBU1hsdE9QNkU4WVhkSmRteEh3NGduMjRQWG0zQytEWm00...</msg>
<status status="PASS" starttime="20200313 15:53:31.481" endtime="20200313 15:53:31.481"></status>
</kw>
<kw name="Create Dictionary" library="BuiltIn">
<doc>Creates and returns a dictionary based on the given ``items``.</doc>
<arguments>
<arg>Content-Type=application/json</arg>
<arg>Authorization=${AuthToken}</arg>
</arguments>
<assign>
<var>${header}</var>
</assign>
<msg timestamp="20200313 15:53:31.485" level="INFO">${header} = {'Content-Type': 'application/json', 'Authorization': 'bearer eyJhbGciOiJIUzI1NiIsInR5cCI6IkpXVCJ9.eyJodHRwOi8vc2NoZW1hcy5taWNyb3NvZnQuY29tL3dzLzIwMDgvMDYvaWRlbnRpdHkvY2xhaW1zL3VzZXJkYXRhIjoiOTE1b2srb...</msg>
<status status="PASS" starttime="20200313 15:53:31.481" endtime="20200313 15:53:31.485"></status>
</kw>
<kw name="Post Request" library="RequestsLibrary">
<doc>Send a POST request on the session object found using the
given `alias`</doc>
<arguments>
<arg>UpdateSellerDetails</arg>
<arg>/seller/updatedetail</arg>
<arg>data=${PayLoad}</arg>
<arg>headers=${header}</arg>
</arguments>
<assign>
<var>${response}</var>
</assign>
<msg timestamp="20200313 15:53:31.485" level="INFO">POST Request using : uri=/seller/updatedetail, params=None, files=None, allow_redirects=True, timeout=None
headers={'User-Agent': 'python-requests/2.22.0', 'Accept-Encoding': 'gzip, deflate', 'Accept': '*/*', 'Connection': 'keep-alive', 'Content-Type': 'application/json', 'Authorization': 'bearer eyJhbGciOiJIUzI1NiIsInR5cCI6IkpXVCJ9.eyJodHRwOi8vc2NoZW1hcy5taWNyb3NvZnQuY29tL3dzLzIwMDgvMDYvaWRlbnRpdHkvY2xhaW1zL3VzZXJkYXRhIjoiOTE1b2srbFFFM2Ird3ZBU1hsdE9QNkU4WVhkSmRteEh3NGduMjRQWG0zQytEWm00K0pLYTFCQjVoYjRXc0lSMjZGN1BsR21HY0hCSnFVK2hWSjNycXVSZ2NMam5Gd0p2VXhNZEJpRjZwb2c9IiwibmJmIjoxNTg0MDk1MDEyLCJleHAiOjE1ODQwOTUwNzIsImlhdCI6MTU4NDA5NTAxMiwiaXNzIjoiZXNjcm93LWNvcmUtYXBpIiwiYXVkIjoiZXNjcm93LWNvcmUtY2xpZW50In0.bQLml6Fh8fh6xkevejfo7Zlb81Gs5BLlMmgaP8rZOEo'} 
data={"escrowCompanyId": "001", "sellerId": "2e6f7c57-0810-4f19-bc91-74c0a8d2952f", "idNumber": "61763140732868", "typeOfId": 3, "mobileCountryCode": "66", "mobileNo": "5027403314", "email": "pavan.p+899@gmail.com", "gender": "F", "titleEn": "MR.", "firstNameEn": "kavita", "lastNameEn": "Mehra", "titleLocal": "TH", "firstNameLocal": "Test", "lastNameLocal": "Test1", "dateOfBirth": "02/01/2001", "nationalityId": "764", "otherVerification": "AB1215563203", "workPlace": "test co", "userDefine1": "1", "userDefine2": "2", "userDefine3": "3", "userDefine4": "4", "userDefine5": "5", "kycRequest": 0, "address": {"homeAddress1": "homeAddress1", "homeAddress2": "homeAddress2", "countryId": "004", "stateId": "001", "state": "Bangkok", "postalCode": "123001", "addressDefine1": "Define1", "addressDefine2": "Define2", "addressDefine3": "Define3", "addressDefine4": "Define4"}, "mailingAddress": {"mailAddress1": "mailAddress1", "mailAddress2": "mailAddress2", "countryId": "004", "stateId": "001", "state": "bangkok", "postalCode": "111001", "addressDefine1": "11", "addressDefine2": "22", "addressDefine3": "33", "ressDefine4": "44"}} 
json=None</msg>
<msg timestamp="20200313 15:53:31.835" level="INFO">${response} = &lt;Response [200]&gt;</msg>
<status status="PASS" starttime="20200313 15:53:31.485" endtime="20200313 15:53:31.835"></status>
</kw>
<kw name="Log" library="BuiltIn">
<doc>Logs the given message with the given level.</doc>
<arguments>
<arg>${response.text}</arg>
<arg>console=True</arg>
</arguments>
<msg timestamp="20200313 15:53:31.835" level="INFO">{"responseCode":"000","responseDescription":"Success"}</msg>
<status status="PASS" starttime="20200313 15:53:31.835" endtime="20200313 15:53:31.850"></status>
</kw>
<kw name="Should Be Equal As Strings" library="BuiltIn">
<doc>Fails if objects are unequal after converting them to strings.</doc>
<arguments>
<arg>${response.status_code}</arg>
<arg>200</arg>
</arguments>
<msg timestamp="20200313 15:53:31.850" level="INFO">Argument types are:
&lt;class 'int'&gt;
&lt;type 'unicode'&gt;</msg>
<status status="PASS" starttime="20200313 15:53:31.850" endtime="20200313 15:53:31.850"></status>
</kw>
<status status="PASS" starttime="20200313 15:53:31.477" endtime="20200313 15:53:31.850"></status>
</kw>
<status status="PASS" starttime="20200313 15:53:31.121" endtime="20200313 15:53:31.853" critical="yes"></status>
</test>
<test id="s1-t4" name="GetSellerDetails">
<kw name="Log To Console" library="BuiltIn">
<doc>Logs the given message to the console.</doc>
<arguments>
<arg>${IdNumber}</arg>
</arguments>
<status status="PASS" starttime="20200313 15:53:31.853" endtime="20200313 15:53:31.853"></status>
</kw>
<kw name="GetToken Escrow" library="Get Token">
<assign>
<var>${TokenEscrow}</var>
</assign>
<kw name="Create Session" library="RequestsLibrary">
<doc>Create Session: create a HTTP session to a server</doc>
<arguments>
<arg>Session</arg>
<arg>${URLEscrowAuthUAT}</arg>
</arguments>
<msg timestamp="20200313 15:53:31.853" level="INFO">Creating Session using : alias=Session, url=http://172.31.2.28/escrow_core/api/v1/Authentication/oauth2, headers={},                     cookies={}, auth=None, timeout=None, proxies=None, verify=False,                     debug=0 </msg>
<status status="PASS" starttime="20200313 15:53:31.853" endtime="20200313 15:53:31.857"></status>
</kw>
<kw name="Create Dictionary" library="BuiltIn">
<doc>Creates and returns a dictionary based on the given ``items``.</doc>
<arguments>
<arg>Content-Type=application/x-www-form-urlencoded</arg>
</arguments>
<assign>
<var>${header}</var>
</assign>
<msg timestamp="20200313 15:53:31.857" level="INFO">${header} = {'Content-Type': 'application/x-www-form-urlencoded'}</msg>
<status status="PASS" starttime="20200313 15:53:31.857" endtime="20200313 15:53:31.857"></status>
</kw>
<kw name="Set To Dictionary" library="Collections">
<doc>Adds the given ``key_value_pairs`` and ``items`` to the ``dictionary``.</doc>
<arguments>
<arg>${header}</arg>
<arg>Authorization</arg>
<arg>Basic ${Client_authKey}</arg>
</arguments>
<status status="PASS" starttime="20200313 15:53:31.857" endtime="20200313 15:53:31.857"></status>
</kw>
<kw name="Create Dictionary" library="BuiltIn">
<doc>Creates and returns a dictionary based on the given ``items``.</doc>
<arguments>
<arg>grant_type=client_credentials</arg>
</arguments>
<assign>
<var>${Body}</var>
</assign>
<msg timestamp="20200313 15:53:31.857" level="INFO">${Body} = {'grant_type': 'client_credentials'}</msg>
<status status="PASS" starttime="20200313 15:53:31.857" endtime="20200313 15:53:31.857"></status>
</kw>
<kw name="Post Request" library="RequestsLibrary">
<doc>Send a POST request on the session object found using the
given `alias`</doc>
<arguments>
<arg>Session</arg>
<arg>/token</arg>
<arg>data=${Body}</arg>
<arg>headers=${header}</arg>
</arguments>
<assign>
<var>${response}</var>
</assign>
<msg timestamp="20200313 15:53:31.857" level="INFO">POST Request using : uri=/token, params=None, files=None, allow_redirects=True, timeout=None
headers={'User-Agent': 'python-requests/2.22.0', 'Accept-Encoding': 'gzip, deflate', 'Accept': '*/*', 'Connection': 'keep-alive', 'Content-Type': 'application/x-www-form-urlencoded', 'Authorization': 'Basic MDAxOmthaWRlZVNlY3JldEtleVRlc3Q='} 
data=grant_type=client_credentials 
json=None</msg>
<msg timestamp="20200313 15:53:32.149" level="INFO">${response} = &lt;Response [200]&gt;</msg>
<status status="PASS" starttime="20200313 15:53:31.857" endtime="20200313 15:53:32.151"></status>
</kw>
<kw name="Should Be Equal As Strings" library="BuiltIn">
<doc>Fails if objects are unequal after converting them to strings.</doc>
<arguments>
<arg>${response.status_code}</arg>
<arg>200</arg>
</arguments>
<msg timestamp="20200313 15:53:32.151" level="INFO">Argument types are:
&lt;class 'int'&gt;
&lt;type 'unicode'&gt;</msg>
<status status="PASS" starttime="20200313 15:53:32.151" endtime="20200313 15:53:32.151"></status>
</kw>
<kw name="Log" library="BuiltIn">
<doc>Logs the given message with the given level.</doc>
<arguments>
<arg>${response.json()['accessToken']}</arg>
</arguments>
<msg timestamp="20200313 15:53:32.151" level="INFO">eyJhbGciOiJIUzI1NiIsInR5cCI6IkpXVCJ9.eyJodHRwOi8vc2NoZW1hcy5taWNyb3NvZnQuY29tL3dzLzIwMDgvMDYvaWRlbnRpdHkvY2xhaW1zL3VzZXJkYXRhIjoiOTE1b2srbFFFM2Ird3ZBU1hsdE9QM1Njb1BUM1V2Y2ZSZ2JKNFErOXRHa0N1OGhtNmpFZ3dZTXdBU1dmcmM3NWdsVHhhUWtyb3pDVExiaXFxM1JkM25MbWN3VW5QcUFodEVEQUZSQWlTd1E9IiwibmJmIjoxNTg0MDk1MDEyLCJleHAiOjE1ODQwOTUwNzIsImlhdCI6MTU4NDA5NTAxMiwiaXNzIjoiZXNjcm93LWNvcmUtYXBpIiwiYXVkIjoiZXNjcm93LWNvcmUtY2xpZW50In0.L_KtY2PKfhdr-aVIDXHeeyfH67TItZ8yDeJFnq1M8e0</msg>
<status status="PASS" starttime="20200313 15:53:32.151" endtime="20200313 15:53:32.151"></status>
</kw>
<msg timestamp="20200313 15:53:32.151" level="INFO">${TokenEscrow} = eyJhbGciOiJIUzI1NiIsInR5cCI6IkpXVCJ9.eyJodHRwOi8vc2NoZW1hcy5taWNyb3NvZnQuY29tL3dzLzIwMDgvMDYvaWRlbnRpdHkvY2xhaW1zL3VzZXJkYXRhIjoiOTE1b2srbFFFM2Ird3ZBU1hsdE9QM1Njb1BUM1V2Y2ZSZ2JKNFErOXRHa0N1OGhtNmpFZ3d...</msg>
<status status="PASS" starttime="20200313 15:53:31.853" endtime="20200313 15:53:32.151"></status>
</kw>
<kw name="Create Dictionary" library="BuiltIn">
<doc>Creates and returns a dictionary based on the given ``items``.</doc>
<arguments>
<arg>escrowCompanyId=${escrowCompId}</arg>
<arg>sellerId=${sellerid}</arg>
</arguments>
<assign>
<var>${PayLoad}</var>
</assign>
<msg timestamp="20200313 15:53:32.151" level="INFO">${PayLoad} = {'escrowCompanyId': '001', 'sellerId': '2e6f7c57-0810-4f19-bc91-74c0a8d2952f'}</msg>
<status status="PASS" starttime="20200313 15:53:32.151" endtime="20200313 15:53:32.151"></status>
</kw>
<kw name="GetDetails" library="Seller Register Keyword">
<arguments>
<arg>${TokenEscrow}</arg>
<arg>${PayLoad}</arg>
</arguments>
<kw name="Create Session" library="RequestsLibrary">
<doc>Create Session: create a HTTP session to a server</doc>
<arguments>
<arg>GetSellerDetails</arg>
<arg>http://172.31.2.28/escrow_core/api/v1</arg>
</arguments>
<msg timestamp="20200313 15:53:32.155" level="INFO">Creating Session using : alias=GetSellerDetails, url=http://172.31.2.28/escrow_core/api/v1, headers={},                     cookies={}, auth=None, timeout=None, proxies=None, verify=False,                     debug=0 </msg>
<status status="PASS" starttime="20200313 15:53:32.151" endtime="20200313 15:53:32.155"></status>
</kw>
<kw name="Set Variable" library="BuiltIn">
<doc>Returns the given values which can then be assigned to a variables.</doc>
<arguments>
<arg>bearer ${Token}</arg>
</arguments>
<assign>
<var>${AuthToken}</var>
</assign>
<msg timestamp="20200313 15:53:32.155" level="INFO">${AuthToken} = bearer eyJhbGciOiJIUzI1NiIsInR5cCI6IkpXVCJ9.eyJodHRwOi8vc2NoZW1hcy5taWNyb3NvZnQuY29tL3dzLzIwMDgvMDYvaWRlbnRpdHkvY2xhaW1zL3VzZXJkYXRhIjoiOTE1b2srbFFFM2Ird3ZBU1hsdE9QM1Njb1BUM1V2Y2ZSZ2JKNFErOXRHa0N1OGht...</msg>
<status status="PASS" starttime="20200313 15:53:32.155" endtime="20200313 15:53:32.155"></status>
</kw>
<kw name="Create Dictionary" library="BuiltIn">
<doc>Creates and returns a dictionary based on the given ``items``.</doc>
<arguments>
<arg>Content-Type=application/json</arg>
<arg>Authorization=${AuthToken}</arg>
</arguments>
<assign>
<var>${header}</var>
</assign>
<msg timestamp="20200313 15:53:32.155" level="INFO">${header} = {'Content-Type': 'application/json', 'Authorization': 'bearer eyJhbGciOiJIUzI1NiIsInR5cCI6IkpXVCJ9.eyJodHRwOi8vc2NoZW1hcy5taWNyb3NvZnQuY29tL3dzLzIwMDgvMDYvaWRlbnRpdHkvY2xhaW1zL3VzZXJkYXRhIjoiOTE1b2srb...</msg>
<status status="PASS" starttime="20200313 15:53:32.155" endtime="20200313 15:53:32.155"></status>
</kw>
<kw name="Post Request" library="RequestsLibrary">
<doc>Send a POST request on the session object found using the
given `alias`</doc>
<arguments>
<arg>GetSellerDetails</arg>
<arg>/seller/detail</arg>
<arg>data=${PayLoad}</arg>
<arg>headers=${header}</arg>
</arguments>
<assign>
<var>${response}</var>
</assign>
<msg timestamp="20200313 15:53:32.155" level="INFO">POST Request using : uri=/seller/detail, params=None, files=None, allow_redirects=True, timeout=None
headers={'User-Agent': 'python-requests/2.22.0', 'Accept-Encoding': 'gzip, deflate', 'Accept': '*/*', 'Connection': 'keep-alive', 'Content-Type': 'application/json', 'Authorization': 'bearer eyJhbGciOiJIUzI1NiIsInR5cCI6IkpXVCJ9.eyJodHRwOi8vc2NoZW1hcy5taWNyb3NvZnQuY29tL3dzLzIwMDgvMDYvaWRlbnRpdHkvY2xhaW1zL3VzZXJkYXRhIjoiOTE1b2srbFFFM2Ird3ZBU1hsdE9QM1Njb1BUM1V2Y2ZSZ2JKNFErOXRHa0N1OGhtNmpFZ3dZTXdBU1dmcmM3NWdsVHhhUWtyb3pDVExiaXFxM1JkM25MbWN3VW5QcUFodEVEQUZSQWlTd1E9IiwibmJmIjoxNTg0MDk1MDEyLCJleHAiOjE1ODQwOTUwNzIsImlhdCI6MTU4NDA5NTAxMiwiaXNzIjoiZXNjcm93LWNvcmUtYXBpIiwiYXVkIjoiZXNjcm93LWNvcmUtY2xpZW50In0.L_KtY2PKfhdr-aVIDXHeeyfH67TItZ8yDeJFnq1M8e0'} 
data={"escrowCompanyId": "001", "sellerId": "2e6f7c57-0810-4f19-bc91-74c0a8d2952f"} 
json=None</msg>
<msg timestamp="20200313 15:53:32.464" level="INFO">${response} = &lt;Response [200]&gt;</msg>
<status status="PASS" starttime="20200313 15:53:32.155" endtime="20200313 15:53:32.464"></status>
</kw>
<kw name="Log" library="BuiltIn">
<doc>Logs the given message with the given level.</doc>
<arguments>
<arg>${response.text}</arg>
<arg>console=True</arg>
</arguments>
<msg timestamp="20200313 15:53:32.464" level="INFO">{"escrowCompanyId":"001","sellerId":"2e6f7c57-0810-4f19-bc91-74c0a8d2952f","idNumber":"61763140732868","typeOfId":3,"mobileCountryCode":"66","mobileNo":"5027403314","email":"pavan.p+899@gmail.com","gender":"F","titleEn":"MR.","firstNameEn":"kavita","lastNameEn":"Mehra","titleLocal":"TH","firstNameLocal":"Test","lastNameLocal":"Test1","dateOfBirth":"02/01/2001","nationalityId":"764","otherVerification":"AB1215563203","status":1,"statusText":"Active","workPlace":"test co","userDefine1":"1","userDefine2":"2","userDefine3":"3","userDefine4":"4","userDefine5":"5","kycFlag":0,"createDate":"13/03/2020 05:23:31","updateDate":"13/03/2020 05:23:32","address":{"homeAddress1":"homeAddress1","homeAddress2":"homeAddress2","countryId":"004","stateId":"001","state":"Bangkok","postalCode":"123001","addressDefine1":"Define1","addressDefine2":"Define2","addressDefine3":"Define3","addressDefine4":"Define4"},"mailingAddress":{"mailAddress1":"mailAddress1","mailAddress2":"mailAddress2","countryId":"004","stateId":"001","state":"bangkok","postalCode":"111001","addressDefine1":"11","addressDefine2":"22","addressDefine3":"33","addressDefine4":null},"responseCode":"000","responseDescription":"Success"}</msg>
<status status="PASS" starttime="20200313 15:53:32.464" endtime="20200313 15:53:32.464"></status>
</kw>
<kw name="Should Be Equal As Strings" library="BuiltIn">
<doc>Fails if objects are unequal after converting them to strings.</doc>
<arguments>
<arg>${response.status_code}</arg>
<arg>200</arg>
</arguments>
<msg timestamp="20200313 15:53:32.480" level="INFO">Argument types are:
&lt;class 'int'&gt;
&lt;type 'unicode'&gt;</msg>
<status status="PASS" starttime="20200313 15:53:32.464" endtime="20200313 15:53:32.480"></status>
</kw>
<status status="PASS" starttime="20200313 15:53:32.151" endtime="20200313 15:53:32.480"></status>
</kw>
<status status="PASS" starttime="20200313 15:53:31.853" endtime="20200313 15:53:32.480" critical="yes"></status>
</test>
<test id="s1-t5" name="UpdateSellerStatus">
<kw name="GetToken Escrow" library="Get Token">
<assign>
<var>${TokenEscrow}</var>
</assign>
<kw name="Create Session" library="RequestsLibrary">
<doc>Create Session: create a HTTP session to a server</doc>
<arguments>
<arg>Session</arg>
<arg>${URLEscrowAuthUAT}</arg>
</arguments>
<msg timestamp="20200313 15:53:32.502" level="INFO">Creating Session using : alias=Session, url=http://172.31.2.28/escrow_core/api/v1/Authentication/oauth2, headers={},                     cookies={}, auth=None, timeout=None, proxies=None, verify=False,                     debug=0 </msg>
<status status="PASS" starttime="20200313 15:53:32.502" endtime="20200313 15:53:32.502"></status>
</kw>
<kw name="Create Dictionary" library="BuiltIn">
<doc>Creates and returns a dictionary based on the given ``items``.</doc>
<arguments>
<arg>Content-Type=application/x-www-form-urlencoded</arg>
</arguments>
<assign>
<var>${header}</var>
</assign>
<msg timestamp="20200313 15:53:32.502" level="INFO">${header} = {'Content-Type': 'application/x-www-form-urlencoded'}</msg>
<status status="PASS" starttime="20200313 15:53:32.502" endtime="20200313 15:53:32.502"></status>
</kw>
<kw name="Set To Dictionary" library="Collections">
<doc>Adds the given ``key_value_pairs`` and ``items`` to the ``dictionary``.</doc>
<arguments>
<arg>${header}</arg>
<arg>Authorization</arg>
<arg>Basic ${Client_authKey}</arg>
</arguments>
<status status="PASS" starttime="20200313 15:53:32.502" endtime="20200313 15:53:32.502"></status>
</kw>
<kw name="Create Dictionary" library="BuiltIn">
<doc>Creates and returns a dictionary based on the given ``items``.</doc>
<arguments>
<arg>grant_type=client_credentials</arg>
</arguments>
<assign>
<var>${Body}</var>
</assign>
<msg timestamp="20200313 15:53:32.502" level="INFO">${Body} = {'grant_type': 'client_credentials'}</msg>
<status status="PASS" starttime="20200313 15:53:32.502" endtime="20200313 15:53:32.502"></status>
</kw>
<kw name="Post Request" library="RequestsLibrary">
<doc>Send a POST request on the session object found using the
given `alias`</doc>
<arguments>
<arg>Session</arg>
<arg>/token</arg>
<arg>data=${Body}</arg>
<arg>headers=${header}</arg>
</arguments>
<assign>
<var>${response}</var>
</assign>
<msg timestamp="20200313 15:53:32.502" level="INFO">POST Request using : uri=/token, params=None, files=None, allow_redirects=True, timeout=None
headers={'User-Agent': 'python-requests/2.22.0', 'Accept-Encoding': 'gzip, deflate', 'Accept': '*/*', 'Connection': 'keep-alive', 'Content-Type': 'application/x-www-form-urlencoded', 'Authorization': 'Basic MDAxOmthaWRlZVNlY3JldEtleVRlc3Q='} 
data=grant_type=client_credentials 
json=None</msg>
<msg timestamp="20200313 15:53:32.803" level="INFO">${response} = &lt;Response [200]&gt;</msg>
<status status="PASS" starttime="20200313 15:53:32.502" endtime="20200313 15:53:32.803"></status>
</kw>
<kw name="Should Be Equal As Strings" library="BuiltIn">
<doc>Fails if objects are unequal after converting them to strings.</doc>
<arguments>
<arg>${response.status_code}</arg>
<arg>200</arg>
</arguments>
<msg timestamp="20200313 15:53:32.803" level="INFO">Argument types are:
&lt;class 'int'&gt;
&lt;type 'unicode'&gt;</msg>
<status status="PASS" starttime="20200313 15:53:32.803" endtime="20200313 15:53:32.803"></status>
</kw>
<kw name="Log" library="BuiltIn">
<doc>Logs the given message with the given level.</doc>
<arguments>
<arg>${response.json()['accessToken']}</arg>
</arguments>
<msg timestamp="20200313 15:53:32.803" level="INFO">eyJhbGciOiJIUzI1NiIsInR5cCI6IkpXVCJ9.eyJodHRwOi8vc2NoZW1hcy5taWNyb3NvZnQuY29tL3dzLzIwMDgvMDYvaWRlbnRpdHkvY2xhaW1zL3VzZXJkYXRhIjoiOTE1b2srbFFFM2Ird3ZBU1hsdE9QMDhMR0xiemxMZWg2VWRuWUZhdlIyeUIyQXYyVWUvNVdSTjkyVGdSY0Z5VmFGVldoRGlKQmZmYmZsdHRrQngySjlYeDBVblE5V2xlaVRKcE0vUDB5eDA9IiwibmJmIjoxNTg0MDk1MDEzLCJleHAiOjE1ODQwOTUwNzMsImlhdCI6MTU4NDA5NTAxMywiaXNzIjoiZXNjcm93LWNvcmUtYXBpIiwiYXVkIjoiZXNjcm93LWNvcmUtY2xpZW50In0.zhz9ZkJOdvWiCIunjUWYuQUxXRJAt67-rYG5R1X_mo0</msg>
<status status="PASS" starttime="20200313 15:53:32.803" endtime="20200313 15:53:32.803"></status>
</kw>
<msg timestamp="20200313 15:53:32.818" level="INFO">${TokenEscrow} = eyJhbGciOiJIUzI1NiIsInR5cCI6IkpXVCJ9.eyJodHRwOi8vc2NoZW1hcy5taWNyb3NvZnQuY29tL3dzLzIwMDgvMDYvaWRlbnRpdHkvY2xhaW1zL3VzZXJkYXRhIjoiOTE1b2srbFFFM2Ird3ZBU1hsdE9QMDhMR0xiemxMZWg2VWRuWUZhdlIyeUIyQXYyVWUvNVd...</msg>
<status status="PASS" starttime="20200313 15:53:32.502" endtime="20200313 15:53:32.818"></status>
</kw>
<kw name="Create Dictionary" library="BuiltIn">
<doc>Creates and returns a dictionary based on the given ``items``.</doc>
<arguments>
<arg>escrowCompanyId=${escrowCompId}</arg>
<arg>sellerId=${sellerid}</arg>
<arg>status=${1}</arg>
</arguments>
<assign>
<var>${PayLoad}</var>
</assign>
<msg timestamp="20200313 15:53:32.818" level="INFO">${PayLoad} = {'escrowCompanyId': '001', 'sellerId': '2e6f7c57-0810-4f19-bc91-74c0a8d2952f', 'status': 1}</msg>
<status status="PASS" starttime="20200313 15:53:32.818" endtime="20200313 15:53:32.818"></status>
</kw>
<kw name="UpdateStatus" library="Seller Register Keyword">
<arguments>
<arg>${TokenEscrow}</arg>
<arg>${PayLoad}</arg>
</arguments>
<kw name="Create Session" library="RequestsLibrary">
<doc>Create Session: create a HTTP session to a server</doc>
<arguments>
<arg>UpdateSellerStatus</arg>
<arg>http://172.31.2.28/escrow_core/api/v1</arg>
</arguments>
<msg timestamp="20200313 15:53:32.818" level="INFO">Creating Session using : alias=UpdateSellerStatus, url=http://172.31.2.28/escrow_core/api/v1, headers={},                     cookies={}, auth=None, timeout=None, proxies=None, verify=False,                     debug=0 </msg>
<status status="PASS" starttime="20200313 15:53:32.818" endtime="20200313 15:53:32.818"></status>
</kw>
<kw name="Set Variable" library="BuiltIn">
<doc>Returns the given values which can then be assigned to a variables.</doc>
<arguments>
<arg>bearer ${Token}</arg>
</arguments>
<assign>
<var>${AuthToken}</var>
</assign>
<msg timestamp="20200313 15:53:32.818" level="INFO">${AuthToken} = bearer eyJhbGciOiJIUzI1NiIsInR5cCI6IkpXVCJ9.eyJodHRwOi8vc2NoZW1hcy5taWNyb3NvZnQuY29tL3dzLzIwMDgvMDYvaWRlbnRpdHkvY2xhaW1zL3VzZXJkYXRhIjoiOTE1b2srbFFFM2Ird3ZBU1hsdE9QMDhMR0xiemxMZWg2VWRuWUZhdlIyeUIyQXYy...</msg>
<status status="PASS" starttime="20200313 15:53:32.818" endtime="20200313 15:53:32.818"></status>
</kw>
<kw name="Create Dictionary" library="BuiltIn">
<doc>Creates and returns a dictionary based on the given ``items``.</doc>
<arguments>
<arg>Content-Type=application/json</arg>
<arg>Authorization=${AuthToken}</arg>
</arguments>
<assign>
<var>${header}</var>
</assign>
<msg timestamp="20200313 15:53:32.818" level="INFO">${header} = {'Content-Type': 'application/json', 'Authorization': 'bearer eyJhbGciOiJIUzI1NiIsInR5cCI6IkpXVCJ9.eyJodHRwOi8vc2NoZW1hcy5taWNyb3NvZnQuY29tL3dzLzIwMDgvMDYvaWRlbnRpdHkvY2xhaW1zL3VzZXJkYXRhIjoiOTE1b2srb...</msg>
<status status="PASS" starttime="20200313 15:53:32.818" endtime="20200313 15:53:32.818"></status>
</kw>
<kw name="Post Request" library="RequestsLibrary">
<doc>Send a POST request on the session object found using the
given `alias`</doc>
<arguments>
<arg>UpdateSellerStatus</arg>
<arg>/seller/updatestatus</arg>
<arg>data=${PayLoad}</arg>
<arg>headers=${header}</arg>
</arguments>
<assign>
<var>${response}</var>
</assign>
<msg timestamp="20200313 15:53:32.834" level="INFO">POST Request using : uri=/seller/updatestatus, params=None, files=None, allow_redirects=True, timeout=None
headers={'User-Agent': 'python-requests/2.22.0', 'Accept-Encoding': 'gzip, deflate', 'Accept': '*/*', 'Connection': 'keep-alive', 'Content-Type': 'application/json', 'Authorization': 'bearer eyJhbGciOiJIUzI1NiIsInR5cCI6IkpXVCJ9.eyJodHRwOi8vc2NoZW1hcy5taWNyb3NvZnQuY29tL3dzLzIwMDgvMDYvaWRlbnRpdHkvY2xhaW1zL3VzZXJkYXRhIjoiOTE1b2srbFFFM2Ird3ZBU1hsdE9QMDhMR0xiemxMZWg2VWRuWUZhdlIyeUIyQXYyVWUvNVdSTjkyVGdSY0Z5VmFGVldoRGlKQmZmYmZsdHRrQngySjlYeDBVblE5V2xlaVRKcE0vUDB5eDA9IiwibmJmIjoxNTg0MDk1MDEzLCJleHAiOjE1ODQwOTUwNzMsImlhdCI6MTU4NDA5NTAxMywiaXNzIjoiZXNjcm93LWNvcmUtYXBpIiwiYXVkIjoiZXNjcm93LWNvcmUtY2xpZW50In0.zhz9ZkJOdvWiCIunjUWYuQUxXRJAt67-rYG5R1X_mo0'} 
data={"escrowCompanyId": "001", "sellerId": "2e6f7c57-0810-4f19-bc91-74c0a8d2952f", "status": 1} 
json=None</msg>
<msg timestamp="20200313 15:53:33.148" level="INFO">${response} = &lt;Response [200]&gt;</msg>
<status status="PASS" starttime="20200313 15:53:32.834" endtime="20200313 15:53:33.148"></status>
</kw>
<kw name="Log" library="BuiltIn">
<doc>Logs the given message with the given level.</doc>
<arguments>
<arg>${response.text}</arg>
<arg>console=True</arg>
</arguments>
<msg timestamp="20200313 15:53:33.152" level="INFO">{"responseCode":"000","responseDescription":"Success"}</msg>
<status status="PASS" starttime="20200313 15:53:33.148" endtime="20200313 15:53:33.152"></status>
</kw>
<kw name="Should Be Equal As Strings" library="BuiltIn">
<doc>Fails if objects are unequal after converting them to strings.</doc>
<arguments>
<arg>${response.status_code}</arg>
<arg>200</arg>
</arguments>
<msg timestamp="20200313 15:53:33.152" level="INFO">Argument types are:
&lt;class 'int'&gt;
&lt;type 'unicode'&gt;</msg>
<status status="PASS" starttime="20200313 15:53:33.152" endtime="20200313 15:53:33.152"></status>
</kw>
<status status="PASS" starttime="20200313 15:53:32.818" endtime="20200313 15:53:33.156"></status>
</kw>
<status status="PASS" starttime="20200313 15:53:32.480" endtime="20200313 15:53:33.156" critical="yes"></status>
</test>
<status status="PASS" starttime="20200313 15:53:29.880" endtime="20200313 15:53:33.160"></status>
</suite>
<statistics>
<total>
<stat pass="5" fail="0">Critical Tests</stat>
<stat pass="5" fail="0">All Tests</stat>
</total>
<tag>
</tag>
<suite>
<stat pass="5" fail="0" id="s1" name="TestCasesEscrowAPI">TestCasesEscrowAPI</stat>
</suite>
</statistics>
<errors>
</errors>
</robot>
