<?xml version="1.0" encoding="UTF-8"?>
<robot generator="Robot 3.1.2 (Python 3.8.1 on win32)" generated="20200326 16:24:29.073" rpa="false">
<suite id="s1" name="UpdateSellerStatus Testcases" source="C:\development\EscrowAPI\TestCases\UpdateSellerStatus_API\UpdateSellerStatus_Testcases.robot">
<test id="s1-t1" name="TC_06 Request Update Seller Status API">
<kw name="GetToken Escrow" library="Get Token">
<assign>
<var>${TokenEscrow}</var>
</assign>
<kw name="Create Session" library="RequestsLibrary">
<doc>Create Session: create a HTTP session to a server</doc>
<arguments>
<arg>Session</arg>
<arg>${URLEscrowAuthUAT}</arg>
</arguments>
<msg timestamp="20200326 16:24:29.406" level="INFO">Creating Session using : alias=Session, url=http://172.31.2.28/escrow_core/api/v1/Authentication/oauth2, headers={},                     cookies={}, auth=None, timeout=None, proxies=None, verify=False,                     debug=0 </msg>
<status status="PASS" starttime="20200326 16:24:29.405" endtime="20200326 16:24:29.406"></status>
</kw>
<kw name="Create Dictionary" library="BuiltIn">
<doc>Creates and returns a dictionary based on the given ``items``.</doc>
<arguments>
<arg>Content-Type=application/x-www-form-urlencodezd</arg>
</arguments>
<assign>
<var>${header}</var>
</assign>
<msg timestamp="20200326 16:24:29.406" level="INFO">${header} = {'Content-Type': 'application/x-www-form-urlencodezd'}</msg>
<status status="PASS" starttime="20200326 16:24:29.406" endtime="20200326 16:24:29.406"></status>
</kw>
<kw name="Set To Dictionary" library="Collections">
<doc>Adds the given ``key_value_pairs`` and ``items`` to the ``dictionary``.</doc>
<arguments>
<arg>${header}</arg>
<arg>Authorization</arg>
<arg>Basic ${Client_authKey}</arg>
</arguments>
<status status="PASS" starttime="20200326 16:24:29.406" endtime="20200326 16:24:29.407"></status>
</kw>
<kw name="Create Dictionary" library="BuiltIn">
<doc>Creates and returns a dictionary based on the given ``items``.</doc>
<arguments>
<arg>grant_type=client_credentials</arg>
</arguments>
<assign>
<var>${Body}</var>
</assign>
<msg timestamp="20200326 16:24:29.407" level="INFO">${Body} = {'grant_type': 'client_credentials'}</msg>
<status status="PASS" starttime="20200326 16:24:29.407" endtime="20200326 16:24:29.407"></status>
</kw>
<kw name="Post Request" library="RequestsLibrary">
<doc>Send a POST request on the session object found using the
given `alias`</doc>
<arguments>
<arg>Session</arg>
<arg>/token</arg>
<arg>data=${Body}</arg>
<arg>headers=${header}</arg>
</arguments>
<assign>
<var>${response}</var>
</assign>
<msg timestamp="20200326 16:24:29.407" level="INFO">POST Request using : uri=/token, params=None, files=None, allow_redirects=True, timeout=None
headers={'User-Agent': 'python-requests/2.22.0', 'Accept-Encoding': 'gzip, deflate', 'Accept': '*/*', 'Connection': 'keep-alive', 'Content-Type': 'application/x-www-form-urlencodezd', 'Authorization': 'Basic MDAxOmthaWRlZVNlY3JldEtleVRlc3Q='} 
data=&lt;application/x-www-form-urlencodezd&gt; 
json=None</msg>
<msg timestamp="20200326 16:24:36.831" level="INFO">${response} = &lt;Response [415]&gt;</msg>
<status status="PASS" starttime="20200326 16:24:29.407" endtime="20200326 16:24:36.831"></status>
</kw>
<kw name="Should Be Equal As Strings" library="BuiltIn">
<doc>Fails if objects are unequal after converting them to strings.</doc>
<arguments>
<arg>${response.status_code}</arg>
<arg>200</arg>
</arguments>
<msg timestamp="20200326 16:24:36.833" level="INFO">Argument types are:
&lt;class 'int'&gt;
&lt;type 'unicode'&gt;</msg>
<msg timestamp="20200326 16:24:36.834" level="FAIL">415 != 200</msg>
<status status="FAIL" starttime="20200326 16:24:36.832" endtime="20200326 16:24:36.834"></status>
</kw>
<status status="FAIL" starttime="20200326 16:24:29.405" endtime="20200326 16:24:36.835"></status>
</kw>
<doc>Valid: To Verify request parameter of Update Seller Status API</doc>
<status status="FAIL" starttime="20200326 16:24:29.404" endtime="20200326 16:24:36.836" critical="yes">415 != 200</status>
</test>
<test id="s1-t2" name="TC_07 Response Update Seller Status API">
<kw name="GetToken Escrow" library="Get Token">
<assign>
<var>${TokenEscrow}</var>
</assign>
<kw name="Create Session" library="RequestsLibrary">
<doc>Create Session: create a HTTP session to a server</doc>
<arguments>
<arg>Session</arg>
<arg>${URLEscrowAuthUAT}</arg>
</arguments>
<msg timestamp="20200326 16:24:36.843" level="INFO">Creating Session using : alias=Session, url=http://172.31.2.28/escrow_core/api/v1/Authentication/oauth2, headers={},                     cookies={}, auth=None, timeout=None, proxies=None, verify=False,                     debug=0 </msg>
<status status="PASS" starttime="20200326 16:24:36.842" endtime="20200326 16:24:36.844"></status>
</kw>
<kw name="Create Dictionary" library="BuiltIn">
<doc>Creates and returns a dictionary based on the given ``items``.</doc>
<arguments>
<arg>Content-Type=application/x-www-form-urlencodezd</arg>
</arguments>
<assign>
<var>${header}</var>
</assign>
<msg timestamp="20200326 16:24:36.845" level="INFO">${header} = {'Content-Type': 'application/x-www-form-urlencodezd'}</msg>
<status status="PASS" starttime="20200326 16:24:36.844" endtime="20200326 16:24:36.845"></status>
</kw>
<kw name="Set To Dictionary" library="Collections">
<doc>Adds the given ``key_value_pairs`` and ``items`` to the ``dictionary``.</doc>
<arguments>
<arg>${header}</arg>
<arg>Authorization</arg>
<arg>Basic ${Client_authKey}</arg>
</arguments>
<status status="PASS" starttime="20200326 16:24:36.846" endtime="20200326 16:24:36.846"></status>
</kw>
<kw name="Create Dictionary" library="BuiltIn">
<doc>Creates and returns a dictionary based on the given ``items``.</doc>
<arguments>
<arg>grant_type=client_credentials</arg>
</arguments>
<assign>
<var>${Body}</var>
</assign>
<msg timestamp="20200326 16:24:36.848" level="INFO">${Body} = {'grant_type': 'client_credentials'}</msg>
<status status="PASS" starttime="20200326 16:24:36.847" endtime="20200326 16:24:36.848"></status>
</kw>
<kw name="Post Request" library="RequestsLibrary">
<doc>Send a POST request on the session object found using the
given `alias`</doc>
<arguments>
<arg>Session</arg>
<arg>/token</arg>
<arg>data=${Body}</arg>
<arg>headers=${header}</arg>
</arguments>
<assign>
<var>${response}</var>
</assign>
<msg timestamp="20200326 16:24:36.849" level="INFO">POST Request using : uri=/token, params=None, files=None, allow_redirects=True, timeout=None
headers={'User-Agent': 'python-requests/2.22.0', 'Accept-Encoding': 'gzip, deflate', 'Accept': '*/*', 'Connection': 'keep-alive', 'Content-Type': 'application/x-www-form-urlencodezd', 'Authorization': 'Basic MDAxOmthaWRlZVNlY3JldEtleVRlc3Q='} 
data=&lt;application/x-www-form-urlencodezd&gt; 
json=None</msg>
<msg timestamp="20200326 16:24:37.276" level="INFO">${response} = &lt;Response [415]&gt;</msg>
<status status="PASS" starttime="20200326 16:24:36.848" endtime="20200326 16:24:37.276"></status>
</kw>
<kw name="Should Be Equal As Strings" library="BuiltIn">
<doc>Fails if objects are unequal after converting them to strings.</doc>
<arguments>
<arg>${response.status_code}</arg>
<arg>200</arg>
</arguments>
<msg timestamp="20200326 16:24:37.278" level="INFO">Argument types are:
&lt;class 'int'&gt;
&lt;type 'unicode'&gt;</msg>
<msg timestamp="20200326 16:24:37.278" level="FAIL">415 != 200</msg>
<status status="FAIL" starttime="20200326 16:24:37.277" endtime="20200326 16:24:37.279"></status>
</kw>
<status status="FAIL" starttime="20200326 16:24:36.841" endtime="20200326 16:24:37.279"></status>
</kw>
<doc>Valid: To Verify response parameter of Update Seller Status API</doc>
<status status="FAIL" starttime="20200326 16:24:36.839" endtime="20200326 16:24:37.280" critical="yes">415 != 200</status>
</test>
<test id="s1-t3" name="TC_08 Empty EscrowCompanyID">
<kw name="GetToken Escrow" library="Get Token">
<assign>
<var>${TokenEscrow}</var>
</assign>
<kw name="Create Session" library="RequestsLibrary">
<doc>Create Session: create a HTTP session to a server</doc>
<arguments>
<arg>Session</arg>
<arg>${URLEscrowAuthUAT}</arg>
</arguments>
<msg timestamp="20200326 16:24:37.290" level="INFO">Creating Session using : alias=Session, url=http://172.31.2.28/escrow_core/api/v1/Authentication/oauth2, headers={},                     cookies={}, auth=None, timeout=None, proxies=None, verify=False,                     debug=0 </msg>
<status status="PASS" starttime="20200326 16:24:37.289" endtime="20200326 16:24:37.291"></status>
</kw>
<kw name="Create Dictionary" library="BuiltIn">
<doc>Creates and returns a dictionary based on the given ``items``.</doc>
<arguments>
<arg>Content-Type=application/x-www-form-urlencodezd</arg>
</arguments>
<assign>
<var>${header}</var>
</assign>
<msg timestamp="20200326 16:24:37.293" level="INFO">${header} = {'Content-Type': 'application/x-www-form-urlencodezd'}</msg>
<status status="PASS" starttime="20200326 16:24:37.292" endtime="20200326 16:24:37.293"></status>
</kw>
<kw name="Set To Dictionary" library="Collections">
<doc>Adds the given ``key_value_pairs`` and ``items`` to the ``dictionary``.</doc>
<arguments>
<arg>${header}</arg>
<arg>Authorization</arg>
<arg>Basic ${Client_authKey}</arg>
</arguments>
<status status="PASS" starttime="20200326 16:24:37.294" endtime="20200326 16:24:37.295"></status>
</kw>
<kw name="Create Dictionary" library="BuiltIn">
<doc>Creates and returns a dictionary based on the given ``items``.</doc>
<arguments>
<arg>grant_type=client_credentials</arg>
</arguments>
<assign>
<var>${Body}</var>
</assign>
<msg timestamp="20200326 16:24:37.297" level="INFO">${Body} = {'grant_type': 'client_credentials'}</msg>
<status status="PASS" starttime="20200326 16:24:37.296" endtime="20200326 16:24:37.297"></status>
</kw>
<kw name="Post Request" library="RequestsLibrary">
<doc>Send a POST request on the session object found using the
given `alias`</doc>
<arguments>
<arg>Session</arg>
<arg>/token</arg>
<arg>data=${Body}</arg>
<arg>headers=${header}</arg>
</arguments>
<assign>
<var>${response}</var>
</assign>
<msg timestamp="20200326 16:24:37.298" level="INFO">POST Request using : uri=/token, params=None, files=None, allow_redirects=True, timeout=None
headers={'User-Agent': 'python-requests/2.22.0', 'Accept-Encoding': 'gzip, deflate', 'Accept': '*/*', 'Connection': 'keep-alive', 'Content-Type': 'application/x-www-form-urlencodezd', 'Authorization': 'Basic MDAxOmthaWRlZVNlY3JldEtleVRlc3Q='} 
data=&lt;application/x-www-form-urlencodezd&gt; 
json=None</msg>
<msg timestamp="20200326 16:24:38.247" level="INFO">${response} = &lt;Response [415]&gt;</msg>
<status status="PASS" starttime="20200326 16:24:37.297" endtime="20200326 16:24:38.247"></status>
</kw>
<kw name="Should Be Equal As Strings" library="BuiltIn">
<doc>Fails if objects are unequal after converting them to strings.</doc>
<arguments>
<arg>${response.status_code}</arg>
<arg>200</arg>
</arguments>
<msg timestamp="20200326 16:24:38.249" level="INFO">Argument types are:
&lt;class 'int'&gt;
&lt;type 'unicode'&gt;</msg>
<msg timestamp="20200326 16:24:38.249" level="FAIL">415 != 200</msg>
<status status="FAIL" starttime="20200326 16:24:38.248" endtime="20200326 16:24:38.250"></status>
</kw>
<status status="FAIL" starttime="20200326 16:24:37.287" endtime="20200326 16:24:38.250"></status>
</kw>
<doc>Empty : To check API response when escrowCompanyID parameter is entered empty and request is sent with mandatory fields</doc>
<status status="FAIL" starttime="20200326 16:24:37.285" endtime="20200326 16:24:38.251" critical="yes">415 != 200</status>
</test>
<test id="s1-t4" name="TC_09 EscrowCompanyID parameter is entered Valid">
<kw name="GetToken Escrow" library="Get Token">
<assign>
<var>${TokenEscrow}</var>
</assign>
<kw name="Create Session" library="RequestsLibrary">
<doc>Create Session: create a HTTP session to a server</doc>
<arguments>
<arg>Session</arg>
<arg>${URLEscrowAuthUAT}</arg>
</arguments>
<msg timestamp="20200326 16:24:38.272" level="INFO">Creating Session using : alias=Session, url=http://172.31.2.28/escrow_core/api/v1/Authentication/oauth2, headers={},                     cookies={}, auth=None, timeout=None, proxies=None, verify=False,                     debug=0 </msg>
<status status="PASS" starttime="20200326 16:24:38.270" endtime="20200326 16:24:38.273"></status>
</kw>
<kw name="Create Dictionary" library="BuiltIn">
<doc>Creates and returns a dictionary based on the given ``items``.</doc>
<arguments>
<arg>Content-Type=application/x-www-form-urlencodezd</arg>
</arguments>
<assign>
<var>${header}</var>
</assign>
<msg timestamp="20200326 16:24:38.276" level="INFO">${header} = {'Content-Type': 'application/x-www-form-urlencodezd'}</msg>
<status status="PASS" starttime="20200326 16:24:38.274" endtime="20200326 16:24:38.276"></status>
</kw>
<kw name="Set To Dictionary" library="Collections">
<doc>Adds the given ``key_value_pairs`` and ``items`` to the ``dictionary``.</doc>
<arguments>
<arg>${header}</arg>
<arg>Authorization</arg>
<arg>Basic ${Client_authKey}</arg>
</arguments>
<status status="PASS" starttime="20200326 16:24:38.277" endtime="20200326 16:24:38.278"></status>
</kw>
<kw name="Create Dictionary" library="BuiltIn">
<doc>Creates and returns a dictionary based on the given ``items``.</doc>
<arguments>
<arg>grant_type=client_credentials</arg>
</arguments>
<assign>
<var>${Body}</var>
</assign>
<msg timestamp="20200326 16:24:38.280" level="INFO">${Body} = {'grant_type': 'client_credentials'}</msg>
<status status="PASS" starttime="20200326 16:24:38.279" endtime="20200326 16:24:38.280"></status>
</kw>
<kw name="Post Request" library="RequestsLibrary">
<doc>Send a POST request on the session object found using the
given `alias`</doc>
<arguments>
<arg>Session</arg>
<arg>/token</arg>
<arg>data=${Body}</arg>
<arg>headers=${header}</arg>
</arguments>
<assign>
<var>${response}</var>
</assign>
<msg timestamp="20200326 16:24:38.283" level="INFO">POST Request using : uri=/token, params=None, files=None, allow_redirects=True, timeout=None
headers={'User-Agent': 'python-requests/2.22.0', 'Accept-Encoding': 'gzip, deflate', 'Accept': '*/*', 'Connection': 'keep-alive', 'Content-Type': 'application/x-www-form-urlencodezd', 'Authorization': 'Basic MDAxOmthaWRlZVNlY3JldEtleVRlc3Q='} 
data=&lt;application/x-www-form-urlencodezd&gt; 
json=None</msg>
<msg timestamp="20200326 16:24:38.709" level="INFO">${response} = &lt;Response [415]&gt;</msg>
<status status="PASS" starttime="20200326 16:24:38.281" endtime="20200326 16:24:38.709"></status>
</kw>
<kw name="Should Be Equal As Strings" library="BuiltIn">
<doc>Fails if objects are unequal after converting them to strings.</doc>
<arguments>
<arg>${response.status_code}</arg>
<arg>200</arg>
</arguments>
<msg timestamp="20200326 16:24:38.709" level="INFO">Argument types are:
&lt;class 'int'&gt;
&lt;type 'unicode'&gt;</msg>
<msg timestamp="20200326 16:24:38.709" level="FAIL">415 != 200</msg>
<status status="FAIL" starttime="20200326 16:24:38.709" endtime="20200326 16:24:38.709"></status>
</kw>
<status status="FAIL" starttime="20200326 16:24:38.268" endtime="20200326 16:24:38.709"></status>
</kw>
<doc>Valid: To check API response when escrowCompanyID parameter is entered Valid and request is sent with mandatory fields</doc>
<status status="FAIL" starttime="20200326 16:24:38.262" endtime="20200326 16:24:38.709" critical="yes">415 != 200</status>
</test>
<test id="s1-t5" name="TC_10 Invalid EscrowCompanyID">
<kw name="GetToken Escrow" library="Get Token">
<assign>
<var>${TokenEscrow}</var>
</assign>
<kw name="Create Session" library="RequestsLibrary">
<doc>Create Session: create a HTTP session to a server</doc>
<arguments>
<arg>Session</arg>
<arg>${URLEscrowAuthUAT}</arg>
</arguments>
<msg timestamp="20200326 16:24:38.724" level="INFO">Creating Session using : alias=Session, url=http://172.31.2.28/escrow_core/api/v1/Authentication/oauth2, headers={},                     cookies={}, auth=None, timeout=None, proxies=None, verify=False,                     debug=0 </msg>
<status status="PASS" starttime="20200326 16:24:38.724" endtime="20200326 16:24:38.724"></status>
</kw>
<kw name="Create Dictionary" library="BuiltIn">
<doc>Creates and returns a dictionary based on the given ``items``.</doc>
<arguments>
<arg>Content-Type=application/x-www-form-urlencodezd</arg>
</arguments>
<assign>
<var>${header}</var>
</assign>
<msg timestamp="20200326 16:24:38.724" level="INFO">${header} = {'Content-Type': 'application/x-www-form-urlencodezd'}</msg>
<status status="PASS" starttime="20200326 16:24:38.724" endtime="20200326 16:24:38.724"></status>
</kw>
<kw name="Set To Dictionary" library="Collections">
<doc>Adds the given ``key_value_pairs`` and ``items`` to the ``dictionary``.</doc>
<arguments>
<arg>${header}</arg>
<arg>Authorization</arg>
<arg>Basic ${Client_authKey}</arg>
</arguments>
<status status="PASS" starttime="20200326 16:24:38.724" endtime="20200326 16:24:38.724"></status>
</kw>
<kw name="Create Dictionary" library="BuiltIn">
<doc>Creates and returns a dictionary based on the given ``items``.</doc>
<arguments>
<arg>grant_type=client_credentials</arg>
</arguments>
<assign>
<var>${Body}</var>
</assign>
<msg timestamp="20200326 16:24:38.724" level="INFO">${Body} = {'grant_type': 'client_credentials'}</msg>
<status status="PASS" starttime="20200326 16:24:38.724" endtime="20200326 16:24:38.724"></status>
</kw>
<kw name="Post Request" library="RequestsLibrary">
<doc>Send a POST request on the session object found using the
given `alias`</doc>
<arguments>
<arg>Session</arg>
<arg>/token</arg>
<arg>data=${Body}</arg>
<arg>headers=${header}</arg>
</arguments>
<assign>
<var>${response}</var>
</assign>
<msg timestamp="20200326 16:24:38.724" level="INFO">POST Request using : uri=/token, params=None, files=None, allow_redirects=True, timeout=None
headers={'User-Agent': 'python-requests/2.22.0', 'Accept-Encoding': 'gzip, deflate', 'Accept': '*/*', 'Connection': 'keep-alive', 'Content-Type': 'application/x-www-form-urlencodezd', 'Authorization': 'Basic MDAxOmthaWRlZVNlY3JldEtleVRlc3Q='} 
data=&lt;application/x-www-form-urlencodezd&gt; 
json=None</msg>
<msg timestamp="20200326 16:24:39.157" level="INFO">${response} = &lt;Response [415]&gt;</msg>
<status status="PASS" starttime="20200326 16:24:38.724" endtime="20200326 16:24:39.157"></status>
</kw>
<kw name="Should Be Equal As Strings" library="BuiltIn">
<doc>Fails if objects are unequal after converting them to strings.</doc>
<arguments>
<arg>${response.status_code}</arg>
<arg>200</arg>
</arguments>
<msg timestamp="20200326 16:24:39.164" level="INFO">Argument types are:
&lt;class 'int'&gt;
&lt;type 'unicode'&gt;</msg>
<msg timestamp="20200326 16:24:39.164" level="FAIL">415 != 200</msg>
<status status="FAIL" starttime="20200326 16:24:39.157" endtime="20200326 16:24:39.164"></status>
</kw>
<status status="FAIL" starttime="20200326 16:24:38.724" endtime="20200326 16:24:39.164"></status>
</kw>
<doc>Invalid: To check API response when escrowCompanyID parameter is entered Invalid and request is sent with mandatory fields(Except Company Id - 001 of company Kaidee.com)</doc>
<status status="FAIL" starttime="20200326 16:24:38.709" endtime="20200326 16:24:39.164" critical="yes">415 != 200</status>
</test>
<test id="s1-t6" name="TC_11 EscrowCompanyId entered more than size 3">
<kw name="GetToken Escrow" library="Get Token">
<assign>
<var>${TokenEscrow}</var>
</assign>
<kw name="Create Session" library="RequestsLibrary">
<doc>Create Session: create a HTTP session to a server</doc>
<arguments>
<arg>Session</arg>
<arg>${URLEscrowAuthUAT}</arg>
</arguments>
<msg timestamp="20200326 16:24:39.164" level="INFO">Creating Session using : alias=Session, url=http://172.31.2.28/escrow_core/api/v1/Authentication/oauth2, headers={},                     cookies={}, auth=None, timeout=None, proxies=None, verify=False,                     debug=0 </msg>
<status status="PASS" starttime="20200326 16:24:39.164" endtime="20200326 16:24:39.164"></status>
</kw>
<kw name="Create Dictionary" library="BuiltIn">
<doc>Creates and returns a dictionary based on the given ``items``.</doc>
<arguments>
<arg>Content-Type=application/x-www-form-urlencodezd</arg>
</arguments>
<assign>
<var>${header}</var>
</assign>
<msg timestamp="20200326 16:24:39.164" level="INFO">${header} = {'Content-Type': 'application/x-www-form-urlencodezd'}</msg>
<status status="PASS" starttime="20200326 16:24:39.164" endtime="20200326 16:24:39.164"></status>
</kw>
<kw name="Set To Dictionary" library="Collections">
<doc>Adds the given ``key_value_pairs`` and ``items`` to the ``dictionary``.</doc>
<arguments>
<arg>${header}</arg>
<arg>Authorization</arg>
<arg>Basic ${Client_authKey}</arg>
</arguments>
<status status="PASS" starttime="20200326 16:24:39.164" endtime="20200326 16:24:39.164"></status>
</kw>
<kw name="Create Dictionary" library="BuiltIn">
<doc>Creates and returns a dictionary based on the given ``items``.</doc>
<arguments>
<arg>grant_type=client_credentials</arg>
</arguments>
<assign>
<var>${Body}</var>
</assign>
<msg timestamp="20200326 16:24:39.179" level="INFO">${Body} = {'grant_type': 'client_credentials'}</msg>
<status status="PASS" starttime="20200326 16:24:39.179" endtime="20200326 16:24:39.179"></status>
</kw>
<kw name="Post Request" library="RequestsLibrary">
<doc>Send a POST request on the session object found using the
given `alias`</doc>
<arguments>
<arg>Session</arg>
<arg>/token</arg>
<arg>data=${Body}</arg>
<arg>headers=${header}</arg>
</arguments>
<assign>
<var>${response}</var>
</assign>
<msg timestamp="20200326 16:24:39.179" level="INFO">POST Request using : uri=/token, params=None, files=None, allow_redirects=True, timeout=None
headers={'User-Agent': 'python-requests/2.22.0', 'Accept-Encoding': 'gzip, deflate', 'Accept': '*/*', 'Connection': 'keep-alive', 'Content-Type': 'application/x-www-form-urlencodezd', 'Authorization': 'Basic MDAxOmthaWRlZVNlY3JldEtleVRlc3Q='} 
data=&lt;application/x-www-form-urlencodezd&gt; 
json=None</msg>
<msg timestamp="20200326 16:24:39.614" level="INFO">${response} = &lt;Response [415]&gt;</msg>
<status status="PASS" starttime="20200326 16:24:39.179" endtime="20200326 16:24:39.614"></status>
</kw>
<kw name="Should Be Equal As Strings" library="BuiltIn">
<doc>Fails if objects are unequal after converting them to strings.</doc>
<arguments>
<arg>${response.status_code}</arg>
<arg>200</arg>
</arguments>
<msg timestamp="20200326 16:24:39.616" level="INFO">Argument types are:
&lt;class 'int'&gt;
&lt;type 'unicode'&gt;</msg>
<msg timestamp="20200326 16:24:39.617" level="FAIL">415 != 200</msg>
<status status="FAIL" starttime="20200326 16:24:39.615" endtime="20200326 16:24:39.617"></status>
</kw>
<status status="FAIL" starttime="20200326 16:24:39.164" endtime="20200326 16:24:39.618"></status>
</kw>
<doc>Invalid : To verify response when escrowCompanyId parameter is entered more than size 3</doc>
<status status="FAIL" starttime="20200326 16:24:39.164" endtime="20200326 16:24:39.619" critical="yes">415 != 200</status>
</test>
<test id="s1-t7" name="TC_12 EscrowCompanyId less than size 3">
<kw name="GetToken Escrow" library="Get Token">
<assign>
<var>${TokenEscrow}</var>
</assign>
<kw name="Create Session" library="RequestsLibrary">
<doc>Create Session: create a HTTP session to a server</doc>
<arguments>
<arg>Session</arg>
<arg>${URLEscrowAuthUAT}</arg>
</arguments>
<msg timestamp="20200326 16:24:39.629" level="INFO">Creating Session using : alias=Session, url=http://172.31.2.28/escrow_core/api/v1/Authentication/oauth2, headers={},                     cookies={}, auth=None, timeout=None, proxies=None, verify=False,                     debug=0 </msg>
<status status="PASS" starttime="20200326 16:24:39.628" endtime="20200326 16:24:39.630"></status>
</kw>
<kw name="Create Dictionary" library="BuiltIn">
<doc>Creates and returns a dictionary based on the given ``items``.</doc>
<arguments>
<arg>Content-Type=application/x-www-form-urlencodezd</arg>
</arguments>
<assign>
<var>${header}</var>
</assign>
<msg timestamp="20200326 16:24:39.631" level="INFO">${header} = {'Content-Type': 'application/x-www-form-urlencodezd'}</msg>
<status status="PASS" starttime="20200326 16:24:39.630" endtime="20200326 16:24:39.632"></status>
</kw>
<kw name="Set To Dictionary" library="Collections">
<doc>Adds the given ``key_value_pairs`` and ``items`` to the ``dictionary``.</doc>
<arguments>
<arg>${header}</arg>
<arg>Authorization</arg>
<arg>Basic ${Client_authKey}</arg>
</arguments>
<status status="PASS" starttime="20200326 16:24:39.632" endtime="20200326 16:24:39.634"></status>
</kw>
<kw name="Create Dictionary" library="BuiltIn">
<doc>Creates and returns a dictionary based on the given ``items``.</doc>
<arguments>
<arg>grant_type=client_credentials</arg>
</arguments>
<assign>
<var>${Body}</var>
</assign>
<msg timestamp="20200326 16:24:39.635" level="INFO">${Body} = {'grant_type': 'client_credentials'}</msg>
<status status="PASS" starttime="20200326 16:24:39.634" endtime="20200326 16:24:39.635"></status>
</kw>
<kw name="Post Request" library="RequestsLibrary">
<doc>Send a POST request on the session object found using the
given `alias`</doc>
<arguments>
<arg>Session</arg>
<arg>/token</arg>
<arg>data=${Body}</arg>
<arg>headers=${header}</arg>
</arguments>
<assign>
<var>${response}</var>
</assign>
<msg timestamp="20200326 16:24:39.637" level="INFO">POST Request using : uri=/token, params=None, files=None, allow_redirects=True, timeout=None
headers={'User-Agent': 'python-requests/2.22.0', 'Accept-Encoding': 'gzip, deflate', 'Accept': '*/*', 'Connection': 'keep-alive', 'Content-Type': 'application/x-www-form-urlencodezd', 'Authorization': 'Basic MDAxOmthaWRlZVNlY3JldEtleVRlc3Q='} 
data=&lt;application/x-www-form-urlencodezd&gt; 
json=None</msg>
<msg timestamp="20200326 16:24:40.887" level="INFO">${response} = &lt;Response [415]&gt;</msg>
<status status="PASS" starttime="20200326 16:24:39.636" endtime="20200326 16:24:40.887"></status>
</kw>
<kw name="Should Be Equal As Strings" library="BuiltIn">
<doc>Fails if objects are unequal after converting them to strings.</doc>
<arguments>
<arg>${response.status_code}</arg>
<arg>200</arg>
</arguments>
<msg timestamp="20200326 16:24:40.889" level="INFO">Argument types are:
&lt;class 'int'&gt;
&lt;type 'unicode'&gt;</msg>
<msg timestamp="20200326 16:24:40.889" level="FAIL">415 != 200</msg>
<status status="FAIL" starttime="20200326 16:24:40.887" endtime="20200326 16:24:40.889"></status>
</kw>
<status status="FAIL" starttime="20200326 16:24:39.627" endtime="20200326 16:24:40.890"></status>
</kw>
<doc>Invalid : To verify response when escrowCompanyId parameter is entered less than size 3</doc>
<status status="FAIL" starttime="20200326 16:24:39.623" endtime="20200326 16:24:40.890" critical="yes">415 != 200</status>
</test>
<test id="s1-t8" name="TC_13 Empty sellerId">
<kw name="GetToken Escrow" library="Get Token">
<assign>
<var>${TokenEscrow}</var>
</assign>
<kw name="Create Session" library="RequestsLibrary">
<doc>Create Session: create a HTTP session to a server</doc>
<arguments>
<arg>Session</arg>
<arg>${URLEscrowAuthUAT}</arg>
</arguments>
<msg timestamp="20200326 16:24:40.900" level="INFO">Creating Session using : alias=Session, url=http://172.31.2.28/escrow_core/api/v1/Authentication/oauth2, headers={},                     cookies={}, auth=None, timeout=None, proxies=None, verify=False,                     debug=0 </msg>
<status status="PASS" starttime="20200326 16:24:40.899" endtime="20200326 16:24:40.901"></status>
</kw>
<kw name="Create Dictionary" library="BuiltIn">
<doc>Creates and returns a dictionary based on the given ``items``.</doc>
<arguments>
<arg>Content-Type=application/x-www-form-urlencodezd</arg>
</arguments>
<assign>
<var>${header}</var>
</assign>
<msg timestamp="20200326 16:24:40.903" level="INFO">${header} = {'Content-Type': 'application/x-www-form-urlencodezd'}</msg>
<status status="PASS" starttime="20200326 16:24:40.902" endtime="20200326 16:24:40.903"></status>
</kw>
<kw name="Set To Dictionary" library="Collections">
<doc>Adds the given ``key_value_pairs`` and ``items`` to the ``dictionary``.</doc>
<arguments>
<arg>${header}</arg>
<arg>Authorization</arg>
<arg>Basic ${Client_authKey}</arg>
</arguments>
<status status="PASS" starttime="20200326 16:24:40.903" endtime="20200326 16:24:40.905"></status>
</kw>
<kw name="Create Dictionary" library="BuiltIn">
<doc>Creates and returns a dictionary based on the given ``items``.</doc>
<arguments>
<arg>grant_type=client_credentials</arg>
</arguments>
<assign>
<var>${Body}</var>
</assign>
<msg timestamp="20200326 16:24:40.906" level="INFO">${Body} = {'grant_type': 'client_credentials'}</msg>
<status status="PASS" starttime="20200326 16:24:40.905" endtime="20200326 16:24:40.907"></status>
</kw>
<kw name="Post Request" library="RequestsLibrary">
<doc>Send a POST request on the session object found using the
given `alias`</doc>
<arguments>
<arg>Session</arg>
<arg>/token</arg>
<arg>data=${Body}</arg>
<arg>headers=${header}</arg>
</arguments>
<assign>
<var>${response}</var>
</assign>
<msg timestamp="20200326 16:24:40.909" level="INFO">POST Request using : uri=/token, params=None, files=None, allow_redirects=True, timeout=None
headers={'User-Agent': 'python-requests/2.22.0', 'Accept-Encoding': 'gzip, deflate', 'Accept': '*/*', 'Connection': 'keep-alive', 'Content-Type': 'application/x-www-form-urlencodezd', 'Authorization': 'Basic MDAxOmthaWRlZVNlY3JldEtleVRlc3Q='} 
data=&lt;application/x-www-form-urlencodezd&gt; 
json=None</msg>
<msg timestamp="20200326 16:24:41.370" level="INFO">${response} = &lt;Response [415]&gt;</msg>
<status status="PASS" starttime="20200326 16:24:40.907" endtime="20200326 16:24:41.371"></status>
</kw>
<kw name="Should Be Equal As Strings" library="BuiltIn">
<doc>Fails if objects are unequal after converting them to strings.</doc>
<arguments>
<arg>${response.status_code}</arg>
<arg>200</arg>
</arguments>
<msg timestamp="20200326 16:24:41.372" level="INFO">Argument types are:
&lt;class 'int'&gt;
&lt;type 'unicode'&gt;</msg>
<msg timestamp="20200326 16:24:41.374" level="FAIL">415 != 200</msg>
<status status="FAIL" starttime="20200326 16:24:41.371" endtime="20200326 16:24:41.374"></status>
</kw>
<status status="FAIL" starttime="20200326 16:24:40.898" endtime="20200326 16:24:41.374"></status>
</kw>
<doc>Empty : To check API response when sellerId parameter is entered empty and request is sent with mandatory fields</doc>
<status status="FAIL" starttime="20200326 16:24:40.895" endtime="20200326 16:24:41.376" critical="yes">415 != 200</status>
</test>
<test id="s1-t9" name="TC_14 SellerId entered Invalid">
<kw name="GetToken Escrow" library="Get Token">
<assign>
<var>${TokenEscrow}</var>
</assign>
<kw name="Create Session" library="RequestsLibrary">
<doc>Create Session: create a HTTP session to a server</doc>
<arguments>
<arg>Session</arg>
<arg>${URLEscrowAuthUAT}</arg>
</arguments>
<msg timestamp="20200326 16:24:41.385" level="INFO">Creating Session using : alias=Session, url=http://172.31.2.28/escrow_core/api/v1/Authentication/oauth2, headers={},                     cookies={}, auth=None, timeout=None, proxies=None, verify=False,                     debug=0 </msg>
<status status="PASS" starttime="20200326 16:24:41.384" endtime="20200326 16:24:41.386"></status>
</kw>
<kw name="Create Dictionary" library="BuiltIn">
<doc>Creates and returns a dictionary based on the given ``items``.</doc>
<arguments>
<arg>Content-Type=application/x-www-form-urlencodezd</arg>
</arguments>
<assign>
<var>${header}</var>
</assign>
<msg timestamp="20200326 16:24:41.387" level="INFO">${header} = {'Content-Type': 'application/x-www-form-urlencodezd'}</msg>
<status status="PASS" starttime="20200326 16:24:41.386" endtime="20200326 16:24:41.388"></status>
</kw>
<kw name="Set To Dictionary" library="Collections">
<doc>Adds the given ``key_value_pairs`` and ``items`` to the ``dictionary``.</doc>
<arguments>
<arg>${header}</arg>
<arg>Authorization</arg>
<arg>Basic ${Client_authKey}</arg>
</arguments>
<status status="PASS" starttime="20200326 16:24:41.388" endtime="20200326 16:24:41.389"></status>
</kw>
<kw name="Create Dictionary" library="BuiltIn">
<doc>Creates and returns a dictionary based on the given ``items``.</doc>
<arguments>
<arg>grant_type=client_credentials</arg>
</arguments>
<assign>
<var>${Body}</var>
</assign>
<msg timestamp="20200326 16:24:41.391" level="INFO">${Body} = {'grant_type': 'client_credentials'}</msg>
<status status="PASS" starttime="20200326 16:24:41.390" endtime="20200326 16:24:41.391"></status>
</kw>
<kw name="Post Request" library="RequestsLibrary">
<doc>Send a POST request on the session object found using the
given `alias`</doc>
<arguments>
<arg>Session</arg>
<arg>/token</arg>
<arg>data=${Body}</arg>
<arg>headers=${header}</arg>
</arguments>
<assign>
<var>${response}</var>
</assign>
<msg timestamp="20200326 16:24:41.393" level="INFO">POST Request using : uri=/token, params=None, files=None, allow_redirects=True, timeout=None
headers={'User-Agent': 'python-requests/2.22.0', 'Accept-Encoding': 'gzip, deflate', 'Accept': '*/*', 'Connection': 'keep-alive', 'Content-Type': 'application/x-www-form-urlencodezd', 'Authorization': 'Basic MDAxOmthaWRlZVNlY3JldEtleVRlc3Q='} 
data=&lt;application/x-www-form-urlencodezd&gt; 
json=None</msg>
<msg timestamp="20200326 16:24:41.821" level="INFO">${response} = &lt;Response [415]&gt;</msg>
<status status="PASS" starttime="20200326 16:24:41.392" endtime="20200326 16:24:41.821"></status>
</kw>
<kw name="Should Be Equal As Strings" library="BuiltIn">
<doc>Fails if objects are unequal after converting them to strings.</doc>
<arguments>
<arg>${response.status_code}</arg>
<arg>200</arg>
</arguments>
<msg timestamp="20200326 16:24:41.823" level="INFO">Argument types are:
&lt;class 'int'&gt;
&lt;type 'unicode'&gt;</msg>
<msg timestamp="20200326 16:24:41.823" level="FAIL">415 != 200</msg>
<status status="FAIL" starttime="20200326 16:24:41.822" endtime="20200326 16:24:41.824"></status>
</kw>
<status status="FAIL" starttime="20200326 16:24:41.383" endtime="20200326 16:24:41.824"></status>
</kw>
<doc>Invalid: To check API response when sellerId parameter is entered Invalid and request is sent with mandatory fields</doc>
<status status="FAIL" starttime="20200326 16:24:41.380" endtime="20200326 16:24:41.825" critical="yes">415 != 200</status>
</test>
<test id="s1-t10" name="TC_15 SellerId more than Size 36">
<kw name="GetToken Escrow" library="Get Token">
<assign>
<var>${TokenEscrow}</var>
</assign>
<kw name="Create Session" library="RequestsLibrary">
<doc>Create Session: create a HTTP session to a server</doc>
<arguments>
<arg>Session</arg>
<arg>${URLEscrowAuthUAT}</arg>
</arguments>
<msg timestamp="20200326 16:24:41.834" level="INFO">Creating Session using : alias=Session, url=http://172.31.2.28/escrow_core/api/v1/Authentication/oauth2, headers={},                     cookies={}, auth=None, timeout=None, proxies=None, verify=False,                     debug=0 </msg>
<status status="PASS" starttime="20200326 16:24:41.833" endtime="20200326 16:24:41.835"></status>
</kw>
<kw name="Create Dictionary" library="BuiltIn">
<doc>Creates and returns a dictionary based on the given ``items``.</doc>
<arguments>
<arg>Content-Type=application/x-www-form-urlencodezd</arg>
</arguments>
<assign>
<var>${header}</var>
</assign>
<msg timestamp="20200326 16:24:41.836" level="INFO">${header} = {'Content-Type': 'application/x-www-form-urlencodezd'}</msg>
<status status="PASS" starttime="20200326 16:24:41.836" endtime="20200326 16:24:41.837"></status>
</kw>
<kw name="Set To Dictionary" library="Collections">
<doc>Adds the given ``key_value_pairs`` and ``items`` to the ``dictionary``.</doc>
<arguments>
<arg>${header}</arg>
<arg>Authorization</arg>
<arg>Basic ${Client_authKey}</arg>
</arguments>
<status status="PASS" starttime="20200326 16:24:41.838" endtime="20200326 16:24:41.838"></status>
</kw>
<kw name="Create Dictionary" library="BuiltIn">
<doc>Creates and returns a dictionary based on the given ``items``.</doc>
<arguments>
<arg>grant_type=client_credentials</arg>
</arguments>
<assign>
<var>${Body}</var>
</assign>
<msg timestamp="20200326 16:24:41.840" level="INFO">${Body} = {'grant_type': 'client_credentials'}</msg>
<status status="PASS" starttime="20200326 16:24:41.839" endtime="20200326 16:24:41.840"></status>
</kw>
<kw name="Post Request" library="RequestsLibrary">
<doc>Send a POST request on the session object found using the
given `alias`</doc>
<arguments>
<arg>Session</arg>
<arg>/token</arg>
<arg>data=${Body}</arg>
<arg>headers=${header}</arg>
</arguments>
<assign>
<var>${response}</var>
</assign>
<msg timestamp="20200326 16:24:41.843" level="INFO">POST Request using : uri=/token, params=None, files=None, allow_redirects=True, timeout=None
headers={'User-Agent': 'python-requests/2.22.0', 'Accept-Encoding': 'gzip, deflate', 'Accept': '*/*', 'Connection': 'keep-alive', 'Content-Type': 'application/x-www-form-urlencodezd', 'Authorization': 'Basic MDAxOmthaWRlZVNlY3JldEtleVRlc3Q='} 
data=&lt;application/x-www-form-urlencodezd&gt; 
json=None</msg>
<msg timestamp="20200326 16:24:42.277" level="INFO">${response} = &lt;Response [415]&gt;</msg>
<status status="PASS" starttime="20200326 16:24:41.841" endtime="20200326 16:24:42.277"></status>
</kw>
<kw name="Should Be Equal As Strings" library="BuiltIn">
<doc>Fails if objects are unequal after converting them to strings.</doc>
<arguments>
<arg>${response.status_code}</arg>
<arg>200</arg>
</arguments>
<msg timestamp="20200326 16:24:42.280" level="INFO">Argument types are:
&lt;class 'int'&gt;
&lt;type 'unicode'&gt;</msg>
<msg timestamp="20200326 16:24:42.281" level="FAIL">415 != 200</msg>
<status status="FAIL" starttime="20200326 16:24:42.278" endtime="20200326 16:24:42.281"></status>
</kw>
<status status="FAIL" starttime="20200326 16:24:41.832" endtime="20200326 16:24:42.281"></status>
</kw>
<doc>Invalid: To check API response when sellerId parameter is entered more than Size 36 and request is sent with mandatory fields</doc>
<status status="FAIL" starttime="20200326 16:24:41.829" endtime="20200326 16:24:42.282" critical="yes">415 != 200</status>
</test>
<test id="s1-t11" name="TC_16 SellerId less than Size 36">
<kw name="GetToken Escrow" library="Get Token">
<assign>
<var>${TokenEscrow}</var>
</assign>
<kw name="Create Session" library="RequestsLibrary">
<doc>Create Session: create a HTTP session to a server</doc>
<arguments>
<arg>Session</arg>
<arg>${URLEscrowAuthUAT}</arg>
</arguments>
<msg timestamp="20200326 16:24:42.286" level="INFO">Creating Session using : alias=Session, url=http://172.31.2.28/escrow_core/api/v1/Authentication/oauth2, headers={},                     cookies={}, auth=None, timeout=None, proxies=None, verify=False,                     debug=0 </msg>
<status status="PASS" starttime="20200326 16:24:42.285" endtime="20200326 16:24:42.286"></status>
</kw>
<kw name="Create Dictionary" library="BuiltIn">
<doc>Creates and returns a dictionary based on the given ``items``.</doc>
<arguments>
<arg>Content-Type=application/x-www-form-urlencodezd</arg>
</arguments>
<assign>
<var>${header}</var>
</assign>
<msg timestamp="20200326 16:24:42.287" level="INFO">${header} = {'Content-Type': 'application/x-www-form-urlencodezd'}</msg>
<status status="PASS" starttime="20200326 16:24:42.286" endtime="20200326 16:24:42.287"></status>
</kw>
<kw name="Set To Dictionary" library="Collections">
<doc>Adds the given ``key_value_pairs`` and ``items`` to the ``dictionary``.</doc>
<arguments>
<arg>${header}</arg>
<arg>Authorization</arg>
<arg>Basic ${Client_authKey}</arg>
</arguments>
<status status="PASS" starttime="20200326 16:24:42.287" endtime="20200326 16:24:42.287"></status>
</kw>
<kw name="Create Dictionary" library="BuiltIn">
<doc>Creates and returns a dictionary based on the given ``items``.</doc>
<arguments>
<arg>grant_type=client_credentials</arg>
</arguments>
<assign>
<var>${Body}</var>
</assign>
<msg timestamp="20200326 16:24:42.288" level="INFO">${Body} = {'grant_type': 'client_credentials'}</msg>
<status status="PASS" starttime="20200326 16:24:42.287" endtime="20200326 16:24:42.288"></status>
</kw>
<kw name="Post Request" library="RequestsLibrary">
<doc>Send a POST request on the session object found using the
given `alias`</doc>
<arguments>
<arg>Session</arg>
<arg>/token</arg>
<arg>data=${Body}</arg>
<arg>headers=${header}</arg>
</arguments>
<assign>
<var>${response}</var>
</assign>
<msg timestamp="20200326 16:24:42.289" level="INFO">POST Request using : uri=/token, params=None, files=None, allow_redirects=True, timeout=None
headers={'User-Agent': 'python-requests/2.22.0', 'Accept-Encoding': 'gzip, deflate', 'Accept': '*/*', 'Connection': 'keep-alive', 'Content-Type': 'application/x-www-form-urlencodezd', 'Authorization': 'Basic MDAxOmthaWRlZVNlY3JldEtleVRlc3Q='} 
data=&lt;application/x-www-form-urlencodezd&gt; 
json=None</msg>
<msg timestamp="20200326 16:24:42.707" level="INFO">${response} = &lt;Response [415]&gt;</msg>
<status status="PASS" starttime="20200326 16:24:42.288" endtime="20200326 16:24:42.707"></status>
</kw>
<kw name="Should Be Equal As Strings" library="BuiltIn">
<doc>Fails if objects are unequal after converting them to strings.</doc>
<arguments>
<arg>${response.status_code}</arg>
<arg>200</arg>
</arguments>
<msg timestamp="20200326 16:24:42.709" level="INFO">Argument types are:
&lt;class 'int'&gt;
&lt;type 'unicode'&gt;</msg>
<msg timestamp="20200326 16:24:42.709" level="FAIL">415 != 200</msg>
<status status="FAIL" starttime="20200326 16:24:42.708" endtime="20200326 16:24:42.710"></status>
</kw>
<status status="FAIL" starttime="20200326 16:24:42.285" endtime="20200326 16:24:42.710"></status>
</kw>
<doc>Invalid: To check API response when sellerId parameter is entered less than Size 36 and request is sent with mandatory fields</doc>
<status status="FAIL" starttime="20200326 16:24:42.284" endtime="20200326 16:24:42.710" critical="yes">415 != 200</status>
</test>
<test id="s1-t12" name="TC_17 SellerId Active to Locked Status">
<kw name="GetToken Escrow" library="Get Token">
<assign>
<var>${TokenEscrow}</var>
</assign>
<kw name="Create Session" library="RequestsLibrary">
<doc>Create Session: create a HTTP session to a server</doc>
<arguments>
<arg>Session</arg>
<arg>${URLEscrowAuthUAT}</arg>
</arguments>
<msg timestamp="20200326 16:24:42.722" level="INFO">Creating Session using : alias=Session, url=http://172.31.2.28/escrow_core/api/v1/Authentication/oauth2, headers={},                     cookies={}, auth=None, timeout=None, proxies=None, verify=False,                     debug=0 </msg>
<status status="PASS" starttime="20200326 16:24:42.721" endtime="20200326 16:24:42.724"></status>
</kw>
<kw name="Create Dictionary" library="BuiltIn">
<doc>Creates and returns a dictionary based on the given ``items``.</doc>
<arguments>
<arg>Content-Type=application/x-www-form-urlencodezd</arg>
</arguments>
<assign>
<var>${header}</var>
</assign>
<msg timestamp="20200326 16:24:42.726" level="INFO">${header} = {'Content-Type': 'application/x-www-form-urlencodezd'}</msg>
<status status="PASS" starttime="20200326 16:24:42.725" endtime="20200326 16:24:42.727"></status>
</kw>
<kw name="Set To Dictionary" library="Collections">
<doc>Adds the given ``key_value_pairs`` and ``items`` to the ``dictionary``.</doc>
<arguments>
<arg>${header}</arg>
<arg>Authorization</arg>
<arg>Basic ${Client_authKey}</arg>
</arguments>
<status status="PASS" starttime="20200326 16:24:42.727" endtime="20200326 16:24:42.728"></status>
</kw>
<kw name="Create Dictionary" library="BuiltIn">
<doc>Creates and returns a dictionary based on the given ``items``.</doc>
<arguments>
<arg>grant_type=client_credentials</arg>
</arguments>
<assign>
<var>${Body}</var>
</assign>
<msg timestamp="20200326 16:24:42.729" level="INFO">${Body} = {'grant_type': 'client_credentials'}</msg>
<status status="PASS" starttime="20200326 16:24:42.728" endtime="20200326 16:24:42.729"></status>
</kw>
<kw name="Post Request" library="RequestsLibrary">
<doc>Send a POST request on the session object found using the
given `alias`</doc>
<arguments>
<arg>Session</arg>
<arg>/token</arg>
<arg>data=${Body}</arg>
<arg>headers=${header}</arg>
</arguments>
<assign>
<var>${response}</var>
</assign>
<msg timestamp="20200326 16:24:42.731" level="INFO">POST Request using : uri=/token, params=None, files=None, allow_redirects=True, timeout=None
headers={'User-Agent': 'python-requests/2.22.0', 'Accept-Encoding': 'gzip, deflate', 'Accept': '*/*', 'Connection': 'keep-alive', 'Content-Type': 'application/x-www-form-urlencodezd', 'Authorization': 'Basic MDAxOmthaWRlZVNlY3JldEtleVRlc3Q='} 
data=&lt;application/x-www-form-urlencodezd&gt; 
json=None</msg>
<msg timestamp="20200326 16:24:43.153" level="INFO">${response} = &lt;Response [415]&gt;</msg>
<status status="PASS" starttime="20200326 16:24:42.730" endtime="20200326 16:24:43.153"></status>
</kw>
<kw name="Should Be Equal As Strings" library="BuiltIn">
<doc>Fails if objects are unequal after converting them to strings.</doc>
<arguments>
<arg>${response.status_code}</arg>
<arg>200</arg>
</arguments>
<msg timestamp="20200326 16:24:43.155" level="INFO">Argument types are:
&lt;class 'int'&gt;
&lt;type 'unicode'&gt;</msg>
<msg timestamp="20200326 16:24:43.155" level="FAIL">415 != 200</msg>
<status status="FAIL" starttime="20200326 16:24:43.153" endtime="20200326 16:24:43.156"></status>
</kw>
<status status="FAIL" starttime="20200326 16:24:42.720" endtime="20200326 16:24:43.156"></status>
</kw>
<doc>Valid: To check API response when sellerId parameter is entered Valid which is active and request is sent for status Locked</doc>
<status status="FAIL" starttime="20200326 16:24:42.715" endtime="20200326 16:24:43.157" critical="yes">415 != 200</status>
</test>
<test id="s1-t13" name="TC_18 SellerId Active to Suspended Status">
<kw name="GetToken Escrow" library="Get Token">
<assign>
<var>${TokenEscrow}</var>
</assign>
<kw name="Create Session" library="RequestsLibrary">
<doc>Create Session: create a HTTP session to a server</doc>
<arguments>
<arg>Session</arg>
<arg>${URLEscrowAuthUAT}</arg>
</arguments>
<msg timestamp="20200326 16:24:43.168" level="INFO">Creating Session using : alias=Session, url=http://172.31.2.28/escrow_core/api/v1/Authentication/oauth2, headers={},                     cookies={}, auth=None, timeout=None, proxies=None, verify=False,                     debug=0 </msg>
<status status="PASS" starttime="20200326 16:24:43.167" endtime="20200326 16:24:43.169"></status>
</kw>
<kw name="Create Dictionary" library="BuiltIn">
<doc>Creates and returns a dictionary based on the given ``items``.</doc>
<arguments>
<arg>Content-Type=application/x-www-form-urlencodezd</arg>
</arguments>
<assign>
<var>${header}</var>
</assign>
<msg timestamp="20200326 16:24:43.170" level="INFO">${header} = {'Content-Type': 'application/x-www-form-urlencodezd'}</msg>
<status status="PASS" starttime="20200326 16:24:43.169" endtime="20200326 16:24:43.170"></status>
</kw>
<kw name="Set To Dictionary" library="Collections">
<doc>Adds the given ``key_value_pairs`` and ``items`` to the ``dictionary``.</doc>
<arguments>
<arg>${header}</arg>
<arg>Authorization</arg>
<arg>Basic ${Client_authKey}</arg>
</arguments>
<status status="PASS" starttime="20200326 16:24:43.171" endtime="20200326 16:24:43.171"></status>
</kw>
<kw name="Create Dictionary" library="BuiltIn">
<doc>Creates and returns a dictionary based on the given ``items``.</doc>
<arguments>
<arg>grant_type=client_credentials</arg>
</arguments>
<assign>
<var>${Body}</var>
</assign>
<msg timestamp="20200326 16:24:43.173" level="INFO">${Body} = {'grant_type': 'client_credentials'}</msg>
<status status="PASS" starttime="20200326 16:24:43.172" endtime="20200326 16:24:43.173"></status>
</kw>
<kw name="Post Request" library="RequestsLibrary">
<doc>Send a POST request on the session object found using the
given `alias`</doc>
<arguments>
<arg>Session</arg>
<arg>/token</arg>
<arg>data=${Body}</arg>
<arg>headers=${header}</arg>
</arguments>
<assign>
<var>${response}</var>
</assign>
<msg timestamp="20200326 16:24:43.174" level="INFO">POST Request using : uri=/token, params=None, files=None, allow_redirects=True, timeout=None
headers={'User-Agent': 'python-requests/2.22.0', 'Accept-Encoding': 'gzip, deflate', 'Accept': '*/*', 'Connection': 'keep-alive', 'Content-Type': 'application/x-www-form-urlencodezd', 'Authorization': 'Basic MDAxOmthaWRlZVNlY3JldEtleVRlc3Q='} 
data=&lt;application/x-www-form-urlencodezd&gt; 
json=None</msg>
<msg timestamp="20200326 16:24:43.641" level="INFO">${response} = &lt;Response [415]&gt;</msg>
<status status="PASS" starttime="20200326 16:24:43.173" endtime="20200326 16:24:43.641"></status>
</kw>
<kw name="Should Be Equal As Strings" library="BuiltIn">
<doc>Fails if objects are unequal after converting them to strings.</doc>
<arguments>
<arg>${response.status_code}</arg>
<arg>200</arg>
</arguments>
<msg timestamp="20200326 16:24:43.643" level="INFO">Argument types are:
&lt;class 'int'&gt;
&lt;type 'unicode'&gt;</msg>
<msg timestamp="20200326 16:24:43.644" level="FAIL">415 != 200</msg>
<status status="FAIL" starttime="20200326 16:24:43.642" endtime="20200326 16:24:43.644"></status>
</kw>
<status status="FAIL" starttime="20200326 16:24:43.165" endtime="20200326 16:24:43.645"></status>
</kw>
<doc>Valid: To check API response when sellerId parameter is entered Valid which is active and request is sent for status Suspended</doc>
<status status="FAIL" starttime="20200326 16:24:43.161" endtime="20200326 16:24:43.646" critical="yes">415 != 200</status>
</test>
<test id="s1-t14" name="TC_19 SellerId Active to Terminated Status">
<kw name="GetToken Escrow" library="Get Token">
<assign>
<var>${TokenEscrow}</var>
</assign>
<kw name="Create Session" library="RequestsLibrary">
<doc>Create Session: create a HTTP session to a server</doc>
<arguments>
<arg>Session</arg>
<arg>${URLEscrowAuthUAT}</arg>
</arguments>
<msg timestamp="20200326 16:24:43.657" level="INFO">Creating Session using : alias=Session, url=http://172.31.2.28/escrow_core/api/v1/Authentication/oauth2, headers={},                     cookies={}, auth=None, timeout=None, proxies=None, verify=False,                     debug=0 </msg>
<status status="PASS" starttime="20200326 16:24:43.656" endtime="20200326 16:24:43.658"></status>
</kw>
<kw name="Create Dictionary" library="BuiltIn">
<doc>Creates and returns a dictionary based on the given ``items``.</doc>
<arguments>
<arg>Content-Type=application/x-www-form-urlencodezd</arg>
</arguments>
<assign>
<var>${header}</var>
</assign>
<msg timestamp="20200326 16:24:43.660" level="INFO">${header} = {'Content-Type': 'application/x-www-form-urlencodezd'}</msg>
<status status="PASS" starttime="20200326 16:24:43.659" endtime="20200326 16:24:43.660"></status>
</kw>
<kw name="Set To Dictionary" library="Collections">
<doc>Adds the given ``key_value_pairs`` and ``items`` to the ``dictionary``.</doc>
<arguments>
<arg>${header}</arg>
<arg>Authorization</arg>
<arg>Basic ${Client_authKey}</arg>
</arguments>
<status status="PASS" starttime="20200326 16:24:43.660" endtime="20200326 16:24:43.661"></status>
</kw>
<kw name="Create Dictionary" library="BuiltIn">
<doc>Creates and returns a dictionary based on the given ``items``.</doc>
<arguments>
<arg>grant_type=client_credentials</arg>
</arguments>
<assign>
<var>${Body}</var>
</assign>
<msg timestamp="20200326 16:24:43.663" level="INFO">${Body} = {'grant_type': 'client_credentials'}</msg>
<status status="PASS" starttime="20200326 16:24:43.662" endtime="20200326 16:24:43.663"></status>
</kw>
<kw name="Post Request" library="RequestsLibrary">
<doc>Send a POST request on the session object found using the
given `alias`</doc>
<arguments>
<arg>Session</arg>
<arg>/token</arg>
<arg>data=${Body}</arg>
<arg>headers=${header}</arg>
</arguments>
<assign>
<var>${response}</var>
</assign>
<msg timestamp="20200326 16:24:43.667" level="INFO">POST Request using : uri=/token, params=None, files=None, allow_redirects=True, timeout=None
headers={'User-Agent': 'python-requests/2.22.0', 'Accept-Encoding': 'gzip, deflate', 'Accept': '*/*', 'Connection': 'keep-alive', 'Content-Type': 'application/x-www-form-urlencodezd', 'Authorization': 'Basic MDAxOmthaWRlZVNlY3JldEtleVRlc3Q='} 
data=&lt;application/x-www-form-urlencodezd&gt; 
json=None</msg>
<msg timestamp="20200326 16:24:51.730" level="INFO">${response} = &lt;Response [415]&gt;</msg>
<status status="PASS" starttime="20200326 16:24:43.664" endtime="20200326 16:24:51.731"></status>
</kw>
<kw name="Should Be Equal As Strings" library="BuiltIn">
<doc>Fails if objects are unequal after converting them to strings.</doc>
<arguments>
<arg>${response.status_code}</arg>
<arg>200</arg>
</arguments>
<msg timestamp="20200326 16:24:51.731" level="INFO">Argument types are:
&lt;class 'int'&gt;
&lt;type 'unicode'&gt;</msg>
<msg timestamp="20200326 16:24:51.732" level="FAIL">415 != 200</msg>
<status status="FAIL" starttime="20200326 16:24:51.731" endtime="20200326 16:24:51.732"></status>
</kw>
<status status="FAIL" starttime="20200326 16:24:43.655" endtime="20200326 16:24:51.732"></status>
</kw>
<doc>Valid: To check API response when sellerId parameter is entered Valid which is active and request is sent for status Terminated</doc>
<status status="FAIL" starttime="20200326 16:24:43.651" endtime="20200326 16:24:51.733" critical="yes">415 != 200</status>
</test>
<test id="s1-t15" name="TC_20 SellerId Locked to Active Status">
<kw name="GetToken Escrow" library="Get Token">
<assign>
<var>${TokenEscrow}</var>
</assign>
<kw name="Create Session" library="RequestsLibrary">
<doc>Create Session: create a HTTP session to a server</doc>
<arguments>
<arg>Session</arg>
<arg>${URLEscrowAuthUAT}</arg>
</arguments>
<msg timestamp="20200326 16:24:51.737" level="INFO">Creating Session using : alias=Session, url=http://172.31.2.28/escrow_core/api/v1/Authentication/oauth2, headers={},                     cookies={}, auth=None, timeout=None, proxies=None, verify=False,                     debug=0 </msg>
<status status="PASS" starttime="20200326 16:24:51.737" endtime="20200326 16:24:51.738"></status>
</kw>
<kw name="Create Dictionary" library="BuiltIn">
<doc>Creates and returns a dictionary based on the given ``items``.</doc>
<arguments>
<arg>Content-Type=application/x-www-form-urlencodezd</arg>
</arguments>
<assign>
<var>${header}</var>
</assign>
<msg timestamp="20200326 16:24:51.738" level="INFO">${header} = {'Content-Type': 'application/x-www-form-urlencodezd'}</msg>
<status status="PASS" starttime="20200326 16:24:51.738" endtime="20200326 16:24:51.738"></status>
</kw>
<kw name="Set To Dictionary" library="Collections">
<doc>Adds the given ``key_value_pairs`` and ``items`` to the ``dictionary``.</doc>
<arguments>
<arg>${header}</arg>
<arg>Authorization</arg>
<arg>Basic ${Client_authKey}</arg>
</arguments>
<status status="PASS" starttime="20200326 16:24:51.739" endtime="20200326 16:24:51.739"></status>
</kw>
<kw name="Create Dictionary" library="BuiltIn">
<doc>Creates and returns a dictionary based on the given ``items``.</doc>
<arguments>
<arg>grant_type=client_credentials</arg>
</arguments>
<assign>
<var>${Body}</var>
</assign>
<msg timestamp="20200326 16:24:51.740" level="INFO">${Body} = {'grant_type': 'client_credentials'}</msg>
<status status="PASS" starttime="20200326 16:24:51.739" endtime="20200326 16:24:51.740"></status>
</kw>
<kw name="Post Request" library="RequestsLibrary">
<doc>Send a POST request on the session object found using the
given `alias`</doc>
<arguments>
<arg>Session</arg>
<arg>/token</arg>
<arg>data=${Body}</arg>
<arg>headers=${header}</arg>
</arguments>
<assign>
<var>${response}</var>
</assign>
<msg timestamp="20200326 16:24:51.741" level="INFO">POST Request using : uri=/token, params=None, files=None, allow_redirects=True, timeout=None
headers={'User-Agent': 'python-requests/2.22.0', 'Accept-Encoding': 'gzip, deflate', 'Accept': '*/*', 'Connection': 'keep-alive', 'Content-Type': 'application/x-www-form-urlencodezd', 'Authorization': 'Basic MDAxOmthaWRlZVNlY3JldEtleVRlc3Q='} 
data=&lt;application/x-www-form-urlencodezd&gt; 
json=None</msg>
<msg timestamp="20200326 16:24:52.168" level="INFO">${response} = &lt;Response [415]&gt;</msg>
<status status="PASS" starttime="20200326 16:24:51.740" endtime="20200326 16:24:52.168"></status>
</kw>
<kw name="Should Be Equal As Strings" library="BuiltIn">
<doc>Fails if objects are unequal after converting them to strings.</doc>
<arguments>
<arg>${response.status_code}</arg>
<arg>200</arg>
</arguments>
<msg timestamp="20200326 16:24:52.169" level="INFO">Argument types are:
&lt;class 'int'&gt;
&lt;type 'unicode'&gt;</msg>
<msg timestamp="20200326 16:24:52.169" level="FAIL">415 != 200</msg>
<status status="FAIL" starttime="20200326 16:24:52.168" endtime="20200326 16:24:52.169"></status>
</kw>
<status status="FAIL" starttime="20200326 16:24:51.736" endtime="20200326 16:24:52.169"></status>
</kw>
<doc>Valid: To check API response when sellerId parameter is entered Valid which is Locked and request is sent for status Active</doc>
<status status="FAIL" starttime="20200326 16:24:51.735" endtime="20200326 16:24:52.169" critical="yes">415 != 200</status>
</test>
<test id="s1-t16" name="TC_21 SellerId Locked to Terminated">
<kw name="GetToken Escrow" library="Get Token">
<assign>
<var>${TokenEscrow}</var>
</assign>
<kw name="Create Session" library="RequestsLibrary">
<doc>Create Session: create a HTTP session to a server</doc>
<arguments>
<arg>Session</arg>
<arg>${URLEscrowAuthUAT}</arg>
</arguments>
<msg timestamp="20200326 16:24:52.173" level="INFO">Creating Session using : alias=Session, url=http://172.31.2.28/escrow_core/api/v1/Authentication/oauth2, headers={},                     cookies={}, auth=None, timeout=None, proxies=None, verify=False,                     debug=0 </msg>
<status status="PASS" starttime="20200326 16:24:52.173" endtime="20200326 16:24:52.174"></status>
</kw>
<kw name="Create Dictionary" library="BuiltIn">
<doc>Creates and returns a dictionary based on the given ``items``.</doc>
<arguments>
<arg>Content-Type=application/x-www-form-urlencodezd</arg>
</arguments>
<assign>
<var>${header}</var>
</assign>
<msg timestamp="20200326 16:24:52.175" level="INFO">${header} = {'Content-Type': 'application/x-www-form-urlencodezd'}</msg>
<status status="PASS" starttime="20200326 16:24:52.175" endtime="20200326 16:24:52.175"></status>
</kw>
<kw name="Set To Dictionary" library="Collections">
<doc>Adds the given ``key_value_pairs`` and ``items`` to the ``dictionary``.</doc>
<arguments>
<arg>${header}</arg>
<arg>Authorization</arg>
<arg>Basic ${Client_authKey}</arg>
</arguments>
<status status="PASS" starttime="20200326 16:24:52.175" endtime="20200326 16:24:52.176"></status>
</kw>
<kw name="Create Dictionary" library="BuiltIn">
<doc>Creates and returns a dictionary based on the given ``items``.</doc>
<arguments>
<arg>grant_type=client_credentials</arg>
</arguments>
<assign>
<var>${Body}</var>
</assign>
<msg timestamp="20200326 16:24:52.176" level="INFO">${Body} = {'grant_type': 'client_credentials'}</msg>
<status status="PASS" starttime="20200326 16:24:52.176" endtime="20200326 16:24:52.176"></status>
</kw>
<kw name="Post Request" library="RequestsLibrary">
<doc>Send a POST request on the session object found using the
given `alias`</doc>
<arguments>
<arg>Session</arg>
<arg>/token</arg>
<arg>data=${Body}</arg>
<arg>headers=${header}</arg>
</arguments>
<assign>
<var>${response}</var>
</assign>
<msg timestamp="20200326 16:24:52.177" level="INFO">POST Request using : uri=/token, params=None, files=None, allow_redirects=True, timeout=None
headers={'User-Agent': 'python-requests/2.22.0', 'Accept-Encoding': 'gzip, deflate', 'Accept': '*/*', 'Connection': 'keep-alive', 'Content-Type': 'application/x-www-form-urlencodezd', 'Authorization': 'Basic MDAxOmthaWRlZVNlY3JldEtleVRlc3Q='} 
data=&lt;application/x-www-form-urlencodezd&gt; 
json=None</msg>
<msg timestamp="20200326 16:24:53.106" level="INFO">${response} = &lt;Response [415]&gt;</msg>
<status status="PASS" starttime="20200326 16:24:52.177" endtime="20200326 16:24:53.106"></status>
</kw>
<kw name="Should Be Equal As Strings" library="BuiltIn">
<doc>Fails if objects are unequal after converting them to strings.</doc>
<arguments>
<arg>${response.status_code}</arg>
<arg>200</arg>
</arguments>
<msg timestamp="20200326 16:24:53.108" level="INFO">Argument types are:
&lt;class 'int'&gt;
&lt;type 'unicode'&gt;</msg>
<msg timestamp="20200326 16:24:53.108" level="FAIL">415 != 200</msg>
<status status="FAIL" starttime="20200326 16:24:53.107" endtime="20200326 16:24:53.109"></status>
</kw>
<status status="FAIL" starttime="20200326 16:24:52.172" endtime="20200326 16:24:53.109"></status>
</kw>
<doc>Valid: To check API response when sellerId parameter is entered Valid which is Locked and request is sent for status Terminated</doc>
<tags>
<tag>thisone</tag>
</tags>
<status status="FAIL" starttime="20200326 16:24:52.171" endtime="20200326 16:24:53.111" critical="yes">415 != 200</status>
</test>
<test id="s1-t17" name="TC_22 SellerId Locked to Suspended">
<kw name="GetToken Escrow" library="Get Token">
<assign>
<var>${TokenEscrow}</var>
</assign>
<kw name="Create Session" library="RequestsLibrary">
<doc>Create Session: create a HTTP session to a server</doc>
<arguments>
<arg>Session</arg>
<arg>${URLEscrowAuthUAT}</arg>
</arguments>
<msg timestamp="20200326 16:24:53.117" level="INFO">Creating Session using : alias=Session, url=http://172.31.2.28/escrow_core/api/v1/Authentication/oauth2, headers={},                     cookies={}, auth=None, timeout=None, proxies=None, verify=False,                     debug=0 </msg>
<status status="PASS" starttime="20200326 16:24:53.117" endtime="20200326 16:24:53.117"></status>
</kw>
<kw name="Create Dictionary" library="BuiltIn">
<doc>Creates and returns a dictionary based on the given ``items``.</doc>
<arguments>
<arg>Content-Type=application/x-www-form-urlencodezd</arg>
</arguments>
<assign>
<var>${header}</var>
</assign>
<msg timestamp="20200326 16:24:53.118" level="INFO">${header} = {'Content-Type': 'application/x-www-form-urlencodezd'}</msg>
<status status="PASS" starttime="20200326 16:24:53.118" endtime="20200326 16:24:53.118"></status>
</kw>
<kw name="Set To Dictionary" library="Collections">
<doc>Adds the given ``key_value_pairs`` and ``items`` to the ``dictionary``.</doc>
<arguments>
<arg>${header}</arg>
<arg>Authorization</arg>
<arg>Basic ${Client_authKey}</arg>
</arguments>
<status status="PASS" starttime="20200326 16:24:53.119" endtime="20200326 16:24:53.119"></status>
</kw>
<kw name="Create Dictionary" library="BuiltIn">
<doc>Creates and returns a dictionary based on the given ``items``.</doc>
<arguments>
<arg>grant_type=client_credentials</arg>
</arguments>
<assign>
<var>${Body}</var>
</assign>
<msg timestamp="20200326 16:24:53.120" level="INFO">${Body} = {'grant_type': 'client_credentials'}</msg>
<status status="PASS" starttime="20200326 16:24:53.119" endtime="20200326 16:24:53.120"></status>
</kw>
<kw name="Post Request" library="RequestsLibrary">
<doc>Send a POST request on the session object found using the
given `alias`</doc>
<arguments>
<arg>Session</arg>
<arg>/token</arg>
<arg>data=${Body}</arg>
<arg>headers=${header}</arg>
</arguments>
<assign>
<var>${response}</var>
</assign>
<msg timestamp="20200326 16:24:53.121" level="INFO">POST Request using : uri=/token, params=None, files=None, allow_redirects=True, timeout=None
headers={'User-Agent': 'python-requests/2.22.0', 'Accept-Encoding': 'gzip, deflate', 'Accept': '*/*', 'Connection': 'keep-alive', 'Content-Type': 'application/x-www-form-urlencodezd', 'Authorization': 'Basic MDAxOmthaWRlZVNlY3JldEtleVRlc3Q='} 
data=&lt;application/x-www-form-urlencodezd&gt; 
json=None</msg>
<msg timestamp="20200326 16:24:54.307" level="INFO">${response} = &lt;Response [415]&gt;</msg>
<status status="PASS" starttime="20200326 16:24:53.120" endtime="20200326 16:24:54.307"></status>
</kw>
<kw name="Should Be Equal As Strings" library="BuiltIn">
<doc>Fails if objects are unequal after converting them to strings.</doc>
<arguments>
<arg>${response.status_code}</arg>
<arg>200</arg>
</arguments>
<msg timestamp="20200326 16:24:54.307" level="INFO">Argument types are:
&lt;class 'int'&gt;
&lt;type 'unicode'&gt;</msg>
<msg timestamp="20200326 16:24:54.308" level="FAIL">415 != 200</msg>
<status status="FAIL" starttime="20200326 16:24:54.307" endtime="20200326 16:24:54.308"></status>
</kw>
<status status="FAIL" starttime="20200326 16:24:53.116" endtime="20200326 16:24:54.308"></status>
</kw>
<doc>Valid: To check API response when sellerId parameter is entered Valid which is Locked and request is sent for status Suspended</doc>
<tags>
<tag>thisone</tag>
</tags>
<status status="FAIL" starttime="20200326 16:24:53.114" endtime="20200326 16:24:54.308" critical="yes">415 != 200</status>
</test>
<test id="s1-t18" name="TC_23 SellerId Suspended to Locked">
<kw name="GetToken Escrow" library="Get Token">
<assign>
<var>${TokenEscrow}</var>
</assign>
<kw name="Create Session" library="RequestsLibrary">
<doc>Create Session: create a HTTP session to a server</doc>
<arguments>
<arg>Session</arg>
<arg>${URLEscrowAuthUAT}</arg>
</arguments>
<msg timestamp="20200326 16:24:54.311" level="INFO">Creating Session using : alias=Session, url=http://172.31.2.28/escrow_core/api/v1/Authentication/oauth2, headers={},                     cookies={}, auth=None, timeout=None, proxies=None, verify=False,                     debug=0 </msg>
<status status="PASS" starttime="20200326 16:24:54.311" endtime="20200326 16:24:54.312"></status>
</kw>
<kw name="Create Dictionary" library="BuiltIn">
<doc>Creates and returns a dictionary based on the given ``items``.</doc>
<arguments>
<arg>Content-Type=application/x-www-form-urlencodezd</arg>
</arguments>
<assign>
<var>${header}</var>
</assign>
<msg timestamp="20200326 16:24:54.313" level="INFO">${header} = {'Content-Type': 'application/x-www-form-urlencodezd'}</msg>
<status status="PASS" starttime="20200326 16:24:54.312" endtime="20200326 16:24:54.313"></status>
</kw>
<kw name="Set To Dictionary" library="Collections">
<doc>Adds the given ``key_value_pairs`` and ``items`` to the ``dictionary``.</doc>
<arguments>
<arg>${header}</arg>
<arg>Authorization</arg>
<arg>Basic ${Client_authKey}</arg>
</arguments>
<status status="PASS" starttime="20200326 16:24:54.314" endtime="20200326 16:24:54.314"></status>
</kw>
<kw name="Create Dictionary" library="BuiltIn">
<doc>Creates and returns a dictionary based on the given ``items``.</doc>
<arguments>
<arg>grant_type=client_credentials</arg>
</arguments>
<assign>
<var>${Body}</var>
</assign>
<msg timestamp="20200326 16:24:54.315" level="INFO">${Body} = {'grant_type': 'client_credentials'}</msg>
<status status="PASS" starttime="20200326 16:24:54.315" endtime="20200326 16:24:54.315"></status>
</kw>
<kw name="Post Request" library="RequestsLibrary">
<doc>Send a POST request on the session object found using the
given `alias`</doc>
<arguments>
<arg>Session</arg>
<arg>/token</arg>
<arg>data=${Body}</arg>
<arg>headers=${header}</arg>
</arguments>
<assign>
<var>${response}</var>
</assign>
<msg timestamp="20200326 16:24:54.316" level="INFO">POST Request using : uri=/token, params=None, files=None, allow_redirects=True, timeout=None
headers={'User-Agent': 'python-requests/2.22.0', 'Accept-Encoding': 'gzip, deflate', 'Accept': '*/*', 'Connection': 'keep-alive', 'Content-Type': 'application/x-www-form-urlencodezd', 'Authorization': 'Basic MDAxOmthaWRlZVNlY3JldEtleVRlc3Q='} 
data=&lt;application/x-www-form-urlencodezd&gt; 
json=None</msg>
<msg timestamp="20200326 16:24:54.782" level="INFO">${response} = &lt;Response [415]&gt;</msg>
<status status="PASS" starttime="20200326 16:24:54.315" endtime="20200326 16:24:54.782"></status>
</kw>
<kw name="Should Be Equal As Strings" library="BuiltIn">
<doc>Fails if objects are unequal after converting them to strings.</doc>
<arguments>
<arg>${response.status_code}</arg>
<arg>200</arg>
</arguments>
<msg timestamp="20200326 16:24:54.783" level="INFO">Argument types are:
&lt;class 'int'&gt;
&lt;type 'unicode'&gt;</msg>
<msg timestamp="20200326 16:24:54.783" level="FAIL">415 != 200</msg>
<status status="FAIL" starttime="20200326 16:24:54.782" endtime="20200326 16:24:54.783"></status>
</kw>
<status status="FAIL" starttime="20200326 16:24:54.310" endtime="20200326 16:24:54.784"></status>
</kw>
<doc>Valid: To check API response when sellerId parameter is entered Valid which is suspended and request is sent for status Locked</doc>
<tags>
<tag>thisone</tag>
</tags>
<status status="FAIL" starttime="20200326 16:24:54.309" endtime="20200326 16:24:54.784" critical="yes">415 != 200</status>
</test>
<test id="s1-t19" name="TC_24 SellerId Suspended to Activeed">
<kw name="GetToken Escrow" library="Get Token">
<assign>
<var>${TokenEscrow}</var>
</assign>
<kw name="Create Session" library="RequestsLibrary">
<doc>Create Session: create a HTTP session to a server</doc>
<arguments>
<arg>Session</arg>
<arg>${URLEscrowAuthUAT}</arg>
</arguments>
<msg timestamp="20200326 16:24:54.790" level="INFO">Creating Session using : alias=Session, url=http://172.31.2.28/escrow_core/api/v1/Authentication/oauth2, headers={},                     cookies={}, auth=None, timeout=None, proxies=None, verify=False,                     debug=0 </msg>
<status status="PASS" starttime="20200326 16:24:54.789" endtime="20200326 16:24:54.790"></status>
</kw>
<kw name="Create Dictionary" library="BuiltIn">
<doc>Creates and returns a dictionary based on the given ``items``.</doc>
<arguments>
<arg>Content-Type=application/x-www-form-urlencodezd</arg>
</arguments>
<assign>
<var>${header}</var>
</assign>
<msg timestamp="20200326 16:24:54.791" level="INFO">${header} = {'Content-Type': 'application/x-www-form-urlencodezd'}</msg>
<status status="PASS" starttime="20200326 16:24:54.791" endtime="20200326 16:24:54.791"></status>
</kw>
<kw name="Set To Dictionary" library="Collections">
<doc>Adds the given ``key_value_pairs`` and ``items`` to the ``dictionary``.</doc>
<arguments>
<arg>${header}</arg>
<arg>Authorization</arg>
<arg>Basic ${Client_authKey}</arg>
</arguments>
<status status="PASS" starttime="20200326 16:24:54.792" endtime="20200326 16:24:54.792"></status>
</kw>
<kw name="Create Dictionary" library="BuiltIn">
<doc>Creates and returns a dictionary based on the given ``items``.</doc>
<arguments>
<arg>grant_type=client_credentials</arg>
</arguments>
<assign>
<var>${Body}</var>
</assign>
<msg timestamp="20200326 16:24:54.793" level="INFO">${Body} = {'grant_type': 'client_credentials'}</msg>
<status status="PASS" starttime="20200326 16:24:54.792" endtime="20200326 16:24:54.793"></status>
</kw>
<kw name="Post Request" library="RequestsLibrary">
<doc>Send a POST request on the session object found using the
given `alias`</doc>
<arguments>
<arg>Session</arg>
<arg>/token</arg>
<arg>data=${Body}</arg>
<arg>headers=${header}</arg>
</arguments>
<assign>
<var>${response}</var>
</assign>
<msg timestamp="20200326 16:24:54.794" level="INFO">POST Request using : uri=/token, params=None, files=None, allow_redirects=True, timeout=None
headers={'User-Agent': 'python-requests/2.22.0', 'Accept-Encoding': 'gzip, deflate', 'Accept': '*/*', 'Connection': 'keep-alive', 'Content-Type': 'application/x-www-form-urlencodezd', 'Authorization': 'Basic MDAxOmthaWRlZVNlY3JldEtleVRlc3Q='} 
data=&lt;application/x-www-form-urlencodezd&gt; 
json=None</msg>
<msg timestamp="20200326 16:24:55.780" level="INFO">${response} = &lt;Response [415]&gt;</msg>
<status status="PASS" starttime="20200326 16:24:54.793" endtime="20200326 16:24:55.780"></status>
</kw>
<kw name="Should Be Equal As Strings" library="BuiltIn">
<doc>Fails if objects are unequal after converting them to strings.</doc>
<arguments>
<arg>${response.status_code}</arg>
<arg>200</arg>
</arguments>
<msg timestamp="20200326 16:24:55.782" level="INFO">Argument types are:
&lt;class 'int'&gt;
&lt;type 'unicode'&gt;</msg>
<msg timestamp="20200326 16:24:55.783" level="FAIL">415 != 200</msg>
<status status="FAIL" starttime="20200326 16:24:55.781" endtime="20200326 16:24:55.783"></status>
</kw>
<status status="FAIL" starttime="20200326 16:24:54.789" endtime="20200326 16:24:55.783"></status>
</kw>
<doc>Valid: To check API response when sellerId parameter is entered Valid which is suspended and request is sent for status Active</doc>
<tags>
<tag>thisone</tag>
</tags>
<status status="FAIL" starttime="20200326 16:24:54.787" endtime="20200326 16:24:55.785" critical="yes">415 != 200</status>
</test>
<test id="s1-t20" name="TC_25 SellerId Terminated to Active Status">
<kw name="GetToken Escrow" library="Get Token">
<assign>
<var>${TokenEscrow}</var>
</assign>
<kw name="Create Session" library="RequestsLibrary">
<doc>Create Session: create a HTTP session to a server</doc>
<arguments>
<arg>Session</arg>
<arg>${URLEscrowAuthUAT}</arg>
</arguments>
<msg timestamp="20200326 16:24:55.795" level="INFO">Creating Session using : alias=Session, url=http://172.31.2.28/escrow_core/api/v1/Authentication/oauth2, headers={},                     cookies={}, auth=None, timeout=None, proxies=None, verify=False,                     debug=0 </msg>
<status status="PASS" starttime="20200326 16:24:55.794" endtime="20200326 16:24:55.797"></status>
</kw>
<kw name="Create Dictionary" library="BuiltIn">
<doc>Creates and returns a dictionary based on the given ``items``.</doc>
<arguments>
<arg>Content-Type=application/x-www-form-urlencodezd</arg>
</arguments>
<assign>
<var>${header}</var>
</assign>
<msg timestamp="20200326 16:24:55.799" level="INFO">${header} = {'Content-Type': 'application/x-www-form-urlencodezd'}</msg>
<status status="PASS" starttime="20200326 16:24:55.797" endtime="20200326 16:24:55.799"></status>
</kw>
<kw name="Set To Dictionary" library="Collections">
<doc>Adds the given ``key_value_pairs`` and ``items`` to the ``dictionary``.</doc>
<arguments>
<arg>${header}</arg>
<arg>Authorization</arg>
<arg>Basic ${Client_authKey}</arg>
</arguments>
<status status="PASS" starttime="20200326 16:24:55.800" endtime="20200326 16:24:55.801"></status>
</kw>
<kw name="Create Dictionary" library="BuiltIn">
<doc>Creates and returns a dictionary based on the given ``items``.</doc>
<arguments>
<arg>grant_type=client_credentials</arg>
</arguments>
<assign>
<var>${Body}</var>
</assign>
<msg timestamp="20200326 16:24:55.803" level="INFO">${Body} = {'grant_type': 'client_credentials'}</msg>
<status status="PASS" starttime="20200326 16:24:55.802" endtime="20200326 16:24:55.803"></status>
</kw>
<kw name="Post Request" library="RequestsLibrary">
<doc>Send a POST request on the session object found using the
given `alias`</doc>
<arguments>
<arg>Session</arg>
<arg>/token</arg>
<arg>data=${Body}</arg>
<arg>headers=${header}</arg>
</arguments>
<assign>
<var>${response}</var>
</assign>
<msg timestamp="20200326 16:24:55.805" level="INFO">POST Request using : uri=/token, params=None, files=None, allow_redirects=True, timeout=None
headers={'User-Agent': 'python-requests/2.22.0', 'Accept-Encoding': 'gzip, deflate', 'Accept': '*/*', 'Connection': 'keep-alive', 'Content-Type': 'application/x-www-form-urlencodezd', 'Authorization': 'Basic MDAxOmthaWRlZVNlY3JldEtleVRlc3Q='} 
data=&lt;application/x-www-form-urlencodezd&gt; 
json=None</msg>
<msg timestamp="20200326 16:24:56.231" level="INFO">${response} = &lt;Response [415]&gt;</msg>
<status status="PASS" starttime="20200326 16:24:55.803" endtime="20200326 16:24:56.232"></status>
</kw>
<kw name="Should Be Equal As Strings" library="BuiltIn">
<doc>Fails if objects are unequal after converting them to strings.</doc>
<arguments>
<arg>${response.status_code}</arg>
<arg>200</arg>
</arguments>
<msg timestamp="20200326 16:24:56.232" level="INFO">Argument types are:
&lt;class 'int'&gt;
&lt;type 'unicode'&gt;</msg>
<msg timestamp="20200326 16:24:56.233" level="FAIL">415 != 200</msg>
<status status="FAIL" starttime="20200326 16:24:56.232" endtime="20200326 16:24:56.233"></status>
</kw>
<status status="FAIL" starttime="20200326 16:24:55.792" endtime="20200326 16:24:56.233"></status>
</kw>
<doc>Valid: To check API response when sellerId parameter is entered Valid which is Locked and request is sent for status Active</doc>
<status status="FAIL" starttime="20200326 16:24:55.789" endtime="20200326 16:24:56.234" critical="yes">415 != 200</status>
</test>
<test id="s1-t21" name="TC_26 SellerId Terminated to Locked Status">
<kw name="GetToken Escrow" library="Get Token">
<assign>
<var>${TokenEscrow}</var>
</assign>
<kw name="Create Session" library="RequestsLibrary">
<doc>Create Session: create a HTTP session to a server</doc>
<arguments>
<arg>Session</arg>
<arg>${URLEscrowAuthUAT}</arg>
</arguments>
<msg timestamp="20200326 16:24:56.239" level="INFO">Creating Session using : alias=Session, url=http://172.31.2.28/escrow_core/api/v1/Authentication/oauth2, headers={},                     cookies={}, auth=None, timeout=None, proxies=None, verify=False,                     debug=0 </msg>
<status status="PASS" starttime="20200326 16:24:56.239" endtime="20200326 16:24:56.240"></status>
</kw>
<kw name="Create Dictionary" library="BuiltIn">
<doc>Creates and returns a dictionary based on the given ``items``.</doc>
<arguments>
<arg>Content-Type=application/x-www-form-urlencodezd</arg>
</arguments>
<assign>
<var>${header}</var>
</assign>
<msg timestamp="20200326 16:24:56.240" level="INFO">${header} = {'Content-Type': 'application/x-www-form-urlencodezd'}</msg>
<status status="PASS" starttime="20200326 16:24:56.240" endtime="20200326 16:24:56.240"></status>
</kw>
<kw name="Set To Dictionary" library="Collections">
<doc>Adds the given ``key_value_pairs`` and ``items`` to the ``dictionary``.</doc>
<arguments>
<arg>${header}</arg>
<arg>Authorization</arg>
<arg>Basic ${Client_authKey}</arg>
</arguments>
<status status="PASS" starttime="20200326 16:24:56.241" endtime="20200326 16:24:56.241"></status>
</kw>
<kw name="Create Dictionary" library="BuiltIn">
<doc>Creates and returns a dictionary based on the given ``items``.</doc>
<arguments>
<arg>grant_type=client_credentials</arg>
</arguments>
<assign>
<var>${Body}</var>
</assign>
<msg timestamp="20200326 16:24:56.242" level="INFO">${Body} = {'grant_type': 'client_credentials'}</msg>
<status status="PASS" starttime="20200326 16:24:56.241" endtime="20200326 16:24:56.242"></status>
</kw>
<kw name="Post Request" library="RequestsLibrary">
<doc>Send a POST request on the session object found using the
given `alias`</doc>
<arguments>
<arg>Session</arg>
<arg>/token</arg>
<arg>data=${Body}</arg>
<arg>headers=${header}</arg>
</arguments>
<assign>
<var>${response}</var>
</assign>
<msg timestamp="20200326 16:24:56.243" level="INFO">POST Request using : uri=/token, params=None, files=None, allow_redirects=True, timeout=None
headers={'User-Agent': 'python-requests/2.22.0', 'Accept-Encoding': 'gzip, deflate', 'Accept': '*/*', 'Connection': 'keep-alive', 'Content-Type': 'application/x-www-form-urlencodezd', 'Authorization': 'Basic MDAxOmthaWRlZVNlY3JldEtleVRlc3Q='} 
data=&lt;application/x-www-form-urlencodezd&gt; 
json=None</msg>
<msg timestamp="20200326 16:24:59.683" level="INFO">${response} = &lt;Response [415]&gt;</msg>
<status status="PASS" starttime="20200326 16:24:56.242" endtime="20200326 16:24:59.683"></status>
</kw>
<kw name="Should Be Equal As Strings" library="BuiltIn">
<doc>Fails if objects are unequal after converting them to strings.</doc>
<arguments>
<arg>${response.status_code}</arg>
<arg>200</arg>
</arguments>
<msg timestamp="20200326 16:24:59.684" level="INFO">Argument types are:
&lt;class 'int'&gt;
&lt;type 'unicode'&gt;</msg>
<msg timestamp="20200326 16:24:59.685" level="FAIL">415 != 200</msg>
<status status="FAIL" starttime="20200326 16:24:59.684" endtime="20200326 16:24:59.685"></status>
</kw>
<status status="FAIL" starttime="20200326 16:24:56.238" endtime="20200326 16:24:59.685"></status>
</kw>
[...]
<arguments>
<arg>${header}</arg>
<arg>Authorization</arg>
<arg>Basic ${Client_authKey}</arg>
</arguments>
<status status="PASS" starttime="20200326 16:25:10.816" endtime="20200326 16:25:10.816"></status>
</kw>
<kw name="Create Dictionary" library="BuiltIn">
<doc>Creates and returns a dictionary based on the given ``items``.</doc>
<arguments>
<arg>grant_type=client_credentials</arg>
</arguments>
<assign>
<var>${Body}</var>
</assign>
<msg timestamp="20200326 16:25:10.817" level="INFO">${Body} = {'grant_type': 'client_credentials'}</msg>
<status status="PASS" starttime="20200326 16:25:10.816" endtime="20200326 16:25:10.817"></status>
</kw>
<kw name="Post Request" library="RequestsLibrary">
<doc>Send a POST request on the session object found using the
given `alias`</doc>
<arguments>
<arg>Session</arg>
<arg>/token</arg>
<arg>data=${Body}</arg>
<arg>headers=${header}</arg>
</arguments>
<assign>
<var>${response}</var>
</assign>
<msg timestamp="20200326 16:25:10.818" level="INFO">POST Request using : uri=/token, params=None, files=None, allow_redirects=True, timeout=None
headers={'User-Agent': 'python-requests/2.22.0', 'Accept-Encoding': 'gzip, deflate', 'Accept': '*/*', 'Connection': 'keep-alive', 'Content-Type': 'application/x-www-form-urlencodezd', 'Authorization': 'Basic MDAxOmthaWRlZVNlY3JldEtleVRlc3Q='} 
data=&lt;application/x-www-form-urlencodezd&gt; 
json=None</msg>
<msg timestamp="20200326 16:25:11.246" level="INFO">${response} = &lt;Response [415]&gt;</msg>
<status status="PASS" starttime="20200326 16:25:10.817" endtime="20200326 16:25:11.246"></status>
</kw>
<kw name="Should Be Equal As Strings" library="BuiltIn">
<doc>Fails if objects are unequal after converting them to strings.</doc>
<arguments>
<arg>${response.status_code}</arg>
<arg>200</arg>
</arguments>
<msg timestamp="20200326 16:25:11.248" level="INFO">Argument types are:
&lt;class 'int'&gt;
&lt;type 'unicode'&gt;</msg>
<msg timestamp="20200326 16:25:11.249" level="FAIL">415 != 200</msg>
<status status="FAIL" starttime="20200326 16:25:11.247" endtime="20200326 16:25:11.249"></status>
</kw>
<status status="FAIL" starttime="20200326 16:25:10.814" endtime="20200326 16:25:11.250"></status>
</kw>
<doc>Valid: To check API response when sellerId parameter is entered Valid which is Locked and request is sent for status Active</doc>
<status status="FAIL" starttime="20200326 16:25:10.813" endtime="20200326 16:25:11.251" critical="yes">415 != 200</status>
</test>
<test id="s1-t26" name="TC_31 SellerId Status more than 1">
<kw name="GetToken Escrow" library="Get Token">
<assign>
<var>${TokenEscrow}</var>
</assign>
<kw name="Create Session" library="RequestsLibrary">
<doc>Create Session: create a HTTP session to a server</doc>
<arguments>
<arg>Session</arg>
<arg>${URLEscrowAuthUAT}</arg>
</arguments>
<msg timestamp="20200326 16:25:11.266" level="INFO">Creating Session using : alias=Session, url=http://172.31.2.28/escrow_core/api/v1/Authentication/oauth2, headers={},                     cookies={}, auth=None, timeout=None, proxies=None, verify=False,                     debug=0 </msg>
<status status="PASS" starttime="20200326 16:25:11.264" endtime="20200326 16:25:11.268"></status>
</kw>
<kw name="Create Dictionary" library="BuiltIn">
<doc>Creates and returns a dictionary based on the given ``items``.</doc>
<arguments>
<arg>Content-Type=application/x-www-form-urlencodezd</arg>
</arguments>
<assign>
<var>${header}</var>
</assign>
<msg timestamp="20200326 16:25:11.271" level="INFO">${header} = {'Content-Type': 'application/x-www-form-urlencodezd'}</msg>
<status status="PASS" starttime="20200326 16:25:11.270" endtime="20200326 16:25:11.272"></status>
</kw>
<kw name="Set To Dictionary" library="Collections">
<doc>Adds the given ``key_value_pairs`` and ``items`` to the ``dictionary``.</doc>
<arguments>
<arg>${header}</arg>
<arg>Authorization</arg>
<arg>Basic ${Client_authKey}</arg>
</arguments>
<status status="PASS" starttime="20200326 16:25:11.272" endtime="20200326 16:25:11.273"></status>
</kw>
<kw name="Create Dictionary" library="BuiltIn">
<doc>Creates and returns a dictionary based on the given ``items``.</doc>
<arguments>
<arg>grant_type=client_credentials</arg>
</arguments>
<assign>
<var>${Body}</var>
</assign>
<msg timestamp="20200326 16:25:11.275" level="INFO">${Body} = {'grant_type': 'client_credentials'}</msg>
<status status="PASS" starttime="20200326 16:25:11.274" endtime="20200326 16:25:11.275"></status>
</kw>
<kw name="Post Request" library="RequestsLibrary">
<doc>Send a POST request on the session object found using the
given `alias`</doc>
<arguments>
<arg>Session</arg>
<arg>/token</arg>
<arg>data=${Body}</arg>
<arg>headers=${header}</arg>
</arguments>
<assign>
<var>${response}</var>
</assign>
<msg timestamp="20200326 16:25:11.277" level="INFO">POST Request using : uri=/token, params=None, files=None, allow_redirects=True, timeout=None
headers={'User-Agent': 'python-requests/2.22.0', 'Accept-Encoding': 'gzip, deflate', 'Accept': '*/*', 'Connection': 'keep-alive', 'Content-Type': 'application/x-www-form-urlencodezd', 'Authorization': 'Basic MDAxOmthaWRlZVNlY3JldEtleVRlc3Q='} 
data=&lt;application/x-www-form-urlencodezd&gt; 
json=None</msg>
<msg timestamp="20200326 16:25:12.200" level="INFO">${response} = &lt;Response [415]&gt;</msg>
<status status="PASS" starttime="20200326 16:25:11.276" endtime="20200326 16:25:12.200"></status>
</kw>
<kw name="Should Be Equal As Strings" library="BuiltIn">
<doc>Fails if objects are unequal after converting them to strings.</doc>
<arguments>
<arg>${response.status_code}</arg>
<arg>200</arg>
</arguments>
<msg timestamp="20200326 16:25:12.202" level="INFO">Argument types are:
&lt;class 'int'&gt;
&lt;type 'unicode'&gt;</msg>
<msg timestamp="20200326 16:25:12.203" level="FAIL">415 != 200</msg>
<status status="FAIL" starttime="20200326 16:25:12.201" endtime="20200326 16:25:12.203"></status>
</kw>
<status status="FAIL" starttime="20200326 16:25:11.262" endtime="20200326 16:25:12.203"></status>
</kw>
<doc>Valid: To check API response when sellerId parameter is entered Valid which is Locked and request is sent for status Active</doc>
<status status="FAIL" starttime="20200326 16:25:11.257" endtime="20200326 16:25:12.205" critical="yes">415 != 200</status>
</test>
<test id="s1-t27" name="TC_32 SellerId Empty Status">
<kw name="GetToken Escrow" library="Get Token">
<assign>
<var>${TokenEscrow}</var>
</assign>
<kw name="Create Session" library="RequestsLibrary">
<doc>Create Session: create a HTTP session to a server</doc>
<arguments>
<arg>Session</arg>
<arg>${URLEscrowAuthUAT}</arg>
</arguments>
<msg timestamp="20200326 16:25:12.219" level="INFO">Creating Session using : alias=Session, url=http://172.31.2.28/escrow_core/api/v1/Authentication/oauth2, headers={},                     cookies={}, auth=None, timeout=None, proxies=None, verify=False,                     debug=0 </msg>
<status status="PASS" starttime="20200326 16:25:12.218" endtime="20200326 16:25:12.221"></status>
</kw>
<kw name="Create Dictionary" library="BuiltIn">
<doc>Creates and returns a dictionary based on the given ``items``.</doc>
<arguments>
<arg>Content-Type=application/x-www-form-urlencodezd</arg>
</arguments>
<assign>
<var>${header}</var>
</assign>
<msg timestamp="20200326 16:25:12.222" level="INFO">${header} = {'Content-Type': 'application/x-www-form-urlencodezd'}</msg>
<status status="PASS" starttime="20200326 16:25:12.222" endtime="20200326 16:25:12.222"></status>
</kw>
<kw name="Set To Dictionary" library="Collections">
<doc>Adds the given ``key_value_pairs`` and ``items`` to the ``dictionary``.</doc>
<arguments>
<arg>${header}</arg>
<arg>Authorization</arg>
<arg>Basic ${Client_authKey}</arg>
</arguments>
<status status="PASS" starttime="20200326 16:25:12.223" endtime="20200326 16:25:12.223"></status>
</kw>
<kw name="Create Dictionary" library="BuiltIn">
<doc>Creates and returns a dictionary based on the given ``items``.</doc>
<arguments>
<arg>grant_type=client_credentials</arg>
</arguments>
<assign>
<var>${Body}</var>
</assign>
<msg timestamp="20200326 16:25:12.225" level="INFO">${Body} = {'grant_type': 'client_credentials'}</msg>
<status status="PASS" starttime="20200326 16:25:12.224" endtime="20200326 16:25:12.225"></status>
</kw>
<kw name="Post Request" library="RequestsLibrary">
<doc>Send a POST request on the session object found using the
given `alias`</doc>
<arguments>
<arg>Session</arg>
<arg>/token</arg>
<arg>data=${Body}</arg>
<arg>headers=${header}</arg>
</arguments>
<assign>
<var>${response}</var>
</assign>
<msg timestamp="20200326 16:25:12.226" level="INFO">POST Request using : uri=/token, params=None, files=None, allow_redirects=True, timeout=None
headers={'User-Agent': 'python-requests/2.22.0', 'Accept-Encoding': 'gzip, deflate', 'Accept': '*/*', 'Connection': 'keep-alive', 'Content-Type': 'application/x-www-form-urlencodezd', 'Authorization': 'Basic MDAxOmthaWRlZVNlY3JldEtleVRlc3Q='} 
data=&lt;application/x-www-form-urlencodezd&gt; 
json=None</msg>
<msg timestamp="20200326 16:25:12.652" level="INFO">${response} = &lt;Response [415]&gt;</msg>
<status status="PASS" starttime="20200326 16:25:12.225" endtime="20200326 16:25:12.652"></status>
</kw>
<kw name="Should Be Equal As Strings" library="BuiltIn">
<doc>Fails if objects are unequal after converting them to strings.</doc>
<arguments>
<arg>${response.status_code}</arg>
<arg>200</arg>
</arguments>
<msg timestamp="20200326 16:25:12.654" level="INFO">Argument types are:
&lt;class 'int'&gt;
&lt;type 'unicode'&gt;</msg>
<msg timestamp="20200326 16:25:12.655" level="FAIL">415 != 200</msg>
<status status="FAIL" starttime="20200326 16:25:12.653" endtime="20200326 16:25:12.655"></status>
</kw>
<status status="FAIL" starttime="20200326 16:25:12.216" endtime="20200326 16:25:12.655"></status>
</kw>
<doc>Valid: To check API response when sellerId parameter is entered Valid which is Locked and request is sent for status Active</doc>
<status status="FAIL" starttime="20200326 16:25:12.211" endtime="20200326 16:25:12.657" critical="yes">415 != 200</status>
</test>
<test id="s1-t28" name="TC_33 SellerId Active to Active Status">
<kw name="GetToken Escrow" library="Get Token">
<assign>
<var>${TokenEscrow}</var>
</assign>
<kw name="Create Session" library="RequestsLibrary">
<doc>Create Session: create a HTTP session to a server</doc>
<arguments>
<arg>Session</arg>
<arg>${URLEscrowAuthUAT}</arg>
</arguments>
<msg timestamp="20200326 16:25:12.667" level="INFO">Creating Session using : alias=Session, url=http://172.31.2.28/escrow_core/api/v1/Authentication/oauth2, headers={},                     cookies={}, auth=None, timeout=None, proxies=None, verify=False,                     debug=0 </msg>
<status status="PASS" starttime="20200326 16:25:12.666" endtime="20200326 16:25:12.668"></status>
</kw>
<kw name="Create Dictionary" library="BuiltIn">
<doc>Creates and returns a dictionary based on the given ``items``.</doc>
<arguments>
<arg>Content-Type=application/x-www-form-urlencodezd</arg>
</arguments>
<assign>
<var>${header}</var>
</assign>
<msg timestamp="20200326 16:25:12.669" level="INFO">${header} = {'Content-Type': 'application/x-www-form-urlencodezd'}</msg>
<status status="PASS" starttime="20200326 16:25:12.668" endtime="20200326 16:25:12.669"></status>
</kw>
<kw name="Set To Dictionary" library="Collections">
<doc>Adds the given ``key_value_pairs`` and ``items`` to the ``dictionary``.</doc>
<arguments>
<arg>${header}</arg>
<arg>Authorization</arg>
<arg>Basic ${Client_authKey}</arg>
</arguments>
<status status="PASS" starttime="20200326 16:25:12.670" endtime="20200326 16:25:12.671"></status>
</kw>
<kw name="Create Dictionary" library="BuiltIn">
<doc>Creates and returns a dictionary based on the given ``items``.</doc>
<arguments>
<arg>grant_type=client_credentials</arg>
</arguments>
<assign>
<var>${Body}</var>
</assign>
<msg timestamp="20200326 16:25:12.671" level="INFO">${Body} = {'grant_type': 'client_credentials'}</msg>
<status status="PASS" starttime="20200326 16:25:12.671" endtime="20200326 16:25:12.671"></status>
</kw>
<kw name="Post Request" library="RequestsLibrary">
<doc>Send a POST request on the session object found using the
given `alias`</doc>
<arguments>
<arg>Session</arg>
<arg>/token</arg>
<arg>data=${Body}</arg>
<arg>headers=${header}</arg>
</arguments>
<assign>
<var>${response}</var>
</assign>
<msg timestamp="20200326 16:25:12.672" level="INFO">POST Request using : uri=/token, params=None, files=None, allow_redirects=True, timeout=None
headers={'User-Agent': 'python-requests/2.22.0', 'Accept-Encoding': 'gzip, deflate', 'Accept': '*/*', 'Connection': 'keep-alive', 'Content-Type': 'application/x-www-form-urlencodezd', 'Authorization': 'Basic MDAxOmthaWRlZVNlY3JldEtleVRlc3Q='} 
data=&lt;application/x-www-form-urlencodezd&gt; 
json=None</msg>
<msg timestamp="20200326 16:25:13.091" level="INFO">${response} = &lt;Response [415]&gt;</msg>
<status status="PASS" starttime="20200326 16:25:12.672" endtime="20200326 16:25:13.091"></status>
</kw>
<kw name="Should Be Equal As Strings" library="BuiltIn">
<doc>Fails if objects are unequal after converting them to strings.</doc>
<arguments>
<arg>${response.status_code}</arg>
<arg>200</arg>
</arguments>
<msg timestamp="20200326 16:25:13.093" level="INFO">Argument types are:
&lt;class 'int'&gt;
&lt;type 'unicode'&gt;</msg>
<msg timestamp="20200326 16:25:13.093" level="FAIL">415 != 200</msg>
<status status="FAIL" starttime="20200326 16:25:13.092" endtime="20200326 16:25:13.094"></status>
</kw>
<status status="FAIL" starttime="20200326 16:25:12.664" endtime="20200326 16:25:13.094"></status>
</kw>
<doc>Valid: To check API response when sellerId parameter is entered Valid which is Locked and request is sent for status Active</doc>
<status status="FAIL" starttime="20200326 16:25:12.661" endtime="20200326 16:25:13.096" critical="yes">415 != 200</status>
</test>
<test id="s1-t29" name="TC_34 SellerId Suspended to Suspended Status">
<kw name="GetToken Escrow" library="Get Token">
<assign>
<var>${TokenEscrow}</var>
</assign>
<kw name="Create Session" library="RequestsLibrary">
<doc>Create Session: create a HTTP session to a server</doc>
<arguments>
<arg>Session</arg>
<arg>${URLEscrowAuthUAT}</arg>
</arguments>
<msg timestamp="20200326 16:25:13.106" level="INFO">Creating Session using : alias=Session, url=http://172.31.2.28/escrow_core/api/v1/Authentication/oauth2, headers={},                     cookies={}, auth=None, timeout=None, proxies=None, verify=False,                     debug=0 </msg>
<status status="PASS" starttime="20200326 16:25:13.105" endtime="20200326 16:25:13.107"></status>
</kw>
<kw name="Create Dictionary" library="BuiltIn">
<doc>Creates and returns a dictionary based on the given ``items``.</doc>
<arguments>
<arg>Content-Type=application/x-www-form-urlencodezd</arg>
</arguments>
<assign>
<var>${header}</var>
</assign>
<msg timestamp="20200326 16:25:13.108" level="INFO">${header} = {'Content-Type': 'application/x-www-form-urlencodezd'}</msg>
<status status="PASS" starttime="20200326 16:25:13.107" endtime="20200326 16:25:13.108"></status>
</kw>
<kw name="Set To Dictionary" library="Collections">
<doc>Adds the given ``key_value_pairs`` and ``items`` to the ``dictionary``.</doc>
<arguments>
<arg>${header}</arg>
<arg>Authorization</arg>
<arg>Basic ${Client_authKey}</arg>
</arguments>
<status status="PASS" starttime="20200326 16:25:13.109" endtime="20200326 16:25:13.110"></status>
</kw>
<kw name="Create Dictionary" library="BuiltIn">
<doc>Creates and returns a dictionary based on the given ``items``.</doc>
<arguments>
<arg>grant_type=client_credentials</arg>
</arguments>
<assign>
<var>${Body}</var>
</assign>
<msg timestamp="20200326 16:25:13.111" level="INFO">${Body} = {'grant_type': 'client_credentials'}</msg>
<status status="PASS" starttime="20200326 16:25:13.111" endtime="20200326 16:25:13.112"></status>
</kw>
<kw name="Post Request" library="RequestsLibrary">
<doc>Send a POST request on the session object found using the
given `alias`</doc>
<arguments>
<arg>Session</arg>
<arg>/token</arg>
<arg>data=${Body}</arg>
<arg>headers=${header}</arg>
</arguments>
<assign>
<var>${response}</var>
</assign>
<msg timestamp="20200326 16:25:13.114" level="INFO">POST Request using : uri=/token, params=None, files=None, allow_redirects=True, timeout=None
headers={'User-Agent': 'python-requests/2.22.0', 'Accept-Encoding': 'gzip, deflate', 'Accept': '*/*', 'Connection': 'keep-alive', 'Content-Type': 'application/x-www-form-urlencodezd', 'Authorization': 'Basic MDAxOmthaWRlZVNlY3JldEtleVRlc3Q='} 
data=&lt;application/x-www-form-urlencodezd&gt; 
json=None</msg>
<msg timestamp="20200326 16:25:22.584" level="INFO">${response} = &lt;Response [415]&gt;</msg>
<status status="PASS" starttime="20200326 16:25:13.112" endtime="20200326 16:25:22.584"></status>
</kw>
<kw name="Should Be Equal As Strings" library="BuiltIn">
<doc>Fails if objects are unequal after converting them to strings.</doc>
<arguments>
<arg>${response.status_code}</arg>
<arg>200</arg>
</arguments>
<msg timestamp="20200326 16:25:22.586" level="INFO">Argument types are:
&lt;class 'int'&gt;
&lt;type 'unicode'&gt;</msg>
<msg timestamp="20200326 16:25:22.587" level="FAIL">415 != 200</msg>
<status status="FAIL" starttime="20200326 16:25:22.585" endtime="20200326 16:25:22.587"></status>
</kw>
<status status="FAIL" starttime="20200326 16:25:13.104" endtime="20200326 16:25:22.587"></status>
</kw>
<doc>Valid: To check API response when sellerId parameter is entered Valid which is Locked and request is sent for status Active</doc>
<status status="FAIL" starttime="20200326 16:25:13.100" endtime="20200326 16:25:22.589" critical="yes">415 != 200</status>
</test>
<test id="s1-t30" name="TC_35 SellerId Locked to Locked Status">
<kw name="GetToken Escrow" library="Get Token">
<assign>
<var>${TokenEscrow}</var>
</assign>
<kw name="Create Session" library="RequestsLibrary">
<doc>Create Session: create a HTTP session to a server</doc>
<arguments>
<arg>Session</arg>
<arg>${URLEscrowAuthUAT}</arg>
</arguments>
<msg timestamp="20200326 16:25:22.599" level="INFO">Creating Session using : alias=Session, url=http://172.31.2.28/escrow_core/api/v1/Authentication/oauth2, headers={},                     cookies={}, auth=None, timeout=None, proxies=None, verify=False,                     debug=0 </msg>
<status status="PASS" starttime="20200326 16:25:22.598" endtime="20200326 16:25:22.601"></status>
</kw>
<kw name="Create Dictionary" library="BuiltIn">
<doc>Creates and returns a dictionary based on the given ``items``.</doc>
<arguments>
<arg>Content-Type=application/x-www-form-urlencodezd</arg>
</arguments>
<assign>
<var>${header}</var>
</assign>
<msg timestamp="20200326 16:25:22.602" level="INFO">${header} = {'Content-Type': 'application/x-www-form-urlencodezd'}</msg>
<status status="PASS" starttime="20200326 16:25:22.601" endtime="20200326 16:25:22.603"></status>
</kw>
<kw name="Set To Dictionary" library="Collections">
<doc>Adds the given ``key_value_pairs`` and ``items`` to the ``dictionary``.</doc>
<arguments>
<arg>${header}</arg>
<arg>Authorization</arg>
<arg>Basic ${Client_authKey}</arg>
</arguments>
<status status="PASS" starttime="20200326 16:25:22.603" endtime="20200326 16:25:22.605"></status>
</kw>
<kw name="Create Dictionary" library="BuiltIn">
<doc>Creates and returns a dictionary based on the given ``items``.</doc>
<arguments>
<arg>grant_type=client_credentials</arg>
</arguments>
<assign>
<var>${Body}</var>
</assign>
<msg timestamp="20200326 16:25:22.606" level="INFO">${Body} = {'grant_type': 'client_credentials'}</msg>
<status status="PASS" starttime="20200326 16:25:22.605" endtime="20200326 16:25:22.607"></status>
</kw>
<kw name="Post Request" library="RequestsLibrary">
<doc>Send a POST request on the session object found using the
given `alias`</doc>
<arguments>
<arg>Session</arg>
<arg>/token</arg>
<arg>data=${Body}</arg>
<arg>headers=${header}</arg>
</arguments>
<assign>
<var>${response}</var>
</assign>