<?xml version="1.0" encoding="UTF-8"?>
<robot generator="Robot 3.1.2 (Python 3.8.1 on win32)" generated="20200327 21:39:49.961" rpa="false">
<suite id="s1" name="UpdateSellerStatus TestCases" source="C:\Users\perennial\PycharmProjects\EscrowAPI\TestCases\UpdateSellerStatus_API\UpdateSellerStatus_TestCases.robot">
<test id="s1-t1" name="TC_25 SellerId Suspended to Terminated">
<kw name="GetToken Escrow" library="Get Token">
<assign>
<var>${TokenEscrow}</var>
</assign>
<kw name="Create Session" library="RequestsLibrary">
<doc>Create Session: create a HTTP session to a server</doc>
<arguments>
<arg>Session</arg>
<arg>${URLEscrowAuthUAT}</arg>
</arguments>
<msg timestamp="20200327 21:39:50.560" level="INFO">Creating Session using : alias=Session, url=http://172.31.2.28/escrow_core/api/v1/Authentication/oauth2, headers={},                     cookies={}, auth=None, timeout=None, proxies=None, verify=False,                     debug=0 </msg>
<status status="PASS" starttime="20200327 21:39:50.560" endtime="20200327 21:39:50.561"></status>
</kw>
<kw name="Create Dictionary" library="BuiltIn">
<doc>Creates and returns a dictionary based on the given ``items``.</doc>
<arguments>
<arg>Content-Type=application/x-www-form-urlencoded</arg>
</arguments>
<assign>
<var>${header}</var>
</assign>
<msg timestamp="20200327 21:39:50.561" level="INFO">${header} = {'Content-Type': 'application/x-www-form-urlencoded'}</msg>
<status status="PASS" starttime="20200327 21:39:50.561" endtime="20200327 21:39:50.562"></status>
</kw>
<kw name="Set To Dictionary" library="Collections">
<doc>Adds the given ``key_value_pairs`` and ``items`` to the ``dictionary``.</doc>
<arguments>
<arg>${header}</arg>
<arg>Authorization</arg>
<arg>Basic ${Client_authKey}</arg>
</arguments>
<status status="PASS" starttime="20200327 21:39:50.562" endtime="20200327 21:39:50.562"></status>
</kw>
<kw name="Create Dictionary" library="BuiltIn">
<doc>Creates and returns a dictionary based on the given ``items``.</doc>
<arguments>
<arg>grant_type=client_credentials</arg>
</arguments>
<assign>
<var>${Body}</var>
</assign>
<msg timestamp="20200327 21:39:50.562" level="INFO">${Body} = {'grant_type': 'client_credentials'}</msg>
<status status="PASS" starttime="20200327 21:39:50.562" endtime="20200327 21:39:50.563"></status>
</kw>
<kw name="Post Request" library="RequestsLibrary">
<doc>Send a POST request on the session object found using the
given `alias`</doc>
<arguments>
<arg>Session</arg>
<arg>/token</arg>
<arg>data=${Body}</arg>
<arg>headers=${header}</arg>
</arguments>
<assign>
<var>${response}</var>
</assign>
<msg timestamp="20200327 21:39:50.564" level="INFO">POST Request using : uri=/token, params=None, files=None, allow_redirects=True, timeout=None
headers={'User-Agent': 'python-requests/2.23.0', 'Accept-Encoding': 'gzip, deflate', 'Accept': '*/*', 'Connection': 'keep-alive', 'Content-Type': 'application/x-www-form-urlencoded', 'Authorization': 'Basic MDAxOmthaWRlZVNlY3JldEtleVRlc3Q='} 
data=grant_type=client_credentials 
json=None</msg>
<msg timestamp="20200327 21:39:51.471" level="INFO">${response} = &lt;Response [200]&gt;</msg>
<status status="PASS" starttime="20200327 21:39:50.563" endtime="20200327 21:39:51.472"></status>
</kw>
<kw name="Should Be Equal As Strings" library="BuiltIn">
<doc>Fails if objects are unequal after converting them to strings.</doc>
<arguments>
<arg>${response.status_code}</arg>
<arg>200</arg>
</arguments>
<msg timestamp="20200327 21:39:51.472" level="INFO">Argument types are:
&lt;class 'int'&gt;
&lt;type 'unicode'&gt;</msg>
<status status="PASS" starttime="20200327 21:39:51.472" endtime="20200327 21:39:51.473"></status>
</kw>
<kw name="Log" library="BuiltIn">
<doc>Logs the given message with the given level.</doc>
<arguments>
<arg>${response.json()['accessToken']}</arg>
</arguments>
<msg timestamp="20200327 21:39:51.473" level="INFO">eyJhbGciOiJIUzI1NiIsInR5cCI6IkpXVCJ9.eyJodHRwOi8vc2NoZW1hcy5taWNyb3NvZnQuY29tL3dzLzIwMDgvMDYvaWRlbnRpdHkvY2xhaW1zL3VzZXJkYXRhIjoiOTE1b2srbFFFM2Ird3ZBU1hsdE9QOUNsUEN1bjFzZEFFdWVtVFZ6aUc2R3puUzJaUmRyMkdMV1BqUnFSQktLdklmLzUrR1JKRlRlaHpQS3N2Kzg0UkJtMDc4cUE4L1FLNlR3cVMxNHpzN0E9IiwibmJmIjoxNTg1MzI1MzkwLCJleHAiOjE1ODUzMjU0NTAsImlhdCI6MTU4NTMyNTM5MCwiaXNzIjoiZXNjcm93LWNvcmUtYXBpIiwiYXVkIjoiZXNjcm93LWNvcmUtY2xpZW50In0.MQTfw-E1D_D4K-ZpG0-CzXKjsej7S8OofWLSw4EpqdE</msg>
<status status="PASS" starttime="20200327 21:39:51.473" endtime="20200327 21:39:51.473"></status>
</kw>
<msg timestamp="20200327 21:39:51.474" level="INFO">${TokenEscrow} = eyJhbGciOiJIUzI1NiIsInR5cCI6IkpXVCJ9.eyJodHRwOi8vc2NoZW1hcy5taWNyb3NvZnQuY29tL3dzLzIwMDgvMDYvaWRlbnRpdHkvY2xhaW1zL3VzZXJkYXRhIjoiOTE1b2srbFFFM2Ird3ZBU1hsdE9QOUNsUEN1bjFzZEFFdWVtVFZ6aUc2R3puUzJaUmRyMkd...</msg>
<status status="PASS" starttime="20200327 21:39:50.560" endtime="20200327 21:39:51.474"></status>
</kw>
<kw name="RegisterSellerID" library="Register_Global_Keywords">
<assign>
<var>${SellerId}</var>
</assign>
<kw name="GetToken Escrow" library="Get Token">
<assign>
<var>${TokenEscrow}</var>
</assign>
<kw name="Create Session" library="RequestsLibrary">
<doc>Create Session: create a HTTP session to a server</doc>
<arguments>
<arg>Session</arg>
<arg>${URLEscrowAuthUAT}</arg>
</arguments>
<msg timestamp="20200327 21:39:51.475" level="INFO">Creating Session using : alias=Session, url=http://172.31.2.28/escrow_core/api/v1/Authentication/oauth2, headers={},                     cookies={}, auth=None, timeout=None, proxies=None, verify=False,                     debug=0 </msg>
<status status="PASS" starttime="20200327 21:39:51.475" endtime="20200327 21:39:51.476"></status>
</kw>
<kw name="Create Dictionary" library="BuiltIn">
<doc>Creates and returns a dictionary based on the given ``items``.</doc>
<arguments>
<arg>Content-Type=application/x-www-form-urlencoded</arg>
</arguments>
<assign>
<var>${header}</var>
</assign>
<msg timestamp="20200327 21:39:51.477" level="INFO">${header} = {'Content-Type': 'application/x-www-form-urlencoded'}</msg>
<status status="PASS" starttime="20200327 21:39:51.476" endtime="20200327 21:39:51.477"></status>
</kw>
<kw name="Set To Dictionary" library="Collections">
<doc>Adds the given ``key_value_pairs`` and ``items`` to the ``dictionary``.</doc>
<arguments>
<arg>${header}</arg>
<arg>Authorization</arg>
<arg>Basic ${Client_authKey}</arg>
</arguments>
<status status="PASS" starttime="20200327 21:39:51.477" endtime="20200327 21:39:51.477"></status>
</kw>
<kw name="Create Dictionary" library="BuiltIn">
<doc>Creates and returns a dictionary based on the given ``items``.</doc>
<arguments>
<arg>grant_type=client_credentials</arg>
</arguments>
<assign>
<var>${Body}</var>
</assign>
<msg timestamp="20200327 21:39:51.478" level="INFO">${Body} = {'grant_type': 'client_credentials'}</msg>
<status status="PASS" starttime="20200327 21:39:51.478" endtime="20200327 21:39:51.478"></status>
</kw>
<kw name="Post Request" library="RequestsLibrary">
<doc>Send a POST request on the session object found using the
given `alias`</doc>
<arguments>
<arg>Session</arg>
<arg>/token</arg>
<arg>data=${Body}</arg>
<arg>headers=${header}</arg>
</arguments>
<assign>
<var>${response}</var>
</assign>
<msg timestamp="20200327 21:39:51.479" level="INFO">POST Request using : uri=/token, params=None, files=None, allow_redirects=True, timeout=None
headers={'User-Agent': 'python-requests/2.23.0', 'Accept-Encoding': 'gzip, deflate', 'Accept': '*/*', 'Connection': 'keep-alive', 'Content-Type': 'application/x-www-form-urlencoded', 'Authorization': 'Basic MDAxOmthaWRlZVNlY3JldEtleVRlc3Q='} 
data=grant_type=client_credentials 
json=None</msg>
<msg timestamp="20200327 21:39:52.106" level="INFO">${response} = &lt;Response [200]&gt;</msg>
<status status="PASS" starttime="20200327 21:39:51.478" endtime="20200327 21:39:52.106"></status>
</kw>
<kw name="Should Be Equal As Strings" library="BuiltIn">
<doc>Fails if objects are unequal after converting them to strings.</doc>
<arguments>
<arg>${response.status_code}</arg>
<arg>200</arg>
</arguments>
<msg timestamp="20200327 21:39:52.107" level="INFO">Argument types are:
&lt;class 'int'&gt;
&lt;type 'unicode'&gt;</msg>
<status status="PASS" starttime="20200327 21:39:52.106" endtime="20200327 21:39:52.107"></status>
</kw>
<kw name="Log" library="BuiltIn">
<doc>Logs the given message with the given level.</doc>
<arguments>
<arg>${response.json()['accessToken']}</arg>
</arguments>
<msg timestamp="20200327 21:39:52.107" level="INFO">eyJhbGciOiJIUzI1NiIsInR5cCI6IkpXVCJ9.eyJodHRwOi8vc2NoZW1hcy5taWNyb3NvZnQuY29tL3dzLzIwMDgvMDYvaWRlbnRpdHkvY2xhaW1zL3VzZXJkYXRhIjoiOTE1b2srbFFFM2Ird3ZBU1hsdE9QMUQ4K3hvYmdQdkV3aWt1V1lzVGkwQXpyMjFxSDJnOTJqU3BuSkNLZzVpVnZubGR5R1VEM2tXZ0o2UnNhbndWb3Y4ckpvYm5qeXlRMVZPdCtya1JlUWM9IiwibmJmIjoxNTg1MzI1MzkxLCJleHAiOjE1ODUzMjU0NTEsImlhdCI6MTU4NTMyNTM5MSwiaXNzIjoiZXNjcm93LWNvcmUtYXBpIiwiYXVkIjoiZXNjcm93LWNvcmUtY2xpZW50In0.5t9LoaN9tanSpQebiO9uUBQ0eS16iSKJYpNeBGBxW54</msg>
<status status="PASS" starttime="20200327 21:39:52.107" endtime="20200327 21:39:52.107"></status>
</kw>
<msg timestamp="20200327 21:39:52.107" level="INFO">${TokenEscrow} = eyJhbGciOiJIUzI1NiIsInR5cCI6IkpXVCJ9.eyJodHRwOi8vc2NoZW1hcy5taWNyb3NvZnQuY29tL3dzLzIwMDgvMDYvaWRlbnRpdHkvY2xhaW1zL3VzZXJkYXRhIjoiOTE1b2srbFFFM2Ird3ZBU1hsdE9QMUQ4K3hvYmdQdkV3aWt1V1lzVGkwQXpyMjFxSDJnOTJ...</msg>
<status status="PASS" starttime="20200327 21:39:51.475" endtime="20200327 21:39:52.107"></status>
</kw>
<kw name="Randome_IDNumber" library="Register_Global_Keywords">
<assign>
<var>${idNum}</var>
</assign>
<kw name="Generate Random String" library="String">
<doc>Generates a string with a desired ``length`` from the given ``chars``.</doc>
<arguments>
<arg>14</arg>
<arg>[NUMBERS]</arg>
</arguments>
<assign>
<var>${Id}</var>
</assign>
<msg timestamp="20200327 21:39:52.108" level="INFO">${Id} = 45536447486832</msg>
<status status="PASS" starttime="20200327 21:39:52.107" endtime="20200327 21:39:52.108"></status>
</kw>
<kw name="Set Global Variable" library="BuiltIn">
<doc>Makes a variable available globally in all tests and suites.</doc>
<arguments>
<arg>${IdNumber}</arg>
<arg>${Id}</arg>
</arguments>
<msg timestamp="20200327 21:39:52.108" level="INFO">${IdNumber} = 45536447486832</msg>
<status status="PASS" starttime="20200327 21:39:52.108" endtime="20200327 21:39:52.108"></status>
</kw>
<msg timestamp="20200327 21:39:52.108" level="INFO">${idNum} = 45536447486832</msg>
<status status="PASS" starttime="20200327 21:39:52.107" endtime="20200327 21:39:52.108"></status>
</kw>
<kw name="Randome_MobileNumber" library="Register_Global_Keywords">
<assign>
<var>${MobNo}</var>
</assign>
<kw name="Generate Random String" library="String">
<doc>Generates a string with a desired ``length`` from the given ``chars``.</doc>
<arguments>
<arg>10</arg>
<arg>[NUMBERS]</arg>
</arguments>
<assign>
<var>${mobile}</var>
</assign>
<msg timestamp="20200327 21:39:52.109" level="INFO">${mobile} = 3312365482</msg>
<status status="PASS" starttime="20200327 21:39:52.109" endtime="20200327 21:39:52.109"></status>
</kw>
<kw name="Set Global Variable" library="BuiltIn">
<doc>Makes a variable available globally in all tests and suites.</doc>
<arguments>
<arg>${mobileNo}</arg>
<arg>${mobile}</arg>
</arguments>
<msg timestamp="20200327 21:39:52.110" level="INFO">${mobileNo} = 3312365482</msg>
<status status="PASS" starttime="20200327 21:39:52.109" endtime="20200327 21:39:52.110"></status>
</kw>
<msg timestamp="20200327 21:39:52.110" level="INFO">${MobNo} = 3312365482</msg>
<status status="PASS" starttime="20200327 21:39:52.109" endtime="20200327 21:39:52.110"></status>
</kw>
<kw name="Randome_EmailId" library="Register_Global_Keywords">
<assign>
<var>${emailid}</var>
</assign>
<kw name="Randome_Number" library="Register_Global_Keywords">
<assign>
<var>${num}</var>
</assign>
<kw name="Generate Random String" library="String">
<doc>Generates a string with a desired ``length`` from the given ``chars``.</doc>
<arguments>
<arg>5</arg>
<arg>[NUMBERS]</arg>
</arguments>
<assign>
<var>${Emailnum}</var>
</assign>
<msg timestamp="20200327 21:39:52.111" level="INFO">${Emailnum} = 12201</msg>
<status status="PASS" starttime="20200327 21:39:52.111" endtime="20200327 21:39:52.111"></status>
</kw>
<kw name="Set Global Variable" library="BuiltIn">
<doc>Makes a variable available globally in all tests and suites.</doc>
<arguments>
<arg>${enum}</arg>
<arg>${Emailnum}</arg>
</arguments>
<msg timestamp="20200327 21:39:52.112" level="INFO">${enum} = 12201</msg>
<status status="PASS" starttime="20200327 21:39:52.111" endtime="20200327 21:39:52.112"></status>
</kw>
<msg timestamp="20200327 21:39:52.112" level="INFO">${num} = 12201</msg>
<status status="PASS" starttime="20200327 21:39:52.110" endtime="20200327 21:39:52.112"></status>
</kw>
<kw name="Set Variable" library="BuiltIn">
<doc>Returns the given values which can then be assigned to a variables.</doc>
<arguments>
<arg>pavan${num}@2c2p.com</arg>
</arguments>
<assign>
<var>${emailid}</var>
</assign>
<msg timestamp="20200327 21:39:52.112" level="INFO">${emailid} = pavan12201@2c2p.com</msg>
<status status="PASS" starttime="20200327 21:39:52.112" endtime="20200327 21:39:52.112"></status>
</kw>
<kw name="Set Global Variable" library="BuiltIn">
<doc>Makes a variable available globally in all tests and suites.</doc>
<arguments>
<arg>${email}</arg>
<arg>${emailid}</arg>
</arguments>
<msg timestamp="20200327 21:39:52.113" level="INFO">${email} = pavan12201@2c2p.com</msg>
<status status="PASS" starttime="20200327 21:39:52.113" endtime="20200327 21:39:52.113"></status>
</kw>
<msg timestamp="20200327 21:39:52.113" level="INFO">${emailid} = pavan12201@2c2p.com</msg>
<status status="PASS" starttime="20200327 21:39:52.110" endtime="20200327 21:39:52.113"></status>
</kw>
<kw name="RegisterSeller with valid Data" library="Register_Seller_API">
<arguments>
<arg>${TokenEscrow}</arg>
<arg>@{valid_mobile_country_code}[0]</arg>
<arg>${idNum}</arg>
<arg>${3}</arg>
<arg>@{valid_mobile_country_code}[1]</arg>
<arg>${MobNo}</arg>
<arg>${emailid}</arg>
<arg>M</arg>
<arg>@{RegisterSellerData}[0]</arg>
<arg>@{RegisterSellerData}[1]</arg>
<arg>@{RegisterSellerData}[2]</arg>
<arg>@{RegisterSellerData}[3]</arg>
<arg>@{RegisterSellerData}[4]</arg>
<arg>@{RegisterSellerData}[5]</arg>
<arg>@{RegisterSellerData}[6]</arg>
<arg>@{v_nationalityId}</arg>
<arg>@{RegisterSellerData}[7]</arg>
<arg>@{RegisterSellerData}[8]</arg>
<arg>@{RegisterSellerData}[9]</arg>
<arg>@{RegisterSellerData}[10]</arg>
<arg>@{RegisterSellerData}[11]</arg>
<arg>@{RegisterSellerData}[12]</arg>
<arg>@{RegisterSellerData}[13]</arg>
<arg>${0}</arg>
<arg>000</arg>
<arg>Success</arg>
</arguments>
<assign>
<var>${sellerid}</var>
</assign>
<kw name="Create Session" library="RequestsLibrary">
<doc>Create Session: create a HTTP session to a server</doc>
<arguments>
<arg>RegisterNewSeller</arg>
<arg>http://172.31.2.28/escrow_core/api/v1</arg>
</arguments>
<msg timestamp="20200327 21:39:52.115" level="INFO">Creating Session using : alias=RegisterNewSeller, url=http://172.31.2.28/escrow_core/api/v1, headers={},                     cookies={}, auth=None, timeout=None, proxies=None, verify=False,                     debug=0 </msg>
<status status="PASS" starttime="20200327 21:39:52.115" endtime="20200327 21:39:52.117"></status>
</kw>
<kw name="Convert To Integer" library="BuiltIn">
<doc>Converts the given item to an integer number.</doc>
<arguments>
<arg>${typeOfID}</arg>
</arguments>
<assign>
<var>${typeID}</var>
</assign>
<msg timestamp="20200327 21:39:52.118" level="INFO">${typeID} = 3</msg>
<status status="PASS" starttime="20200327 21:39:52.117" endtime="20200327 21:39:52.118"></status>
</kw>
<kw name="Convert To Integer" library="BuiltIn">
<doc>Converts the given item to an integer number.</doc>
<arguments>
<arg>${kycRequest}</arg>
</arguments>
<assign>
<var>${KeyReq}</var>
</assign>
<msg timestamp="20200327 21:39:52.118" level="INFO">${KeyReq} = 0</msg>
<status status="PASS" starttime="20200327 21:39:52.118" endtime="20200327 21:39:52.118"></status>
</kw>
<kw name="Create Dictionary" library="BuiltIn">
<doc>Creates and returns a dictionary based on the given ``items``.</doc>
<arguments>
<arg>homeAddress1=@{Address}[0]</arg>
<arg>homeAddress2=@{Address}[1]</arg>
<arg>countryId=@{Address}[2]</arg>
<arg>stateId=@{Address}[3]</arg>
<arg>state=@{Address}[4]</arg>
<arg>postalCode=@{Address}[5]</arg>
<arg>addressDefine1=@{Address}[6]</arg>
<arg>addressDefine2=@{Address}[7]</arg>
<arg>addressDefine3=@{Address}[8]</arg>
<arg>addressDefine4=@{Address}[9]</arg>
</arguments>
<assign>
<var>${UserAddress}</var>
</assign>
<msg timestamp="20200327 21:39:52.120" level="INFO">${UserAddress} = {'homeAddress1': 'homeaddr1', 'homeAddress2': 'homeaddr2', 'countryId': '764', 'stateId': '001', 'state': 'Bangkok', 'postalCode': '10100', 'addressDefine1': 'addrdef1', 'addressDefine2': 'addrdef2', ...</msg>
<status status="PASS" starttime="20200327 21:39:52.119" endtime="20200327 21:39:52.120"></status>
</kw>
<kw name="Create Dictionary" library="BuiltIn">
<doc>Creates and returns a dictionary based on the given ``items``.</doc>
<arguments>
<arg>mailAddress1=@{MailingAddress}[0]</arg>
<arg>mailAddress2=@{MailingAddress}[1]</arg>
<arg>countryId=@{Address}[2]</arg>
<arg>stateId=@{MailingAddress}[2]</arg>
<arg>state=@{Address}[4]</arg>
<arg>postalCode=@{MailingAddress}[3]</arg>
<arg>addressDefine1=@{Address}[6]</arg>
<arg>addressDefine2=@{Address}[7]</arg>
<arg>addressDefine3=@{Address}[8]</arg>
<arg>addressDefine4=@{Address}[9]</arg>
</arguments>
<assign>
<var>${MailAddress}</var>
</assign>
<msg timestamp="20200327 21:39:52.122" level="INFO">${MailAddress} = {'mailAddress1': 'mailaddr1', 'mailAddress2': 'mailaddr2', 'countryId': '764', 'stateId': '002', 'state': 'Bangkok', 'postalCode': '11100', 'addressDefine1': 'addrdef1', 'addressDefine2': 'addrdef2', ...</msg>
<status status="PASS" starttime="20200327 21:39:52.120" endtime="20200327 21:39:52.122"></status>
</kw>
<kw name="Create Dictionary" library="BuiltIn">
<doc>Creates and returns a dictionary based on the given ``items``.</doc>
<arguments>
<arg>escrowCompanyId=${escrowCompanyID}</arg>
<arg>idNumber=${idNumber}</arg>
<arg>typeOfId=${typeID}</arg>
<arg>mobileCountryCode=${MobCountryCode}</arg>
<arg>mobileNo=${MobNo}</arg>
<arg>email=${emailid}</arg>
<arg>gender=${gender}</arg>
<arg>titleEn=${EnTitle}</arg>
<arg>firstNameEn=${EnFirstName}</arg>
<arg>lastNameEn=${EnLastName}</arg>
<arg>titleLocal=${LocalTitle}</arg>
<arg>firstNameLocal=${LocalFistName}</arg>
<arg>lastNameLocal=${LocalLastName}</arg>
<arg>dateOfBirth=${dob}</arg>
<arg>nationalityId=${Nationality}</arg>
<arg>otherVerification=${Verification}</arg>
<arg>workPlace=${WorkPlace}</arg>
<arg>userDefine1=${UserDef1}</arg>
<arg>userDefine2=${UserDef2}</arg>
<arg>userDefine3=${UserDef3}</arg>
<arg>userDefine4=${UserDef4}</arg>
<arg>userDefine5=${UserDef5}</arg>
<arg>kycRequest=${KeyReq}</arg>
<arg>address=${UserAddress}</arg>
<arg>mailingAddress=${MailAddress}</arg>
</arguments>
<assign>
<var>${body}</var>
</assign>
<msg timestamp="20200327 21:39:52.124" level="INFO">${body} = {'escrowCompanyId': '001', 'idNumber': '45536447486832', 'typeOfId': 3, 'mobileCountryCode': '67', 'mobileNo': '3312365482', 'email': 'pavan12201@2c2p.com', 'gender': 'M', 'titleEn': 'MR.', 'firstName...</msg>
<status status="PASS" starttime="20200327 21:39:52.122" endtime="20200327 21:39:52.124"></status>
</kw>
<kw name="Set Variable" library="BuiltIn">
<doc>Returns the given values which can then be assigned to a variables.</doc>
<arguments>
<arg>bearer ${Token}</arg>
</arguments>
<assign>
<var>${AuthToken}</var>
</assign>
<msg timestamp="20200327 21:39:52.124" level="INFO">${AuthToken} = bearer eyJhbGciOiJIUzI1NiIsInR5cCI6IkpXVCJ9.eyJodHRwOi8vc2NoZW1hcy5taWNyb3NvZnQuY29tL3dzLzIwMDgvMDYvaWRlbnRpdHkvY2xhaW1zL3VzZXJkYXRhIjoiOTE1b2srbFFFM2Ird3ZBU1hsdE9QMUQ4K3hvYmdQdkV3aWt1V1lzVGkwQXpyMjFx...</msg>
<status status="PASS" starttime="20200327 21:39:52.124" endtime="20200327 21:39:52.124"></status>
</kw>
<kw name="Create Dictionary" library="BuiltIn">
<doc>Creates and returns a dictionary based on the given ``items``.</doc>
<arguments>
<arg>Content-Type=application/json</arg>
<arg>Authorization=${AuthToken}</arg>
</arguments>
<assign>
<var>${header}</var>
</assign>
<msg timestamp="20200327 21:39:52.125" level="INFO">${header} = {'Content-Type': 'application/json', 'Authorization': 'bearer eyJhbGciOiJIUzI1NiIsInR5cCI6IkpXVCJ9.eyJodHRwOi8vc2NoZW1hcy5taWNyb3NvZnQuY29tL3dzLzIwMDgvMDYvaWRlbnRpdHkvY2xhaW1zL3VzZXJkYXRhIjoiOTE1b2srb...</msg>
<status status="PASS" starttime="20200327 21:39:52.125" endtime="20200327 21:39:52.125"></status>
</kw>
<kw name="Post Request" library="RequestsLibrary">
<doc>Send a POST request on the session object found using the
given `alias`</doc>
<arguments>
<arg>RegisterNewSeller</arg>
<arg>/seller/register</arg>
<arg>data=${body}</arg>
<arg>headers=${header}</arg>
</arguments>
<assign>
<var>${response}</var>
</assign>
<msg timestamp="20200327 21:39:52.126" level="INFO">POST Request using : uri=/seller/register, params=None, files=None, allow_redirects=True, timeout=None
headers={'User-Agent': 'python-requests/2.23.0', 'Accept-Encoding': 'gzip, deflate', 'Accept': '*/*', 'Connection': 'keep-alive', 'Content-Type': 'application/json', 'Authorization': 'bearer eyJhbGciOiJIUzI1NiIsInR5cCI6IkpXVCJ9.eyJodHRwOi8vc2NoZW1hcy5taWNyb3NvZnQuY29tL3dzLzIwMDgvMDYvaWRlbnRpdHkvY2xhaW1zL3VzZXJkYXRhIjoiOTE1b2srbFFFM2Ird3ZBU1hsdE9QMUQ4K3hvYmdQdkV3aWt1V1lzVGkwQXpyMjFxSDJnOTJqU3BuSkNLZzVpVnZubGR5R1VEM2tXZ0o2UnNhbndWb3Y4ckpvYm5qeXlRMVZPdCtya1JlUWM9IiwibmJmIjoxNTg1MzI1MzkxLCJleHAiOjE1ODUzMjU0NTEsImlhdCI6MTU4NTMyNTM5MSwiaXNzIjoiZXNjcm93LWNvcmUtYXBpIiwiYXVkIjoiZXNjcm93LWNvcmUtY2xpZW50In0.5t9LoaN9tanSpQebiO9uUBQ0eS16iSKJYpNeBGBxW54'} 
data={"escrowCompanyId": "001", "idNumber": "45536447486832", "typeOfId": 3, "mobileCountryCode": "67", "mobileNo": "3312365482", "email": "pavan12201@2c2p.com", "gender": "M", "titleEn": "MR.", "firstNameEn": "Pavan", "lastNameEn": "Powar", "titleLocal": "\u0e19\u0e32\u0e22", "firstNameLocal": "\u0e2a\u0e21\u0e0a\u0e32\u0e22", "lastNameLocal": "\u0e02\u0e32\u0e22\u0e14\u0e35", "dateOfBirth": "20/02/1991", "nationalityId": "764", "otherVerification": "SM0928716357", "workPlace": "pavantest", "userDefine1": "UserDef1", "userDefine2": "UserDef2", "userDefine3": "UserDef3", "userDefine4": "UserDef4", "userDefine5": "UserDef5", "kycRequest": 0, "address": {"homeAddress1": "homeaddr1", "homeAddress2": "homeaddr2", "countryId": "764", "stateId": "001", "state": "Bangkok", "postalCode": "10100", "addressDefine1": "addrdef1", "addressDefine2": "addrdef2", "addressDefine3": "addrdef3", "addressDefine4": "addrdef4"}, "mailingAddress": {"mailAddress1": "mailaddr1", "mailAddress2": "mailaddr2", "countryId": "764", "stateId": "002", "state": "Bangkok", "postalCode": "11100", "addressDefine1": "addrdef1", "addressDefine2": "addrdef2", "addressDefine3": "addrdef3", "addressDefine4": "addrdef4"}} 
json=None</msg>
<msg timestamp="20200327 21:39:52.466" level="INFO">${response} = &lt;Response [200]&gt;</msg>
<status status="PASS" starttime="20200327 21:39:52.125" endtime="20200327 21:39:52.466"></status>
</kw>
<kw name="Log" library="BuiltIn">
<doc>Logs the given message with the given level.</doc>
<arguments>
<arg>${response.text}</arg>
<arg>console=True</arg>
</arguments>
<msg timestamp="20200327 21:39:52.467" level="INFO">{"sellerId":"c5e62da2-91f7-4523-a3cb-b720d27e7f78","responseCode":"000","resDescription":"Success"}</msg>
<status status="PASS" starttime="20200327 21:39:52.467" endtime="20200327 21:39:52.468"></status>
</kw>
<kw name="Should Be Equal As Strings" library="BuiltIn">
<doc>Fails if objects are unequal after converting them to strings.</doc>
<arguments>
<arg>${response.status_code}</arg>
<arg>200</arg>
</arguments>
<msg timestamp="20200327 21:39:52.469" level="INFO">Argument types are:
&lt;class 'int'&gt;
&lt;type 'unicode'&gt;</msg>
<status status="PASS" starttime="20200327 21:39:52.468" endtime="20200327 21:39:52.469"></status>
</kw>
<kw name="Should Be Equal As Strings" library="BuiltIn">
<doc>Fails if objects are unequal after converting them to strings.</doc>
<arguments>
<arg>${response.json()['responseCode']}</arg>
<arg>${ResponseCode}</arg>
</arguments>
<status status="PASS" starttime="20200327 21:39:52.469" endtime="20200327 21:39:52.470"></status>
</kw>
<kw name="Should Be Equal As Strings" library="BuiltIn">
<doc>Fails if objects are unequal after converting them to strings.</doc>
<arguments>
<arg>${response.json()['resDescription']}</arg>
<arg>${ResponseDescription}</arg>
</arguments>
<status status="PASS" starttime="20200327 21:39:52.471" endtime="20200327 21:39:52.472"></status>
</kw>
<msg timestamp="20200327 21:39:52.473" level="INFO">${sellerid} = c5e62da2-91f7-4523-a3cb-b720d27e7f78</msg>
<status status="PASS" starttime="20200327 21:39:52.113" endtime="20200327 21:39:52.473"></status>
</kw>
<msg timestamp="20200327 21:39:52.473" level="INFO">${SellerId} = ['c5e62da2-91f7-4523-a3cb-b720d27e7f78', '45536447486832']</msg>
<status status="PASS" starttime="20200327 21:39:51.474" endtime="20200327 21:39:52.473"></status>
</kw>
<kw name="UpdateSeller to convert" library="UpdateSeller_Status_API">
<arguments>
<arg>${TokenEscrow}</arg>
<arg>@{escrowCompId}[0]</arg>
<arg>${SellerId}</arg>
<arg>${3}</arg>
</arguments>
<kw name="Create Session" library="RequestsLibrary">
<doc>Create Session: create a HTTP session to a server</doc>
<arguments>
<arg>UpdateSeller</arg>
<arg>http://172.31.2.28/escrow_core/api/v1</arg>
</arguments>
<msg timestamp="20200327 21:39:52.476" level="INFO">Creating Session using : alias=UpdateSeller, url=http://172.31.2.28/escrow_core/api/v1, headers={},                     cookies={}, auth=None, timeout=None, proxies=None, verify=False,                     debug=0 </msg>
<status status="PASS" starttime="20200327 21:39:52.475" endtime="20200327 21:39:52.478"></status>
</kw>
<kw name="Convert To Integer" library="BuiltIn">
<doc>Converts the given item to an integer number.</doc>
<arguments>
<arg>${STATUS}</arg>
</arguments>
<assign>
<var>${STATUS1}</var>
</assign>
<msg timestamp="20200327 21:39:52.479" level="INFO">${STATUS1} = 3</msg>
<status status="PASS" starttime="20200327 21:39:52.478" endtime="20200327 21:39:52.479"></status>
</kw>
<kw name="Create Dictionary" library="BuiltIn">
<doc>Creates and returns a dictionary based on the given ``items``.</doc>
<arguments>
<arg>escrowCompanyId=${escrowCompanyID}</arg>
<arg>SELLERId=${SELLERId}</arg>
<arg>STATUS=${STATUS1}</arg>
</arguments>
<assign>
<var>${body}</var>
</assign>
<msg timestamp="20200327 21:39:52.480" level="INFO">${body} = {'escrowCompanyId': '001', 'SELLERId': ['c5e62da2-91f7-4523-a3cb-b720d27e7f78', '45536447486832'], 'STATUS': 3}</msg>
<status status="PASS" starttime="20200327 21:39:52.479" endtime="20200327 21:39:52.481"></status>
</kw>
<kw name="Set Variable" library="BuiltIn">
<doc>Returns the given values which can then be assigned to a variables.</doc>
<arguments>
<arg>bearer ${Token}</arg>
</arguments>
<assign>
<var>${AuthToken}</var>
</assign>
<msg timestamp="20200327 21:39:52.481" level="INFO">${AuthToken} = bearer eyJhbGciOiJIUzI1NiIsInR5cCI6IkpXVCJ9.eyJodHRwOi8vc2NoZW1hcy5taWNyb3NvZnQuY29tL3dzLzIwMDgvMDYvaWRlbnRpdHkvY2xhaW1zL3VzZXJkYXRhIjoiOTE1b2srbFFFM2Ird3ZBU1hsdE9QOUNsUEN1bjFzZEFFdWVtVFZ6aUc2R3puUzJa...</msg>
<status status="PASS" starttime="20200327 21:39:52.481" endtime="20200327 21:39:52.482"></status>
</kw>
<kw name="Create Dictionary" library="BuiltIn">
<doc>Creates and returns a dictionary based on the given ``items``.</doc>
<arguments>
<arg>Content-Type=application/json</arg>
<arg>Authorization=${AuthToken}</arg>
</arguments>
<assign>
<var>${header}</var>
</assign>
<msg timestamp="20200327 21:39:52.482" level="INFO">${header} = {'Content-Type': 'application/json', 'Authorization': 'bearer eyJhbGciOiJIUzI1NiIsInR5cCI6IkpXVCJ9.eyJodHRwOi8vc2NoZW1hcy5taWNyb3NvZnQuY29tL3dzLzIwMDgvMDYvaWRlbnRpdHkvY2xhaW1zL3VzZXJkYXRhIjoiOTE1b2srb...</msg>
<status status="PASS" starttime="20200327 21:39:52.482" endtime="20200327 21:39:52.483"></status>
</kw>
<kw name="Post Request" library="RequestsLibrary">
<doc>Send a POST request on the session object found using the
given `alias`</doc>
<arguments>
<arg>UpdateSeller</arg>
<arg>/seller/updatestatus</arg>
<arg>data=${body}</arg>
<arg>headers=${header}</arg>
</arguments>
<assign>
<var>${response}</var>
</assign>
<msg timestamp="20200327 21:39:52.484" level="INFO">POST Request using : uri=/seller/updatestatus, params=None, files=None, allow_redirects=True, timeout=None
headers={'User-Agent': 'python-requests/2.23.0', 'Accept-Encoding': 'gzip, deflate', 'Accept': '*/*', 'Connection': 'keep-alive', 'Content-Type': 'application/json', 'Authorization': 'bearer eyJhbGciOiJIUzI1NiIsInR5cCI6IkpXVCJ9.eyJodHRwOi8vc2NoZW1hcy5taWNyb3NvZnQuY29tL3dzLzIwMDgvMDYvaWRlbnRpdHkvY2xhaW1zL3VzZXJkYXRhIjoiOTE1b2srbFFFM2Ird3ZBU1hsdE9QOUNsUEN1bjFzZEFFdWVtVFZ6aUc2R3puUzJaUmRyMkdMV1BqUnFSQktLdklmLzUrR1JKRlRlaHpQS3N2Kzg0UkJtMDc4cUE4L1FLNlR3cVMxNHpzN0E9IiwibmJmIjoxNTg1MzI1MzkwLCJleHAiOjE1ODUzMjU0NTAsImlhdCI6MTU4NTMyNTM5MCwiaXNzIjoiZXNjcm93LWNvcmUtYXBpIiwiYXVkIjoiZXNjcm93LWNvcmUtY2xpZW50In0.MQTfw-E1D_D4K-ZpG0-CzXKjsej7S8OofWLSw4EpqdE'} 
data={"escrowCompanyId": "001", "SELLERId": ["c5e62da2-91f7-4523-a3cb-b720d27e7f78", "45536447486832"], "STATUS": 3} 
json=None</msg>
<msg timestamp="20200327 21:39:53.027" level="INFO">${response} = &lt;Response [200]&gt;</msg>
<status status="PASS" starttime="20200327 21:39:52.483" endtime="20200327 21:39:53.027"></status>
</kw>
<kw name="Should Be Equal As Strings" library="BuiltIn">
<doc>Fails if objects are unequal after converting them to strings.</doc>
<arguments>
<arg>${response.status_code}</arg>
<arg>200</arg>
</arguments>
<msg timestamp="20200327 21:39:53.028" level="INFO">Argument types are:
&lt;class 'int'&gt;
&lt;type 'unicode'&gt;</msg>
<status status="PASS" starttime="20200327 21:39:53.027" endtime="20200327 21:39:53.028"></status>
</kw>
<status status="PASS" starttime="20200327 21:39:52.474" endtime="20200327 21:39:53.028"></status>
</kw>
<kw name="UpdateSeller" library="UpdateSeller_Status_API">
<arguments>
<arg>${TokenEscrow}</arg>
<arg>@{escrowCompId}[0]</arg>
<arg>${SellerId}</arg>
<arg>${4}</arg>
<arg>000</arg>
<arg>Success</arg>
</arguments>
<kw name="Create Session" library="RequestsLibrary">
<doc>Create Session: create a HTTP session to a server</doc>
<arguments>
<arg>UpdateSeller</arg>
<arg>http://172.31.2.28/escrow_core/api/v1</arg>
</arguments>
<msg timestamp="20200327 21:39:53.030" level="INFO">Creating Session using : alias=UpdateSeller, url=http://172.31.2.28/escrow_core/api/v1, headers={},                     cookies={}, auth=None, timeout=None, proxies=None, verify=False,                     debug=0 </msg>
<status status="PASS" starttime="20200327 21:39:53.030" endtime="20200327 21:39:53.031"></status>
</kw>
<kw name="Convert To Integer" library="BuiltIn">
<doc>Converts the given item to an integer number.</doc>
<arguments>
<arg>${STATUS}</arg>
</arguments>
<assign>
<var>${STATUS1}</var>
</assign>
<msg timestamp="20200327 21:39:53.031" level="INFO">${STATUS1} = 4</msg>
<status status="PASS" starttime="20200327 21:39:53.031" endtime="20200327 21:39:53.031"></status>
</kw>
<kw name="Create Dictionary" library="BuiltIn">
<doc>Creates and returns a dictionary based on the given ``items``.</doc>
<arguments>
<arg>escrowCompanyId=${escrowCompanyID}</arg>
<arg>SELLERId=${SELLERId}</arg>
<arg>STATUS=${STATUS1}</arg>
</arguments>
<assign>
<var>${body}</var>
</assign>
<msg timestamp="20200327 21:39:53.032" level="INFO">${body} = {'escrowCompanyId': '001', 'SELLERId': ['c5e62da2-91f7-4523-a3cb-b720d27e7f78', '45536447486832'], 'STATUS': 4}</msg>
<status status="PASS" starttime="20200327 21:39:53.031" endtime="20200327 21:39:53.032"></status>
</kw>
<kw name="Set Variable" library="BuiltIn">
<doc>Returns the given values which can then be assigned to a variables.</doc>
<arguments>
<arg>bearer ${Token}</arg>
</arguments>
<assign>
<var>${AuthToken}</var>
</assign>
<msg timestamp="20200327 21:39:53.033" level="INFO">${AuthToken} = bearer eyJhbGciOiJIUzI1NiIsInR5cCI6IkpXVCJ9.eyJodHRwOi8vc2NoZW1hcy5taWNyb3NvZnQuY29tL3dzLzIwMDgvMDYvaWRlbnRpdHkvY2xhaW1zL3VzZXJkYXRhIjoiOTE1b2srbFFFM2Ird3ZBU1hsdE9QOUNsUEN1bjFzZEFFdWVtVFZ6aUc2R3puUzJa...</msg>
<status status="PASS" starttime="20200327 21:39:53.032" endtime="20200327 21:39:53.033"></status>
</kw>
<kw name="Create Dictionary" library="BuiltIn">
<doc>Creates and returns a dictionary based on the given ``items``.</doc>
<arguments>
<arg>Content-Type=application/json</arg>
<arg>Authorization=${AuthToken}</arg>
</arguments>
<assign>
<var>${header}</var>
</assign>
<msg timestamp="20200327 21:39:53.034" level="INFO">${header} = {'Content-Type': 'application/json', 'Authorization': 'bearer eyJhbGciOiJIUzI1NiIsInR5cCI6IkpXVCJ9.eyJodHRwOi8vc2NoZW1hcy5taWNyb3NvZnQuY29tL3dzLzIwMDgvMDYvaWRlbnRpdHkvY2xhaW1zL3VzZXJkYXRhIjoiOTE1b2srb...</msg>
<status status="PASS" starttime="20200327 21:39:53.033" endtime="20200327 21:39:53.034"></status>
</kw>
<kw name="Post Request" library="RequestsLibrary">
<doc>Send a POST request on the session object found using the
given `alias`</doc>
<arguments>
<arg>UpdateSeller</arg>
<arg>/seller/updatestatus</arg>
<arg>data=${body}</arg>
<arg>headers=${header}</arg>
</arguments>
<assign>
<var>${response}</var>
</assign>
<msg timestamp="20200327 21:39:53.035" level="INFO">POST Request using : uri=/seller/updatestatus, params=None, files=None, allow_redirects=True, timeout=None
headers={'User-Agent': 'python-requests/2.23.0', 'Accept-Encoding': 'gzip, deflate', 'Accept': '*/*', 'Connection': 'keep-alive', 'Content-Type': 'application/json', 'Authorization': 'bearer eyJhbGciOiJIUzI1NiIsInR5cCI6IkpXVCJ9.eyJodHRwOi8vc2NoZW1hcy5taWNyb3NvZnQuY29tL3dzLzIwMDgvMDYvaWRlbnRpdHkvY2xhaW1zL3VzZXJkYXRhIjoiOTE1b2srbFFFM2Ird3ZBU1hsdE9QOUNsUEN1bjFzZEFFdWVtVFZ6aUc2R3puUzJaUmRyMkdMV1BqUnFSQktLdklmLzUrR1JKRlRlaHpQS3N2Kzg0UkJtMDc4cUE4L1FLNlR3cVMxNHpzN0E9IiwibmJmIjoxNTg1MzI1MzkwLCJleHAiOjE1ODUzMjU0NTAsImlhdCI6MTU4NTMyNTM5MCwiaXNzIjoiZXNjcm93LWNvcmUtYXBpIiwiYXVkIjoiZXNjcm93LWNvcmUtY2xpZW50In0.MQTfw-E1D_D4K-ZpG0-CzXKjsej7S8OofWLSw4EpqdE'} 
data={"escrowCompanyId": "001", "SELLERId": ["c5e62da2-91f7-4523-a3cb-b720d27e7f78", "45536447486832"], "STATUS": 4} 
json=None</msg>
<msg timestamp="20200327 21:39:53.819" level="INFO">${response} = &lt;Response [200]&gt;</msg>
<status status="PASS" starttime="20200327 21:39:53.034" endtime="20200327 21:39:53.819"></status>
</kw>
<kw name="Log" library="BuiltIn">
<doc>Logs the given message with the given level.</doc>
<arguments>
<arg>${response.text}</arg>
<arg>console=True</arg>
</arguments>
<msg timestamp="20200327 21:39:53.819" level="INFO">{"responseCode":"E06","resDescription":"System error"}</msg>
<status status="PASS" starttime="20200327 21:39:53.819" endtime="20200327 21:39:53.820"></status>
</kw>
<kw name="Should Be Equal As Strings" library="BuiltIn">
<doc>Fails if objects are unequal after converting them to strings.</doc>
<arguments>
<arg>${response.status_code}</arg>
<arg>200</arg>
</arguments>
<msg timestamp="20200327 21:39:53.820" level="INFO">Argument types are:
&lt;class 'int'&gt;
&lt;type 'unicode'&gt;</msg>
<status status="PASS" starttime="20200327 21:39:53.820" endtime="20200327 21:39:53.821"></status>
</kw>
<kw name="Should Be Equal As Strings" library="BuiltIn">
<doc>Fails if objects are unequal after converting them to strings.</doc>
<arguments>
<arg>${response.json()['responseCode']}</arg>
<arg>${ResponseCode}</arg>
</arguments>
<msg timestamp="20200327 21:39:53.821" level="FAIL">E06 != 000</msg>
<status status="FAIL" starttime="20200327 21:39:53.821" endtime="20200327 21:39:53.822"></status>
</kw>
<status status="FAIL" starttime="20200327 21:39:53.029" endtime="20200327 21:39:53.822"></status>
</kw>
<doc>Valid: To check API response when sellerId parameter is entered Valid which is suspended and request is sent for status Terminated</doc>
<tags>
<tag>thisone1</tag>
</tags>
<status status="FAIL" starttime="20200327 21:39:50.558" endtime="20200327 21:39:53.822" critical="yes">E06 != 000</status>
</test>
<status status="FAIL" starttime="20200327 21:39:49.964" endtime="20200327 21:39:53.835"></status>
</suite>
<statistics>
<total>
<stat pass="0" fail="1">Critical Tests</stat>
<stat pass="0" fail="1">All Tests</stat>
</total>
<tag>
<stat pass="0" fail="1">thisone1</stat>
</tag>
<suite>
<stat pass="0" fail="1" id="s1" name="UpdateSellerStatus TestCases">UpdateSellerStatus TestCases</stat>
</suite>
</statistics>
<errors>
</errors>
</robot>
