<?xml version="1.0" encoding="UTF-8"?>
<robot generator="Robot 3.1.2 (Python 3.8.1 on win32)" generated="20200329 00:03:38.081" rpa="false">
<suite id="s1" name="Register Seller TestCases" source="C:\Users\perennial\PycharmProjects\EscrowAPI\TestCases\Register_API\Register_Seller_TestCases.robot">
<test id="s1-t1" name="TC_09 RegisterNewSeller Empty Mandatory Field">
<kw name="GetToken Escrow" library="Get Token">
<assign>
<var>${TokenEscrow}</var>
</assign>
<kw name="Create Session" library="RequestsLibrary">
<doc>Create Session: create a HTTP session to a server</doc>
<arguments>
<arg>Session</arg>
<arg>${URLEscrowAuthUAT}</arg>
</arguments>
<msg timestamp="20200329 00:03:39.090" level="INFO">Creating Session using : alias=Session, url=http://172.31.2.28/escrow_core/api/v1/Authentication/oauth2, headers={},                     cookies={}, auth=None, timeout=None, proxies=None, verify=False,                     debug=0 </msg>
<status status="PASS" starttime="20200329 00:03:39.090" endtime="20200329 00:03:39.091"></status>
</kw>
<kw name="Create Dictionary" library="BuiltIn">
<doc>Creates and returns a dictionary based on the given ``items``.</doc>
<arguments>
<arg>Content-Type=application/x-www-form-urlencoded</arg>
</arguments>
<assign>
<var>${header}</var>
</assign>
<msg timestamp="20200329 00:03:39.091" level="INFO">${header} = {'Content-Type': 'application/x-www-form-urlencoded'}</msg>
<status status="PASS" starttime="20200329 00:03:39.091" endtime="20200329 00:03:39.091"></status>
</kw>
<kw name="Set To Dictionary" library="Collections">
<doc>Adds the given ``key_value_pairs`` and ``items`` to the ``dictionary``.</doc>
<arguments>
<arg>${header}</arg>
<arg>Authorization</arg>
<arg>Basic ${Client_authKey}</arg>
</arguments>
<status status="PASS" starttime="20200329 00:03:39.092" endtime="20200329 00:03:39.092"></status>
</kw>
<kw name="Create Dictionary" library="BuiltIn">
<doc>Creates and returns a dictionary based on the given ``items``.</doc>
<arguments>
<arg>grant_type=client_credentials</arg>
</arguments>
<assign>
<var>${Body}</var>
</assign>
<msg timestamp="20200329 00:03:39.092" level="INFO">${Body} = {'grant_type': 'client_credentials'}</msg>
<status status="PASS" starttime="20200329 00:03:39.092" endtime="20200329 00:03:39.092"></status>
</kw>
<kw name="Post Request" library="RequestsLibrary">
<doc>Send a POST request on the session object found using the
given `alias`</doc>
<arguments>
<arg>Session</arg>
<arg>/token</arg>
<arg>data=${Body}</arg>
<arg>headers=${header}</arg>
</arguments>
<assign>
<var>${response}</var>
</assign>
<msg timestamp="20200329 00:03:39.093" level="INFO">POST Request using : uri=/token, params=None, files=None, allow_redirects=True, timeout=None
headers={'User-Agent': 'python-requests/2.23.0', 'Accept-Encoding': 'gzip, deflate', 'Accept': '*/*', 'Connection': 'keep-alive', 'Content-Type': 'application/x-www-form-urlencoded', 'Authorization': 'Basic MDAxOmthaWRlZVNlY3JldEtleVRlc3Q='} 
data=grant_type=client_credentials 
json=None</msg>
<msg timestamp="20200329 00:03:40.134" level="INFO">${response} = &lt;Response [200]&gt;</msg>
<status status="PASS" starttime="20200329 00:03:39.093" endtime="20200329 00:03:40.134"></status>
</kw>
<kw name="Should Be Equal As Strings" library="BuiltIn">
<doc>Fails if objects are unequal after converting them to strings.</doc>
<arguments>
<arg>${response.status_code}</arg>
<arg>200</arg>
</arguments>
<msg timestamp="20200329 00:03:40.135" level="INFO">Argument types are:
&lt;class 'int'&gt;
&lt;type 'unicode'&gt;</msg>
<status status="PASS" starttime="20200329 00:03:40.134" endtime="20200329 00:03:40.135"></status>
</kw>
<kw name="Log" library="BuiltIn">
<doc>Logs the given message with the given level.</doc>
<arguments>
<arg>${response.json()['accessToken']}</arg>
</arguments>
<msg timestamp="20200329 00:03:40.136" level="INFO">eyJhbGciOiJIUzI1NiIsInR5cCI6IkpXVCJ9.eyJodHRwOi8vc2NoZW1hcy5taWNyb3NvZnQuY29tL3dzLzIwMDgvMDYvaWRlbnRpdHkvY2xhaW1zL3VzZXJkYXRhIjoiOTE1b2srbFFFM2Ird3ZBU1hsdE9QNmhQRy82RXdSOVRCUGJSOUllSlBKSklYVHVUSDZpRmF5bm5meVdOU0xCVms0YjhmTSt4TzJuak5LSnV2eE1FUjQweERhQUcvOXJKS0Nmd0FNSDNLWWc9IiwibmJmIjoxNTg1NDIwNDE5LCJleHAiOjE1ODU0MjA0NzksImlhdCI6MTU4NTQyMDQxOSwiaXNzIjoiZXNjcm93LWNvcmUtYXBpIiwiYXVkIjoiZXNjcm93LWNvcmUtY2xpZW50In0.npRHSKf6FjdCDMsEj60m0F0iElPxpCSo1NA3QRXG8v4</msg>
<status status="PASS" starttime="20200329 00:03:40.136" endtime="20200329 00:03:40.136"></status>
</kw>
<msg timestamp="20200329 00:03:40.137" level="INFO">${TokenEscrow} = eyJhbGciOiJIUzI1NiIsInR5cCI6IkpXVCJ9.eyJodHRwOi8vc2NoZW1hcy5taWNyb3NvZnQuY29tL3dzLzIwMDgvMDYvaWRlbnRpdHkvY2xhaW1zL3VzZXJkYXRhIjoiOTE1b2srbFFFM2Ird3ZBU1hsdE9QNmhQRy82RXdSOVRCUGJSOUllSlBKSklYVHVUSDZpRmF...</msg>
<status status="PASS" starttime="20200329 00:03:39.090" endtime="20200329 00:03:40.137"></status>
</kw>
<kw name="Convert To Integer" library="BuiltIn">
<doc>Converts the given item to an integer number.</doc>
<arguments>
<arg>${EMPTY}</arg>
</arguments>
<assign>
<var>${compId}</var>
</assign>
<msg timestamp="20200329 00:03:40.138" level="FAIL">'' cannot be converted to an integer: ValueError: invalid literal for int() with base 10: ''</msg>
<status status="FAIL" starttime="20200329 00:03:40.137" endtime="20200329 00:03:40.138"></status>
</kw>
<doc>Empty : To verify Response when all request fields are entered empty without body</doc>
<tags>
<tag>thisone</tag>
</tags>
<status status="FAIL" starttime="20200329 00:03:39.088" endtime="20200329 00:03:40.139" critical="yes">'' cannot be converted to an integer: ValueError: invalid literal for int() with base 10: ''</status>
</test>
<status status="FAIL" starttime="20200329 00:03:38.084" endtime="20200329 00:03:40.141"></status>
</suite>
<statistics>
<total>
<stat pass="0" fail="1">Critical Tests</stat>
<stat pass="0" fail="1">All Tests</stat>
</total>
<tag>
<stat pass="0" fail="1">thisone</stat>
</tag>
<suite>
<stat pass="0" fail="1" id="s1" name="Register Seller TestCases">Register Seller TestCases</stat>
</suite>
</statistics>
<errors>
</errors>
</robot>
