<?xml version="1.0" encoding="UTF-8"?>
<robot generator="Robot 3.1.2 (Python 3.8.1 on win32)" generated="20200331 18:46:44.126" rpa="false">
<suite id="s1" name="Register Seller TestCases" source="C:\Users\perennial\PycharmProjects\EscrowAPI\TestCases\Register_API\Register_Seller_TestCases.robot">
<test id="s1-t1" name="TC_33 RegisterNewSeller Invalid TYPEOFID kyc is 1">
<kw name="GetToken Escrow" library="Get Token">
<assign>
<var>${TokenEscrow}</var>
</assign>
<kw name="Create Session" library="RequestsLibrary">
<doc>Create Session: create a HTTP session to a server</doc>
<arguments>
<arg>Session</arg>
<arg>${URLEscrowAuthUAT}</arg>
</arguments>
<msg timestamp="20200331 18:46:44.782" level="INFO">Creating Session using : alias=Session, url=http://172.31.2.28/escrow_core/api/v1/Authentication/oauth2, headers={},                     cookies={}, auth=None, timeout=None, proxies=None, verify=False,                     debug=0 </msg>
<status status="PASS" starttime="20200331 18:46:44.782" endtime="20200331 18:46:44.782"></status>
</kw>
<kw name="Create Dictionary" library="BuiltIn">
<doc>Creates and returns a dictionary based on the given ``items``.</doc>
<arguments>
<arg>Content-Type=application/x-www-form-urlencoded</arg>
</arguments>
<assign>
<var>${header}</var>
</assign>
<msg timestamp="20200331 18:46:44.783" level="INFO">${header} = {'Content-Type': 'application/x-www-form-urlencoded'}</msg>
<status status="PASS" starttime="20200331 18:46:44.783" endtime="20200331 18:46:44.784"></status>
</kw>
<kw name="Set To Dictionary" library="Collections">
<doc>Adds the given ``key_value_pairs`` and ``items`` to the ``dictionary``.</doc>
<arguments>
<arg>${header}</arg>
<arg>Authorization</arg>
<arg>Basic ${Client_authKey}</arg>
</arguments>
<status status="PASS" starttime="20200331 18:46:44.784" endtime="20200331 18:46:44.784"></status>
</kw>
<kw name="Create Dictionary" library="BuiltIn">
<doc>Creates and returns a dictionary based on the given ``items``.</doc>
<arguments>
<arg>grant_type=client_credentials</arg>
</arguments>
<assign>
<var>${Body}</var>
</assign>
<msg timestamp="20200331 18:46:44.785" level="INFO">${Body} = {'grant_type': 'client_credentials'}</msg>
<status status="PASS" starttime="20200331 18:46:44.784" endtime="20200331 18:46:44.785"></status>
</kw>
<kw name="Post Request" library="RequestsLibrary">
<doc>Send a POST request on the session object found using the
given `alias`</doc>
<arguments>
<arg>Session</arg>
<arg>/token</arg>
<arg>data=${Body}</arg>
<arg>headers=${header}</arg>
</arguments>
<assign>
<var>${response}</var>
</assign>
<msg timestamp="20200331 18:46:44.785" level="INFO">POST Request using : uri=/token, params=None, files=None, allow_redirects=True, timeout=None
headers={'User-Agent': 'python-requests/2.23.0', 'Accept-Encoding': 'gzip, deflate', 'Accept': '*/*', 'Connection': 'keep-alive', 'Content-Type': 'application/x-www-form-urlencoded', 'Authorization': 'Basic MDAxOmthaWRlZVNlY3JldEtleVRlc3Q='} 
data=grant_type=client_credentials 
json=None</msg>
<msg timestamp="20200331 18:47:05.800" level="WARN">Retrying (Retry(total=2, connect=None, read=None, redirect=None, status=None)) after connection broken by 'NewConnectionError('&lt;urllib3.connection.HTTPConnection object at 0x035277A8&gt;: Failed to establish a new connection: [WinError 10060] A connection attempt failed because the connected party did not properly respond after a period of time, or established connection failed because connected host has failed to respond')': /escrow_core/api/v1/Authentication/oauth2/token</msg>
<msg timestamp="20200331 18:47:27.007" level="WARN">Retrying (Retry(total=1, connect=None, read=None, redirect=None, status=None)) after connection broken by 'NewConnectionError('&lt;urllib3.connection.HTTPConnection object at 0x03527C40&gt;: Failed to establish a new connection: [WinError 10060] A connection attempt failed because the connected party did not properly respond after a period of time, or established connection failed because connected host has failed to respond')': /escrow_core/api/v1/Authentication/oauth2/token</msg>
<msg timestamp="20200331 18:47:48.424" level="WARN">Retrying (Retry(total=0, connect=None, read=None, redirect=None, status=None)) after connection broken by 'NewConnectionError('&lt;urllib3.connection.HTTPConnection object at 0x03527CA0&gt;: Failed to establish a new connection: [WinError 10060] A connection attempt failed because the connected party did not properly respond after a period of time, or established connection failed because connected host has failed to respond')': /escrow_core/api/v1/Authentication/oauth2/token</msg>
<msg timestamp="20200331 18:47:48.945" level="INFO">${response} = &lt;Response [200]&gt;</msg>
<status status="PASS" starttime="20200331 18:46:44.785" endtime="20200331 18:47:48.945"></status>
</kw>
<kw name="Should Be Equal As Strings" library="BuiltIn">
<doc>Fails if objects are unequal after converting them to strings.</doc>
<arguments>
<arg>${response.status_code}</arg>
<arg>200</arg>
</arguments>
<msg timestamp="20200331 18:47:48.947" level="INFO">Argument types are:
&lt;class 'int'&gt;
&lt;type 'unicode'&gt;</msg>
<status status="PASS" starttime="20200331 18:47:48.946" endtime="20200331 18:47:48.947"></status>
</kw>
<kw name="Log" library="BuiltIn">
<doc>Logs the given message with the given level.</doc>
<arguments>
<arg>${response.json()['accessToken']}</arg>
</arguments>
<msg timestamp="20200331 18:47:48.948" level="INFO">eyJhbGciOiJIUzI1NiIsInR5cCI6IkpXVCJ9.eyJodHRwOi8vc2NoZW1hcy5taWNyb3NvZnQuY29tL3dzLzIwMDgvMDYvaWRlbnRpdHkvY2xhaW1zL3VzZXJkYXRhIjoiOTE1b2srbFFFM2Ird3ZBU1hsdE9QeGJIRVNLVkdHOG5CT3FCS0R1dHcxdW0wM0pIa093Ym84V3RrRVlPRjhtVTg5elozVi85a2dzY1hVcVVTRC94VVk2V3gzS0JWdlE2MXFRbzRDa2g5VjQ9IiwibmJmIjoxNTg1NjYwNjY3LCJleHAiOjE1ODU2NjA3MjcsImlhdCI6MTU4NTY2MDY2NywiaXNzIjoiZXNjcm93LWNvcmUtYXBpIiwiYXVkIjoiZXNjcm93LWNvcmUtY2xpZW50In0.EXeWYqtFeGQdxArdZFKHW7ED9IijWXmcGd95YF0s8tA</msg>
<status status="PASS" starttime="20200331 18:47:48.947" endtime="20200331 18:47:48.948"></status>
</kw>
<msg timestamp="20200331 18:47:48.948" level="INFO">${TokenEscrow} = eyJhbGciOiJIUzI1NiIsInR5cCI6IkpXVCJ9.eyJodHRwOi8vc2NoZW1hcy5taWNyb3NvZnQuY29tL3dzLzIwMDgvMDYvaWRlbnRpdHkvY2xhaW1zL3VzZXJkYXRhIjoiOTE1b2srbFFFM2Ird3ZBU1hsdE9QeGJIRVNLVkdHOG5CT3FCS0R1dHcxdW0wM0pIa093Ym8...</msg>
<status status="PASS" starttime="20200331 18:46:44.781" endtime="20200331 18:47:48.948"></status>
</kw>
<kw name="Randome_IDNumber" library="Register_Global_Keywords">
<assign>
<var>${Idr}</var>
</assign>
<kw name="Generate Random String" library="String">
<doc>Generates a string with a desired ``length`` from the given ``chars``.</doc>
<arguments>
<arg>14</arg>
<arg>[NUMBERS]</arg>
</arguments>
<assign>
<var>${Id}</var>
</assign>
<msg timestamp="20200331 18:47:48.990" level="INFO">${Id} = 12250807116514</msg>
<status status="PASS" starttime="20200331 18:47:48.989" endtime="20200331 18:47:48.990"></status>
</kw>
<kw name="Set Global Variable" library="BuiltIn">
<doc>Makes a variable available globally in all tests and suites.</doc>
<arguments>
<arg>${IdNumber}</arg>
<arg>${Id}</arg>
</arguments>
<msg timestamp="20200331 18:47:48.991" level="INFO">${IdNumber} = 12250807116514</msg>
<status status="PASS" starttime="20200331 18:47:48.990" endtime="20200331 18:47:48.991"></status>
</kw>
<msg timestamp="20200331 18:47:48.992" level="INFO">${Idr} = 12250807116514</msg>
<status status="PASS" starttime="20200331 18:47:48.988" endtime="20200331 18:47:48.992"></status>
</kw>
<kw name="RegisterSeller Invalid TYPEOFID kyc is 1 @post" library="Register_Seller_API">
<arguments>
<arg>${TokenEscrow}</arg>
<arg>@{type_id_passport}[0]</arg>
<arg>@{type_id_passport}[1]</arg>
<arg>@{type_id_passport}[2]</arg>
<arg>@{type_id_passport}[5]</arg>
<arg>@{Kyc1_Data}[1]</arg>
<arg>${Idr}</arg>
<arg>${33}</arg>
<arg>${1}</arg>
<arg>R01</arg>
<arg>Validation failed</arg>
</arguments>
<kw name="Create Session" library="RequestsLibrary">
<doc>Create Session: create a HTTP session to a server</doc>
<arguments>
<arg>RegisterNewSeller</arg>
<arg>http://172.31.2.28/escrow_core/api/v1</arg>
</arguments>
<msg timestamp="20200331 18:47:48.995" level="INFO">Creating Session using : alias=RegisterNewSeller, url=http://172.31.2.28/escrow_core/api/v1, headers={},                     cookies={}, auth=None, timeout=None, proxies=None, verify=False,                     debug=0 </msg>
<status status="PASS" starttime="20200331 18:47:48.994" endtime="20200331 18:47:48.996"></status>
</kw>
<kw name="Convert To Integer" library="BuiltIn">
<doc>Converts the given item to an integer number.</doc>
<arguments>
<arg>${typeOfID}</arg>
</arguments>
<assign>
<var>${typeID}</var>
</assign>
<msg timestamp="20200331 18:47:48.997" level="INFO">${typeID} = 33</msg>
<status status="PASS" starttime="20200331 18:47:48.996" endtime="20200331 18:47:48.997"></status>
</kw>
<kw name="Convert To Integer" library="BuiltIn">
<doc>Converts the given item to an integer number.</doc>
<arguments>
<arg>${kycRequest}</arg>
</arguments>
<assign>
<var>${KeyReq}</var>
</assign>
<msg timestamp="20200331 18:47:48.998" level="INFO">${KeyReq} = 1</msg>
<status status="PASS" starttime="20200331 18:47:48.997" endtime="20200331 18:47:48.998"></status>
</kw>
<kw name="Create Dictionary" library="BuiltIn">
<doc>Creates and returns a dictionary based on the given ``items``.</doc>
<arguments>
<arg>escrowCompanyId=${escrowCompanyID}</arg>
<arg>firstNameLocal=${firstNameLocal}</arg>
<arg>lastNameLocal=${lastNameLocal}</arg>
<arg>dateOfBirth=${dateOfBirth}</arg>
<arg>otherVerification=${otherVerification}</arg>
<arg>idNumber=${idNumber}</arg>
<arg>typeOfId=${typeID}</arg>
<arg>kycRequest=${KeyReq}</arg>
</arguments>
<assign>
<var>${body}</var>
</assign>
<msg timestamp="20200331 18:47:49.000" level="INFO">${body} = {'escrowCompanyId': '001', 'firstNameLocal': 'ปฏิทัศน์', 'lastNameLocal': 'กิจการ', 'dateOfBirth': '08/03/1992', 'otherVerification': 'PP3xxxx33786', 'idNumber': '12250807116514', 'typeOfId': 33, 'kyc...</msg>
<status status="PASS" starttime="20200331 18:47:48.998" endtime="20200331 18:47:49.000"></status>
</kw>
<kw name="Set Variable" library="BuiltIn">
<doc>Returns the given values which can then be assigned to a variables.</doc>
<arguments>
<arg>bearer ${Token}</arg>
</arguments>
<assign>
<var>${AuthToken}</var>
</assign>
<msg timestamp="20200331 18:47:49.001" level="INFO">${AuthToken} = bearer eyJhbGciOiJIUzI1NiIsInR5cCI6IkpXVCJ9.eyJodHRwOi8vc2NoZW1hcy5taWNyb3NvZnQuY29tL3dzLzIwMDgvMDYvaWRlbnRpdHkvY2xhaW1zL3VzZXJkYXRhIjoiOTE1b2srbFFFM2Ird3ZBU1hsdE9QeGJIRVNLVkdHOG5CT3FCS0R1dHcxdW0wM0pI...</msg>
<status status="PASS" starttime="20200331 18:47:49.001" endtime="20200331 18:47:49.001"></status>
</kw>
<kw name="Create Dictionary" library="BuiltIn">
<doc>Creates and returns a dictionary based on the given ``items``.</doc>
<arguments>
<arg>Content-Type=application/json</arg>
<arg>Authorization=${AuthToken}</arg>
</arguments>
<assign>
<var>${header}</var>
</assign>
<msg timestamp="20200331 18:47:49.003" level="INFO">${header} = {'Content-Type': 'application/json', 'Authorization': 'bearer eyJhbGciOiJIUzI1NiIsInR5cCI6IkpXVCJ9.eyJodHRwOi8vc2NoZW1hcy5taWNyb3NvZnQuY29tL3dzLzIwMDgvMDYvaWRlbnRpdHkvY2xhaW1zL3VzZXJkYXRhIjoiOTE1b2srb...</msg>
<status status="PASS" starttime="20200331 18:47:49.002" endtime="20200331 18:47:49.003"></status>
</kw>
<kw name="Post Request" library="RequestsLibrary">
<doc>Send a POST request on the session object found using the
given `alias`</doc>
<arguments>
<arg>RegisterNewSeller</arg>
<arg>/seller/register</arg>
<arg>data=${body}</arg>
<arg>headers=${header}</arg>
</arguments>
<assign>
<var>${response}</var>
</assign>
<msg timestamp="20200331 18:47:49.004" level="INFO">POST Request using : uri=/seller/register, params=None, files=None, allow_redirects=True, timeout=None
headers={'User-Agent': 'python-requests/2.23.0', 'Accept-Encoding': 'gzip, deflate', 'Accept': '*/*', 'Connection': 'keep-alive', 'Content-Type': 'application/json', 'Authorization': 'bearer eyJhbGciOiJIUzI1NiIsInR5cCI6IkpXVCJ9.eyJodHRwOi8vc2NoZW1hcy5taWNyb3NvZnQuY29tL3dzLzIwMDgvMDYvaWRlbnRpdHkvY2xhaW1zL3VzZXJkYXRhIjoiOTE1b2srbFFFM2Ird3ZBU1hsdE9QeGJIRVNLVkdHOG5CT3FCS0R1dHcxdW0wM0pIa093Ym84V3RrRVlPRjhtVTg5elozVi85a2dzY1hVcVVTRC94VVk2V3gzS0JWdlE2MXFRbzRDa2g5VjQ9IiwibmJmIjoxNTg1NjYwNjY3LCJleHAiOjE1ODU2NjA3MjcsImlhdCI6MTU4NTY2MDY2NywiaXNzIjoiZXNjcm93LWNvcmUtYXBpIiwiYXVkIjoiZXNjcm93LWNvcmUtY2xpZW50In0.EXeWYqtFeGQdxArdZFKHW7ED9IijWXmcGd95YF0s8tA'} 
data={"escrowCompanyId": "001", "firstNameLocal": "\u0e1b\u0e0f\u0e34\u0e17\u0e31\u0e28\u0e19\u0e4c", "lastNameLocal": "\u0e01\u0e34\u0e08\u0e01\u0e32\u0e23", "dateOfBirth": "08/03/1992", "otherVerification": "PP3xxxx33786", "idNumber": "12250807116514", "typeOfId": 33, "kycRequest": 1} 
json=None</msg>
<msg timestamp="20200331 18:47:49.660" level="INFO">${response} = &lt;Response [200]&gt;</msg>
<status status="PASS" starttime="20200331 18:47:49.003" endtime="20200331 18:47:49.660"></status>
</kw>
<kw name="Log" library="BuiltIn">
<doc>Logs the given message with the given level.</doc>
<arguments>
<arg>${response.text}</arg>
<arg>console=True</arg>
</arguments>
<msg timestamp="20200331 18:47:49.661" level="INFO">{"sellerId":null,"responseCode":"E03","resDescription":"Invalid request"}</msg>
<status status="PASS" starttime="20200331 18:47:49.660" endtime="20200331 18:47:49.661"></status>
</kw>
<kw name="Should Be Equal As Strings" library="BuiltIn">
<doc>Fails if objects are unequal after converting them to strings.</doc>
<arguments>
<arg>${response.status_code}</arg>
<arg>200</arg>
</arguments>
<msg timestamp="20200331 18:47:49.662" level="INFO">Argument types are:
&lt;class 'int'&gt;
&lt;type 'unicode'&gt;</msg>
<status status="PASS" starttime="20200331 18:47:49.662" endtime="20200331 18:47:49.663"></status>
</kw>
<kw name="Should Be Equal As Strings" library="BuiltIn">
<doc>Fails if objects are unequal after converting them to strings.</doc>
<arguments>
<arg>${response.json()['responseCode']}</arg>
<arg>${ResponseCode}</arg>
</arguments>
<msg timestamp="20200331 18:47:49.664" level="FAIL">E03 != R01</msg>
<status status="FAIL" starttime="20200331 18:47:49.663" endtime="20200331 18:47:49.664"></status>
</kw>
<status status="FAIL" starttime="20200331 18:47:48.992" endtime="20200331 18:47:49.664"></status>
</kw>
<doc>Invalid: To Verify response if we enter Invalid typeOfId and request is sent with all mandatory fields with KYCRequest=1 and valid IdNumber</doc>
<tags>
<tag>R011</tag>
</tags>
<status status="FAIL" starttime="20200331 18:46:44.780" endtime="20200331 18:47:49.665" critical="yes">E03 != R01</status>
</test>
<status status="FAIL" starttime="20200331 18:46:44.129" endtime="20200331 18:47:49.667"></status>
</suite>
<statistics>
<total>
<stat pass="0" fail="1">Critical Tests</stat>
<stat pass="0" fail="1">All Tests</stat>
</total>
<tag>
<stat pass="0" fail="1">R011</stat>
</tag>
<suite>
<stat pass="0" fail="1" id="s1" name="Register Seller TestCases">Register Seller TestCases</stat>
</suite>
</statistics>
<errors>
<msg timestamp="20200331 18:47:05.800" level="WARN">Retrying (Retry(total=2, connect=None, read=None, redirect=None, status=None)) after connection broken by 'NewConnectionError('&lt;urllib3.connection.HTTPConnection object at 0x035277A8&gt;: Failed to establish a new connection: [WinError 10060] A connection attempt failed because the connected party did not properly respond after a period of time, or established connection failed because connected host has failed to respond')': /escrow_core/api/v1/Authentication/oauth2/token</msg>
<msg timestamp="20200331 18:47:27.007" level="WARN">Retrying (Retry(total=1, connect=None, read=None, redirect=None, status=None)) after connection broken by 'NewConnectionError('&lt;urllib3.connection.HTTPConnection object at 0x03527C40&gt;: Failed to establish a new connection: [WinError 10060] A connection attempt failed because the connected party did not properly respond after a period of time, or established connection failed because connected host has failed to respond')': /escrow_core/api/v1/Authentication/oauth2/token</msg>
<msg timestamp="20200331 18:47:48.424" level="WARN">Retrying (Retry(total=0, connect=None, read=None, redirect=None, status=None)) after connection broken by 'NewConnectionError('&lt;urllib3.connection.HTTPConnection object at 0x03527CA0&gt;: Failed to establish a new connection: [WinError 10060] A connection attempt failed because the connected party did not properly respond after a period of time, or established connection failed because connected host has failed to respond')': /escrow_core/api/v1/Authentication/oauth2/token</msg>
</errors>
</robot>
