<?xml version="1.0" encoding="UTF-8"?>
<robot generator="Robot 3.1.2 (Python 3.8.1 on win32)" generated="20200402 09:50:13.544" rpa="false">
<suite id="s1" name="Token TestCases" source="C:\Users\perennial\PycharmProjects\EscrowAPI\TestCases\EscrowToken_API\Token_TestCases.robot">
<test id="s1-t1" name="TC_01 RegisterNewSeller with Empty JWT Token">
<kw name="Sleep" library="BuiltIn" type="setup">
<doc>Pauses the test executed for the given time.</doc>
<arguments>
<arg>2s</arg>
</arguments>
<msg timestamp="20200402 09:50:16.131" level="INFO">Slept 2 seconds</msg>
<status status="PASS" starttime="20200402 09:50:14.129" endtime="20200402 09:50:16.131"></status>
</kw>
<kw name="Randome_IDNumber" library="Register_Global_Keywords">
<assign>
<var>${IdNumber}</var>
</assign>
<kw name="Generate Random String" library="String">
<doc>Generates a string with a desired ``length`` from the given ``chars``.</doc>
<arguments>
<arg>14</arg>
<arg>[NUMBERS]</arg>
</arguments>
<assign>
<var>${Id}</var>
</assign>
<msg timestamp="20200402 09:50:16.132" level="INFO">${Id} = 69079307337262</msg>
<status status="PASS" starttime="20200402 09:50:16.132" endtime="20200402 09:50:16.132"></status>
</kw>
<kw name="Set Global Variable" library="BuiltIn">
<doc>Makes a variable available globally in all tests and suites.</doc>
<arguments>
<arg>${IdNumber}</arg>
<arg>${Id}</arg>
</arguments>
<msg timestamp="20200402 09:50:16.133" level="INFO">${IdNumber} = 69079307337262</msg>
<status status="PASS" starttime="20200402 09:50:16.133" endtime="20200402 09:50:16.133"></status>
</kw>
<msg timestamp="20200402 09:50:16.133" level="INFO">${IdNumber} = 69079307337262</msg>
<status status="PASS" starttime="20200402 09:50:16.132" endtime="20200402 09:50:16.133"></status>
</kw>
<kw name="RegisterSeller" library="Register_Seller_API">
<arguments>
<arg>${EMPTY}</arg>
<arg>@{escrowCompId}</arg>
<arg>${IdNumber}</arg>
<arg>${1}</arg>
<arg>${0}</arg>
<arg>A01</arg>
<arg>Invalid access token</arg>
</arguments>
<kw name="Create Session" library="RequestsLibrary">
<doc>Create Session: create a HTTP session to a server</doc>
<arguments>
<arg>RegisterNewSeller</arg>
<arg>http://172.31.2.28/escrow_core/api/v1</arg>
</arguments>
<msg timestamp="20200402 09:50:16.135" level="INFO">Creating Session using : alias=RegisterNewSeller, url=http://172.31.2.28/escrow_core/api/v1, headers={},                     cookies={}, auth=None, timeout=None, proxies=None, verify=False,                     debug=0 </msg>
<status status="PASS" starttime="20200402 09:50:16.134" endtime="20200402 09:50:16.135"></status>
</kw>
<kw name="Convert To Integer" library="BuiltIn">
<doc>Converts the given item to an integer number.</doc>
<arguments>
<arg>${typeOfID}</arg>
</arguments>
<assign>
<var>${typeID}</var>
</assign>
<msg timestamp="20200402 09:50:16.135" level="INFO">${typeID} = 1</msg>
<status status="PASS" starttime="20200402 09:50:16.135" endtime="20200402 09:50:16.136"></status>
</kw>
<kw name="Convert To Integer" library="BuiltIn">
<doc>Converts the given item to an integer number.</doc>
<arguments>
<arg>${kycRequest}</arg>
</arguments>
<assign>
<var>${KeyReq}</var>
</assign>
<msg timestamp="20200402 09:50:16.136" level="INFO">${KeyReq} = 0</msg>
<status status="PASS" starttime="20200402 09:50:16.136" endtime="20200402 09:50:16.136"></status>
</kw>
<kw name="Create Dictionary" library="BuiltIn">
<doc>Creates and returns a dictionary based on the given ``items``.</doc>
<arguments>
<arg>escrowCompanyId=${escrowCompanyID}</arg>
<arg>idNumber=${idNumber}</arg>
<arg>typeOfId=${typeID}</arg>
<arg>kycRequest=${KeyReq}</arg>
</arguments>
<assign>
<var>${body}</var>
</assign>
<msg timestamp="20200402 09:50:16.137" level="INFO">${body} = {'escrowCompanyId': '001', 'idNumber': '69079307337262', 'typeOfId': 1, 'kycRequest': 0}</msg>
<status status="PASS" starttime="20200402 09:50:16.136" endtime="20200402 09:50:16.137"></status>
</kw>
<kw name="Set Variable" library="BuiltIn">
<doc>Returns the given values which can then be assigned to a variables.</doc>
<arguments>
<arg>bearer ${Token}</arg>
</arguments>
<assign>
<var>${AuthToken}</var>
</assign>
<msg timestamp="20200402 09:50:16.138" level="INFO">${AuthToken} = bearer </msg>
<status status="PASS" starttime="20200402 09:50:16.137" endtime="20200402 09:50:16.138"></status>
</kw>
<kw name="Create Dictionary" library="BuiltIn">
<doc>Creates and returns a dictionary based on the given ``items``.</doc>
<arguments>
<arg>Content-Type=application/json</arg>
<arg>Authorization=${AuthToken}</arg>
</arguments>
<assign>
<var>${header}</var>
</assign>
<msg timestamp="20200402 09:50:16.138" level="INFO">${header} = {'Content-Type': 'application/json', 'Authorization': 'bearer '}</msg>
<status status="PASS" starttime="20200402 09:50:16.138" endtime="20200402 09:50:16.138"></status>
</kw>
<kw name="Post Request" library="RequestsLibrary">
<doc>Send a POST request on the session object found using the
given `alias`</doc>
<arguments>
<arg>RegisterNewSeller</arg>
<arg>/seller/register</arg>
<arg>data=${body}</arg>
<arg>headers=${header}</arg>
</arguments>
<assign>
<var>${response}</var>
</assign>
<msg timestamp="20200402 09:50:16.139" level="INFO">POST Request using : uri=/seller/register, params=None, files=None, allow_redirects=True, timeout=None
headers={'User-Agent': 'python-requests/2.23.0', 'Accept-Encoding': 'gzip, deflate', 'Accept': '*/*', 'Connection': 'keep-alive', 'Content-Type': 'application/json', 'Authorization': 'bearer '} 
data={"escrowCompanyId": "001", "idNumber": "69079307337262", "typeOfId": 1, "kycRequest": 0} 
json=None</msg>
<msg timestamp="20200402 09:50:16.628" level="INFO">${response} = &lt;Response [200]&gt;</msg>
<status status="PASS" starttime="20200402 09:50:16.138" endtime="20200402 09:50:16.628"></status>
</kw>
<kw name="Log" library="BuiltIn">
<doc>Logs the given message with the given level.</doc>
<arguments>
<arg>${response.text}</arg>
<arg>console=True</arg>
</arguments>
<msg timestamp="20200402 09:50:16.629" level="INFO">{"responseCode":"A01","resDescription":"Invalid access token"}</msg>
<status status="PASS" starttime="20200402 09:50:16.628" endtime="20200402 09:50:16.629"></status>
</kw>
<kw name="Should Be Equal As Strings" library="BuiltIn">
<doc>Fails if objects are unequal after converting them to strings.</doc>
<arguments>
<arg>${response.status_code}</arg>
<arg>200</arg>
</arguments>
<msg timestamp="20200402 09:50:16.630" level="INFO">Argument types are:
&lt;class 'int'&gt;
&lt;type 'unicode'&gt;</msg>
<status status="PASS" starttime="20200402 09:50:16.629" endtime="20200402 09:50:16.630"></status>
</kw>
<kw name="Should Be Equal As Strings" library="BuiltIn">
<doc>Fails if objects are unequal after converting them to strings.</doc>
<arguments>
<arg>${response.json()['responseCode']}</arg>
<arg>${ResponseCode}</arg>
</arguments>
<status status="PASS" starttime="20200402 09:50:16.630" endtime="20200402 09:50:16.630"></status>
</kw>
<kw name="Should Be Equal As Strings" library="BuiltIn">
<doc>Fails if objects are unequal after converting them to strings.</doc>
<arguments>
<arg>${response.json()['resDescription']}</arg>
<arg>${ResponseDescription}</arg>
</arguments>
<status status="PASS" starttime="20200402 09:50:16.631" endtime="20200402 09:50:16.631"></status>
</kw>
<status status="PASS" starttime="20200402 09:50:16.134" endtime="20200402 09:50:16.631"></status>
</kw>
<doc>Empty : To verify response for Empty JWT token.</doc>
<tags>
<tag>A01</tag>
</tags>
<status status="PASS" starttime="20200402 09:50:14.127" endtime="20200402 09:50:16.632" critical="yes"></status>
</test>
<test id="s1-t2" name="TC_02 RegisterNewSeller with Invalid JWT Token">
<kw name="Sleep" library="BuiltIn" type="setup">
<doc>Pauses the test executed for the given time.</doc>
<arguments>
<arg>2s</arg>
</arguments>
<msg timestamp="20200402 09:50:18.635" level="INFO">Slept 2 seconds</msg>
<status status="PASS" starttime="20200402 09:50:16.634" endtime="20200402 09:50:18.635"></status>
</kw>
<kw name="GetToken Escrow" library="Get Token">
<assign>
<var>${TokenEscrow}</var>
</assign>
<kw name="Create Session" library="RequestsLibrary">
<doc>Create Session: create a HTTP session to a server</doc>
<arguments>
<arg>Session</arg>
<arg>${URLEscrowAuthUAT}</arg>
</arguments>
<msg timestamp="20200402 09:50:18.637" level="INFO">Creating Session using : alias=Session, url=http://172.31.2.28/escrow_core/api/v1/Authentication/oauth2, headers={},                     cookies={}, auth=None, timeout=None, proxies=None, verify=False,                     debug=0 </msg>
<status status="PASS" starttime="20200402 09:50:18.636" endtime="20200402 09:50:18.637"></status>
</kw>
<kw name="Create Dictionary" library="BuiltIn">
<doc>Creates and returns a dictionary based on the given ``items``.</doc>
<arguments>
<arg>Content-Type=application/x-www-form-urlencoded</arg>
</arguments>
<assign>
<var>${header}</var>
</assign>
<msg timestamp="20200402 09:50:18.637" level="INFO">${header} = {'Content-Type': 'application/x-www-form-urlencoded'}</msg>
<status status="PASS" starttime="20200402 09:50:18.637" endtime="20200402 09:50:18.637"></status>
</kw>
<kw name="Set To Dictionary" library="Collections">
<doc>Adds the given ``key_value_pairs`` and ``items`` to the ``dictionary``.</doc>
<arguments>
<arg>${header}</arg>
<arg>Authorization</arg>
<arg>Basic ${Client_authKey}</arg>
</arguments>
<status status="PASS" starttime="20200402 09:50:18.638" endtime="20200402 09:50:18.638"></status>
</kw>
<kw name="Create Dictionary" library="BuiltIn">
<doc>Creates and returns a dictionary based on the given ``items``.</doc>
<arguments>
<arg>grant_type=client_credentials</arg>
</arguments>
<assign>
<var>${Body}</var>
</assign>
<msg timestamp="20200402 09:50:18.638" level="INFO">${Body} = {'grant_type': 'client_credentials'}</msg>
<status status="PASS" starttime="20200402 09:50:18.638" endtime="20200402 09:50:18.638"></status>
</kw>
<kw name="Post Request" library="RequestsLibrary">
<doc>Send a POST request on the session object found using the
given `alias`</doc>
<arguments>
<arg>Session</arg>
<arg>/token</arg>
<arg>data=${Body}</arg>
<arg>headers=${header}</arg>
</arguments>
<assign>
<var>${response}</var>
</assign>
<msg timestamp="20200402 09:50:18.639" level="INFO">POST Request using : uri=/token, params=None, files=None, allow_redirects=True, timeout=None
headers={'User-Agent': 'python-requests/2.23.0', 'Accept-Encoding': 'gzip, deflate', 'Accept': '*/*', 'Connection': 'keep-alive', 'Content-Type': 'application/x-www-form-urlencoded', 'Authorization': 'Basic MDAxOmthaWRlZVNlY3JldEtleVRlc3Q='} 
data=grant_type=client_credentials 
json=None</msg>
<msg timestamp="20200402 09:50:19.201" level="INFO">${response} = &lt;Response [200]&gt;</msg>
<status status="PASS" starttime="20200402 09:50:18.639" endtime="20200402 09:50:19.201"></status>
</kw>
<kw name="Should Be Equal As Strings" library="BuiltIn">
<doc>Fails if objects are unequal after converting them to strings.</doc>
<arguments>
<arg>${response.status_code}</arg>
<arg>200</arg>
</arguments>
<msg timestamp="20200402 09:50:19.202" level="INFO">Argument types are:
&lt;class 'int'&gt;
&lt;type 'unicode'&gt;</msg>
<status status="PASS" starttime="20200402 09:50:19.201" endtime="20200402 09:50:19.202"></status>
</kw>
<kw name="Log" library="BuiltIn">
<doc>Logs the given message with the given level.</doc>
<arguments>
<arg>${response.json()['accessToken']}</arg>
</arguments>
<msg timestamp="20200402 09:50:19.202" level="INFO">eyJhbGciOiJIUzI1NiIsInR5cCI6IkpXVCJ9.eyJodHRwOi8vc2NoZW1hcy5taWNyb3NvZnQuY29tL3dzLzIwMDgvMDYvaWRlbnRpdHkvY2xhaW1zL3VzZXJkYXRhIjoiOTE1b2srbFFFM2Ird3ZBU1hsdE9QMEY3UnV4cTJSTE5JOTNuTGFQL0piZGJraEd4VXkrUjFVTnNiLzBZV3J4NldKTzhIbmY2K0pXaVg2aFBSL2FzZzQwalB4NThnSnljVHBkRDhJeHkrSzg9IiwibmJmIjoxNTg1ODAxMjE3LCJleHAiOjE1ODU4MDEyNzcsImlhdCI6MTU4NTgwMTIxNywiaXNzIjoiZXNjcm93LWNvcmUtYXBpIiwiYXVkIjoiZXNjcm93LWNvcmUtY2xpZW50In0.bwfJNbyu-QOhY7E52wCKgVW-js_bupgs7qrHxXZXlmE</msg>
<status status="PASS" starttime="20200402 09:50:19.202" endtime="20200402 09:50:19.203"></status>
</kw>
<msg timestamp="20200402 09:50:19.203" level="INFO">${TokenEscrow} = eyJhbGciOiJIUzI1NiIsInR5cCI6IkpXVCJ9.eyJodHRwOi8vc2NoZW1hcy5taWNyb3NvZnQuY29tL3dzLzIwMDgvMDYvaWRlbnRpdHkvY2xhaW1zL3VzZXJkYXRhIjoiOTE1b2srbFFFM2Ird3ZBU1hsdE9QMEY3UnV4cTJSTE5JOTNuTGFQL0piZGJraEd4VXkrUjF...</msg>
<status status="PASS" starttime="20200402 09:50:18.636" endtime="20200402 09:50:19.203"></status>
</kw>
<kw name="Randome_IDNumber" library="Register_Global_Keywords">
<assign>
<var>${IdNumber}</var>
</assign>
<kw name="Generate Random String" library="String">
<doc>Generates a string with a desired ``length`` from the given ``chars``.</doc>
<arguments>
<arg>14</arg>
<arg>[NUMBERS]</arg>
</arguments>
<assign>
<var>${Id}</var>
</assign>
<msg timestamp="20200402 09:50:19.204" level="INFO">${Id} = 00292848636710</msg>
<status status="PASS" starttime="20200402 09:50:19.204" endtime="20200402 09:50:19.204"></status>
</kw>
<kw name="Set Global Variable" library="BuiltIn">
<doc>Makes a variable available globally in all tests and suites.</doc>
<arguments>
<arg>${IdNumber}</arg>
<arg>${Id}</arg>
</arguments>
<msg timestamp="20200402 09:50:19.205" level="INFO">${IdNumber} = 00292848636710</msg>
<status status="PASS" starttime="20200402 09:50:19.205" endtime="20200402 09:50:19.205"></status>
</kw>
<msg timestamp="20200402 09:50:19.205" level="INFO">${IdNumber} = 00292848636710</msg>
<status status="PASS" starttime="20200402 09:50:19.204" endtime="20200402 09:50:19.205"></status>
</kw>
<kw name="RegisterSeller" library="Register_Seller_API">
<arguments>
<arg>${TokenEscrow}1a2b3</arg>
<arg>@{escrowCompId}</arg>
<arg>${IdNumber}</arg>
<arg>${1}</arg>
<arg>${0}</arg>
<arg>A01</arg>
<arg>Invalid access token</arg>
</arguments>
<kw name="Create Session" library="RequestsLibrary">
<doc>Create Session: create a HTTP session to a server</doc>
<arguments>
<arg>RegisterNewSeller</arg>
<arg>http://172.31.2.28/escrow_core/api/v1</arg>
</arguments>
<msg timestamp="20200402 09:50:19.207" level="INFO">Creating Session using : alias=RegisterNewSeller, url=http://172.31.2.28/escrow_core/api/v1, headers={},                     cookies={}, auth=None, timeout=None, proxies=None, verify=False,                     debug=0 </msg>
<status status="PASS" starttime="20200402 09:50:19.206" endtime="20200402 09:50:19.207"></status>
</kw>
<kw name="Convert To Integer" library="BuiltIn">
<doc>Converts the given item to an integer number.</doc>
<arguments>
<arg>${typeOfID}</arg>
</arguments>
<assign>
<var>${typeID}</var>
</assign>
<msg timestamp="20200402 09:50:19.207" level="INFO">${typeID} = 1</msg>
<status status="PASS" starttime="20200402 09:50:19.207" endtime="20200402 09:50:19.207"></status>
</kw>
<kw name="Convert To Integer" library="BuiltIn">
<doc>Converts the given item to an integer number.</doc>
<arguments>
<arg>${kycRequest}</arg>
</arguments>
<assign>
<var>${KeyReq}</var>
</assign>
<msg timestamp="20200402 09:50:19.208" level="INFO">${KeyReq} = 0</msg>
<status status="PASS" starttime="20200402 09:50:19.208" endtime="20200402 09:50:19.208"></status>
</kw>
<kw name="Create Dictionary" library="BuiltIn">
<doc>Creates and returns a dictionary based on the given ``items``.</doc>
<arguments>
<arg>escrowCompanyId=${escrowCompanyID}</arg>
<arg>idNumber=${idNumber}</arg>
<arg>typeOfId=${typeID}</arg>
<arg>kycRequest=${KeyReq}</arg>
</arguments>
<assign>
<var>${body}</var>
</assign>
<msg timestamp="20200402 09:50:19.209" level="INFO">${body} = {'escrowCompanyId': '001', 'idNumber': '00292848636710', 'typeOfId': 1, 'kycRequest': 0}</msg>
<status status="PASS" starttime="20200402 09:50:19.208" endtime="20200402 09:50:19.209"></status>
</kw>
<kw name="Set Variable" library="BuiltIn">
<doc>Returns the given values which can then be assigned to a variables.</doc>
<arguments>
<arg>bearer ${Token}</arg>
</arguments>
<assign>
<var>${AuthToken}</var>
</assign>
<msg timestamp="20200402 09:50:19.210" level="INFO">${AuthToken} = bearer eyJhbGciOiJIUzI1NiIsInR5cCI6IkpXVCJ9.eyJodHRwOi8vc2NoZW1hcy5taWNyb3NvZnQuY29tL3dzLzIwMDgvMDYvaWRlbnRpdHkvY2xhaW1zL3VzZXJkYXRhIjoiOTE1b2srbFFFM2Ird3ZBU1hsdE9QMEY3UnV4cTJSTE5JOTNuTGFQL0piZGJraEd4...</msg>
<status status="PASS" starttime="20200402 09:50:19.209" endtime="20200402 09:50:19.210"></status>
</kw>
<kw name="Create Dictionary" library="BuiltIn">
<doc>Creates and returns a dictionary based on the given ``items``.</doc>
<arguments>
<arg>Content-Type=application/json</arg>
<arg>Authorization=${AuthToken}</arg>
</arguments>
<assign>
<var>${header}</var>
</assign>
<msg timestamp="20200402 09:50:19.211" level="INFO">${header} = {'Content-Type': 'application/json', 'Authorization': 'bearer eyJhbGciOiJIUzI1NiIsInR5cCI6IkpXVCJ9.eyJodHRwOi8vc2NoZW1hcy5taWNyb3NvZnQuY29tL3dzLzIwMDgvMDYvaWRlbnRpdHkvY2xhaW1zL3VzZXJkYXRhIjoiOTE1b2srb...</msg>
<status status="PASS" starttime="20200402 09:50:19.210" endtime="20200402 09:50:19.211"></status>
</kw>
<kw name="Post Request" library="RequestsLibrary">
<doc>Send a POST request on the session object found using the
given `alias`</doc>
<arguments>
<arg>RegisterNewSeller</arg>
<arg>/seller/register</arg>
<arg>data=${body}</arg>
<arg>headers=${header}</arg>
</arguments>
<assign>
<var>${response}</var>
</assign>
<msg timestamp="20200402 09:50:19.212" level="INFO">POST Request using : uri=/seller/register, params=None, files=None, allow_redirects=True, timeout=None
headers={'User-Agent': 'python-requests/2.23.0', 'Accept-Encoding': 'gzip, deflate', 'Accept': '*/*', 'Connection': 'keep-alive', 'Content-Type': 'application/json', 'Authorization': 'bearer eyJhbGciOiJIUzI1NiIsInR5cCI6IkpXVCJ9.eyJodHRwOi8vc2NoZW1hcy5taWNyb3NvZnQuY29tL3dzLzIwMDgvMDYvaWRlbnRpdHkvY2xhaW1zL3VzZXJkYXRhIjoiOTE1b2srbFFFM2Ird3ZBU1hsdE9QMEY3UnV4cTJSTE5JOTNuTGFQL0piZGJraEd4VXkrUjFVTnNiLzBZV3J4NldKTzhIbmY2K0pXaVg2aFBSL2FzZzQwalB4NThnSnljVHBkRDhJeHkrSzg9IiwibmJmIjoxNTg1ODAxMjE3LCJleHAiOjE1ODU4MDEyNzcsImlhdCI6MTU4NTgwMTIxNywiaXNzIjoiZXNjcm93LWNvcmUtYXBpIiwiYXVkIjoiZXNjcm93LWNvcmUtY2xpZW50In0.bwfJNbyu-QOhY7E52wCKgVW-js_bupgs7qrHxXZXlmE1a2b3'} 
data={"escrowCompanyId": "001", "idNumber": "00292848636710", "typeOfId": 1, "kycRequest": 0} 
json=None</msg>
<msg timestamp="20200402 09:50:20.118" level="INFO">${response} = &lt;Response [200]&gt;</msg>
<status status="PASS" starttime="20200402 09:50:19.211" endtime="20200402 09:50:20.118"></status>
</kw>
<kw name="Log" library="BuiltIn">
<doc>Logs the given message with the given level.</doc>
<arguments>
<arg>${response.text}</arg>
<arg>console=True</arg>
</arguments>
<msg timestamp="20200402 09:50:20.119" level="INFO">{"responseCode":"A01","resDescription":"Invalid access token"}</msg>
<status status="PASS" starttime="20200402 09:50:20.119" endtime="20200402 09:50:20.120"></status>
</kw>
<kw name="Should Be Equal As Strings" library="BuiltIn">
<doc>Fails if objects are unequal after converting them to strings.</doc>
<arguments>
<arg>${response.status_code}</arg>
<arg>200</arg>
</arguments>
<msg timestamp="20200402 09:50:20.120" level="INFO">Argument types are:
&lt;class 'int'&gt;
&lt;type 'unicode'&gt;</msg>
<status status="PASS" starttime="20200402 09:50:20.120" endtime="20200402 09:50:20.121"></status>
</kw>
<kw name="Should Be Equal As Strings" library="BuiltIn">
<doc>Fails if objects are unequal after converting them to strings.</doc>
<arguments>
<arg>${response.json()['responseCode']}</arg>
<arg>${ResponseCode}</arg>
</arguments>
<status status="PASS" starttime="20200402 09:50:20.121" endtime="20200402 09:50:20.121"></status>
</kw>
<kw name="Should Be Equal As Strings" library="BuiltIn">
<doc>Fails if objects are unequal after converting them to strings.</doc>
<arguments>
<arg>${response.json()['resDescription']}</arg>
<arg>${ResponseDescription}</arg>
</arguments>
<status status="PASS" starttime="20200402 09:50:20.121" endtime="20200402 09:50:20.122"></status>
</kw>
<status status="PASS" starttime="20200402 09:50:19.206" endtime="20200402 09:50:20.122"></status>
</kw>
<doc>Invalid : To verify response for Invalid JWT token.</doc>
<tags>
<tag>A01</tag>
</tags>
<status status="PASS" starttime="20200402 09:50:16.633" endtime="20200402 09:50:20.122" critical="yes"></status>
</test>
<test id="s1-t3" name="TC_03 RegisterNewSeller with Expired JWT Token">
<kw name="Sleep" library="BuiltIn" type="setup">
<doc>Pauses the test executed for the given time.</doc>
<arguments>
<arg>2s</arg>
</arguments>
<msg timestamp="20200402 09:50:22.127" level="INFO">Slept 2 seconds</msg>
<status status="PASS" starttime="20200402 09:50:20.125" endtime="20200402 09:50:22.127"></status>
</kw>
<kw name="GetToken Escrow" library="Get Token">
<assign>
<var>${TokenEscrow}</var>
</assign>
<kw name="Create Session" library="RequestsLibrary">
<doc>Create Session: create a HTTP session to a server</doc>
<arguments>
<arg>Session</arg>
<arg>${URLEscrowAuthUAT}</arg>
</arguments>
<msg timestamp="20200402 09:50:22.128" level="INFO">Creating Session using : alias=Session, url=http://172.31.2.28/escrow_core/api/v1/Authentication/oauth2, headers={},                     cookies={}, auth=None, timeout=None, proxies=None, verify=False,                     debug=0 </msg>
<status status="PASS" starttime="20200402 09:50:22.128" endtime="20200402 09:50:22.129"></status>
</kw>
<kw name="Create Dictionary" library="BuiltIn">
<doc>Creates and returns a dictionary based on the given ``items``.</doc>
<arguments>
<arg>Content-Type=application/x-www-form-urlencoded</arg>
</arguments>
<assign>
<var>${header}</var>
</assign>
<msg timestamp="20200402 09:50:22.130" level="INFO">${header} = {'Content-Type': 'application/x-www-form-urlencoded'}</msg>
<status status="PASS" starttime="20200402 09:50:22.129" endtime="20200402 09:50:22.130"></status>
</kw>
<kw name="Set To Dictionary" library="Collections">
<doc>Adds the given ``key_value_pairs`` and ``items`` to the ``dictionary``.</doc>
<arguments>
<arg>${header}</arg>
<arg>Authorization</arg>
<arg>Basic ${Client_authKey}</arg>
</arguments>
<status status="PASS" starttime="20200402 09:50:22.130" endtime="20200402 09:50:22.131"></status>
</kw>
<kw name="Create Dictionary" library="BuiltIn">
<doc>Creates and returns a dictionary based on the given ``items``.</doc>
<arguments>
<arg>grant_type=client_credentials</arg>
</arguments>
<assign>
<var>${Body}</var>
</assign>
<msg timestamp="20200402 09:50:22.132" level="INFO">${Body} = {'grant_type': 'client_credentials'}</msg>
<status status="PASS" starttime="20200402 09:50:22.131" endtime="20200402 09:50:22.132"></status>
</kw>
<kw name="Post Request" library="RequestsLibrary">
<doc>Send a POST request on the session object found using the
given `alias`</doc>
<arguments>
<arg>Session</arg>
<arg>/token</arg>
<arg>data=${Body}</arg>
<arg>headers=${header}</arg>
</arguments>
<assign>
<var>${response}</var>
</assign>
<msg timestamp="20200402 09:50:22.133" level="INFO">POST Request using : uri=/token, params=None, files=None, allow_redirects=True, timeout=None
headers={'User-Agent': 'python-requests/2.23.0', 'Accept-Encoding': 'gzip, deflate', 'Accept': '*/*', 'Connection': 'keep-alive', 'Content-Type': 'application/x-www-form-urlencoded', 'Authorization': 'Basic MDAxOmthaWRlZVNlY3JldEtleVRlc3Q='} 
data=grant_type=client_credentials 
json=None</msg>
<msg timestamp="20200402 09:50:23.545" level="INFO">${response} = &lt;Response [200]&gt;</msg>
<status status="PASS" starttime="20200402 09:50:22.132" endtime="20200402 09:50:23.545"></status>
</kw>
<kw name="Should Be Equal As Strings" library="BuiltIn">
<doc>Fails if objects are unequal after converting them to strings.</doc>
<arguments>
<arg>${response.status_code}</arg>
<arg>200</arg>
</arguments>
<msg timestamp="20200402 09:50:23.545" level="INFO">Argument types are:
&lt;class 'int'&gt;
&lt;type 'unicode'&gt;</msg>
<status status="PASS" starttime="20200402 09:50:23.545" endtime="20200402 09:50:23.545"></status>
</kw>
<kw name="Log" library="BuiltIn">
<doc>Logs the given message with the given level.</doc>
<arguments>
<arg>${response.json()['accessToken']}</arg>
</arguments>
<msg timestamp="20200402 09:50:23.546" level="INFO">eyJhbGciOiJIUzI1NiIsInR5cCI6IkpXVCJ9.eyJodHRwOi8vc2NoZW1hcy5taWNyb3NvZnQuY29tL3dzLzIwMDgvMDYvaWRlbnRpdHkvY2xhaW1zL3VzZXJkYXRhIjoiOTE1b2srbFFFM2Ird3ZBU1hsdE9QMng4RElKQnpHVG1IaEF3VzNYdWVBVzY5alJQVlVsZi92VDR4MmkyekFxaUhhR0dmbHF0Ny9NdGpEY29QcDNCVzB4VndjdGp1eUVSWjVMaHV0Zi9mWVU9IiwibmJmIjoxNTg1ODAxMjIxLCJleHAiOjE1ODU4MDEyODEsImlhdCI6MTU4NTgwMTIyMSwiaXNzIjoiZXNjcm93LWNvcmUtYXBpIiwiYXVkIjoiZXNjcm93LWNvcmUtY2xpZW50In0.nEcuYfdBxuLSMifz_2MgQrb006rFLEoB2PYxZuPgEDg</msg>
<status status="PASS" starttime="20200402 09:50:23.546" endtime="20200402 09:50:23.546"></status>
</kw>
<msg timestamp="20200402 09:50:23.546" level="INFO">${TokenEscrow} = eyJhbGciOiJIUzI1NiIsInR5cCI6IkpXVCJ9.eyJodHRwOi8vc2NoZW1hcy5taWNyb3NvZnQuY29tL3dzLzIwMDgvMDYvaWRlbnRpdHkvY2xhaW1zL3VzZXJkYXRhIjoiOTE1b2srbFFFM2Ird3ZBU1hsdE9QMng4RElKQnpHVG1IaEF3VzNYdWVBVzY5alJQVlVsZi9...</msg>
<status status="PASS" starttime="20200402 09:50:22.128" endtime="20200402 09:50:23.546"></status>
</kw>
<kw name="Randome_IDNumber" library="Register_Global_Keywords">
<assign>
<var>${IdNumber}</var>
</assign>
<kw name="Generate Random String" library="String">
<doc>Generates a string with a desired ``length`` from the given ``chars``.</doc>
<arguments>
<arg>14</arg>
<arg>[NUMBERS]</arg>
</arguments>
<assign>
<var>${Id}</var>
</assign>
<msg timestamp="20200402 09:50:23.548" level="INFO">${Id} = 73246362288645</msg>
<status status="PASS" starttime="20200402 09:50:23.547" endtime="20200402 09:50:23.548"></status>
</kw>
<kw name="Set Global Variable" library="BuiltIn">
<doc>Makes a variable available globally in all tests and suites.</doc>
<arguments>
<arg>${IdNumber}</arg>
<arg>${Id}</arg>
</arguments>
<msg timestamp="20200402 09:50:23.548" level="INFO">${IdNumber} = 73246362288645</msg>
<status status="PASS" starttime="20200402 09:50:23.548" endtime="20200402 09:50:23.548"></status>
</kw>
<msg timestamp="20200402 09:50:23.548" level="INFO">${IdNumber} = 73246362288645</msg>
<status status="PASS" starttime="20200402 09:50:23.547" endtime="20200402 09:50:23.549"></status>
</kw>
<kw name="Sleep" library="BuiltIn">
<doc>Pauses the test executed for the given time.</doc>
<arguments>
<arg>7 minutes</arg>
</arguments>
<msg timestamp="20200402 09:57:23.550" level="INFO">Slept 7 minutes</msg>
<status status="PASS" starttime="20200402 09:50:23.549" endtime="20200402 09:57:23.550"></status>
</kw>
<kw name="RegisterSeller" library="Register_Seller_API">
<arguments>
<arg>${TokenEscrow}</arg>
<arg>@{escrowCompId}</arg>
<arg>${IdNumber}</arg>
<arg>${1}</arg>
<arg>${0}</arg>
<arg>A02</arg>
<arg>Access token expired</arg>
</arguments>
<kw name="Create Session" library="RequestsLibrary">
<doc>Create Session: create a HTTP session to a server</doc>
<arguments>
<arg>RegisterNewSeller</arg>
<arg>http://172.31.2.28/escrow_core/api/v1</arg>
</arguments>
<msg timestamp="20200402 09:57:23.552" level="INFO">Creating Session using : alias=RegisterNewSeller, url=http://172.31.2.28/escrow_core/api/v1, headers={},                     cookies={}, auth=None, timeout=None, proxies=None, verify=False,                     debug=0 </msg>
<status status="PASS" starttime="20200402 09:57:23.552" endtime="20200402 09:57:23.552"></status>
</kw>
<kw name="Convert To Integer" library="BuiltIn">
<doc>Converts the given item to an integer number.</doc>
<arguments>
<arg>${typeOfID}</arg>
</arguments>
<assign>
<var>${typeID}</var>
</assign>
<msg timestamp="20200402 09:57:23.553" level="INFO">${typeID} = 1</msg>
<status status="PASS" starttime="20200402 09:57:23.552" endtime="20200402 09:57:23.553"></status>
</kw>
<kw name="Convert To Integer" library="BuiltIn">
<doc>Converts the given item to an integer number.</doc>
<arguments>
<arg>${kycRequest}</arg>
</arguments>
<assign>
<var>${KeyReq}</var>
</assign>
<msg timestamp="20200402 09:57:23.553" level="INFO">${KeyReq} = 0</msg>
<status status="PASS" starttime="20200402 09:57:23.553" endtime="20200402 09:57:23.553"></status>
</kw>
<kw name="Create Dictionary" library="BuiltIn">
<doc>Creates and returns a dictionary based on the given ``items``.</doc>
<arguments>
<arg>escrowCompanyId=${escrowCompanyID}</arg>
<arg>idNumber=${idNumber}</arg>
<arg>typeOfId=${typeID}</arg>
<arg>kycRequest=${KeyReq}</arg>
</arguments>
<assign>
<var>${body}</var>
</assign>
<msg timestamp="20200402 09:57:23.554" level="INFO">${body} = {'escrowCompanyId': '001', 'idNumber': '73246362288645', 'typeOfId': 1, 'kycRequest': 0}</msg>
<status status="PASS" starttime="20200402 09:57:23.554" endtime="20200402 09:57:23.554"></status>
</kw>
<kw name="Set Variable" library="BuiltIn">
<doc>Returns the given values which can then be assigned to a variables.</doc>
<arguments>
<arg>bearer ${Token}</arg>
</arguments>
<assign>
<var>${AuthToken}</var>
</assign>
<msg timestamp="20200402 09:57:23.555" level="INFO">${AuthToken} = bearer eyJhbGciOiJIUzI1NiIsInR5cCI6IkpXVCJ9.eyJodHRwOi8vc2NoZW1hcy5taWNyb3NvZnQuY29tL3dzLzIwMDgvMDYvaWRlbnRpdHkvY2xhaW1zL3VzZXJkYXRhIjoiOTE1b2srbFFFM2Ird3ZBU1hsdE9QMng4RElKQnpHVG1IaEF3VzNYdWVBVzY5alJQ...</msg>
<status status="PASS" starttime="20200402 09:57:23.555" endtime="20200402 09:57:23.555"></status>
</kw>
<kw name="Create Dictionary" library="BuiltIn">
<doc>Creates and returns a dictionary based on the given ``items``.</doc>
<arguments>
<arg>Content-Type=application/json</arg>
<arg>Authorization=${AuthToken}</arg>
</arguments>
<assign>
<var>${header}</var>
</assign>
<msg timestamp="20200402 09:57:23.556" level="INFO">${header} = {'Content-Type': 'application/json', 'Authorization': 'bearer eyJhbGciOiJIUzI1NiIsInR5cCI6IkpXVCJ9.eyJodHRwOi8vc2NoZW1hcy5taWNyb3NvZnQuY29tL3dzLzIwMDgvMDYvaWRlbnRpdHkvY2xhaW1zL3VzZXJkYXRhIjoiOTE1b2srb...</msg>
<status status="PASS" starttime="20200402 09:57:23.555" endtime="20200402 09:57:23.556"></status>
</kw>
<kw name="Post Request" library="RequestsLibrary">
<doc>Send a POST request on the session object found using the
given `alias`</doc>
<arguments>
<arg>RegisterNewSeller</arg>
<arg>/seller/register</arg>
<arg>data=${body}</arg>
<arg>headers=${header}</arg>
</arguments>
<assign>
<var>${response}</var>
</assign>
<msg timestamp="20200402 09:57:23.557" level="INFO">POST Request using : uri=/seller/register, params=None, files=None, allow_redirects=True, timeout=None
headers={'User-Agent': 'python-requests/2.23.0', 'Accept-Encoding': 'gzip, deflate', 'Accept': '*/*', 'Connection': 'keep-alive', 'Content-Type': 'application/json', 'Authorization': 'bearer eyJhbGciOiJIUzI1NiIsInR5cCI6IkpXVCJ9.eyJodHRwOi8vc2NoZW1hcy5taWNyb3NvZnQuY29tL3dzLzIwMDgvMDYvaWRlbnRpdHkvY2xhaW1zL3VzZXJkYXRhIjoiOTE1b2srbFFFM2Ird3ZBU1hsdE9QMng4RElKQnpHVG1IaEF3VzNYdWVBVzY5alJQVlVsZi92VDR4MmkyekFxaUhhR0dmbHF0Ny9NdGpEY29QcDNCVzB4VndjdGp1eUVSWjVMaHV0Zi9mWVU9IiwibmJmIjoxNTg1ODAxMjIxLCJleHAiOjE1ODU4MDEyODEsImlhdCI6MTU4NTgwMTIyMSwiaXNzIjoiZXNjcm93LWNvcmUtYXBpIiwiYXVkIjoiZXNjcm93LWNvcmUtY2xpZW50In0.nEcuYfdBxuLSMifz_2MgQrb006rFLEoB2PYxZuPgEDg'} 
data={"escrowCompanyId": "001", "idNumber": "73246362288645", "typeOfId": 1, "kycRequest": 0} 
json=None</msg>
<msg timestamp="20200402 09:57:23.840" level="INFO">${response} = &lt;Response [200]&gt;</msg>
<status status="PASS" starttime="20200402 09:57:23.556" endtime="20200402 09:57:23.840"></status>
</kw>
<kw name="Log" library="BuiltIn">
<doc>Logs the given message with the given level.</doc>
<arguments>
<arg>${response.text}</arg>
<arg>console=True</arg>
</arguments>
<msg timestamp="20200402 09:57:23.841" level="INFO">{"responseCode":"A02","resDescription":"Access token expired"}</msg>
<status status="PASS" starttime="20200402 09:57:23.840" endtime="20200402 09:57:23.842"></status>
</kw>
<kw name="Should Be Equal As Strings" library="BuiltIn">
<doc>Fails if objects are unequal after converting them to strings.</doc>
<arguments>
<arg>${response.status_code}</arg>
<arg>200</arg>
</arguments>
<msg timestamp="20200402 09:57:23.843" level="INFO">Argument types are:
&lt;class 'int'&gt;
&lt;type 'unicode'&gt;</msg>
<status status="PASS" starttime="20200402 09:57:23.842" endtime="20200402 09:57:23.843"></status>
</kw>
<kw name="Should Be Equal As Strings" library="BuiltIn">
<doc>Fails if objects are unequal after converting them to strings.</doc>
<arguments>
<arg>${response.json()['responseCode']}</arg>
<arg>${ResponseCode}</arg>
</arguments>
<status status="PASS" starttime="20200402 09:57:23.843" endtime="20200402 09:57:23.844"></status>
</kw>
<kw name="Should Be Equal As Strings" library="BuiltIn">
<doc>Fails if objects are unequal after converting them to strings.</doc>
<arguments>
<arg>${response.json()['resDescription']}</arg>
<arg>${ResponseDescription}</arg>
</arguments>
<status status="PASS" starttime="20200402 09:57:23.845" endtime="20200402 09:57:23.846"></status>
</kw>
<status status="PASS" starttime="20200402 09:57:23.551" endtime="20200402 09:57:23.846"></status>
</kw>
<doc>Invalid : To verify response for Expired JWT token.</doc>
<tags>
<tag>A02</tag>
</tags>
<status status="PASS" starttime="20200402 09:50:20.124" endtime="20200402 09:57:23.846" critical="yes"></status>
</test>
<test id="s1-t4" name="TC_04 RegisterNewSeller with Other Company JWT Token">
<kw name="Sleep" library="BuiltIn" type="setup">
<doc>Pauses the test executed for the given time.</doc>
<arguments>
<arg>2s</arg>
</arguments>
<msg timestamp="20200402 09:57:25.850" level="INFO">Slept 2 seconds</msg>
<status status="PASS" starttime="20200402 09:57:23.849" endtime="20200402 09:57:25.850"></status>
</kw>
<kw name="GetToken BIGC" library="Get Token">
<assign>
<var>${TokenEscrow}</var>
</assign>
<kw name="Convert To Bytes" library="BuiltIn">
<doc>Converts the given ``input`` to bytes according to the ``input_type``.</doc>
<arguments>
<arg>${client_idBIGC}:${client_secretBIGC}</arg>
</arguments>
<assign>
<var>${userpass}</var>
</assign>
<msg timestamp="20200402 09:57:25.852" level="INFO">${userpass} = GIPBIGC:FpNR5nVAw0xLFAKfBbqZJB</msg>
<status status="PASS" starttime="20200402 09:57:25.851" endtime="20200402 09:57:25.852"></status>
</kw>
<kw name="Evaluate" library="BuiltIn">
<doc>Evaluates the given expression in Python and returns the results.</doc>
<arguments>
<arg>base64.b64encode($userpass)</arg>
<arg>base64</arg>
</arguments>
<assign>
<var>${userpass}</var>
</assign>
<msg timestamp="20200402 09:57:25.868" level="INFO">${userpass} = R0lQQklHQzpGcE5SNW5WQXcweExGQUtmQmJxWkpC</msg>
<status status="PASS" starttime="20200402 09:57:25.853" endtime="20200402 09:57:25.868"></status>
</kw>
<kw name="Log" library="BuiltIn">
<doc>Logs the given message with the given level.</doc>
<arguments>
<arg>${userpass}</arg>
</arguments>
<msg timestamp="20200402 09:57:25.869" level="INFO">R0lQQklHQzpGcE5SNW5WQXcweExGQUtmQmJxWkpC</msg>
<status status="PASS" starttime="20200402 09:57:25.868" endtime="20200402 09:57:25.869"></status>
</kw>
<kw name="Create Session" library="RequestsLibrary">
<doc>Create Session: create a HTTP session to a server</doc>
<arguments>
<arg>Session</arg>
<arg>${URLOAuthUAT}</arg>
</arguments>
<msg timestamp="20200402 09:57:25.870" level="INFO">Creating Session using : alias=Session, url=https://uat-oauth.2c2p.com/oauth, headers={},                     cookies={}, auth=None, timeout=None, proxies=None, verify=False,                     debug=0 </msg>
<status status="PASS" starttime="20200402 09:57:25.869" endtime="20200402 09:57:25.870"></status>
</kw>
<kw name="Create Dictionary" library="BuiltIn">
<doc>Creates and returns a dictionary based on the given ``items``.</doc>
<arguments>
<arg>Content-Type=text/plain</arg>
</arguments>
<assign>
<var>${header}</var>
</assign>
<msg timestamp="20200402 09:57:25.871" level="INFO">${header} = {'Content-Type': 'text/plain'}</msg>
<status status="PASS" starttime="20200402 09:57:25.871" endtime="20200402 09:57:25.871"></status>
</kw>
<kw name="Set To Dictionary" library="Collections">
<doc>Adds the given ``key_value_pairs`` and ``items`` to the ``dictionary``.</doc>
<arguments>
<arg>${header}</arg>
<arg>Authorization</arg>
<arg>Basic ${userpass}</arg>
</arguments>
<status status="PASS" starttime="20200402 09:57:25.872" endtime="20200402 09:57:25.872"></status>
</kw>
<kw name="Create Dictionary" library="BuiltIn">
<doc>Creates and returns a dictionary based on the given ``items``.</doc>
<arguments>
<arg>grant_type=client_credentials</arg>
</arguments>
<assign>
<var>${Body}</var>
</assign>
<msg timestamp="20200402 09:57:25.873" level="INFO">${Body} = {'grant_type': 'client_credentials'}</msg>
<status status="PASS" starttime="20200402 09:57:25.873" endtime="20200402 09:57:25.873"></status>
</kw>
<kw name="Post Request" library="RequestsLibrary">
<doc>Send a POST request on the session object found using the
given `alias`</doc>
<arguments>
<arg>Session</arg>
<arg>/token</arg>
<arg>data=${Body}</arg>
<arg>headers=${header}</arg>
</arguments>
<assign>
<var>${response}</var>
</assign>
<msg timestamp="20200402 09:57:25.875" level="INFO">POST Request using : uri=/token, params=None, files=None, allow_redirects=True, timeout=None
headers={'User-Agent': 'python-requests/2.23.0', 'Accept-Encoding': 'gzip, deflate', 'Accept': '*/*', 'Connection': 'keep-alive', 'Content-Type': 'text/plain', 'Authorization': 'Basic R0lQQklHQzpGcE5SNW5WQXcweExGQUtmQmJxWkpC'} 
data=&lt;text/plain&gt; 
json=None</msg>
<msg timestamp="20200402 09:57:26.794" level="INFO">c:\python\lib\site-packages\urllib3\connectionpool.py:997: InsecureRequestWarning: Unverified HTTPS request is being made to host 'uat-oauth.2c2p.com'. Adding certificate verification is strongly advised. See: https://urllib3.readthedocs.io/en/latest/advanced-usage.html#ssl-warnings
  warnings.warn(</msg>
<msg timestamp="20200402 09:57:26.795" level="INFO">${response} = &lt;Response [200]&gt;</msg>
<status status="PASS" starttime="20200402 09:57:25.874" endtime="20200402 09:57:26.795"></status>
</kw>
<kw name="Log" library="BuiltIn">
<doc>Logs the given message with the given level.</doc>
<arguments>
<arg>${response.text}</arg>
<arg>console=True</arg>
</arguments>
<msg timestamp="20200402 09:57:26.795" level="INFO">{"access_token":"sZYyzN0-qBfmKBzn9eqgwEKiEJfrDEZg8j5NTvs-pfobx-y8H66PcXfOYZ24qhq7ivkmRuvSAd_XTsLU7b6YuikrsCAwYCsn2-zQshd96l_xr8X1ONYaHWlzGwfPYAc4ESVPnNipCSiLYautIHcmNwBATNRyyJnbIoj9-co3mIGJYhv20TRP7rvzEQ0BQ9BmRM7-dNhnrBDmoYELKSbCDFBVtOPKmGLvq1Dth7HROsijAd9Zo9ZVOU9KCczO23xXVCjqrxG4g6AAbEGS0lPkYLeiNys","token_type":"bearer","expires_in":1799}</msg>
<status status="PASS" starttime="20200402 09:57:26.795" endtime="20200402 09:57:26.796"></status>
</kw>
<kw name="Should Be Equal As Strings" library="BuiltIn">
<doc>Fails if objects are unequal after converting them to strings.</doc>
<arguments>
<arg>${response.status_code}</arg>
<arg>200</arg>
</arguments>
<msg timestamp="20200402 09:57:26.796" level="INFO">Argument types are:
&lt;class 'int'&gt;
&lt;type 'unicode'&gt;</msg>
<status status="PASS" starttime="20200402 09:57:26.796" endtime="20200402 09:57:26.796"></status>
</kw>
<kw name="Log" library="BuiltIn">
<doc>Logs the given message with the given level.</doc>
<arguments>
<arg>${response.json()['access_token']}</arg>
</arguments>
<msg timestamp="20200402 09:57:26.797" level="INFO">sZYyzN0-qBfmKBzn9eqgwEKiEJfrDEZg8j5NTvs-pfobx-y8H66PcXfOYZ24qhq7ivkmRuvSAd_XTsLU7b6YuikrsCAwYCsn2-zQshd96l_xr8X1ONYaHWlzGwfPYAc4ESVPnNipCSiLYautIHcmNwBATNRyyJnbIoj9-co3mIGJYhv20TRP7rvzEQ0BQ9BmRM7-dNhnrBDmoYELKSbCDFBVtOPKmGLvq1Dth7HROsijAd9Zo9ZVOU9KCczO23xXVCjqrxG4g6AAbEGS0lPkYLeiNys</msg>
<status status="PASS" starttime="20200402 09:57:26.797" endtime="20200402 09:57:26.797"></status>
</kw>
<kw name="Log" library="BuiltIn">
<doc>Logs the given message with the given level.</doc>
<arguments>
<arg>${response.json()['token_type']}</arg>
</arguments>
<msg timestamp="20200402 09:57:26.798" level="INFO">bearer</msg>
<status status="PASS" starttime="20200402 09:57:26.798" endtime="20200402 09:57:26.798"></status>
</kw>
<kw name="Log" library="BuiltIn">
<doc>Logs the given message with the given level.</doc>
<arguments>
<arg>${response.json()['access_token']}</arg>
</arguments>
<msg timestamp="20200402 09:57:26.799" level="INFO">sZYyzN0-qBfmKBzn9eqgwEKiEJfrDEZg8j5NTvs-pfobx-y8H66PcXfOYZ24qhq7ivkmRuvSAd_XTsLU7b6YuikrsCAwYCsn2-zQshd96l_xr8X1ONYaHWlzGwfPYAc4ESVPnNipCSiLYautIHcmNwBATNRyyJnbIoj9-co3mIGJYhv20TRP7rvzEQ0BQ9BmRM7-dNhnrBDmoYELKSbCDFBVtOPKmGLvq1Dth7HROsijAd9Zo9ZVOU9KCczO23xXVCjqrxG4g6AAbEGS0lPkYLeiNys</msg>
<status status="PASS" starttime="20200402 09:57:26.798" endtime="20200402 09:57:26.799"></status>
</kw>
<msg timestamp="20200402 09:57:26.799" level="INFO">${TokenEscrow} = sZYyzN0-qBfmKBzn9eqgwEKiEJfrDEZg8j5NTvs-pfobx-y8H66PcXfOYZ24qhq7ivkmRuvSAd_XTsLU7b6YuikrsCAwYCsn2-zQshd96l_xr8X1ONYaHWlzGwfPYAc4ESVPnNipCSiLYautIHcmNwBATNRyyJnbIoj9-co3mIGJYhv20TRP7rvzEQ0BQ9BmRM7-dNhn...</msg>
<status status="PASS" starttime="20200402 09:57:25.850" endtime="20200402 09:57:26.799"></status>
</kw>
<kw name="Randome_IDNumber" library="Register_Global_Keywords">
<assign>
<var>${IdNumber}</var>
</assign>
<kw name="Generate Random String" library="String">
<doc>Generates a string with a desired ``length`` from the given ``chars``.</doc>
<arguments>
<arg>14</arg>
<arg>[NUMBERS]</arg>
</arguments>
<assign>
<var>${Id}</var>
</assign>
<msg timestamp="20200402 09:57:26.801" level="INFO">${Id} = 55612846649313</msg>
<status status="PASS" starttime="20200402 09:57:26.800" endtime="20200402 09:57:26.801"></status>
</kw>
<kw name="Set Global Variable" library="BuiltIn">
<doc>Makes a variable available globally in all tests and suites.</doc>
<arguments>
<arg>${IdNumber}</arg>
<arg>${Id}</arg>
</arguments>
<msg timestamp="20200402 09:57:26.801" level="INFO">${IdNumber} = 55612846649313</msg>
<status status="PASS" starttime="20200402 09:57:26.801" endtime="20200402 09:57:26.801"></status>
</kw>
<msg timestamp="20200402 09:57:26.802" level="INFO">${IdNumber} = 55612846649313</msg>
<status status="PASS" starttime="20200402 09:57:26.800" endtime="20200402 09:57:26.802"></status>
</kw>
<kw name="RegisterSeller" library="Register_Seller_API">
<arguments>
<arg>${TokenEscrow}</arg>
<arg>@{escrowCompId}</arg>
<arg>${IdNumber}</arg>
<arg>${1}</arg>
<arg>${0}</arg>
<arg>A01</arg>
<arg>Invalid access token</arg>
</arguments>
<kw name="Create Session" library="RequestsLibrary">
<doc>Create Session: create a HTTP session to a server</doc>
<arguments>
<arg>RegisterNewSeller</arg>
<arg>http://172.31.2.28/escrow_core/api/v1</arg>
</arguments>
<msg timestamp="20200402 09:57:26.803" level="INFO">Creating Session using : alias=RegisterNewSeller, url=http://172.31.2.28/escrow_core/api/v1, headers={},                     cookies={}, auth=None, timeout=None, proxies=None, verify=False,                     debug=0 </msg>
<status status="PASS" starttime="20200402 09:57:26.803" endtime="20200402 09:57:26.803"></status>
</kw>
<kw name="Convert To Integer" library="BuiltIn">
<doc>Converts the given item to an integer number.</doc>
<arguments>
<arg>${typeOfID}</arg>
</arguments>
<assign>
<var>${typeID}</var>
</assign>
<msg timestamp="20200402 09:57:26.804" level="INFO">${typeID} = 1</msg>
<status status="PASS" starttime="20200402 09:57:26.804" endtime="20200402 09:57:26.804"></status>
</kw>
<kw name="Convert To Integer" library="BuiltIn">
<doc>Converts the given item to an integer number.</doc>
<arguments>
<arg>${kycRequest}</arg>
</arguments>
<assign>
<var>${KeyReq}</var>
</assign>
<msg timestamp="20200402 09:57:26.804" level="INFO">${KeyReq} = 0</msg>
<status status="PASS" starttime="20200402 09:57:26.804" endtime="20200402 09:57:26.804"></status>
</kw>
<kw name="Create Dictionary" library="BuiltIn">
<doc>Creates and returns a dictionary based on the given ``items``.</doc>
<arguments>
<arg>escrowCompanyId=${escrowCompanyID}</arg>
<arg>idNumber=${idNumber}</arg>
<arg>typeOfId=${typeID}</arg>
<arg>kycRequest=${KeyReq}</arg>
</arguments>
<assign>
<var>${body}</var>
</assign>
<msg timestamp="20200402 09:57:26.805" level="INFO">${body} = {'escrowCompanyId': '001', 'idNumber': '55612846649313', 'typeOfId': 1, 'kycRequest': 0}</msg>
<status status="PASS" starttime="20200402 09:57:26.805" endtime="20200402 09:57:26.805"></status>
</kw>
<kw name="Set Variable" library="BuiltIn">
<doc>Returns the given values which can then be assigned to a variables.</doc>
<arguments>
<arg>bearer ${Token}</arg>
</arguments>
<assign>
<var>${AuthToken}</var>
</assign>
<msg timestamp="20200402 09:57:26.806" level="INFO">${AuthToken} = bearer sZYyzN0-qBfmKBzn9eqgwEKiEJfrDEZg8j5NTvs-pfobx-y8H66PcXfOYZ24qhq7ivkmRuvSAd_XTsLU7b6YuikrsCAwYCsn2-zQshd96l_xr8X1ONYaHWlzGwfPYAc4ESVPnNipCSiLYautIHcmNwBATNRyyJnbIoj9-co3mIGJYhv20TRP7rvzEQ0BQ9BmR...</msg>
<status status="PASS" starttime="20200402 09:57:26.806" endtime="20200402 09:57:26.806"></status>
</kw>
<kw name="Create Dictionary" library="BuiltIn">
<doc>Creates and returns a dictionary based on the given ``items``.</doc>
<arguments>
<arg>Content-Type=application/json</arg>
<arg>Authorization=${AuthToken}</arg>
</arguments>
<assign>
<var>${header}</var>
</assign>
<msg timestamp="20200402 09:57:26.807" level="INFO">${header} = {'Content-Type': 'application/json', 'Authorization': 'bearer sZYyzN0-qBfmKBzn9eqgwEKiEJfrDEZg8j5NTvs-pfobx-y8H66PcXfOYZ24qhq7ivkmRuvSAd_XTsLU7b6YuikrsCAwYCsn2-zQshd96l_xr8X1ONYaHWlzGwfPYAc4ESVPnNipCS...</msg>
<status status="PASS" starttime="20200402 09:57:26.806" endtime="20200402 09:57:26.807"></status>
</kw>
<kw name="Post Request" library="RequestsLibrary">
<doc>Send a POST request on the session object found using the
given `alias`</doc>
<arguments>
<arg>RegisterNewSeller</arg>
<arg>/seller/register</arg>
<arg>data=${body}</arg>
<arg>headers=${header}</arg>
</arguments>
<assign>
<var>${response}</var>
</assign>
<msg timestamp="20200402 09:57:26.808" level="INFO">POST Request using : uri=/seller/register, params=None, files=None, allow_redirects=True, timeout=None
headers={'User-Agent': 'python-requests/2.23.0', 'Accept-Encoding': 'gzip, deflate', 'Accept': '*/*', 'Connection': 'keep-alive', 'Content-Type': 'application/json', 'Authorization': 'bearer sZYyzN0-qBfmKBzn9eqgwEKiEJfrDEZg8j5NTvs-pfobx-y8H66PcXfOYZ24qhq7ivkmRuvSAd_XTsLU7b6YuikrsCAwYCsn2-zQshd96l_xr8X1ONYaHWlzGwfPYAc4ESVPnNipCSiLYautIHcmNwBATNRyyJnbIoj9-co3mIGJYhv20TRP7rvzEQ0BQ9BmRM7-dNhnrBDmoYELKSbCDFBVtOPKmGLvq1Dth7HROsijAd9Zo9ZVOU9KCczO23xXVCjqrxG4g6AAbEGS0lPkYLeiNys'} 
data={"escrowCompanyId": "001", "idNumber": "55612846649313", "typeOfId": 1, "kycRequest": 0} 
json=None</msg>
<msg timestamp="20200402 09:57:27.636" level="INFO">${response} = &lt;Response [200]&gt;</msg>
<status status="PASS" starttime="20200402 09:57:26.807" endtime="20200402 09:57:27.636"></status>
</kw>
<kw name="Log" library="BuiltIn">
<doc>Logs the given message with the given level.</doc>
<arguments>
<arg>${response.text}</arg>
<arg>console=True</arg>
</arguments>
<msg timestamp="20200402 09:57:27.637" level="INFO">{"responseCode":"A01","resDescription":"Invalid access token"}</msg>
<status status="PASS" starttime="20200402 09:57:27.636" endtime="20200402 09:57:27.637"></status>
</kw>
<kw name="Should Be Equal As Strings" library="BuiltIn">
<doc>Fails if objects are unequal after converting them to strings.</doc>
<arguments>
<arg>${response.status_code}</arg>
<arg>200</arg>
</arguments>
<msg timestamp="20200402 09:57:27.638" level="INFO">Argument types are:
&lt;class 'int'&gt;
&lt;type 'unicode'&gt;</msg>
<status status="PASS" starttime="20200402 09:57:27.637" endtime="20200402 09:57:27.638"></status>
</kw>
<kw name="Should Be Equal As Strings" library="BuiltIn">
<doc>Fails if objects are unequal after converting them to strings.</doc>
<arguments>
<arg>${response.json()['responseCode']}</arg>
<arg>${ResponseCode}</arg>
</arguments>
<status status="PASS" starttime="20200402 09:57:27.638" endtime="20200402 09:57:27.639"></status>
</kw>
<kw name="Should Be Equal As Strings" library="BuiltIn">
<doc>Fails if objects are unequal after converting them to strings.</doc>
<arguments>
<arg>${response.json()['resDescription']}</arg>
<arg>${ResponseDescription}</arg>
</arguments>
<status status="PASS" starttime="20200402 09:57:27.640" endtime="20200402 09:57:27.641"></status>
</kw>
<status status="PASS" starttime="20200402 09:57:26.802" endtime="20200402 09:57:27.641"></status>
</kw>
<doc>Invalid: To check API response with other company JWT token.</doc>
<tags>
<tag>A01</tag>
</tags>
<status status="PASS" starttime="20200402 09:57:23.847" endtime="20200402 09:57:27.641" critical="yes"></status>
</test>
<test id="s1-t5" name="TC_05 RegisterNewSeller with Valid JWT Token">
<kw name="Sleep" library="BuiltIn" type="setup">
<doc>Pauses the test executed for the given time.</doc>
<arguments>
<arg>2s</arg>
</arguments>
<msg timestamp="20200402 09:57:29.645" level="INFO">Slept 2 seconds</msg>
<status status="PASS" starttime="20200402 09:57:27.644" endtime="20200402 09:57:29.645"></status>
</kw>
<kw name="GetToken Escrow" library="Get Token">
<assign>
<var>${TokenEscrow}</var>
</assign>
<kw name="Create Session" library="RequestsLibrary">
<doc>Create Session: create a HTTP session to a server</doc>
<arguments>
<arg>Session</arg>
<arg>${URLEscrowAuthUAT}</arg>
</arguments>
<msg timestamp="20200402 09:57:29.647" level="INFO">Creating Session using : alias=Session, url=http://172.31.2.28/escrow_core/api/v1/Authentication/oauth2, headers={},                     cookies={}, auth=None, timeout=None, proxies=None, verify=False,                     debug=0 </msg>
<status status="PASS" starttime="20200402 09:57:29.647" endtime="20200402 09:57:29.647"></status>
</kw>
<kw name="Create Dictionary" library="BuiltIn">
<doc>Creates and returns a dictionary based on the given ``items``.</doc>
<arguments>
<arg>Content-Type=application/x-www-form-urlencoded</arg>
</arguments>
<assign>
<var>${header}</var>
</assign>
<msg timestamp="20200402 09:57:29.648" level="INFO">${header} = {'Content-Type': 'application/x-www-form-urlencoded'}</msg>
<status status="PASS" starttime="20200402 09:57:29.647" endtime="20200402 09:57:29.648"></status>
</kw>
<kw name="Set To Dictionary" library="Collections">
<doc>Adds the given ``key_value_pairs`` and ``items`` to the ``dictionary``.</doc>
<arguments>
<arg>${header}</arg>
<arg>Authorization</arg>
<arg>Basic ${Client_authKey}</arg>
</arguments>
<status status="PASS" starttime="20200402 09:57:29.648" endtime="20200402 09:57:29.648"></status>
</kw>
<kw name="Create Dictionary" library="BuiltIn">
<doc>Creates and returns a dictionary based on the given ``items``.</doc>
<arguments>
<arg>grant_type=client_credentials</arg>
</arguments>
<assign>
<var>${Body}</var>
</assign>
<msg timestamp="20200402 09:57:29.649" level="INFO">${Body} = {'grant_type': 'client_credentials'}</msg>
<status status="PASS" starttime="20200402 09:57:29.649" endtime="20200402 09:57:29.649"></status>
</kw>
<kw name="Post Request" library="RequestsLibrary">
<doc>Send a POST request on the session object found using the
given `alias`</doc>
<arguments>
<arg>Session</arg>
<arg>/token</arg>
<arg>data=${Body}</arg>
<arg>headers=${header}</arg>
</arguments>
<assign>
<var>${response}</var>
</assign>
<msg timestamp="20200402 09:57:29.650" level="INFO">POST Request using : uri=/token, params=None, files=None, allow_redirects=True, timeout=None
headers={'User-Agent': 'python-requests/2.23.0', 'Accept-Encoding': 'gzip, deflate', 'Accept': '*/*', 'Connection': 'keep-alive', 'Content-Type': 'application/x-www-form-urlencoded', 'Authorization': 'Basic MDAxOmthaWRlZVNlY3JldEtleVRlc3Q='} 
data=grant_type=client_credentials 
json=None</msg>
<msg timestamp="20200402 09:57:30.226" level="INFO">${response} = &lt;Response [200]&gt;</msg>
<status status="PASS" starttime="20200402 09:57:29.649" endtime="20200402 09:57:30.226"></status>
</kw>
<kw name="Should Be Equal As Strings" library="BuiltIn">
<doc>Fails if objects are unequal after converting them to strings.</doc>
<arguments>
<arg>${response.status_code}</arg>
<arg>200</arg>
</arguments>
<msg timestamp="20200402 09:57:30.227" level="INFO">Argument types are:
&lt;class 'int'&gt;
&lt;type 'unicode'&gt;</msg>
<status status="PASS" starttime="20200402 09:57:30.226" endtime="20200402 09:57:30.227"></status>
</kw>
<kw name="Log" library="BuiltIn">
<doc>Logs the given message with the given level.</doc>
<arguments>
<arg>${response.json()['accessToken']}</arg>
</arguments>
<msg timestamp="20200402 09:57:30.228" level="INFO">eyJhbGciOiJIUzI1NiIsInR5cCI6IkpXVCJ9.eyJodHRwOi8vc2NoZW1hcy5taWNyb3NvZnQuY29tL3dzLzIwMDgvMDYvaWRlbnRpdHkvY2xhaW1zL3VzZXJkYXRhIjoiOTE1b2srbFFFM2Ird3ZBU1hsdE9QeWFPK2Q4NU1haG5aZ2V6UVdleXVHbU9HZDJqSUlxQnVRSGV6d0hzTEdCcnJsQjdUNC9kWllEM0tONXJpWVVOZkdqTC9zV1E1a3Y3WHVHcENkbnZrUlU9IiwibmJmIjoxNTg1ODAxNjQ4LCJleHAiOjE1ODU4MDE3MDgsImlhdCI6MTU4NTgwMTY0OCwiaXNzIjoiZXNjcm93LWNvcmUtYXBpIiwiYXVkIjoiZXNjcm93LWNvcmUtY2xpZW50In0.ByMdqFuRtsgBnI1AfPK-Kt6ayyY10ufEK1JK1Ul6Xmo</msg>
<status status="PASS" starttime="20200402 09:57:30.228" endtime="20200402 09:57:30.228"></status>
</kw>
<msg timestamp="20200402 09:57:30.229" level="INFO">${TokenEscrow} = eyJhbGciOiJIUzI1NiIsInR5cCI6IkpXVCJ9.eyJodHRwOi8vc2NoZW1hcy5taWNyb3NvZnQuY29tL3dzLzIwMDgvMDYvaWRlbnRpdHkvY2xhaW1zL3VzZXJkYXRhIjoiOTE1b2srbFFFM2Ird3ZBU1hsdE9QeWFPK2Q4NU1haG5aZ2V6UVdleXVHbU9HZDJqSUlxQnV...</msg>
<status status="PASS" starttime="20200402 09:57:29.646" endtime="20200402 09:57:30.229"></status>
</kw>
<kw name="Randome_IDNumber" library="Register_Global_Keywords">
<assign>
<var>${IdNumber}</var>
</assign>
<kw name="Generate Random String" library="String">
<doc>Generates a string with a desired ``length`` from the given ``chars``.</doc>
<arguments>
<arg>14</arg>
<arg>[NUMBERS]</arg>
</arguments>
<assign>
<var>${Id}</var>
</assign>
<msg timestamp="20200402 09:57:30.230" level="INFO">${Id} = 33053193852666</msg>
<status status="PASS" starttime="20200402 09:57:30.230" endtime="20200402 09:57:30.230"></status>
</kw>
<kw name="Set Global Variable" library="BuiltIn">
<doc>Makes a variable available globally in all tests and suites.</doc>
<arguments>
<arg>${IdNumber}</arg>
<arg>${Id}</arg>
</arguments>
<msg timestamp="20200402 09:57:30.231" level="INFO">${IdNumber} = 33053193852666</msg>
<status status="PASS" starttime="20200402 09:57:30.231" endtime="20200402 09:57:30.231"></status>
</kw>
<msg timestamp="20200402 09:57:30.231" level="INFO">${IdNumber} = 33053193852666</msg>
<status status="PASS" starttime="20200402 09:57:30.230" endtime="20200402 09:57:30.231"></status>
</kw>
<kw name="RegisterSeller" library="Register_Seller_API">
<arguments>
<arg>${TokenEscrow}</arg>
<arg>@{escrowCompId}</arg>
<arg>${IdNumber}</arg>
<arg>${1}</arg>
<arg>${0}</arg>
<arg>000</arg>
<arg>Success</arg>
</arguments>
<kw name="Create Session" library="RequestsLibrary">
<doc>Create Session: create a HTTP session to a server</doc>
<arguments>
<arg>RegisterNewSeller</arg>
<arg>http://172.31.2.28/escrow_core/api/v1</arg>
</arguments>
<msg timestamp="20200402 09:57:30.233" level="INFO">Creating Session using : alias=RegisterNewSeller, url=http://172.31.2.28/escrow_core/api/v1, headers={},                     cookies={}, auth=None, timeout=None, proxies=None, verify=False,                     debug=0 </msg>
<status status="PASS" starttime="20200402 09:57:30.232" endtime="20200402 09:57:30.233"></status>
</kw>
<kw name="Convert To Integer" library="BuiltIn">
<doc>Converts the given item to an integer number.</doc>
<arguments>
<arg>${typeOfID}</arg>
</arguments>
<assign>
<var>${typeID}</var>
</assign>
<msg timestamp="20200402 09:57:30.233" level="INFO">${typeID} = 1</msg>
<status status="PASS" starttime="20200402 09:57:30.233" endtime="20200402 09:57:30.233"></status>
</kw>
<kw name="Convert To Integer" library="BuiltIn">
<doc>Converts the given item to an integer number.</doc>
<arguments>
<arg>${kycRequest}</arg>
</arguments>
<assign>
<var>${KeyReq}</var>
</assign>
<msg timestamp="20200402 09:57:30.234" level="INFO">${KeyReq} = 0</msg>
<status status="PASS" starttime="20200402 09:57:30.234" endtime="20200402 09:57:30.234"></status>
</kw>
<kw name="Create Dictionary" library="BuiltIn">
<doc>Creates and returns a dictionary based on the given ``items``.</doc>
<arguments>
<arg>escrowCompanyId=${escrowCompanyID}</arg>
<arg>idNumber=${idNumber}</arg>
<arg>typeOfId=${typeID}</arg>
<arg>kycRequest=${KeyReq}</arg>
</arguments>
<assign>
<var>${body}</var>
</assign>
<msg timestamp="20200402 09:57:30.235" level="INFO">${body} = {'escrowCompanyId': '001', 'idNumber': '33053193852666', 'typeOfId': 1, 'kycRequest': 0}</msg>
<status status="PASS" starttime="20200402 09:57:30.234" endtime="20200402 09:57:30.235"></status>
</kw>
<kw name="Set Variable" library="BuiltIn">
<doc>Returns the given values which can then be assigned to a variables.</doc>
<arguments>
<arg>bearer ${Token}</arg>
</arguments>
<assign>
<var>${AuthToken}</var>
</assign>
<msg timestamp="20200402 09:57:30.235" level="INFO">${AuthToken} = bearer eyJhbGciOiJIUzI1NiIsInR5cCI6IkpXVCJ9.eyJodHRwOi8vc2NoZW1hcy5taWNyb3NvZnQuY29tL3dzLzIwMDgvMDYvaWRlbnRpdHkvY2xhaW1zL3VzZXJkYXRhIjoiOTE1b2srbFFFM2Ird3ZBU1hsdE9QeWFPK2Q4NU1haG5aZ2V6UVdleXVHbU9HZDJq...</msg>
<status status="PASS" starttime="20200402 09:57:30.235" endtime="20200402 09:57:30.235"></status>
</kw>
<kw name="Create Dictionary" library="BuiltIn">
<doc>Creates and returns a dictionary based on the given ``items``.</doc>
<arguments>
<arg>Content-Type=application/json</arg>
<arg>Authorization=${AuthToken}</arg>
</arguments>
<assign>
<var>${header}</var>
</assign>
<msg timestamp="20200402 09:57:30.236" level="INFO">${header} = {'Content-Type': 'application/json', 'Authorization': 'bearer eyJhbGciOiJIUzI1NiIsInR5cCI6IkpXVCJ9.eyJodHRwOi8vc2NoZW1hcy5taWNyb3NvZnQuY29tL3dzLzIwMDgvMDYvaWRlbnRpdHkvY2xhaW1zL3VzZXJkYXRhIjoiOTE1b2srb...</msg>
<status status="PASS" starttime="20200402 09:57:30.236" endtime="20200402 09:57:30.236"></status>
</kw>
<kw name="Post Request" library="RequestsLibrary">
<doc>Send a POST request on the session object found using the
given `alias`</doc>
<arguments>
<arg>RegisterNewSeller</arg>
<arg>/seller/register</arg>
<arg>data=${body}</arg>
<arg>headers=${header}</arg>
</arguments>
<assign>
<var>${response}</var>
</assign>
<msg timestamp="20200402 09:57:30.237" level="INFO">POST Request using : uri=/seller/register, params=None, files=None, allow_redirects=True, timeout=None
headers={'User-Agent': 'python-requests/2.23.0', 'Accept-Encoding': 'gzip, deflate', 'Accept': '*/*', 'Connection': 'keep-alive', 'Content-Type': 'application/json', 'Authorization': 'bearer eyJhbGciOiJIUzI1NiIsInR5cCI6IkpXVCJ9.eyJodHRwOi8vc2NoZW1hcy5taWNyb3NvZnQuY29tL3dzLzIwMDgvMDYvaWRlbnRpdHkvY2xhaW1zL3VzZXJkYXRhIjoiOTE1b2srbFFFM2Ird3ZBU1hsdE9QeWFPK2Q4NU1haG5aZ2V6UVdleXVHbU9HZDJqSUlxQnVRSGV6d0hzTEdCcnJsQjdUNC9kWllEM0tONXJpWVVOZkdqTC9zV1E1a3Y3WHVHcENkbnZrUlU9IiwibmJmIjoxNTg1ODAxNjQ4LCJleHAiOjE1ODU4MDE3MDgsImlhdCI6MTU4NTgwMTY0OCwiaXNzIjoiZXNjcm93LWNvcmUtYXBpIiwiYXVkIjoiZXNjcm93LWNvcmUtY2xpZW50In0.ByMdqFuRtsgBnI1AfPK-Kt6ayyY10ufEK1JK1Ul6Xmo'} 
data={"escrowCompanyId": "001", "idNumber": "33053193852666", "typeOfId": 1, "kycRequest": 0} 
json=None</msg>
<msg timestamp="20200402 09:57:30.442" level="INFO">${response} = &lt;Response [200]&gt;</msg>
<status status="PASS" starttime="20200402 09:57:30.236" endtime="20200402 09:57:30.442"></status>
</kw>
<kw name="Log" library="BuiltIn">
<doc>Logs the given message with the given level.</doc>
<arguments>
<arg>${response.text}</arg>
<arg>console=True</arg>
</arguments>
<msg timestamp="20200402 09:57:30.442" level="INFO">{"sellerId":"5d5f246f-bd9e-4ee6-9fed-b00fa5ffff8b","responseCode":"000","resDescription":"Success"}</msg>
<status status="PASS" starttime="20200402 09:57:30.442" endtime="20200402 09:57:30.443"></status>
</kw>
<kw name="Should Be Equal As Strings" library="BuiltIn">
<doc>Fails if objects are unequal after converting them to strings.</doc>
<arguments>
<arg>${response.status_code}</arg>
<arg>200</arg>
</arguments>
<msg timestamp="20200402 09:57:30.443" level="INFO">Argument types are:
&lt;class 'int'&gt;
&lt;type 'unicode'&gt;</msg>
<status status="PASS" starttime="20200402 09:57:30.443" endtime="20200402 09:57:30.444"></status>
</kw>
<kw name="Should Be Equal As Strings" library="BuiltIn">
<doc>Fails if objects are unequal after converting them to strings.</doc>
<arguments>
<arg>${response.json()['responseCode']}</arg>
<arg>${ResponseCode}</arg>
</arguments>
<status status="PASS" starttime="20200402 09:57:30.444" endtime="20200402 09:57:30.444"></status>
</kw>
<kw name="Should Be Equal As Strings" library="BuiltIn">
<doc>Fails if objects are unequal after converting them to strings.</doc>
<arguments>
<arg>${response.json()['resDescription']}</arg>
<arg>${ResponseDescription}</arg>
</arguments>
<status status="PASS" starttime="20200402 09:57:30.444" endtime="20200402 09:57:30.445"></status>
</kw>
<status status="PASS" starttime="20200402 09:57:30.232" endtime="20200402 09:57:30.445"></status>
</kw>
<doc>Valid: To check API response with valid JWT token.</doc>
<tags>
<tag>000</tag>
</tags>
<status status="PASS" starttime="20200402 09:57:27.643" endtime="20200402 09:57:30.445" critical="yes"></status>
</test>
<test id="s1-t6" name="TC_01 UpdateSellerStatus with Empty JWT Token">
<kw name="Sleep" library="BuiltIn" type="setup">
<doc>Pauses the test executed for the given time.</doc>
<arguments>
<arg>2s</arg>
</arguments>
<msg timestamp="20200402 09:57:32.449" level="INFO">Slept 2 seconds</msg>
<status status="PASS" starttime="20200402 09:57:30.448" endtime="20200402 09:57:32.449"></status>
</kw>
<kw name="RegisterSellerID" library="Register_Global_Keywords">
<assign>
<var>${SellerId}</var>
</assign>
<kw name="GetToken Escrow" library="Get Token">
<assign>
<var>${TokenEscrow}</var>
</assign>
<kw name="Create Session" library="RequestsLibrary">
<doc>Create Session: create a HTTP session to a server</doc>
<arguments>
<arg>Session</arg>
<arg>${URLEscrowAuthUAT}</arg>
</arguments>
<msg timestamp="20200402 09:57:32.450" level="INFO">Creating Session using : alias=Session, url=http://172.31.2.28/escrow_core/api/v1/Authentication/oauth2, headers={},                     cookies={}, auth=None, timeout=None, proxies=None, verify=False,                     debug=0 </msg>
<status status="PASS" starttime="20200402 09:57:32.449" endtime="20200402 09:57:32.450"></status>
</kw>
<kw name="Create Dictionary" library="BuiltIn">
<doc>Creates and returns a dictionary based on the given ``items``.</doc>
<arguments>
<arg>Content-Type=application/x-www-form-urlencoded</arg>
</arguments>
<assign>
<var>${header}</var>
</assign>
<msg timestamp="20200402 09:57:32.451" level="INFO">${header} = {'Content-Type': 'application/x-www-form-urlencoded'}</msg>
<status status="PASS" starttime="20200402 09:57:32.450" endtime="20200402 09:57:32.451"></status>
</kw>
<kw name="Set To Dictionary" library="Collections">
<doc>Adds the given ``key_value_pairs`` and ``items`` to the ``dictionary``.</doc>
<arguments>
<arg>${header}</arg>
<arg>Authorization</arg>
<arg>Basic ${Client_authKey}</arg>
</arguments>
<status status="PASS" starttime="20200402 09:57:32.451" endtime="20200402 09:57:32.451"></status>
</kw>
<kw name="Create Dictionary" library="BuiltIn">
<doc>Creates and returns a dictionary based on the given ``items``.</doc>
<arguments>
<arg>grant_type=client_credentials</arg>
</arguments>
<assign>
<var>${Body}</var>
</assign>
<msg timestamp="20200402 09:57:32.452" level="INFO">${Body} = {'grant_type': 'client_credentials'}</msg>
<status status="PASS" starttime="20200402 09:57:32.451" endtime="20200402 09:57:32.452"></status>
</kw>
<kw name="Post Request" library="RequestsLibrary">
<doc>Send a POST request on the session object found using the
given `alias`</doc>
<arguments>
<arg>Session</arg>
<arg>/token</arg>
<arg>data=${Body}</arg>
<arg>headers=${header}</arg>
</arguments>
<assign>
<var>${response}</var>
</assign>
<msg timestamp="20200402 09:57:32.452" level="INFO">POST Request using : uri=/token, params=None, files=None, allow_redirects=True, timeout=None
headers={'User-Agent': 'python-requests/2.23.0', 'Accept-Encoding': 'gzip, deflate', 'Accept': '*/*', 'Connection': 'keep-alive', 'Content-Type': 'application/x-www-form-urlencoded', 'Authorization': 'Basic MDAxOmthaWRlZVNlY3JldEtleVRlc3Q='} 
data=grant_type=client_credentials 
json=None</msg>
<msg timestamp="20200402 09:57:32.927" level="INFO">${response} = &lt;Response [200]&gt;</msg>
<status status="PASS" starttime="20200402 09:57:32.452" endtime="20200402 09:57:32.927"></status>
</kw>
<kw name="Should Be Equal As Strings" library="BuiltIn">
<doc>Fails if objects are unequal after converting them to strings.</doc>
<arguments>
<arg>${response.status_code}</arg>
<arg>200</arg>
</arguments>
<msg timestamp="20200402 09:57:32.928" level="INFO">Argument types are:
&lt;class 'int'&gt;
&lt;type 'unicode'&gt;</msg>
<status status="PASS" starttime="20200402 09:57:32.927" endtime="20200402 09:57:32.928"></status>
</kw>
<kw name="Log" library="BuiltIn">
<doc>Logs the given message with the given level.</doc>
<arguments>
<arg>${response.json()['accessToken']}</arg>
</arguments>
<msg timestamp="20200402 09:57:32.928" level="INFO">eyJhbGciOiJIUzI1NiIsInR5cCI6IkpXVCJ9.eyJodHRwOi8vc2NoZW1hcy5taWNyb3NvZnQuY29tL3dzLzIwMDgvMDYvaWRlbnRpdHkvY2xhaW1zL3VzZXJkYXRhIjoiOTE1b2srbFFFM2Ird3ZBU1hsdE9QMjB1TnArais5YVVEUW5xS2JaZ25UZWZjY1ptVjdtKzR5VkRaRWlpMG1HQWJJanVpUE5tbHVoUDhFVnBpaVIvMW1xRHF4L01EY1NET0xKbE9BWDBCb2s9IiwibmJmIjoxNTg1ODAxNjUwLCJleHAiOjE1ODU4MDE3MTAsImlhdCI6MTU4NTgwMTY1MCwiaXNzIjoiZXNjcm93LWNvcmUtYXBpIiwiYXVkIjoiZXNjcm93LWNvcmUtY2xpZW50In0.1at80itr_1X8-ePtkaswITij_w9qR6dPgNeNxAgnoOU</msg>
<status status="PASS" starttime="20200402 09:57:32.928" endtime="20200402 09:57:32.928"></status>
</kw>
<msg timestamp="20200402 09:57:32.929" level="INFO">${TokenEscrow} = eyJhbGciOiJIUzI1NiIsInR5cCI6IkpXVCJ9.eyJodHRwOi8vc2NoZW1hcy5taWNyb3NvZnQuY29tL3dzLzIwMDgvMDYvaWRlbnRpdHkvY2xhaW1zL3VzZXJkYXRhIjoiOTE1b2srbFFFM2Ird3ZBU1hsdE9QMjB1TnArais5YVVEUW5xS2JaZ25UZWZjY1ptVjdtKzR...</msg>
<status status="PASS" starttime="20200402 09:57:32.449" endtime="20200402 09:57:32.929"></status>
</kw>
<kw name="Randome_IDNumber" library="Register_Global_Keywords">
<assign>
<var>${idNum}</var>
</assign>
<kw name="Generate Random String" library="String">
<doc>Generates a string with a desired ``length`` from the given ``chars``.</doc>
<arguments>
<arg>14</arg>
<arg>[NUMBERS]</arg>
</arguments>
<assign>
<var>${Id}</var>
</assign>
<msg timestamp="20200402 09:57:32.930" level="INFO">${Id} = 08286874377810</msg>
<status status="PASS" starttime="20200402 09:57:32.929" endtime="20200402 09:57:32.930"></status>
</kw>
<kw name="Set Global Variable" library="BuiltIn">
<doc>Makes a variable available globally in all tests and suites.</doc>
<arguments>
<arg>${IdNumber}</arg>
<arg>${Id}</arg>
</arguments>
<msg timestamp="20200402 09:57:32.930" level="INFO">${IdNumber} = 08286874377810</msg>
<status status="PASS" starttime="20200402 09:57:32.930" endtime="20200402 09:57:32.930"></status>
</kw>
<msg timestamp="20200402 09:57:32.930" level="INFO">${idNum} = 08286874377810</msg>
<status status="PASS" starttime="20200402 09:57:32.929" endtime="20200402 09:57:32.930"></status>
</kw>
<kw name="Randome_MobileNumber" library="Register_Global_Keywords">
<assign>
<var>${MobNo}</var>
</assign>
<kw name="Generate Random String" library="String">
<doc>Generates a string with a desired ``length`` from the given ``chars``.</doc>
<arguments>
<arg>10</arg>
<arg>[NUMBERS]</arg>
</arguments>
<assign>
<var>${mobile}</var>
</assign>
<msg timestamp="20200402 09:57:32.931" level="INFO">${mobile} = 6214608145</msg>
<status status="PASS" starttime="20200402 09:57:32.931" endtime="20200402 09:57:32.931"></status>
</kw>
<kw name="Set Global Variable" library="BuiltIn">
<doc>Makes a variable available globally in all tests and suites.</doc>
<arguments>
<arg>${mobileNo}</arg>
<arg>${mobile}</arg>
</arguments>
<msg timestamp="20200402 09:57:32.932" level="INFO">${mobileNo} = 6214608145</msg>
<status status="PASS" starttime="20200402 09:57:32.931" endtime="20200402 09:57:32.932"></status>
</kw>
<msg timestamp="20200402 09:57:32.932" level="INFO">${MobNo} = 6214608145</msg>
<status status="PASS" starttime="20200402 09:57:32.931" endtime="20200402 09:57:32.932"></status>
</kw>
<kw name="Randome_EmailId" library="Register_Global_Keywords">
<assign>
<var>${emailid}</var>
</assign>
<kw name="Randome_Number" library="Register_Global_Keywords">
<assign>
<var>${num}</var>
</assign>
<kw name="Generate Random String" library="String">
<doc>Generates a string with a desired ``length`` from the given ``chars``.</doc>
<arguments>
<arg>5</arg>
<arg>[NUMBERS]</arg>
</arguments>
<assign>
<var>${Emailnum}</var>
</assign>
<msg timestamp="20200402 09:57:32.934" level="INFO">${Emailnum} = 64498</msg>
<status status="PASS" starttime="20200402 09:57:32.934" endtime="20200402 09:57:32.934"></status>
</kw>
<kw name="Set Global Variable" library="BuiltIn">
<doc>Makes a variable available globally in all tests and suites.</doc>
<arguments>
<arg>${enum}</arg>
<arg>${Emailnum}</arg>
</arguments>
<msg timestamp="20200402 09:57:32.934" level="INFO">${enum} = 64498</msg>
<status status="PASS" starttime="20200402 09:57:32.934" endtime="20200402 09:57:32.934"></status>
</kw>
<msg timestamp="20200402 09:57:32.935" level="INFO">${num} = 64498</msg>
<status status="PASS" starttime="20200402 09:57:32.933" endtime="20200402 09:57:32.935"></status>
</kw>
<kw name="Set Variable" library="BuiltIn">
<doc>Returns the given values which can then be assigned to a variables.</doc>
<arguments>
<arg>pavan${num}@2c2p.com</arg>
</arguments>
<assign>
<var>${emailid}</var>
</assign>
<msg timestamp="20200402 09:57:32.935" level="INFO">${emailid} = pavan64498@2c2p.com</msg>
<status status="PASS" starttime="20200402 09:57:32.935" endtime="20200402 09:57:32.935"></status>
</kw>
<kw name="Set Global Variable" library="BuiltIn">
<doc>Makes a variable available globally in all tests and suites.</doc>
<arguments>
<arg>${email}</arg>
<arg>${emailid}</arg>
</arguments>
<msg timestamp="20200402 09:57:32.936" level="INFO">${email} = pavan64498@2c2p.com</msg>
<status status="PASS" starttime="20200402 09:57:32.935" endtime="20200402 09:57:32.936"></status>
</kw>
<msg timestamp="20200402 09:57:32.936" level="INFO">${emailid} = pavan64498@2c2p.com</msg>
<status status="PASS" starttime="20200402 09:57:32.933" endtime="20200402 09:57:32.936"></status>
</kw>
<kw name="RegisterSeller with valid Data" library="Register_Seller_API">
<arguments>
<arg>${TokenEscrow}</arg>
<arg>@{valid_mobile_country_code}[0]</arg>
<arg>${idNum}</arg>
<arg>${3}</arg>
<arg>@{valid_mobile_country_code}[1]</arg>
<arg>${MobNo}</arg>
<arg>${emailid}</arg>
<arg>M</arg>
<arg>@{RegisterSellerData}[0]</arg>
<arg>@{RegisterSellerData}[1]</arg>
<arg>@{RegisterSellerData}[2]</arg>
<arg>@{RegisterSellerData}[3]</arg>
<arg>@{RegisterSellerData}[4]</arg>
<arg>@{RegisterSellerData}[5]</arg>
<arg>@{RegisterSellerData}[6]</arg>
<arg>@{v_nationalityId}</arg>
<arg>@{RegisterSellerData}[7]</arg>
<arg>@{RegisterSellerData}[8]</arg>
<arg>@{RegisterSellerData}[9]</arg>
<arg>@{RegisterSellerData}[10]</arg>
<arg>@{RegisterSellerData}[11]</arg>
<arg>@{RegisterSellerData}[12]</arg>
<arg>@{RegisterSellerData}[13]</arg>
<arg>${0}</arg>
<arg>000</arg>
<arg>Success</arg>
</arguments>
<assign>
<var>${sellerid}</var>
</assign>
<kw name="Create Session" library="RequestsLibrary">
<doc>Create Session: create a HTTP session to a server</doc>
<arguments>
<arg>RegisterNewSeller</arg>
<arg>http://172.31.2.28/escrow_core/api/v1</arg>
</arguments>
<msg timestamp="20200402 09:57:32.938" level="INFO">Creating Session using : alias=RegisterNewSeller, url=http://172.31.2.28/escrow_core/api/v1, headers={},                     cookies={}, auth=None, timeout=None, proxies=None, verify=False,                     debug=0 </msg>
<status status="PASS" starttime="20200402 09:57:32.938" endtime="20200402 09:57:32.939"></status>
</kw>
<kw name="Convert To Integer" library="BuiltIn">
<doc>Converts the given item to an integer number.</doc>
<arguments>
<arg>${typeOfID}</arg>
</arguments>
<assign>
<var>${typeID}</var>
</assign>
<msg timestamp="20200402 09:57:32.939" level="INFO">${typeID} = 3</msg>
<status status="PASS" starttime="20200402 09:57:32.939" endtime="20200402 09:57:32.939"></status>
</kw>
<kw name="Convert To Integer" library="BuiltIn">
<doc>Converts the given item to an integer number.</doc>
<arguments>
<arg>${kycRequest}</arg>
</arguments>
<assign>
<var>${KeyReq}</var>
</assign>
<msg timestamp="20200402 09:57:32.940" level="INFO">${KeyReq} = 0</msg>
<status status="PASS" starttime="20200402 09:57:32.939" endtime="20200402 09:57:32.940"></status>
</kw>
<kw name="Create Dictionary" library="BuiltIn">
<doc>Creates and returns a dictionary based on the given ``items``.</doc>
<arguments>
<arg>homeAddress1=@{Address}[0]</arg>
<arg>homeAddress2=@{Address}[1]</arg>
<arg>countryId=@{Address}[2]</arg>
<arg>stateId=@{Address}[3]</arg>
<arg>state=@{Address}[4]</arg>
<arg>postalCode=@{Address}[5]</arg>
<arg>addressDefine1=@{Address}[6]</arg>
<arg>addressDefine2=@{Address}[7]</arg>
<arg>addressDefine3=@{Address}[8]</arg>
<arg>addressDefine4=@{Address}[9]</arg>
</arguments>
<assign>
<var>${UserAddress}</var>
</assign>
<msg timestamp="20200402 09:57:32.941" level="INFO">${UserAddress} = {'homeAddress1': 'homeaddr1', 'homeAddress2': 'homeaddr2', 'countryId': '764', 'stateId': '001', 'state': 'Bangkok', 'postalCode': '10100', 'addressDefine1': 'addrdef1', 'addressDefine2': 'addrdef2', ...</msg>
<status status="PASS" starttime="20200402 09:57:32.940" endtime="20200402 09:57:32.941"></status>
</kw>
<kw name="Create Dictionary" library="BuiltIn">
<doc>Creates and returns a dictionary based on the given ``items``.</doc>
<arguments>
<arg>mailAddress1=@{MailingAddress}[0]</arg>
<arg>mailAddress2=@{MailingAddress}[1]</arg>
<arg>countryId=@{Address}[2]</arg>
<arg>stateId=@{MailingAddress}[2]</arg>
<arg>state=@{Address}[4]</arg>
<arg>postalCode=@{MailingAddress}[3]</arg>
<arg>addressDefine1=@{Address}[6]</arg>
<arg>addressDefine2=@{Address}[7]</arg>
<arg>addressDefine3=@{Address}[8]</arg>
<arg>addressDefine4=@{Address}[9]</arg>
</arguments>
<assign>
<var>${MailAddress}</var>
</assign>
<msg timestamp="20200402 09:57:32.942" level="INFO">${MailAddress} = {'mailAddress1': 'mailaddr1', 'mailAddress2': 'mailaddr2', 'countryId': '764', 'stateId': '002', 'state': 'Bangkok', 'postalCode': '11100', 'addressDefine1': 'addrdef1', 'addressDefine2': 'addrdef2', ...</msg>
<status status="PASS" starttime="20200402 09:57:32.941" endtime="20200402 09:57:32.942"></status>
</kw>
<kw name="Create Dictionary" library="BuiltIn">
<doc>Creates and returns a dictionary based on the given ``items``.</doc>
<arguments>
<arg>escrowCompanyId=${escrowCompanyID}</arg>
<arg>idNumber=${idNumber}</arg>
<arg>typeOfId=${typeID}</arg>
<arg>mobileCountryCode=${MobCountryCode}</arg>
<arg>mobileNo=${MobNo}</arg>
<arg>email=${emailid}</arg>
<arg>gender=${gender}</arg>
<arg>titleEn=${EnTitle}</arg>
<arg>firstNameEn=${EnFirstName}</arg>
<arg>lastNameEn=${EnLastName}</arg>
<arg>titleLocal=${LocalTitle}</arg>
<arg>firstNameLocal=${LocalFistName}</arg>
<arg>lastNameLocal=${LocalLastName}</arg>
<arg>dateOfBirth=${dob}</arg>
<arg>nationalityId=${Nationality}</arg>
<arg>otherVerification=${Verification}</arg>
<arg>workPlace=${WorkPlace}</arg>
<arg>userDefine1=${UserDef1}</arg>
<arg>userDefine2=${UserDef2}</arg>
<arg>userDefine3=${UserDef3}</arg>
<arg>userDefine4=${UserDef4}</arg>
<arg>userDefine5=${UserDef5}</arg>
<arg>kycRequest=${KeyReq}</arg>
<arg>address=${UserAddress}</arg>
<arg>mailingAddress=${MailAddress}</arg>
</arguments>
<assign>
<var>${body}</var>
</assign>
<msg timestamp="20200402 09:57:32.945" level="INFO">${body} = {'escrowCompanyId': '001', 'idNumber': '08286874377810', 'typeOfId': 3, 'mobileCountryCode': '67', 'mobileNo': '6214608145', 'email': 'pavan64498@2c2p.com', 'gender': 'M', 'titleEn': 'MR.', 'firstName...</msg>
<status status="PASS" starttime="20200402 09:57:32.943" endtime="20200402 09:57:32.945"></status>
</kw>
<kw name="Log To Console" library="BuiltIn">
<doc>Logs the given message to the console.</doc>
<arguments>
<arg>${body}</arg>
</arguments>
<status status="PASS" starttime="20200402 09:57:32.945" endtime="20200402 09:57:32.946"></status>
</kw>
<kw name="Set Variable" library="BuiltIn">
<doc>Returns the given values which can then be assigned to a variables.</doc>
<arguments>
<arg>bearer ${Token}</arg>
</arguments>
<assign>
<var>${AuthToken}</var>
</assign>
<msg timestamp="20200402 09:57:32.946" level="INFO">${AuthToken} = bearer eyJhbGciOiJIUzI1NiIsInR5cCI6IkpXVCJ9.eyJodHRwOi8vc2NoZW1hcy5taWNyb3NvZnQuY29tL3dzLzIwMDgvMDYvaWRlbnRpdHkvY2xhaW1zL3VzZXJkYXRhIjoiOTE1b2srbFFFM2Ird3ZBU1hsdE9QMjB1TnArais5YVVEUW5xS2JaZ25UZWZjY1pt...</msg>
<status status="PASS" starttime="20200402 09:57:32.946" endtime="20200402 09:57:32.946"></status>
</kw>
<kw name="Create Dictionary" library="BuiltIn">
<doc>Creates and returns a dictionary based on the given ``items``.</doc>
<arguments>
<arg>Content-Type=application/json</arg>
<arg>Authorization=${AuthToken}</arg>
</arguments>
<assign>
<var>${header}</var>
</assign>
<msg timestamp="20200402 09:57:32.947" level="INFO">${header} = {'Content-Type': 'application/json', 'Authorization': 'bearer eyJhbGciOiJIUzI1NiIsInR5cCI6IkpXVCJ9.eyJodHRwOi8vc2NoZW1hcy5taWNyb3NvZnQuY29tL3dzLzIwMDgvMDYvaWRlbnRpdHkvY2xhaW1zL3VzZXJkYXRhIjoiOTE1b2srb...</msg>
<status status="PASS" starttime="20200402 09:57:32.946" endtime="20200402 09:57:32.947"></status>
</kw>
<kw name="Post Request" library="RequestsLibrary">
<doc>Send a POST request on the session object found using the
given `alias`</doc>
<arguments>
<arg>RegisterNewSeller</arg>
<arg>/seller/register</arg>
<arg>data=${body}</arg>
<arg>headers=${header}</arg>
</arguments>
<assign>
<var>${response}</var>
</assign>
<msg timestamp="20200402 09:57:32.948" level="INFO">POST Request using : uri=/seller/register, params=None, files=None, allow_redirects=True, timeout=None
headers={'User-Agent': 'python-requests/2.23.0', 'Accept-Encoding': 'gzip, deflate', 'Accept': '*/*', 'Connection': 'keep-alive', 'Content-Type': 'application/json', 'Authorization': 'bearer eyJhbGciOiJIUzI1NiIsInR5cCI6IkpXVCJ9.eyJodHRwOi8vc2NoZW1hcy5taWNyb3NvZnQuY29tL3dzLzIwMDgvMDYvaWRlbnRpdHkvY2xhaW1zL3VzZXJkYXRhIjoiOTE1b2srbFFFM2Ird3ZBU1hsdE9QMjB1TnArais5YVVEUW5xS2JaZ25UZWZjY1ptVjdtKzR5VkRaRWlpMG1HQWJJanVpUE5tbHVoUDhFVnBpaVIvMW1xRHF4L01EY1NET0xKbE9BWDBCb2s9IiwibmJmIjoxNTg1ODAxNjUwLCJleHAiOjE1ODU4MDE3MTAsImlhdCI6MTU4NTgwMTY1MCwiaXNzIjoiZXNjcm93LWNvcmUtYXBpIiwiYXVkIjoiZXNjcm93LWNvcmUtY2xpZW50In0.1at80itr_1X8-ePtkaswITij_w9qR6dPgNeNxAgnoOU'} 
data={"escrowCompanyId": "001", "idNumber": "08286874377810", "typeOfId": 3, "mobileCountryCode": "67", "mobileNo": "6214608145", "email": "pavan64498@2c2p.com", "gender": "M", "titleEn": "MR.", "firstNameEn": "Pavan", "lastNameEn": "Powar", "titleLocal": "\u0e19\u0e32\u0e22", "firstNameLocal": "\u0e2a\u0e21\u0e0a\u0e32\u0e22", "lastNameLocal": "\u0e02\u0e32\u0e22\u0e14\u0e35", "dateOfBirth": "20/02/1991", "nationalityId": "764", "otherVerification": "SM0928716357", "workPlace": "pavantest", "userDefine1": "UserDef1", "userDefine2": "UserDef2", "userDefine3": "UserDef3", "userDefine4": "UserDef4", "userDefine5": "UserDef5", "kycRequest": 0, "address": {"homeAddress1": "homeaddr1", "homeAddress2": "homeaddr2", "countryId": "764", "stateId": "001", "state": "Bangkok", "postalCode": "10100", "addressDefine1": "addrdef1", "addressDefine2": "addrdef2", "addressDefine3": "addrdef3", "addressDefine4": "addrdef4"}, "mailingAddress": {"mailAddress1": "mailaddr1", "mailAddress2": "mailaddr2", "countryId": "764", "stateId": "002", "state": "Bangkok", "postalCode": "11100", "addressDefine1": "addrdef1", "addressDefine2": "addrdef2", "addressDefine3": "addrdef3", "addressDefine4": "addrdef4"}} 
json=None</msg>
<msg timestamp="20200402 09:57:33.312" level="INFO">${response} = &lt;Response [200]&gt;</msg>
[...]
</kw>
<msg timestamp="20200402 10:19:25.898" level="INFO">${MobNo} = 1563138918</msg>
<status status="PASS" starttime="20200402 10:19:25.896" endtime="20200402 10:19:25.898"></status>
</kw>
<kw name="Randome_EmailId" library="Register_Global_Keywords">
<assign>
<var>${emailid}</var>
</assign>
<kw name="Randome_Number" library="Register_Global_Keywords">
<assign>
<var>${num}</var>
</assign>
<kw name="Generate Random String" library="String">
<doc>Generates a string with a desired ``length`` from the given ``chars``.</doc>
<arguments>
<arg>5</arg>
<arg>[NUMBERS]</arg>
</arguments>
<assign>
<var>${Emailnum}</var>
</assign>
<msg timestamp="20200402 10:19:25.899" level="INFO">${Emailnum} = 02875</msg>
<status status="PASS" starttime="20200402 10:19:25.898" endtime="20200402 10:19:25.899"></status>
</kw>
<kw name="Set Global Variable" library="BuiltIn">
<doc>Makes a variable available globally in all tests and suites.</doc>
<arguments>
<arg>${enum}</arg>
<arg>${Emailnum}</arg>
</arguments>
<msg timestamp="20200402 10:19:25.899" level="INFO">${enum} = 02875</msg>
<status status="PASS" starttime="20200402 10:19:25.899" endtime="20200402 10:19:25.899"></status>
</kw>
<msg timestamp="20200402 10:19:25.899" level="INFO">${num} = 02875</msg>
<status status="PASS" starttime="20200402 10:19:25.898" endtime="20200402 10:19:25.899"></status>
</kw>
<kw name="Set Variable" library="BuiltIn">
<doc>Returns the given values which can then be assigned to a variables.</doc>
<arguments>
<arg>pavan${num}@2c2p.com</arg>
</arguments>
<assign>
<var>${emailid}</var>
</assign>
<msg timestamp="20200402 10:19:25.900" level="INFO">${emailid} = pavan02875@2c2p.com</msg>
<status status="PASS" starttime="20200402 10:19:25.900" endtime="20200402 10:19:25.900"></status>
</kw>
<kw name="Set Global Variable" library="BuiltIn">
<doc>Makes a variable available globally in all tests and suites.</doc>
<arguments>
<arg>${email}</arg>
<arg>${emailid}</arg>
</arguments>
<msg timestamp="20200402 10:19:25.901" level="INFO">${email} = pavan02875@2c2p.com</msg>
<status status="PASS" starttime="20200402 10:19:25.900" endtime="20200402 10:19:25.901"></status>
</kw>
<msg timestamp="20200402 10:19:25.901" level="INFO">${emailid} = pavan02875@2c2p.com</msg>
<status status="PASS" starttime="20200402 10:19:25.898" endtime="20200402 10:19:25.901"></status>
</kw>
<kw name="RegisterSeller with valid Data" library="Register_Seller_API">
<arguments>
<arg>${TokenEscrow}</arg>
<arg>@{valid_mobile_country_code}[0]</arg>
<arg>${idNum}</arg>
<arg>${3}</arg>
<arg>@{valid_mobile_country_code}[1]</arg>
<arg>${MobNo}</arg>
<arg>${emailid}</arg>
<arg>M</arg>
<arg>@{RegisterSellerData}[0]</arg>
<arg>@{RegisterSellerData}[1]</arg>
<arg>@{RegisterSellerData}[2]</arg>
<arg>@{RegisterSellerData}[3]</arg>
<arg>@{RegisterSellerData}[4]</arg>
<arg>@{RegisterSellerData}[5]</arg>
<arg>@{RegisterSellerData}[6]</arg>
<arg>@{v_nationalityId}</arg>
<arg>@{RegisterSellerData}[7]</arg>
<arg>@{RegisterSellerData}[8]</arg>
<arg>@{RegisterSellerData}[9]</arg>
<arg>@{RegisterSellerData}[10]</arg>
<arg>@{RegisterSellerData}[11]</arg>
<arg>@{RegisterSellerData}[12]</arg>
<arg>@{RegisterSellerData}[13]</arg>
<arg>${0}</arg>
<arg>000</arg>
<arg>Success</arg>
</arguments>
<assign>
<var>${sellerid}</var>
</assign>
<kw name="Create Session" library="RequestsLibrary">
<doc>Create Session: create a HTTP session to a server</doc>
<arguments>
<arg>RegisterNewSeller</arg>
<arg>http://172.31.2.28/escrow_core/api/v1</arg>
</arguments>
<msg timestamp="20200402 10:19:25.903" level="INFO">Creating Session using : alias=RegisterNewSeller, url=http://172.31.2.28/escrow_core/api/v1, headers={},                     cookies={}, auth=None, timeout=None, proxies=None, verify=False,                     debug=0 </msg>
<status status="PASS" starttime="20200402 10:19:25.903" endtime="20200402 10:19:25.904"></status>
</kw>
<kw name="Convert To Integer" library="BuiltIn">
<doc>Converts the given item to an integer number.</doc>
<arguments>
<arg>${typeOfID}</arg>
</arguments>
<assign>
<var>${typeID}</var>
</assign>
<msg timestamp="20200402 10:19:25.904" level="INFO">${typeID} = 3</msg>
<status status="PASS" starttime="20200402 10:19:25.904" endtime="20200402 10:19:25.904"></status>
</kw>
<kw name="Convert To Integer" library="BuiltIn">
<doc>Converts the given item to an integer number.</doc>
<arguments>
<arg>${kycRequest}</arg>
</arguments>
<assign>
<var>${KeyReq}</var>
</assign>
<msg timestamp="20200402 10:19:25.905" level="INFO">${KeyReq} = 0</msg>
<status status="PASS" starttime="20200402 10:19:25.905" endtime="20200402 10:19:25.905"></status>
</kw>
<kw name="Create Dictionary" library="BuiltIn">
<doc>Creates and returns a dictionary based on the given ``items``.</doc>
<arguments>
<arg>homeAddress1=@{Address}[0]</arg>
<arg>homeAddress2=@{Address}[1]</arg>
<arg>countryId=@{Address}[2]</arg>
<arg>stateId=@{Address}[3]</arg>
<arg>state=@{Address}[4]</arg>
<arg>postalCode=@{Address}[5]</arg>
<arg>addressDefine1=@{Address}[6]</arg>
<arg>addressDefine2=@{Address}[7]</arg>
<arg>addressDefine3=@{Address}[8]</arg>
<arg>addressDefine4=@{Address}[9]</arg>
</arguments>
<assign>
<var>${UserAddress}</var>
</assign>
<msg timestamp="20200402 10:19:25.906" level="INFO">${UserAddress} = {'homeAddress1': 'homeaddr1', 'homeAddress2': 'homeaddr2', 'countryId': '764', 'stateId': '001', 'state': 'Bangkok', 'postalCode': '10100', 'addressDefine1': 'addrdef1', 'addressDefine2': 'addrdef2', ...</msg>
<status status="PASS" starttime="20200402 10:19:25.905" endtime="20200402 10:19:25.906"></status>
</kw>
<kw name="Create Dictionary" library="BuiltIn">
<doc>Creates and returns a dictionary based on the given ``items``.</doc>
<arguments>
<arg>mailAddress1=@{MailingAddress}[0]</arg>
<arg>mailAddress2=@{MailingAddress}[1]</arg>
<arg>countryId=@{Address}[2]</arg>
<arg>stateId=@{MailingAddress}[2]</arg>
<arg>state=@{Address}[4]</arg>
<arg>postalCode=@{MailingAddress}[3]</arg>
<arg>addressDefine1=@{Address}[6]</arg>
<arg>addressDefine2=@{Address}[7]</arg>
<arg>addressDefine3=@{Address}[8]</arg>
<arg>addressDefine4=@{Address}[9]</arg>
</arguments>
<assign>
<var>${MailAddress}</var>
</assign>
<msg timestamp="20200402 10:19:25.908" level="INFO">${MailAddress} = {'mailAddress1': 'mailaddr1', 'mailAddress2': 'mailaddr2', 'countryId': '764', 'stateId': '002', 'state': 'Bangkok', 'postalCode': '11100', 'addressDefine1': 'addrdef1', 'addressDefine2': 'addrdef2', ...</msg>
<status status="PASS" starttime="20200402 10:19:25.906" endtime="20200402 10:19:25.908"></status>
</kw>
<kw name="Create Dictionary" library="BuiltIn">
<doc>Creates and returns a dictionary based on the given ``items``.</doc>
<arguments>
<arg>escrowCompanyId=${escrowCompanyID}</arg>
<arg>idNumber=${idNumber}</arg>
<arg>typeOfId=${typeID}</arg>
<arg>mobileCountryCode=${MobCountryCode}</arg>
<arg>mobileNo=${MobNo}</arg>
<arg>email=${emailid}</arg>
<arg>gender=${gender}</arg>
<arg>titleEn=${EnTitle}</arg>
<arg>firstNameEn=${EnFirstName}</arg>
<arg>lastNameEn=${EnLastName}</arg>
<arg>titleLocal=${LocalTitle}</arg>
<arg>firstNameLocal=${LocalFistName}</arg>
<arg>lastNameLocal=${LocalLastName}</arg>
<arg>dateOfBirth=${dob}</arg>
<arg>nationalityId=${Nationality}</arg>
<arg>otherVerification=${Verification}</arg>
<arg>workPlace=${WorkPlace}</arg>
<arg>userDefine1=${UserDef1}</arg>
<arg>userDefine2=${UserDef2}</arg>
<arg>userDefine3=${UserDef3}</arg>
<arg>userDefine4=${UserDef4}</arg>
<arg>userDefine5=${UserDef5}</arg>
<arg>kycRequest=${KeyReq}</arg>
<arg>address=${UserAddress}</arg>
<arg>mailingAddress=${MailAddress}</arg>
</arguments>
<assign>
<var>${body}</var>
</assign>
<msg timestamp="20200402 10:19:25.910" level="INFO">${body} = {'escrowCompanyId': '001', 'idNumber': '21690349916214', 'typeOfId': 3, 'mobileCountryCode': '67', 'mobileNo': '1563138918', 'email': 'pavan02875@2c2p.com', 'gender': 'M', 'titleEn': 'MR.', 'firstName...</msg>
<status status="PASS" starttime="20200402 10:19:25.908" endtime="20200402 10:19:25.910"></status>
</kw>
<kw name="Log To Console" library="BuiltIn">
<doc>Logs the given message to the console.</doc>
<arguments>
<arg>${body}</arg>
</arguments>
<status status="PASS" starttime="20200402 10:19:25.910" endtime="20200402 10:19:25.911"></status>
</kw>
<kw name="Set Variable" library="BuiltIn">
<doc>Returns the given values which can then be assigned to a variables.</doc>
<arguments>
<arg>bearer ${Token}</arg>
</arguments>
<assign>
<var>${AuthToken}</var>
</assign>
<msg timestamp="20200402 10:19:25.912" level="INFO">${AuthToken} = bearer eyJhbGciOiJIUzI1NiIsInR5cCI6IkpXVCJ9.eyJodHRwOi8vc2NoZW1hcy5taWNyb3NvZnQuY29tL3dzLzIwMDgvMDYvaWRlbnRpdHkvY2xhaW1zL3VzZXJkYXRhIjoiOTE1b2srbFFFM2Ird3ZBU1hsdE9QNzB0UVVDeWNRRlhqY2lHM0M2MkVDdi8zRTl4...</msg>
<status status="PASS" starttime="20200402 10:19:25.911" endtime="20200402 10:19:25.912"></status>
</kw>
<kw name="Create Dictionary" library="BuiltIn">
<doc>Creates and returns a dictionary based on the given ``items``.</doc>
<arguments>
<arg>Content-Type=application/json</arg>
<arg>Authorization=${AuthToken}</arg>
</arguments>
<assign>
<var>${header}</var>
</assign>
<msg timestamp="20200402 10:19:25.912" level="INFO">${header} = {'Content-Type': 'application/json', 'Authorization': 'bearer eyJhbGciOiJIUzI1NiIsInR5cCI6IkpXVCJ9.eyJodHRwOi8vc2NoZW1hcy5taWNyb3NvZnQuY29tL3dzLzIwMDgvMDYvaWRlbnRpdHkvY2xhaW1zL3VzZXJkYXRhIjoiOTE1b2srb...</msg>
<status status="PASS" starttime="20200402 10:19:25.912" endtime="20200402 10:19:25.912"></status>
</kw>
<kw name="Post Request" library="RequestsLibrary">
<doc>Send a POST request on the session object found using the
given `alias`</doc>
<arguments>
<arg>RegisterNewSeller</arg>
<arg>/seller/register</arg>
<arg>data=${body}</arg>
<arg>headers=${header}</arg>
</arguments>
<assign>
<var>${response}</var>
</assign>
<msg timestamp="20200402 10:19:25.913" level="INFO">POST Request using : uri=/seller/register, params=None, files=None, allow_redirects=True, timeout=None
headers={'User-Agent': 'python-requests/2.23.0', 'Accept-Encoding': 'gzip, deflate', 'Accept': '*/*', 'Connection': 'keep-alive', 'Content-Type': 'application/json', 'Authorization': 'bearer eyJhbGciOiJIUzI1NiIsInR5cCI6IkpXVCJ9.eyJodHRwOi8vc2NoZW1hcy5taWNyb3NvZnQuY29tL3dzLzIwMDgvMDYvaWRlbnRpdHkvY2xhaW1zL3VzZXJkYXRhIjoiOTE1b2srbFFFM2Ird3ZBU1hsdE9QNzB0UVVDeWNRRlhqY2lHM0M2MkVDdi8zRTl4Z2hQa21WMDhqNWlqWGxSTkZmeC9kS2ZWcnFZbXhOcFdWZzVFSWNIaUF4UjAxMXZ1cExnSTJkWTFsWE09IiwibmJmIjoxNTg1ODAyOTYzLCJleHAiOjE1ODU4MDMwMjMsImlhdCI6MTU4NTgwMjk2MywiaXNzIjoiZXNjcm93LWNvcmUtYXBpIiwiYXVkIjoiZXNjcm93LWNvcmUtY2xpZW50In0.O47JiERY0thJizw66KG36n-AMm57LAzjdAq915tGwEQ'} 
data={"escrowCompanyId": "001", "idNumber": "21690349916214", "typeOfId": 3, "mobileCountryCode": "67", "mobileNo": "1563138918", "email": "pavan02875@2c2p.com", "gender": "M", "titleEn": "MR.", "firstNameEn": "Pavan", "lastNameEn": "Powar", "titleLocal": "\u0e19\u0e32\u0e22", "firstNameLocal": "\u0e2a\u0e21\u0e0a\u0e32\u0e22", "lastNameLocal": "\u0e02\u0e32\u0e22\u0e14\u0e35", "dateOfBirth": "20/02/1991", "nationalityId": "764", "otherVerification": "SM0928716357", "workPlace": "pavantest", "userDefine1": "UserDef1", "userDefine2": "UserDef2", "userDefine3": "UserDef3", "userDefine4": "UserDef4", "userDefine5": "UserDef5", "kycRequest": 0, "address": {"homeAddress1": "homeaddr1", "homeAddress2": "homeaddr2", "countryId": "764", "stateId": "001", "state": "Bangkok", "postalCode": "10100", "addressDefine1": "addrdef1", "addressDefine2": "addrdef2", "addressDefine3": "addrdef3", "addressDefine4": "addrdef4"}, "mailingAddress": {"mailAddress1": "mailaddr1", "mailAddress2": "mailaddr2", "countryId": "764", "stateId": "002", "state": "Bangkok", "postalCode": "11100", "addressDefine1": "addrdef1", "addressDefine2": "addrdef2", "addressDefine3": "addrdef3", "addressDefine4": "addrdef4"}} 
json=None</msg>
<msg timestamp="20200402 10:19:26.153" level="INFO">${response} = &lt;Response [200]&gt;</msg>
<status status="PASS" starttime="20200402 10:19:25.913" endtime="20200402 10:19:26.153"></status>
</kw>
<kw name="Should Be Equal As Strings" library="BuiltIn">
<doc>Fails if objects are unequal after converting them to strings.</doc>
<arguments>
<arg>${response.status_code}</arg>
<arg>200</arg>
</arguments>
<msg timestamp="20200402 10:19:26.154" level="INFO">Argument types are:
&lt;class 'int'&gt;
&lt;type 'unicode'&gt;</msg>
<status status="PASS" starttime="20200402 10:19:26.153" endtime="20200402 10:19:26.154"></status>
</kw>
<kw name="Should Be Equal As Strings" library="BuiltIn">
<doc>Fails if objects are unequal after converting them to strings.</doc>
<arguments>
<arg>${response.json()['responseCode']}</arg>
<arg>${ResponseCode}</arg>
</arguments>
<status status="PASS" starttime="20200402 10:19:26.155" endtime="20200402 10:19:26.156"></status>
</kw>
<kw name="Should Be Equal As Strings" library="BuiltIn">
<doc>Fails if objects are unequal after converting them to strings.</doc>
<arguments>
<arg>${response.json()['resDescription']}</arg>
<arg>${ResponseDescription}</arg>
</arguments>
<status status="PASS" starttime="20200402 10:19:26.156" endtime="20200402 10:19:26.157"></status>
</kw>
<msg timestamp="20200402 10:19:26.157" level="INFO">${sellerid} = a4e138ec-d039-48c9-98e4-7546e2fbdc9e</msg>
<status status="PASS" starttime="20200402 10:19:25.901" endtime="20200402 10:19:26.157"></status>
</kw>
<msg timestamp="20200402 10:19:26.158" level="INFO">${SellerId} = a4e138ec-d039-48c9-98e4-7546e2fbdc9e</msg>
<msg timestamp="20200402 10:19:26.158" level="INFO">${IdNumber} = 21690349916214</msg>
<status status="PASS" starttime="20200402 10:19:25.402" endtime="20200402 10:19:26.158"></status>
</kw>
<kw name="GetSellerDetails" library="GetSellerDetails_API">
<arguments>
<arg>${TokenEscrow}</arg>
<arg>@{escrowCompId}</arg>
<arg>${SellerId}</arg>
<arg>000</arg>
<arg>Success</arg>
</arguments>
<kw name="Create Session" library="RequestsLibrary">
<doc>Create Session: create a HTTP session to a server</doc>
<arguments>
<arg>GetUpdateSeller</arg>
<arg>http://172.31.2.28/escrow_core/api/v1</arg>
</arguments>
<msg timestamp="20200402 10:19:26.160" level="INFO">Creating Session using : alias=GetUpdateSeller, url=http://172.31.2.28/escrow_core/api/v1, headers={},                     cookies={}, auth=None, timeout=None, proxies=None, verify=False,                     debug=0 </msg>
<status status="PASS" starttime="20200402 10:19:26.159" endtime="20200402 10:19:26.160"></status>
</kw>
<kw name="Create Dictionary" library="BuiltIn">
<doc>Creates and returns a dictionary based on the given ``items``.</doc>
<arguments>
<arg>escrowCompanyId=${escrowCompanyID}</arg>
<arg>sellerID=${SELLERId}</arg>
</arguments>
<assign>
<var>${body}</var>
</assign>
<msg timestamp="20200402 10:19:26.161" level="INFO">${body} = {'escrowCompanyId': '001', 'sellerID': 'a4e138ec-d039-48c9-98e4-7546e2fbdc9e'}</msg>
<status status="PASS" starttime="20200402 10:19:26.160" endtime="20200402 10:19:26.161"></status>
</kw>
<kw name="Set Variable" library="BuiltIn">
<doc>Returns the given values which can then be assigned to a variables.</doc>
<arguments>
<arg>bearer ${Token}</arg>
</arguments>
<assign>
<var>${AuthToken}</var>
</assign>
<msg timestamp="20200402 10:19:26.162" level="INFO">${AuthToken} = bearer eyJhbGciOiJIUzI1NiIsInR5cCI6IkpXVCJ9.eyJodHRwOi8vc2NoZW1hcy5taWNyb3NvZnQuY29tL3dzLzIwMDgvMDYvaWRlbnRpdHkvY2xhaW1zL3VzZXJkYXRhIjoiOTE1b2srbFFFM2Ird3ZBU1hsdE9QK0s2SVFCWTJ5WGhmeWRhWFp0bGFJMUc4dE9F...</msg>
<status status="PASS" starttime="20200402 10:19:26.161" endtime="20200402 10:19:26.162"></status>
</kw>
<kw name="Create Dictionary" library="BuiltIn">
<doc>Creates and returns a dictionary based on the given ``items``.</doc>
<arguments>
<arg>Content-Type=application/json</arg>
<arg>Authorization=${AuthToken}</arg>
</arguments>
<assign>
<var>${header}</var>
</assign>
<msg timestamp="20200402 10:19:26.162" level="INFO">${header} = {'Content-Type': 'application/json', 'Authorization': 'bearer eyJhbGciOiJIUzI1NiIsInR5cCI6IkpXVCJ9.eyJodHRwOi8vc2NoZW1hcy5taWNyb3NvZnQuY29tL3dzLzIwMDgvMDYvaWRlbnRpdHkvY2xhaW1zL3VzZXJkYXRhIjoiOTE1b2srb...</msg>
<status status="PASS" starttime="20200402 10:19:26.162" endtime="20200402 10:19:26.162"></status>
</kw>
<kw name="Post Request" library="RequestsLibrary">
<doc>Send a POST request on the session object found using the
given `alias`</doc>
<arguments>
<arg>GetUpdateSeller</arg>
<arg>/seller/detail</arg>
<arg>data=${body}</arg>
<arg>headers=${header}</arg>
</arguments>
<assign>
<var>${response}</var>
</assign>
<msg timestamp="20200402 10:19:26.163" level="INFO">POST Request using : uri=/seller/detail, params=None, files=None, allow_redirects=True, timeout=None
headers={'User-Agent': 'python-requests/2.23.0', 'Accept-Encoding': 'gzip, deflate', 'Accept': '*/*', 'Connection': 'keep-alive', 'Content-Type': 'application/json', 'Authorization': 'bearer eyJhbGciOiJIUzI1NiIsInR5cCI6IkpXVCJ9.eyJodHRwOi8vc2NoZW1hcy5taWNyb3NvZnQuY29tL3dzLzIwMDgvMDYvaWRlbnRpdHkvY2xhaW1zL3VzZXJkYXRhIjoiOTE1b2srbFFFM2Ird3ZBU1hsdE9QK0s2SVFCWTJ5WGhmeWRhWFp0bGFJMUc4dE9FUjJ5c0dCL3FRQmRZOFJmaXhPdFhVUXNub1lsdFprZE9kYmliYkViTzNQRXZPTGwvQVdTQjhycEJCOFE9IiwibmJmIjoxNTg1ODAyOTYzLCJleHAiOjE1ODU4MDMwMjMsImlhdCI6MTU4NTgwMjk2MywiaXNzIjoiZXNjcm93LWNvcmUtYXBpIiwiYXVkIjoiZXNjcm93LWNvcmUtY2xpZW50In0.6ejb0dQydV6mHjSGeZ_wldZnbxrjc5EYbT0UzD9Wbc4'} 
data={"escrowCompanyId": "001", "sellerID": "a4e138ec-d039-48c9-98e4-7546e2fbdc9e"} 
json=None</msg>
<msg timestamp="20200402 10:19:26.356" level="INFO">${response} = &lt;Response [200]&gt;</msg>
<status status="PASS" starttime="20200402 10:19:26.163" endtime="20200402 10:19:26.356"></status>
</kw>
<kw name="Should Be Equal As Strings" library="BuiltIn">
<doc>Fails if objects are unequal after converting them to strings.</doc>
<arguments>
<arg>${response.status_code}</arg>
<arg>200</arg>
</arguments>
<msg timestamp="20200402 10:19:26.357" level="INFO">Argument types are:
&lt;class 'int'&gt;
&lt;type 'unicode'&gt;</msg>
<status status="PASS" starttime="20200402 10:19:26.357" endtime="20200402 10:19:26.358"></status>
</kw>
<kw name="Should Be Equal As Strings" library="BuiltIn">
<doc>Fails if objects are unequal after converting them to strings.</doc>
<arguments>
<arg>${response.json()['responseCode']}</arg>
<arg>${ResponseCode}</arg>
</arguments>
<status status="PASS" starttime="20200402 10:19:26.358" endtime="20200402 10:19:26.359"></status>
</kw>
<kw name="Should Be Equal As Strings" library="BuiltIn">
<doc>Fails if objects are unequal after converting them to strings.</doc>
<arguments>
<arg>${response.json()['resDescription']}</arg>
<arg>${ResponseDescription}</arg>
</arguments>
<status status="PASS" starttime="20200402 10:19:26.360" endtime="20200402 10:19:26.361"></status>
</kw>
<status status="PASS" starttime="20200402 10:19:26.158" endtime="20200402 10:19:26.361"></status>
</kw>
<doc>Valid: To check API response with valid JWT token</doc>
<tags>
<tag>000</tag>
</tags>
<status status="PASS" starttime="20200402 10:19:22.899" endtime="20200402 10:19:26.362" critical="yes"></status>
</test>
<status status="FAIL" starttime="20200402 09:50:13.546" endtime="20200402 10:19:26.367"></status>
</suite>
<statistics>
<total>
<stat pass="19" fail="1">Critical Tests</stat>
<stat pass="19" fail="1">All Tests</stat>
</total>
<tag>
<stat pass="3" fail="1">000</stat>
<stat pass="12" fail="0">A01</stat>
<stat pass="4" fail="0">A02</stat>
</tag>
<suite>
<stat pass="19" fail="1" id="s1" name="Token TestCases">Token TestCases</stat>
</suite>
</statistics>
<errors>
<msg timestamp="20200402 09:50:14.059" level="ERROR">Error in file 'C:\Users\perennial\PycharmProjects\EscrowAPI\Resource\Keyword\All Keywords EscrowAPI.robot': Resource file '\Global Keyword\Get Token.robot' does not exist.</msg>
<msg timestamp="20200402 09:50:14.060" level="ERROR">Error in file 'C:\Users\perennial\PycharmProjects\EscrowAPI\Resource\Keyword\All Keywords EscrowAPI.robot': Resource file '\Global Keyword\Register_Global_Keywords.robot' does not exist.</msg>
</errors>
</robot>
