<?xml version="1.0" encoding="UTF-8"?>
<robot generator="Robot 3.1.2 (Python 3.8.1 on win32)" generated="20200331 19:25:27.751" rpa="false">
<suite id="s1" name="Token TestCases" source="C:\Users\perennial\PycharmProjects\EscrowAPI\TestCases\EscrowToken_API\Token_TestCases.robot">
<test id="s1-t1" name="TC_01 RegisterNewSeller with Empty JWT Token">
<kw name="Randome_IDNumber" library="Register_Global_Keywords">
<assign>
<var>${IdNumber}</var>
</assign>
<kw name="Generate Random String" library="String">
<doc>Generates a string with a desired ``length`` from the given ``chars``.</doc>
<arguments>
<arg>14</arg>
<arg>[NUMBERS]</arg>
</arguments>
<assign>
<var>${Id}</var>
</assign>
<msg timestamp="20200331 19:25:28.852" level="INFO">${Id} = 72866567188420</msg>
<status status="PASS" starttime="20200331 19:25:28.851" endtime="20200331 19:25:28.852"></status>
</kw>
<kw name="Set Global Variable" library="BuiltIn">
<doc>Makes a variable available globally in all tests and suites.</doc>
<arguments>
<arg>${IdNumber}</arg>
<arg>${Id}</arg>
</arguments>
<msg timestamp="20200331 19:25:28.853" level="INFO">${IdNumber} = 72866567188420</msg>
<status status="PASS" starttime="20200331 19:25:28.852" endtime="20200331 19:25:28.853"></status>
</kw>
<msg timestamp="20200331 19:25:28.853" level="INFO">${IdNumber} = 72866567188420</msg>
<status status="PASS" starttime="20200331 19:25:28.850" endtime="20200331 19:25:28.853"></status>
</kw>
<kw name="RegisterSeller" library="Register_Seller_API">
<arguments>
<arg>${EMPTY}</arg>
<arg>@{escrowCompId}</arg>
<arg>${IdNumber}</arg>
<arg>${1}</arg>
<arg>${0}</arg>
<arg>A01</arg>
<arg>Invalid access token</arg>
</arguments>
<kw name="Create Session" library="RequestsLibrary">
<doc>Create Session: create a HTTP session to a server</doc>
<arguments>
<arg>RegisterNewSeller</arg>
<arg>http://172.31.2.28/escrow_core/api/v1</arg>
</arguments>
<msg timestamp="20200331 19:25:28.855" level="INFO">Creating Session using : alias=RegisterNewSeller, url=http://172.31.2.28/escrow_core/api/v1, headers={},                     cookies={}, auth=None, timeout=None, proxies=None, verify=False,                     debug=0 </msg>
<status status="PASS" starttime="20200331 19:25:28.855" endtime="20200331 19:25:28.856"></status>
</kw>
<kw name="Convert To Integer" library="BuiltIn">
<doc>Converts the given item to an integer number.</doc>
<arguments>
<arg>${typeOfID}</arg>
</arguments>
<assign>
<var>${typeID}</var>
</assign>
<msg timestamp="20200331 19:25:28.857" level="INFO">${typeID} = 1</msg>
<status status="PASS" starttime="20200331 19:25:28.856" endtime="20200331 19:25:28.857"></status>
</kw>
<kw name="Convert To Integer" library="BuiltIn">
<doc>Converts the given item to an integer number.</doc>
<arguments>
<arg>${kycRequest}</arg>
</arguments>
<assign>
<var>${KeyReq}</var>
</assign>
<msg timestamp="20200331 19:25:28.858" level="INFO">${KeyReq} = 0</msg>
<status status="PASS" starttime="20200331 19:25:28.857" endtime="20200331 19:25:28.858"></status>
</kw>
<kw name="Create Dictionary" library="BuiltIn">
<doc>Creates and returns a dictionary based on the given ``items``.</doc>
<arguments>
<arg>escrowCompanyId=${escrowCompanyID}</arg>
<arg>idNumber=${idNumber}</arg>
<arg>typeOfId=${typeID}</arg>
<arg>kycRequest=${KeyReq}</arg>
</arguments>
<assign>
<var>${body}</var>
</assign>
<msg timestamp="20200331 19:25:28.859" level="INFO">${body} = {'escrowCompanyId': '001', 'idNumber': '72866567188420', 'typeOfId': 1, 'kycRequest': 0}</msg>
<status status="PASS" starttime="20200331 19:25:28.858" endtime="20200331 19:25:28.859"></status>
</kw>
<kw name="Set Variable" library="BuiltIn">
<doc>Returns the given values which can then be assigned to a variables.</doc>
<arguments>
<arg>bearer ${Token}</arg>
</arguments>
<assign>
<var>${AuthToken}</var>
</assign>
<msg timestamp="20200331 19:25:28.860" level="INFO">${AuthToken} = bearer </msg>
<status status="PASS" starttime="20200331 19:25:28.860" endtime="20200331 19:25:28.860"></status>
</kw>
<kw name="Create Dictionary" library="BuiltIn">
<doc>Creates and returns a dictionary based on the given ``items``.</doc>
<arguments>
<arg>Content-Type=application/json</arg>
<arg>Authorization=${AuthToken}</arg>
</arguments>
<assign>
<var>${header}</var>
</assign>
<msg timestamp="20200331 19:25:28.861" level="INFO">${header} = {'Content-Type': 'application/json', 'Authorization': 'bearer '}</msg>
<status status="PASS" starttime="20200331 19:25:28.860" endtime="20200331 19:25:28.861"></status>
</kw>
<kw name="Post Request" library="RequestsLibrary">
<doc>Send a POST request on the session object found using the
given `alias`</doc>
<arguments>
<arg>RegisterNewSeller</arg>
<arg>/seller/register</arg>
<arg>data=${body}</arg>
<arg>headers=${header}</arg>
</arguments>
<assign>
<var>${response}</var>
</assign>
<msg timestamp="20200331 19:25:28.862" level="INFO">POST Request using : uri=/seller/register, params=None, files=None, allow_redirects=True, timeout=None
headers={'User-Agent': 'python-requests/2.23.0', 'Accept-Encoding': 'gzip, deflate', 'Accept': '*/*', 'Connection': 'keep-alive', 'Content-Type': 'application/json', 'Authorization': 'bearer '} 
data={"escrowCompanyId": "001", "idNumber": "72866567188420", "typeOfId": 1, "kycRequest": 0} 
json=None</msg>
<msg timestamp="20200331 19:25:29.003" level="INFO">${response} = &lt;Response [200]&gt;</msg>
<status status="PASS" starttime="20200331 19:25:28.861" endtime="20200331 19:25:29.003"></status>
</kw>
<kw name="Log" library="BuiltIn">
<doc>Logs the given message with the given level.</doc>
<arguments>
<arg>${response.text}</arg>
<arg>console=True</arg>
</arguments>
<msg timestamp="20200331 19:25:29.004" level="INFO">{"responseCode":"A01","resDescription":"Invalid access token"}</msg>
<status status="PASS" starttime="20200331 19:25:29.003" endtime="20200331 19:25:29.004"></status>
</kw>
<kw name="Should Be Equal As Strings" library="BuiltIn">
<doc>Fails if objects are unequal after converting them to strings.</doc>
<arguments>
<arg>${response.status_code}</arg>
<arg>200</arg>
</arguments>
<msg timestamp="20200331 19:25:29.005" level="INFO">Argument types are:
&lt;class 'int'&gt;
&lt;type 'unicode'&gt;</msg>
<status status="PASS" starttime="20200331 19:25:29.005" endtime="20200331 19:25:29.006"></status>
</kw>
<kw name="Should Be Equal As Strings" library="BuiltIn">
<doc>Fails if objects are unequal after converting them to strings.</doc>
<arguments>
<arg>${response.json()['responseCode']}</arg>
<arg>${ResponseCode}</arg>
</arguments>
<status status="PASS" starttime="20200331 19:25:29.006" endtime="20200331 19:25:29.007"></status>
</kw>
<kw name="Should Be Equal As Strings" library="BuiltIn">
<doc>Fails if objects are unequal after converting them to strings.</doc>
<arguments>
<arg>${response.json()['resDescription']}</arg>
<arg>${ResponseDescription}</arg>
</arguments>
<status status="PASS" starttime="20200331 19:25:29.007" endtime="20200331 19:25:29.008"></status>
</kw>
<status status="PASS" starttime="20200331 19:25:28.854" endtime="20200331 19:25:29.008"></status>
</kw>
<doc>Empty : To verify response for Empty JWT token.</doc>
<tags>
<tag>A01</tag>
</tags>
<status status="PASS" starttime="20200331 19:25:28.848" endtime="20200331 19:25:29.009" critical="yes"></status>
</test>
<test id="s1-t2" name="TC_02 RegisterNewSeller with Invalid JWT Token">
<kw name="GetToken Escrow" library="Get Token">
<assign>
<var>${TokenEscrow}</var>
</assign>
<kw name="Create Session" library="RequestsLibrary">
<doc>Create Session: create a HTTP session to a server</doc>
<arguments>
<arg>Session</arg>
<arg>${URLEscrowAuthUAT}</arg>
</arguments>
<msg timestamp="20200331 19:25:29.011" level="INFO">Creating Session using : alias=Session, url=http://172.31.2.28/escrow_core/api/v1/Authentication/oauth2, headers={},                     cookies={}, auth=None, timeout=None, proxies=None, verify=False,                     debug=0 </msg>
<status status="PASS" starttime="20200331 19:25:29.011" endtime="20200331 19:25:29.012"></status>
</kw>
<kw name="Create Dictionary" library="BuiltIn">
<doc>Creates and returns a dictionary based on the given ``items``.</doc>
<arguments>
<arg>Content-Type=application/x-www-form-urlencoded</arg>
</arguments>
<assign>
<var>${header}</var>
</assign>
<msg timestamp="20200331 19:25:29.013" level="INFO">${header} = {'Content-Type': 'application/x-www-form-urlencoded'}</msg>
<status status="PASS" starttime="20200331 19:25:29.012" endtime="20200331 19:25:29.013"></status>
</kw>
<kw name="Set To Dictionary" library="Collections">
<doc>Adds the given ``key_value_pairs`` and ``items`` to the ``dictionary``.</doc>
<arguments>
<arg>${header}</arg>
<arg>Authorization</arg>
<arg>Basic ${Client_authKey}</arg>
</arguments>
<status status="PASS" starttime="20200331 19:25:29.013" endtime="20200331 19:25:29.014"></status>
</kw>
<kw name="Create Dictionary" library="BuiltIn">
<doc>Creates and returns a dictionary based on the given ``items``.</doc>
<arguments>
<arg>grant_type=client_credentials</arg>
</arguments>
<assign>
<var>${Body}</var>
</assign>
<msg timestamp="20200331 19:25:29.015" level="INFO">${Body} = {'grant_type': 'client_credentials'}</msg>
<status status="PASS" starttime="20200331 19:25:29.014" endtime="20200331 19:25:29.015"></status>
</kw>
<kw name="Post Request" library="RequestsLibrary">
<doc>Send a POST request on the session object found using the
given `alias`</doc>
<arguments>
<arg>Session</arg>
<arg>/token</arg>
<arg>data=${Body}</arg>
<arg>headers=${header}</arg>
</arguments>
<assign>
<var>${response}</var>
</assign>
<msg timestamp="20200331 19:25:29.016" level="INFO">POST Request using : uri=/token, params=None, files=None, allow_redirects=True, timeout=None
headers={'User-Agent': 'python-requests/2.23.0', 'Accept-Encoding': 'gzip, deflate', 'Accept': '*/*', 'Connection': 'keep-alive', 'Content-Type': 'application/x-www-form-urlencoded', 'Authorization': 'Basic MDAxOmthaWRlZVNlY3JldEtleVRlc3Q='} 
data=grant_type=client_credentials 
json=None</msg>
<msg timestamp="20200331 19:25:29.242" level="INFO">${response} = &lt;Response [200]&gt;</msg>
<status status="PASS" starttime="20200331 19:25:29.015" endtime="20200331 19:25:29.242"></status>
</kw>
<kw name="Should Be Equal As Strings" library="BuiltIn">
<doc>Fails if objects are unequal after converting them to strings.</doc>
<arguments>
<arg>${response.status_code}</arg>
<arg>200</arg>
</arguments>
<msg timestamp="20200331 19:25:29.243" level="INFO">Argument types are:
&lt;class 'int'&gt;
&lt;type 'unicode'&gt;</msg>
<status status="PASS" starttime="20200331 19:25:29.242" endtime="20200331 19:25:29.243"></status>
</kw>
<kw name="Log" library="BuiltIn">
<doc>Logs the given message with the given level.</doc>
<arguments>
<arg>${response.json()['accessToken']}</arg>
</arguments>
<msg timestamp="20200331 19:25:29.245" level="INFO">eyJhbGciOiJIUzI1NiIsInR5cCI6IkpXVCJ9.eyJodHRwOi8vc2NoZW1hcy5taWNyb3NvZnQuY29tL3dzLzIwMDgvMDYvaWRlbnRpdHkvY2xhaW1zL3VzZXJkYXRhIjoiOTE1b2srbFFFM2Ird3ZBU1hsdE9QNU9mbG9RdU8vY3ZHUkNwOW9QSWlmSXZMWE94czZoNHFlbHVsZGxrSHN4Uyt0ZENSU1VHbW56Yk1PTFdCc1h6aXFPV3hKV3lUUHdmcFY2YkVHZi80cXc9IiwibmJmIjoxNTg1NjYyOTI4LCJleHAiOjE1ODU2NjI5ODgsImlhdCI6MTU4NTY2MjkyOCwiaXNzIjoiZXNjcm93LWNvcmUtYXBpIiwiYXVkIjoiZXNjcm93LWNvcmUtY2xpZW50In0.bu0XXp5nSGo-2StSwO0IxvcTrcj6_f90mlIhFGSKsK4</msg>
<status status="PASS" starttime="20200331 19:25:29.244" endtime="20200331 19:25:29.245"></status>
</kw>
<msg timestamp="20200331 19:25:29.245" level="INFO">${TokenEscrow} = eyJhbGciOiJIUzI1NiIsInR5cCI6IkpXVCJ9.eyJodHRwOi8vc2NoZW1hcy5taWNyb3NvZnQuY29tL3dzLzIwMDgvMDYvaWRlbnRpdHkvY2xhaW1zL3VzZXJkYXRhIjoiOTE1b2srbFFFM2Ird3ZBU1hsdE9QNU9mbG9RdU8vY3ZHUkNwOW9QSWlmSXZMWE94czZoNHF...</msg>
<status status="PASS" starttime="20200331 19:25:29.011" endtime="20200331 19:25:29.246"></status>
</kw>
<kw name="Randome_IDNumber" library="Register_Global_Keywords">
<assign>
<var>${IdNumber}</var>
</assign>
<kw name="Generate Random String" library="String">
<doc>Generates a string with a desired ``length`` from the given ``chars``.</doc>
<arguments>
<arg>14</arg>
<arg>[NUMBERS]</arg>
</arguments>
<assign>
<var>${Id}</var>
</assign>
<msg timestamp="20200331 19:25:29.248" level="INFO">${Id} = 83979203428555</msg>
<status status="PASS" starttime="20200331 19:25:29.247" endtime="20200331 19:25:29.248"></status>
</kw>
<kw name="Set Global Variable" library="BuiltIn">
<doc>Makes a variable available globally in all tests and suites.</doc>
<arguments>
<arg>${IdNumber}</arg>
<arg>${Id}</arg>
</arguments>
<msg timestamp="20200331 19:25:29.249" level="INFO">${IdNumber} = 83979203428555</msg>
<status status="PASS" starttime="20200331 19:25:29.248" endtime="20200331 19:25:29.249"></status>
</kw>
<msg timestamp="20200331 19:25:29.249" level="INFO">${IdNumber} = 83979203428555</msg>
<status status="PASS" starttime="20200331 19:25:29.246" endtime="20200331 19:25:29.249"></status>
</kw>
<kw name="RegisterSeller" library="Register_Seller_API">
<arguments>
<arg>${TokenEscrow}1a2b3</arg>
<arg>@{escrowCompId}</arg>
<arg>${IdNumber}</arg>
<arg>${1}</arg>
<arg>${0}</arg>
<arg>A01</arg>
<arg>Invalid access token</arg>
</arguments>
<kw name="Create Session" library="RequestsLibrary">
<doc>Create Session: create a HTTP session to a server</doc>
<arguments>
<arg>RegisterNewSeller</arg>
<arg>http://172.31.2.28/escrow_core/api/v1</arg>
</arguments>
<msg timestamp="20200331 19:25:29.252" level="INFO">Creating Session using : alias=RegisterNewSeller, url=http://172.31.2.28/escrow_core/api/v1, headers={},                     cookies={}, auth=None, timeout=None, proxies=None, verify=False,                     debug=0 </msg>
<status status="PASS" starttime="20200331 19:25:29.251" endtime="20200331 19:25:29.252"></status>
</kw>
<kw name="Convert To Integer" library="BuiltIn">
<doc>Converts the given item to an integer number.</doc>
<arguments>
<arg>${typeOfID}</arg>
</arguments>
<assign>
<var>${typeID}</var>
</assign>
<msg timestamp="20200331 19:25:29.253" level="INFO">${typeID} = 1</msg>
<status status="PASS" starttime="20200331 19:25:29.253" endtime="20200331 19:25:29.253"></status>
</kw>
<kw name="Convert To Integer" library="BuiltIn">
<doc>Converts the given item to an integer number.</doc>
<arguments>
<arg>${kycRequest}</arg>
</arguments>
<assign>
<var>${KeyReq}</var>
</assign>
<msg timestamp="20200331 19:25:29.254" level="INFO">${KeyReq} = 0</msg>
<status status="PASS" starttime="20200331 19:25:29.254" endtime="20200331 19:25:29.254"></status>
</kw>
<kw name="Create Dictionary" library="BuiltIn">
<doc>Creates and returns a dictionary based on the given ``items``.</doc>
<arguments>
<arg>escrowCompanyId=${escrowCompanyID}</arg>
<arg>idNumber=${idNumber}</arg>
<arg>typeOfId=${typeID}</arg>
<arg>kycRequest=${KeyReq}</arg>
</arguments>
<assign>
<var>${body}</var>
</assign>
<msg timestamp="20200331 19:25:29.256" level="INFO">${body} = {'escrowCompanyId': '001', 'idNumber': '83979203428555', 'typeOfId': 1, 'kycRequest': 0}</msg>
<status status="PASS" starttime="20200331 19:25:29.255" endtime="20200331 19:25:29.256"></status>
</kw>
<kw name="Set Variable" library="BuiltIn">
<doc>Returns the given values which can then be assigned to a variables.</doc>
<arguments>
<arg>bearer ${Token}</arg>
</arguments>
<assign>
<var>${AuthToken}</var>
</assign>
<msg timestamp="20200331 19:25:29.257" level="INFO">${AuthToken} = bearer eyJhbGciOiJIUzI1NiIsInR5cCI6IkpXVCJ9.eyJodHRwOi8vc2NoZW1hcy5taWNyb3NvZnQuY29tL3dzLzIwMDgvMDYvaWRlbnRpdHkvY2xhaW1zL3VzZXJkYXRhIjoiOTE1b2srbFFFM2Ird3ZBU1hsdE9QNU9mbG9RdU8vY3ZHUkNwOW9QSWlmSXZMWE94...</msg>
<status status="PASS" starttime="20200331 19:25:29.256" endtime="20200331 19:25:29.257"></status>
</kw>
<kw name="Create Dictionary" library="BuiltIn">
<doc>Creates and returns a dictionary based on the given ``items``.</doc>
<arguments>
<arg>Content-Type=application/json</arg>
<arg>Authorization=${AuthToken}</arg>
</arguments>
<assign>
<var>${header}</var>
</assign>
<msg timestamp="20200331 19:25:29.258" level="INFO">${header} = {'Content-Type': 'application/json', 'Authorization': 'bearer eyJhbGciOiJIUzI1NiIsInR5cCI6IkpXVCJ9.eyJodHRwOi8vc2NoZW1hcy5taWNyb3NvZnQuY29tL3dzLzIwMDgvMDYvaWRlbnRpdHkvY2xhaW1zL3VzZXJkYXRhIjoiOTE1b2srb...</msg>
<status status="PASS" starttime="20200331 19:25:29.257" endtime="20200331 19:25:29.258"></status>
</kw>
<kw name="Post Request" library="RequestsLibrary">
<doc>Send a POST request on the session object found using the
given `alias`</doc>
<arguments>
<arg>RegisterNewSeller</arg>
<arg>/seller/register</arg>
<arg>data=${body}</arg>
<arg>headers=${header}</arg>
</arguments>
<assign>
<var>${response}</var>
</assign>
<msg timestamp="20200331 19:25:29.260" level="INFO">POST Request using : uri=/seller/register, params=None, files=None, allow_redirects=True, timeout=None
headers={'User-Agent': 'python-requests/2.23.0', 'Accept-Encoding': 'gzip, deflate', 'Accept': '*/*', 'Connection': 'keep-alive', 'Content-Type': 'application/json', 'Authorization': 'bearer eyJhbGciOiJIUzI1NiIsInR5cCI6IkpXVCJ9.eyJodHRwOi8vc2NoZW1hcy5taWNyb3NvZnQuY29tL3dzLzIwMDgvMDYvaWRlbnRpdHkvY2xhaW1zL3VzZXJkYXRhIjoiOTE1b2srbFFFM2Ird3ZBU1hsdE9QNU9mbG9RdU8vY3ZHUkNwOW9QSWlmSXZMWE94czZoNHFlbHVsZGxrSHN4Uyt0ZENSU1VHbW56Yk1PTFdCc1h6aXFPV3hKV3lUUHdmcFY2YkVHZi80cXc9IiwibmJmIjoxNTg1NjYyOTI4LCJleHAiOjE1ODU2NjI5ODgsImlhdCI6MTU4NTY2MjkyOCwiaXNzIjoiZXNjcm93LWNvcmUtYXBpIiwiYXVkIjoiZXNjcm93LWNvcmUtY2xpZW50In0.bu0XXp5nSGo-2StSwO0IxvcTrcj6_f90mlIhFGSKsK41a2b3'} 
data={"escrowCompanyId": "001", "idNumber": "83979203428555", "typeOfId": 1, "kycRequest": 0} 
json=None</msg>
<msg timestamp="20200331 19:25:29.687" level="INFO">${response} = &lt;Response [200]&gt;</msg>
<status status="PASS" starttime="20200331 19:25:29.259" endtime="20200331 19:25:29.687"></status>
</kw>
<kw name="Log" library="BuiltIn">
<doc>Logs the given message with the given level.</doc>
<arguments>
<arg>${response.text}</arg>
<arg>console=True</arg>
</arguments>
<msg timestamp="20200331 19:25:29.688" level="INFO">{"responseCode":"A01","resDescription":"Invalid access token"}</msg>
<status status="PASS" starttime="20200331 19:25:29.688" endtime="20200331 19:25:29.689"></status>
</kw>
<kw name="Should Be Equal As Strings" library="BuiltIn">
<doc>Fails if objects are unequal after converting them to strings.</doc>
<arguments>
<arg>${response.status_code}</arg>
<arg>200</arg>
</arguments>
<msg timestamp="20200331 19:25:29.690" level="INFO">Argument types are:
&lt;class 'int'&gt;
&lt;type 'unicode'&gt;</msg>
<status status="PASS" starttime="20200331 19:25:29.689" endtime="20200331 19:25:29.690"></status>
</kw>
<kw name="Should Be Equal As Strings" library="BuiltIn">
<doc>Fails if objects are unequal after converting them to strings.</doc>
<arguments>
<arg>${response.json()['responseCode']}</arg>
<arg>${ResponseCode}</arg>
</arguments>
<status status="PASS" starttime="20200331 19:25:29.690" endtime="20200331 19:25:29.691"></status>
</kw>
<kw name="Should Be Equal As Strings" library="BuiltIn">
<doc>Fails if objects are unequal after converting them to strings.</doc>
<arguments>
<arg>${response.json()['resDescription']}</arg>
<arg>${ResponseDescription}</arg>
</arguments>
<status status="PASS" starttime="20200331 19:25:29.691" endtime="20200331 19:25:29.692"></status>
</kw>
<status status="PASS" starttime="20200331 19:25:29.250" endtime="20200331 19:25:29.693"></status>
</kw>
<doc>Invalid : To verify response for Invalid JWT token.</doc>
<tags>
<tag>A01</tag>
</tags>
<status status="PASS" starttime="20200331 19:25:29.010" endtime="20200331 19:25:29.693" critical="yes"></status>
</test>
<test id="s1-t3" name="TC_03 RegisterNewSeller with Expired JWT Token">
<kw name="GetToken Escrow" library="Get Token">
<assign>
<var>${TokenEscrow}</var>
</assign>
<kw name="Create Session" library="RequestsLibrary">
<doc>Create Session: create a HTTP session to a server</doc>
<arguments>
<arg>Session</arg>
<arg>${URLEscrowAuthUAT}</arg>
</arguments>
<msg timestamp="20200331 19:25:29.698" level="INFO">Creating Session using : alias=Session, url=http://172.31.2.28/escrow_core/api/v1/Authentication/oauth2, headers={},                     cookies={}, auth=None, timeout=None, proxies=None, verify=False,                     debug=0 </msg>
<status status="PASS" starttime="20200331 19:25:29.697" endtime="20200331 19:25:29.699"></status>
</kw>
<kw name="Create Dictionary" library="BuiltIn">
<doc>Creates and returns a dictionary based on the given ``items``.</doc>
<arguments>
<arg>Content-Type=application/x-www-form-urlencoded</arg>
</arguments>
<assign>
<var>${header}</var>
</assign>
<msg timestamp="20200331 19:25:29.700" level="INFO">${header} = {'Content-Type': 'application/x-www-form-urlencoded'}</msg>
<status status="PASS" starttime="20200331 19:25:29.699" endtime="20200331 19:25:29.700"></status>
</kw>
<kw name="Set To Dictionary" library="Collections">
<doc>Adds the given ``key_value_pairs`` and ``items`` to the ``dictionary``.</doc>
<arguments>
<arg>${header}</arg>
<arg>Authorization</arg>
<arg>Basic ${Client_authKey}</arg>
</arguments>
<status status="PASS" starttime="20200331 19:25:29.700" endtime="20200331 19:25:29.701"></status>
</kw>
<kw name="Create Dictionary" library="BuiltIn">
<doc>Creates and returns a dictionary based on the given ``items``.</doc>
<arguments>
<arg>grant_type=client_credentials</arg>
</arguments>
<assign>
<var>${Body}</var>
</assign>
<msg timestamp="20200331 19:25:29.702" level="INFO">${Body} = {'grant_type': 'client_credentials'}</msg>
<status status="PASS" starttime="20200331 19:25:29.701" endtime="20200331 19:25:29.702"></status>
</kw>
<kw name="Post Request" library="RequestsLibrary">
<doc>Send a POST request on the session object found using the
given `alias`</doc>
<arguments>
<arg>Session</arg>
<arg>/token</arg>
<arg>data=${Body}</arg>
<arg>headers=${header}</arg>
</arguments>
<assign>
<var>${response}</var>
</assign>
<msg timestamp="20200331 19:25:29.703" level="INFO">POST Request using : uri=/token, params=None, files=None, allow_redirects=True, timeout=None
headers={'User-Agent': 'python-requests/2.23.0', 'Accept-Encoding': 'gzip, deflate', 'Accept': '*/*', 'Connection': 'keep-alive', 'Content-Type': 'application/x-www-form-urlencoded', 'Authorization': 'Basic MDAxOmthaWRlZVNlY3JldEtleVRlc3Q='} 
data=grant_type=client_credentials 
json=None</msg>
<msg timestamp="20200331 19:25:30.153" level="INFO">${response} = &lt;Response [200]&gt;</msg>
<status status="PASS" starttime="20200331 19:25:29.702" endtime="20200331 19:25:30.153"></status>
</kw>
<kw name="Should Be Equal As Strings" library="BuiltIn">
<doc>Fails if objects are unequal after converting them to strings.</doc>
<arguments>
<arg>${response.status_code}</arg>
<arg>200</arg>
</arguments>
<msg timestamp="20200331 19:25:30.154" level="INFO">Argument types are:
&lt;class 'int'&gt;
&lt;type 'unicode'&gt;</msg>
<status status="PASS" starttime="20200331 19:25:30.153" endtime="20200331 19:25:30.154"></status>
</kw>
<kw name="Log" library="BuiltIn">
<doc>Logs the given message with the given level.</doc>
<arguments>
<arg>${response.json()['accessToken']}</arg>
</arguments>
<msg timestamp="20200331 19:25:30.155" level="INFO">eyJhbGciOiJIUzI1NiIsInR5cCI6IkpXVCJ9.eyJodHRwOi8vc2NoZW1hcy5taWNyb3NvZnQuY29tL3dzLzIwMDgvMDYvaWRlbnRpdHkvY2xhaW1zL3VzZXJkYXRhIjoiOTE1b2srbFFFM2Ird3ZBU1hsdE9QNHBXTTRaR0liWUtIbTh4OTlsYmpGYmtTRnoxdDYvbWxXQVVtL3VGOXBtcVd1bGdFR1NlZ3BIYnFmWFdkNzhqckpscXcxOXRSVWRPYjlLSDl0ZjkxZ2M9IiwibmJmIjoxNTg1NjYyOTI4LCJleHAiOjE1ODU2NjI5ODgsImlhdCI6MTU4NTY2MjkyOCwiaXNzIjoiZXNjcm93LWNvcmUtYXBpIiwiYXVkIjoiZXNjcm93LWNvcmUtY2xpZW50In0.Szi07De3oQGbiRXIrV7BXo8JN96Ju4OD6MqcT0pfnzY</msg>
<status status="PASS" starttime="20200331 19:25:30.154" endtime="20200331 19:25:30.155"></status>
</kw>
<msg timestamp="20200331 19:25:30.156" level="INFO">${TokenEscrow} = eyJhbGciOiJIUzI1NiIsInR5cCI6IkpXVCJ9.eyJodHRwOi8vc2NoZW1hcy5taWNyb3NvZnQuY29tL3dzLzIwMDgvMDYvaWRlbnRpdHkvY2xhaW1zL3VzZXJkYXRhIjoiOTE1b2srbFFFM2Ird3ZBU1hsdE9QNHBXTTRaR0liWUtIbTh4OTlsYmpGYmtTRnoxdDYvbWx...</msg>
<status status="PASS" starttime="20200331 19:25:29.696" endtime="20200331 19:25:30.156"></status>
</kw>
<kw name="Randome_IDNumber" library="Register_Global_Keywords">
<assign>
<var>${IdNumber}</var>
</assign>
<kw name="Generate Random String" library="String">
<doc>Generates a string with a desired ``length`` from the given ``chars``.</doc>
<arguments>
<arg>14</arg>
<arg>[NUMBERS]</arg>
</arguments>
<assign>
<var>${Id}</var>
</assign>
<msg timestamp="20200331 19:25:30.177" level="INFO">${Id} = 80056752024588</msg>
<status status="PASS" starttime="20200331 19:25:30.177" endtime="20200331 19:25:30.178"></status>
</kw>
<kw name="Set Global Variable" library="BuiltIn">
<doc>Makes a variable available globally in all tests and suites.</doc>
<arguments>
<arg>${IdNumber}</arg>
<arg>${Id}</arg>
</arguments>
<msg timestamp="20200331 19:25:30.179" level="INFO">${IdNumber} = 80056752024588</msg>
<status status="PASS" starttime="20200331 19:25:30.178" endtime="20200331 19:25:30.179"></status>
</kw>
<msg timestamp="20200331 19:25:30.179" level="INFO">${IdNumber} = 80056752024588</msg>
<status status="PASS" starttime="20200331 19:25:30.176" endtime="20200331 19:25:30.179"></status>
</kw>
<kw name="Sleep" library="BuiltIn">
<doc>Pauses the test executed for the given time.</doc>
<arguments>
<arg>7 minutes</arg>
</arguments>
<msg timestamp="20200331 19:32:30.223" level="INFO">Slept 7 minutes</msg>
<status status="PASS" starttime="20200331 19:25:30.214" endtime="20200331 19:32:30.227"></status>
</kw>
<kw name="RegisterSeller" library="Register_Seller_API">
<arguments>
<arg>${TokenEscrow}</arg>
<arg>@{escrowCompId}</arg>
<arg>${IdNumber}</arg>
<arg>${1}</arg>
<arg>${0}</arg>
<arg>A02</arg>
<arg>Access token expired</arg>
</arguments>
<kw name="Create Session" library="RequestsLibrary">
<doc>Create Session: create a HTTP session to a server</doc>
<arguments>
<arg>RegisterNewSeller</arg>
<arg>http://172.31.2.28/escrow_core/api/v1</arg>
</arguments>
<msg timestamp="20200331 19:32:30.234" level="INFO">Creating Session using : alias=RegisterNewSeller, url=http://172.31.2.28/escrow_core/api/v1, headers={},                     cookies={}, auth=None, timeout=None, proxies=None, verify=False,                     debug=0 </msg>
<status status="PASS" starttime="20200331 19:32:30.234" endtime="20200331 19:32:30.235"></status>
</kw>
<kw name="Convert To Integer" library="BuiltIn">
<doc>Converts the given item to an integer number.</doc>
<arguments>
<arg>${typeOfID}</arg>
</arguments>
<assign>
<var>${typeID}</var>
</assign>
<msg timestamp="20200331 19:32:30.236" level="INFO">${typeID} = 1</msg>
<status status="PASS" starttime="20200331 19:32:30.236" endtime="20200331 19:32:30.236"></status>
</kw>
<kw name="Convert To Integer" library="BuiltIn">
<doc>Converts the given item to an integer number.</doc>
<arguments>
<arg>${kycRequest}</arg>
</arguments>
<assign>
<var>${KeyReq}</var>
</assign>
<msg timestamp="20200331 19:32:30.237" level="INFO">${KeyReq} = 0</msg>
<status status="PASS" starttime="20200331 19:32:30.237" endtime="20200331 19:32:30.237"></status>
</kw>
<kw name="Create Dictionary" library="BuiltIn">
<doc>Creates and returns a dictionary based on the given ``items``.</doc>
<arguments>
<arg>escrowCompanyId=${escrowCompanyID}</arg>
<arg>idNumber=${idNumber}</arg>
<arg>typeOfId=${typeID}</arg>
<arg>kycRequest=${KeyReq}</arg>
</arguments>
<assign>
<var>${body}</var>
</assign>
<msg timestamp="20200331 19:32:30.239" level="INFO">${body} = {'escrowCompanyId': '001', 'idNumber': '80056752024588', 'typeOfId': 1, 'kycRequest': 0}</msg>
<status status="PASS" starttime="20200331 19:32:30.238" endtime="20200331 19:32:30.239"></status>
</kw>
<kw name="Set Variable" library="BuiltIn">
<doc>Returns the given values which can then be assigned to a variables.</doc>
<arguments>
<arg>bearer ${Token}</arg>
</arguments>
<assign>
<var>${AuthToken}</var>
</assign>
<msg timestamp="20200331 19:32:30.240" level="INFO">${AuthToken} = bearer eyJhbGciOiJIUzI1NiIsInR5cCI6IkpXVCJ9.eyJodHRwOi8vc2NoZW1hcy5taWNyb3NvZnQuY29tL3dzLzIwMDgvMDYvaWRlbnRpdHkvY2xhaW1zL3VzZXJkYXRhIjoiOTE1b2srbFFFM2Ird3ZBU1hsdE9QNHBXTTRaR0liWUtIbTh4OTlsYmpGYmtTRnox...</msg>
<status status="PASS" starttime="20200331 19:32:30.240" endtime="20200331 19:32:30.240"></status>
</kw>
<kw name="Create Dictionary" library="BuiltIn">
<doc>Creates and returns a dictionary based on the given ``items``.</doc>
<arguments>
<arg>Content-Type=application/json</arg>
<arg>Authorization=${AuthToken}</arg>
</arguments>
<assign>
<var>${header}</var>
</assign>
<msg timestamp="20200331 19:32:30.241" level="INFO">${header} = {'Content-Type': 'application/json', 'Authorization': 'bearer eyJhbGciOiJIUzI1NiIsInR5cCI6IkpXVCJ9.eyJodHRwOi8vc2NoZW1hcy5taWNyb3NvZnQuY29tL3dzLzIwMDgvMDYvaWRlbnRpdHkvY2xhaW1zL3VzZXJkYXRhIjoiOTE1b2srb...</msg>
<status status="PASS" starttime="20200331 19:32:30.240" endtime="20200331 19:32:30.241"></status>
</kw>
<kw name="Post Request" library="RequestsLibrary">
<doc>Send a POST request on the session object found using the
given `alias`</doc>
<arguments>
<arg>RegisterNewSeller</arg>
<arg>/seller/register</arg>
<arg>data=${body}</arg>
<arg>headers=${header}</arg>
</arguments>
<assign>
<var>${response}</var>
</assign>
<msg timestamp="20200331 19:32:30.243" level="INFO">POST Request using : uri=/seller/register, params=None, files=None, allow_redirects=True, timeout=None
headers={'User-Agent': 'python-requests/2.23.0', 'Accept-Encoding': 'gzip, deflate', 'Accept': '*/*', 'Connection': 'keep-alive', 'Content-Type': 'application/json', 'Authorization': 'bearer eyJhbGciOiJIUzI1NiIsInR5cCI6IkpXVCJ9.eyJodHRwOi8vc2NoZW1hcy5taWNyb3NvZnQuY29tL3dzLzIwMDgvMDYvaWRlbnRpdHkvY2xhaW1zL3VzZXJkYXRhIjoiOTE1b2srbFFFM2Ird3ZBU1hsdE9QNHBXTTRaR0liWUtIbTh4OTlsYmpGYmtTRnoxdDYvbWxXQVVtL3VGOXBtcVd1bGdFR1NlZ3BIYnFmWFdkNzhqckpscXcxOXRSVWRPYjlLSDl0ZjkxZ2M9IiwibmJmIjoxNTg1NjYyOTI4LCJleHAiOjE1ODU2NjI5ODgsImlhdCI6MTU4NTY2MjkyOCwiaXNzIjoiZXNjcm93LWNvcmUtYXBpIiwiYXVkIjoiZXNjcm93LWNvcmUtY2xpZW50In0.Szi07De3oQGbiRXIrV7BXo8JN96Ju4OD6MqcT0pfnzY'} 
data={"escrowCompanyId": "001", "idNumber": "80056752024588", "typeOfId": 1, "kycRequest": 0} 
json=None</msg>
<msg timestamp="20200331 19:32:31.032" level="INFO">${response} = &lt;Response [200]&gt;</msg>
<status status="PASS" starttime="20200331 19:32:30.241" endtime="20200331 19:32:31.033"></status>
</kw>
<kw name="Log" library="BuiltIn">
<doc>Logs the given message with the given level.</doc>
<arguments>
<arg>${response.text}</arg>
<arg>console=True</arg>
</arguments>
<msg timestamp="20200331 19:32:31.035" level="INFO">{"responseCode":"A02","resDescription":"Access token expired"}</msg>
<status status="PASS" starttime="20200331 19:32:31.034" endtime="20200331 19:32:31.046"></status>
</kw>
<kw name="Should Be Equal As Strings" library="BuiltIn">
<doc>Fails if objects are unequal after converting them to strings.</doc>
<arguments>
<arg>${response.status_code}</arg>
<arg>200</arg>
</arguments>
<msg timestamp="20200331 19:32:31.047" level="INFO">Argument types are:
&lt;class 'int'&gt;
&lt;type 'unicode'&gt;</msg>
<status status="PASS" starttime="20200331 19:32:31.046" endtime="20200331 19:32:31.048"></status>
</kw>
<kw name="Should Be Equal As Strings" library="BuiltIn">
<doc>Fails if objects are unequal after converting them to strings.</doc>
<arguments>
<arg>${response.json()['responseCode']}</arg>
<arg>${ResponseCode}</arg>
</arguments>
<status status="PASS" starttime="20200331 19:32:31.049" endtime="20200331 19:32:31.050"></status>
</kw>
<kw name="Should Be Equal As Strings" library="BuiltIn">
<doc>Fails if objects are unequal after converting them to strings.</doc>
<arguments>
<arg>${response.json()['resDescription']}</arg>
<arg>${ResponseDescription}</arg>
</arguments>
<status status="PASS" starttime="20200331 19:32:31.050" endtime="20200331 19:32:31.052"></status>
</kw>
<status status="PASS" starttime="20200331 19:32:30.232" endtime="20200331 19:32:31.054"></status>
</kw>
<doc>Invalid : To verify response for Expired JWT token.</doc>
<tags>
<tag>A02</tag>
</tags>
<status status="PASS" starttime="20200331 19:25:29.695" endtime="20200331 19:32:31.060" critical="yes"></status>
</test>
<test id="s1-t4" name="TC_04 RegisterNewSeller with Other Company JWT Token">
<kw name="GetToken BIGC" library="Get Token">
<assign>
<var>${TokenEscrow}</var>
</assign>
<kw name="Convert To Bytes" library="BuiltIn">
<doc>Converts the given ``input`` to bytes according to the ``input_type``.</doc>
<arguments>
<arg>${client_idBIGC}:${client_secretBIGC}</arg>
</arguments>
<assign>
<var>${userpass}</var>
</assign>
<msg timestamp="20200331 19:32:31.097" level="INFO">${userpass} = GIPBIGC:FpNR5nVAw0xLFAKfBbqZJB</msg>
<status status="PASS" starttime="20200331 19:32:31.096" endtime="20200331 19:32:31.097"></status>
</kw>
<kw name="Evaluate" library="BuiltIn">
<doc>Evaluates the given expression in Python and returns the results.</doc>
<arguments>
<arg>base64.b64encode($userpass)</arg>
<arg>base64</arg>
</arguments>
<assign>
<var>${userpass}</var>
</assign>
<msg timestamp="20200331 19:32:31.118" level="INFO">${userpass} = R0lQQklHQzpGcE5SNW5WQXcweExGQUtmQmJxWkpC</msg>
<status status="PASS" starttime="20200331 19:32:31.098" endtime="20200331 19:32:31.118"></status>
</kw>
<kw name="Log" library="BuiltIn">
<doc>Logs the given message with the given level.</doc>
<arguments>
<arg>${userpass}</arg>
</arguments>
<msg timestamp="20200331 19:32:31.120" level="INFO">R0lQQklHQzpGcE5SNW5WQXcweExGQUtmQmJxWkpC</msg>
<status status="PASS" starttime="20200331 19:32:31.119" endtime="20200331 19:32:31.120"></status>
</kw>
<kw name="Create Session" library="RequestsLibrary">
<doc>Create Session: create a HTTP session to a server</doc>
<arguments>
<arg>Session</arg>
<arg>${URLOAuthUAT}</arg>
</arguments>
<msg timestamp="20200331 19:32:31.121" level="INFO">Creating Session using : alias=Session, url=https://uat-oauth.2c2p.com/oauth, headers={},                     cookies={}, auth=None, timeout=None, proxies=None, verify=False,                     debug=0 </msg>
<status status="PASS" starttime="20200331 19:32:31.120" endtime="20200331 19:32:31.121"></status>
</kw>
<kw name="Create Dictionary" library="BuiltIn">
<doc>Creates and returns a dictionary based on the given ``items``.</doc>
<arguments>
<arg>Content-Type=text/plain</arg>
</arguments>
<assign>
<var>${header}</var>
</assign>
<msg timestamp="20200331 19:32:31.123" level="INFO">${header} = {'Content-Type': 'text/plain'}</msg>
<status status="PASS" starttime="20200331 19:32:31.122" endtime="20200331 19:32:31.123"></status>
</kw>
<kw name="Set To Dictionary" library="Collections">
<doc>Adds the given ``key_value_pairs`` and ``items`` to the ``dictionary``.</doc>
<arguments>
<arg>${header}</arg>
<arg>Authorization</arg>
<arg>Basic ${userpass}</arg>
</arguments>
<status status="PASS" starttime="20200331 19:32:31.124" endtime="20200331 19:32:31.125"></status>
</kw>
<kw name="Create Dictionary" library="BuiltIn">
<doc>Creates and returns a dictionary based on the given ``items``.</doc>
<arguments>
<arg>grant_type=client_credentials</arg>
</arguments>
<assign>
<var>${Body}</var>
</assign>
<msg timestamp="20200331 19:32:31.126" level="INFO">${Body} = {'grant_type': 'client_credentials'}</msg>
<status status="PASS" starttime="20200331 19:32:31.125" endtime="20200331 19:32:31.126"></status>
</kw>
<kw name="Post Request" library="RequestsLibrary">
<doc>Send a POST request on the session object found using the
given `alias`</doc>
<arguments>
<arg>Session</arg>
<arg>/token</arg>
<arg>data=${Body}</arg>
<arg>headers=${header}</arg>
</arguments>
<assign>
<var>${response}</var>
</assign>
<msg timestamp="20200331 19:32:31.127" level="INFO">POST Request using : uri=/token, params=None, files=None, allow_redirects=True, timeout=None
headers={'User-Agent': 'python-requests/2.23.0', 'Accept-Encoding': 'gzip, deflate', 'Accept': '*/*', 'Connection': 'keep-alive', 'Content-Type': 'text/plain', 'Authorization': 'Basic R0lQQklHQzpGcE5SNW5WQXcweExGQUtmQmJxWkpC'} 
data=&lt;text/plain&gt; 
json=None</msg>
<msg timestamp="20200331 19:32:32.254" level="INFO">c:\python\lib\site-packages\urllib3\connectionpool.py:997: InsecureRequestWarning: Unverified HTTPS request is being made to host 'uat-oauth.2c2p.com'. Adding certificate verification is strongly advised. See: https://urllib3.readthedocs.io/en/latest/advanced-usage.html#ssl-warnings
  warnings.warn(</msg>
<msg timestamp="20200331 19:32:32.269" level="INFO">${response} = &lt;Response [200]&gt;</msg>
<status status="PASS" starttime="20200331 19:32:31.126" endtime="20200331 19:32:32.270"></status>
</kw>
<kw name="Log" library="BuiltIn">
<doc>Logs the given message with the given level.</doc>
<arguments>
<arg>${response.text}</arg>
<arg>console=True</arg>
</arguments>
<msg timestamp="20200331 19:32:32.271" level="INFO">{"access_token":"SEvSs6ylcqvgKdvJCF_KHuh8cs1dXZO77eO3Elxp0lDIe5oMiZ4T6llCkoTJ_HP0F5S8pMIwrR2x_U75GOJ1lvEanU80IKrujhnnCIQOXoREwbSfDoj1zi3c9Yvuiy-nTYYNoKc3tL7oD8qByt61xgSKsrgzMZJpb5boIK5yjF_e9D6V4_QlpVfqptNcqz6xp8_4uMJ5Au-kilEGN2I5FyBD3S7kXFHROeT_rTauE8E0-kSSWeFIdzaLsArgXI-FsQIoRgjKaQn3-Flux1xTe9BJu8c","token_type":"bearer","expires_in":1799}</msg>
<status status="PASS" starttime="20200331 19:32:32.270" endtime="20200331 19:32:32.295"></status>
</kw>
<kw name="Should Be Equal As Strings" library="BuiltIn">
<doc>Fails if objects are unequal after converting them to strings.</doc>
<arguments>
<arg>${response.status_code}</arg>
<arg>200</arg>
</arguments>
<msg timestamp="20200331 19:32:32.297" level="INFO">Argument types are:
&lt;class 'int'&gt;
&lt;type 'unicode'&gt;</msg>
<status status="PASS" starttime="20200331 19:32:32.296" endtime="20200331 19:32:32.298"></status>
</kw>
<kw name="Log" library="BuiltIn">
<doc>Logs the given message with the given level.</doc>
<arguments>
<arg>${response.json()['access_token']}</arg>
</arguments>
<msg timestamp="20200331 19:32:32.300" level="INFO">SEvSs6ylcqvgKdvJCF_KHuh8cs1dXZO77eO3Elxp0lDIe5oMiZ4T6llCkoTJ_HP0F5S8pMIwrR2x_U75GOJ1lvEanU80IKrujhnnCIQOXoREwbSfDoj1zi3c9Yvuiy-nTYYNoKc3tL7oD8qByt61xgSKsrgzMZJpb5boIK5yjF_e9D6V4_QlpVfqptNcqz6xp8_4uMJ5Au-kilEGN2I5FyBD3S7kXFHROeT_rTauE8E0-kSSWeFIdzaLsArgXI-FsQIoRgjKaQn3-Flux1xTe9BJu8c</msg>
<status status="PASS" starttime="20200331 19:32:32.299" endtime="20200331 19:32:32.301"></status>
</kw>
<kw name="Log" library="BuiltIn">
<doc>Logs the given message with the given level.</doc>
<arguments>
<arg>${response.json()['token_type']}</arg>
</arguments>
<msg timestamp="20200331 19:32:32.303" level="INFO">bearer</msg>
<status status="PASS" starttime="20200331 19:32:32.301" endtime="20200331 19:32:32.303"></status>
</kw>
<kw name="Log" library="BuiltIn">
<doc>Logs the given message with the given level.</doc>
<arguments>
<arg>${response.json()['access_token']}</arg>
</arguments>
<msg timestamp="20200331 19:32:32.307" level="INFO">SEvSs6ylcqvgKdvJCF_KHuh8cs1dXZO77eO3Elxp0lDIe5oMiZ4T6llCkoTJ_HP0F5S8pMIwrR2x_U75GOJ1lvEanU80IKrujhnnCIQOXoREwbSfDoj1zi3c9Yvuiy-nTYYNoKc3tL7oD8qByt61xgSKsrgzMZJpb5boIK5yjF_e9D6V4_QlpVfqptNcqz6xp8_4uMJ5Au-kilEGN2I5FyBD3S7kXFHROeT_rTauE8E0-kSSWeFIdzaLsArgXI-FsQIoRgjKaQn3-Flux1xTe9BJu8c</msg>
<status status="PASS" starttime="20200331 19:32:32.304" endtime="20200331 19:32:32.307"></status>
</kw>
<msg timestamp="20200331 19:32:32.308" level="INFO">${TokenEscrow} = SEvSs6ylcqvgKdvJCF_KHuh8cs1dXZO77eO3Elxp0lDIe5oMiZ4T6llCkoTJ_HP0F5S8pMIwrR2x_U75GOJ1lvEanU80IKrujhnnCIQOXoREwbSfDoj1zi3c9Yvuiy-nTYYNoKc3tL7oD8qByt61xgSKsrgzMZJpb5boIK5yjF_e9D6V4_QlpVfqptNcqz6xp8_4uMJ5...</msg>
<status status="PASS" starttime="20200331 19:32:31.095" endtime="20200331 19:32:32.308"></status>
</kw>
<kw name="Randome_IDNumber" library="Register_Global_Keywords">
<assign>
<var>${IdNumber}</var>
</assign>
<kw name="Generate Random String" library="String">
<doc>Generates a string with a desired ``length`` from the given ``chars``.</doc>
<arguments>
<arg>14</arg>
<arg>[NUMBERS]</arg>
</arguments>
<assign>
<var>${Id}</var>
</assign>
<msg timestamp="20200331 19:32:32.381" level="INFO">${Id} = 21626072532338</msg>
<status status="PASS" starttime="20200331 19:32:32.379" endtime="20200331 19:32:32.381"></status>
</kw>
<kw name="Set Global Variable" library="BuiltIn">
<doc>Makes a variable available globally in all tests and suites.</doc>
<arguments>
<arg>${IdNumber}</arg>
<arg>${Id}</arg>
</arguments>
<msg timestamp="20200331 19:32:32.383" level="INFO">${IdNumber} = 21626072532338</msg>
<status status="PASS" starttime="20200331 19:32:32.381" endtime="20200331 19:32:32.383"></status>
</kw>
<msg timestamp="20200331 19:32:32.383" level="INFO">${IdNumber} = 21626072532338</msg>
<status status="PASS" starttime="20200331 19:32:32.378" endtime="20200331 19:32:32.384"></status>
</kw>
<kw name="RegisterSeller" library="Register_Seller_API">
<arguments>
<arg>${TokenEscrow}</arg>
<arg>@{escrowCompId}</arg>
<arg>${IdNumber}</arg>
<arg>${1}</arg>
<arg>${0}</arg>
<arg>A01</arg>
<arg>Invalid access token</arg>
</arguments>
<kw name="Create Session" library="RequestsLibrary">
<doc>Create Session: create a HTTP session to a server</doc>
<arguments>
<arg>RegisterNewSeller</arg>
<arg>http://172.31.2.28/escrow_core/api/v1</arg>
</arguments>
<msg timestamp="20200331 19:32:32.450" level="INFO">Creating Session using : alias=RegisterNewSeller, url=http://172.31.2.28/escrow_core/api/v1, headers={},                     cookies={}, auth=None, timeout=None, proxies=None, verify=False,                     debug=0 </msg>
<status status="PASS" starttime="20200331 19:32:32.450" endtime="20200331 19:32:32.451"></status>
</kw>
<kw name="Convert To Integer" library="BuiltIn">
<doc>Converts the given item to an integer number.</doc>
<arguments>
<arg>${typeOfID}</arg>
</arguments>
<assign>
<var>${typeID}</var>
</assign>
<msg timestamp="20200331 19:32:32.452" level="INFO">${typeID} = 1</msg>
<status status="PASS" starttime="20200331 19:32:32.451" endtime="20200331 19:32:32.452"></status>
</kw>
<kw name="Convert To Integer" library="BuiltIn">
<doc>Converts the given item to an integer number.</doc>
<arguments>
<arg>${kycRequest}</arg>
</arguments>
<assign>
<var>${KeyReq}</var>
</assign>
<msg timestamp="20200331 19:32:32.453" level="INFO">${KeyReq} = 0</msg>
<status status="PASS" starttime="20200331 19:32:32.452" endtime="20200331 19:32:32.453"></status>
</kw>
<kw name="Create Dictionary" library="BuiltIn">
<doc>Creates and returns a dictionary based on the given ``items``.</doc>
<arguments>
<arg>escrowCompanyId=${escrowCompanyID}</arg>
<arg>idNumber=${idNumber}</arg>
<arg>typeOfId=${typeID}</arg>
<arg>kycRequest=${KeyReq}</arg>
</arguments>
<assign>
<var>${body}</var>
</assign>
<msg timestamp="20200331 19:32:32.454" level="INFO">${body} = {'escrowCompanyId': '001', 'idNumber': '21626072532338', 'typeOfId': 1, 'kycRequest': 0}</msg>
<status status="PASS" starttime="20200331 19:32:32.453" endtime="20200331 19:32:32.455"></status>
</kw>
<kw name="Set Variable" library="BuiltIn">
<doc>Returns the given values which can then be assigned to a variables.</doc>
<arguments>
<arg>bearer ${Token}</arg>
</arguments>
<assign>
<var>${AuthToken}</var>
</assign>
<msg timestamp="20200331 19:32:32.457" level="INFO">${AuthToken} = bearer SEvSs6ylcqvgKdvJCF_KHuh8cs1dXZO77eO3Elxp0lDIe5oMiZ4T6llCkoTJ_HP0F5S8pMIwrR2x_U75GOJ1lvEanU80IKrujhnnCIQOXoREwbSfDoj1zi3c9Yvuiy-nTYYNoKc3tL7oD8qByt61xgSKsrgzMZJpb5boIK5yjF_e9D6V4_QlpVfqptNcqz6xp...</msg>
<status status="PASS" starttime="20200331 19:32:32.455" endtime="20200331 19:32:32.457"></status>
</kw>
<kw name="Create Dictionary" library="BuiltIn">
<doc>Creates and returns a dictionary based on the given ``items``.</doc>
<arguments>
<arg>Content-Type=application/json</arg>
<arg>Authorization=${AuthToken}</arg>
</arguments>
<assign>
<var>${header}</var>
</assign>
<msg timestamp="20200331 19:32:32.458" level="INFO">${header} = {'Content-Type': 'application/json', 'Authorization': 'bearer SEvSs6ylcqvgKdvJCF_KHuh8cs1dXZO77eO3Elxp0lDIe5oMiZ4T6llCkoTJ_HP0F5S8pMIwrR2x_U75GOJ1lvEanU80IKrujhnnCIQOXoREwbSfDoj1zi3c9Yvuiy-nTYYNoKc3tL...</msg>
<status status="PASS" starttime="20200331 19:32:32.457" endtime="20200331 19:32:32.459"></status>
</kw>
<kw name="Post Request" library="RequestsLibrary">
<doc>Send a POST request on the session object found using the
given `alias`</doc>
<arguments>
<arg>RegisterNewSeller</arg>
<arg>/seller/register</arg>
<arg>data=${body}</arg>
<arg>headers=${header}</arg>
</arguments>
<assign>
<var>${response}</var>
</assign>
<msg timestamp="20200331 19:32:32.460" level="INFO">POST Request using : uri=/seller/register, params=None, files=None, allow_redirects=True, timeout=None
headers={'User-Agent': 'python-requests/2.23.0', 'Accept-Encoding': 'gzip, deflate', 'Accept': '*/*', 'Connection': 'keep-alive', 'Content-Type': 'application/json', 'Authorization': 'bearer SEvSs6ylcqvgKdvJCF_KHuh8cs1dXZO77eO3Elxp0lDIe5oMiZ4T6llCkoTJ_HP0F5S8pMIwrR2x_U75GOJ1lvEanU80IKrujhnnCIQOXoREwbSfDoj1zi3c9Yvuiy-nTYYNoKc3tL7oD8qByt61xgSKsrgzMZJpb5boIK5yjF_e9D6V4_QlpVfqptNcqz6xp8_4uMJ5Au-kilEGN2I5FyBD3S7kXFHROeT_rTauE8E0-kSSWeFIdzaLsArgXI-FsQIoRgjKaQn3-Flux1xTe9BJu8c'} 
data={"escrowCompanyId": "001", "idNumber": "21626072532338", "typeOfId": 1, "kycRequest": 0} 
json=None</msg>
<msg timestamp="20200331 19:32:33.222" level="INFO">${response} = &lt;Response [200]&gt;</msg>
<status status="PASS" starttime="20200331 19:32:32.459" endtime="20200331 19:32:33.223"></status>
</kw>
<kw name="Log" library="BuiltIn">
<doc>Logs the given message with the given level.</doc>
<arguments>
<arg>${response.text}</arg>
<arg>console=True</arg>
</arguments>
<msg timestamp="20200331 19:32:33.225" level="INFO">{"responseCode":"A01","resDescription":"Invalid access token"}</msg>
<status status="PASS" starttime="20200331 19:32:33.223" endtime="20200331 19:32:33.261"></status>
</kw>
<kw name="Should Be Equal As Strings" library="BuiltIn">
<doc>Fails if objects are unequal after converting them to strings.</doc>
<arguments>
<arg>${response.status_code}</arg>
<arg>200</arg>
</arguments>
<msg timestamp="20200331 19:32:33.264" level="INFO">Argument types are:
&lt;class 'int'&gt;
&lt;type 'unicode'&gt;</msg>
<status status="PASS" starttime="20200331 19:32:33.262" endtime="20200331 19:32:33.265"></status>
</kw>
<kw name="Should Be Equal As Strings" library="BuiltIn">
<doc>Fails if objects are unequal after converting them to strings.</doc>
<arguments>
<arg>${response.json()['responseCode']}</arg>
<arg>${ResponseCode}</arg>
</arguments>
<status status="PASS" starttime="20200331 19:32:33.265" endtime="20200331 19:32:33.268"></status>
</kw>
<kw name="Should Be Equal As Strings" library="BuiltIn">
<doc>Fails if objects are unequal after converting them to strings.</doc>
<arguments>
<arg>${response.json()['resDescription']}</arg>
<arg>${ResponseDescription}</arg>
</arguments>
<status status="PASS" starttime="20200331 19:32:33.269" endtime="20200331 19:32:33.271"></status>
</kw>
<status status="PASS" starttime="20200331 19:32:32.448" endtime="20200331 19:32:33.271"></status>
</kw>
<doc>Invalid: To check API response with other company JWT token.</doc>
<tags>
<tag>A01</tag>
</tags>
<status status="PASS" starttime="20200331 19:32:31.085" endtime="20200331 19:32:33.449" critical="yes"></status>
</test>
<test id="s1-t5" name="TC_05 RegisterNewSeller with Valid JWT Token">
<kw name="GetToken Escrow" library="Get Token">
<assign>
<var>${TokenEscrow}</var>
</assign>
<kw name="Create Session" library="RequestsLibrary">
<doc>Create Session: create a HTTP session to a server</doc>
<arguments>
<arg>Session</arg>
<arg>${URLEscrowAuthUAT}</arg>
</arguments>
<msg timestamp="20200331 19:32:33.610" level="INFO">Creating Session using : alias=Session, url=http://172.31.2.28/escrow_core/api/v1/Authentication/oauth2, headers={},                     cookies={}, auth=None, timeout=None, proxies=None, verify=False,                     debug=0 </msg>
<status status="PASS" starttime="20200331 19:32:33.610" endtime="20200331 19:32:33.612"></status>
</kw>
<kw name="Create Dictionary" library="BuiltIn">
<doc>Creates and returns a dictionary based on the given ``items``.</doc>
<arguments>
<arg>Content-Type=application/x-www-form-urlencoded</arg>
</arguments>
<assign>
<var>${header}</var>
</assign>
<msg timestamp="20200331 19:32:33.614" level="INFO">${header} = {'Content-Type': 'application/x-www-form-urlencoded'}</msg>
<status status="PASS" starttime="20200331 19:32:33.613" endtime="20200331 19:32:33.614"></status>
</kw>
<kw name="Set To Dictionary" library="Collections">
<doc>Adds the given ``key_value_pairs`` and ``items`` to the ``dictionary``.</doc>
<arguments>
<arg>${header}</arg>
<arg>Authorization</arg>
<arg>Basic ${Client_authKey}</arg>
</arguments>
<status status="PASS" starttime="20200331 19:32:33.615" endtime="20200331 19:32:33.616"></status>
</kw>
<kw name="Create Dictionary" library="BuiltIn">
<doc>Creates and returns a dictionary based on the given ``items``.</doc>
<arguments>
<arg>grant_type=client_credentials</arg>
</arguments>
<assign>
<var>${Body}</var>
</assign>
<msg timestamp="20200331 19:32:33.617" level="INFO">${Body} = {'grant_type': 'client_credentials'}</msg>
<status status="PASS" starttime="20200331 19:32:33.616" endtime="20200331 19:32:33.618"></status>
</kw>
<kw name="Post Request" library="RequestsLibrary">
<doc>Send a POST request on the session object found using the
given `alias`</doc>
<arguments>
<arg>Session</arg>
<arg>/token</arg>
<arg>data=${Body}</arg>
<arg>headers=${header}</arg>
</arguments>
<assign>
<var>${response}</var>
</assign>
<msg timestamp="20200331 19:32:33.619" level="INFO">POST Request using : uri=/token, params=None, files=None, allow_redirects=True, timeout=None
headers={'User-Agent': 'python-requests/2.23.0', 'Accept-Encoding': 'gzip, deflate', 'Accept': '*/*', 'Connection': 'keep-alive', 'Content-Type': 'application/x-www-form-urlencoded', 'Authorization': 'Basic MDAxOmthaWRlZVNlY3JldEtleVRlc3Q='} 
data=grant_type=client_credentials 
json=None</msg>
<msg timestamp="20200331 19:32:34.205" level="INFO">${response} = &lt;Response [200]&gt;</msg>
<status status="PASS" starttime="20200331 19:32:33.618" endtime="20200331 19:32:34.205"></status>
</kw>
<kw name="Should Be Equal As Strings" library="BuiltIn">
<doc>Fails if objects are unequal after converting them to strings.</doc>
<arguments>
<arg>${response.status_code}</arg>
<arg>200</arg>
</arguments>
<msg timestamp="20200331 19:32:34.206" level="INFO">Argument types are:
&lt;class 'int'&gt;
&lt;type 'unicode'&gt;</msg>
<status status="PASS" starttime="20200331 19:32:34.206" endtime="20200331 19:32:34.207"></status>
</kw>
<kw name="Log" library="BuiltIn">
<doc>Logs the given message with the given level.</doc>
<arguments>
<arg>${response.json()['accessToken']}</arg>
</arguments>
<msg timestamp="20200331 19:32:34.208" level="INFO">eyJhbGciOiJIUzI1NiIsInR5cCI6IkpXVCJ9.eyJodHRwOi8vc2NoZW1hcy5taWNyb3NvZnQuY29tL3dzLzIwMDgvMDYvaWRlbnRpdHkvY2xhaW1zL3VzZXJkYXRhIjoiOTE1b2srbFFFM2Ird3ZBU1hsdE9QLzRmL0hIZGJ3V29pdStUUGNIMXNBK0tIc0VVcGhYdHhxOTVROW9LaFloYnMwQlM1TWJxVTlNWDY4V2lQZ29adjJ5bi9heVo5VmhRVXNNMVowaVd3cGM9IiwibmJmIjoxNTg1NjYzMzUyLCJleHAiOjE1ODU2NjM0MTIsImlhdCI6MTU4NTY2MzM1MiwiaXNzIjoiZXNjcm93LWNvcmUtYXBpIiwiYXVkIjoiZXNjcm93LWNvcmUtY2xpZW50In0.h_DmKoVaTVv1WNW3A1G8NHHykw-E-m9dkq52cJ-lD_A</msg>
<status status="PASS" starttime="20200331 19:32:34.207" endtime="20200331 19:32:34.208"></status>
</kw>
<msg timestamp="20200331 19:32:34.209" level="INFO">${TokenEscrow} = eyJhbGciOiJIUzI1NiIsInR5cCI6IkpXVCJ9.eyJodHRwOi8vc2NoZW1hcy5taWNyb3NvZnQuY29tL3dzLzIwMDgvMDYvaWRlbnRpdHkvY2xhaW1zL3VzZXJkYXRhIjoiOTE1b2srbFFFM2Ird3ZBU1hsdE9QLzRmL0hIZGJ3V29pdStUUGNIMXNBK0tIc0VVcGhYdHh...</msg>
<status status="PASS" starttime="20200331 19:32:33.609" endtime="20200331 19:32:34.209"></status>
</kw>
<kw name="Randome_IDNumber" library="Register_Global_Keywords">
<assign>
<var>${IdNumber}</var>
</assign>
<kw name="Generate Random String" library="String">
<doc>Generates a string with a desired ``length`` from the given ``chars``.</doc>
<arguments>
<arg>14</arg>
<arg>[NUMBERS]</arg>
</arguments>
<assign>
<var>${Id}</var>
</assign>
<msg timestamp="20200331 19:32:34.239" level="INFO">${Id} = 95731944313190</msg>
<status status="PASS" starttime="20200331 19:32:34.239" endtime="20200331 19:32:34.239"></status>
</kw>
<kw name="Set Global Variable" library="BuiltIn">
<doc>Makes a variable available globally in all tests and suites.</doc>
<arguments>
<arg>${IdNumber}</arg>
<arg>${Id}</arg>
</arguments>
<msg timestamp="20200331 19:32:34.241" level="INFO">${IdNumber} = 95731944313190</msg>
<status status="PASS" starttime="20200331 19:32:34.240" endtime="20200331 19:32:34.241"></status>
</kw>
<msg timestamp="20200331 19:32:34.241" level="INFO">${IdNumber} = 95731944313190</msg>
<status status="PASS" starttime="20200331 19:32:34.238" endtime="20200331 19:32:34.242"></status>
</kw>
<kw name="RegisterSeller" library="Register_Seller_API">
<arguments>
<arg>${TokenEscrow}</arg>
<arg>@{escrowCompId}</arg>
<arg>${IdNumber}</arg>
<arg>${1}</arg>
<arg>${0}</arg>
<arg>000</arg>
<arg>Success</arg>
</arguments>
<kw name="Create Session" library="RequestsLibrary">
<doc>Create Session: create a HTTP session to a server</doc>
<arguments>
<arg>RegisterNewSeller</arg>
<arg>http://172.31.2.28/escrow_core/api/v1</arg>
</arguments>
<msg timestamp="20200331 19:32:34.275" level="INFO">Creating Session using : alias=RegisterNewSeller, url=http://172.31.2.28/escrow_core/api/v1, headers={},                     cookies={}, auth=None, timeout=None, proxies=None, verify=False,                     debug=0 </msg>
<status status="PASS" starttime="20200331 19:32:34.275" endtime="20200331 19:32:34.276"></status>
</kw>
<kw name="Convert To Integer" library="BuiltIn">
<doc>Converts the given item to an integer number.</doc>
<arguments>
<arg>${typeOfID}</arg>
</arguments>
<assign>
<var>${typeID}</var>
</assign>
<msg timestamp="20200331 19:32:34.278" level="INFO">${typeID} = 1</msg>
<status status="PASS" starttime="20200331 19:32:34.277" endtime="20200331 19:32:34.278"></status>
</kw>
<kw name="Convert To Integer" library="BuiltIn">
<doc>Converts the given item to an integer number.</doc>
<arguments>
<arg>${kycRequest}</arg>
</arguments>
<assign>
<var>${KeyReq}</var>
</assign>
<msg timestamp="20200331 19:32:34.280" level="INFO">${KeyReq} = 0</msg>
<status status="PASS" starttime="20200331 19:32:34.278" endtime="20200331 19:32:34.280"></status>
</kw>
<kw name="Create Dictionary" library="BuiltIn">
<doc>Creates and returns a dictionary based on the given ``items``.</doc>
<arguments>
<arg>escrowCompanyId=${escrowCompanyID}</arg>
<arg>idNumber=${idNumber}</arg>
<arg>typeOfId=${typeID}</arg>
<arg>kycRequest=${KeyReq}</arg>
</arguments>
<assign>
<var>${body}</var>
</assign>
<msg timestamp="20200331 19:32:34.283" level="INFO">${body} = {'escrowCompanyId': '001', 'idNumber': '95731944313190', 'typeOfId': 1, 'kycRequest': 0}</msg>
<status status="PASS" starttime="20200331 19:32:34.281" endtime="20200331 19:32:34.283"></status>
</kw>
<kw name="Set Variable" library="BuiltIn">
<doc>Returns the given values which can then be assigned to a variables.</doc>
<arguments>
<arg>bearer ${Token}</arg>
</arguments>
<assign>
<var>${AuthToken}</var>
</assign>
<msg timestamp="20200331 19:32:34.284" level="INFO">${AuthToken} = bearer eyJhbGciOiJIUzI1NiIsInR5cCI6IkpXVCJ9.eyJodHRwOi8vc2NoZW1hcy5taWNyb3NvZnQuY29tL3dzLzIwMDgvMDYvaWRlbnRpdHkvY2xhaW1zL3VzZXJkYXRhIjoiOTE1b2srbFFFM2Ird3ZBU1hsdE9QLzRmL0hIZGJ3V29pdStUUGNIMXNBK0tIc0VV...</msg>
<status status="PASS" starttime="20200331 19:32:34.284" endtime="20200331 19:32:34.285"></status>
</kw>
<kw name="Create Dictionary" library="BuiltIn">
<doc>Creates and returns a dictionary based on the given ``items``.</doc>
<arguments>
<arg>Content-Type=application/json</arg>
<arg>Authorization=${AuthToken}</arg>
</arguments>
<assign>
<var>${header}</var>
</assign>
<msg timestamp="20200331 19:32:34.286" level="INFO">${header} = {'Content-Type': 'application/json', 'Authorization': 'bearer eyJhbGciOiJIUzI1NiIsInR5cCI6IkpXVCJ9.eyJodHRwOi8vc2NoZW1hcy5taWNyb3NvZnQuY29tL3dzLzIwMDgvMDYvaWRlbnRpdHkvY2xhaW1zL3VzZXJkYXRhIjoiOTE1b2srb...</msg>
<status status="PASS" starttime="20200331 19:32:34.285" endtime="20200331 19:32:34.286"></status>
</kw>
<kw name="Post Request" library="RequestsLibrary">
<doc>Send a POST request on the session object found using the
given `alias`</doc>
<arguments>
<arg>RegisterNewSeller</arg>
<arg>/seller/register</arg>
<arg>data=${body}</arg>
<arg>headers=${header}</arg>
</arguments>
<assign>
<var>${response}</var>
</assign>
<msg timestamp="20200331 19:32:34.288" level="INFO">POST Request using : uri=/seller/register, params=None, files=None, allow_redirects=True, timeout=None
headers={'User-Agent': 'python-requests/2.23.0', 'Accept-Encoding': 'gzip, deflate', 'Accept': '*/*', 'Connection': 'keep-alive', 'Content-Type': 'application/json', 'Authorization': 'bearer eyJhbGciOiJIUzI1NiIsInR5cCI6IkpXVCJ9.eyJodHRwOi8vc2NoZW1hcy5taWNyb3NvZnQuY29tL3dzLzIwMDgvMDYvaWRlbnRpdHkvY2xhaW1zL3VzZXJkYXRhIjoiOTE1b2srbFFFM2Ird3ZBU1hsdE9QLzRmL0hIZGJ3V29pdStUUGNIMXNBK0tIc0VVcGhYdHhxOTVROW9LaFloYnMwQlM1TWJxVTlNWDY4V2lQZ29adjJ5bi9heVo5VmhRVXNNMVowaVd3cGM9IiwibmJmIjoxNTg1NjYzMzUyLCJleHAiOjE1ODU2NjM0MTIsImlhdCI6MTU4NTY2MzM1MiwiaXNzIjoiZXNjcm93LWNvcmUtYXBpIiwiYXVkIjoiZXNjcm93LWNvcmUtY2xpZW50In0.h_DmKoVaTVv1WNW3A1G8NHHykw-E-m9dkq52cJ-lD_A'} 
data={"escrowCompanyId": "001", "idNumber": "95731944313190", "typeOfId": 1, "kycRequest": 0} 
json=None</msg>
<msg timestamp="20200331 19:32:34.807" level="INFO">${response} = &lt;Response [200]&gt;</msg>
<status status="PASS" starttime="20200331 19:32:34.286" endtime="20200331 19:32:34.807"></status>
</kw>
<kw name="Log" library="BuiltIn">
<doc>Logs the given message with the given level.</doc>
<arguments>
<arg>${response.text}</arg>
<arg>console=True</arg>
</arguments>
<msg timestamp="20200331 19:32:34.809" level="INFO">{"sellerId":"7dbdee1a-6b61-4f4b-83f4-dd138a4cbf4f","responseCode":"000","resDescription":"Success"}</msg>
<status status="PASS" starttime="20200331 19:32:34.808" endtime="20200331 19:32:34.844"></status>
</kw>
<kw name="Should Be Equal As Strings" library="BuiltIn">
<doc>Fails if objects are unequal after converting them to strings.</doc>
<arguments>
<arg>${response.status_code}</arg>
<arg>200</arg>
</arguments>
<msg timestamp="20200331 19:32:34.845" level="INFO">Argument types are:
&lt;class 'int'&gt;
&lt;type 'unicode'&gt;</msg>
<status status="PASS" starttime="20200331 19:32:34.844" endtime="20200331 19:32:34.845"></status>
</kw>
<kw name="Should Be Equal As Strings" library="BuiltIn">
<doc>Fails if objects are unequal after converting them to strings.</doc>
<arguments>
<arg>${response.json()['responseCode']}</arg>
<arg>${ResponseCode}</arg>
</arguments>
<status status="PASS" starttime="20200331 19:32:34.846" endtime="20200331 19:32:34.847"></status>
</kw>
<kw name="Should Be Equal As Strings" library="BuiltIn">
<doc>Fails if objects are unequal after converting them to strings.</doc>
<arguments>
<arg>${response.json()['resDescription']}</arg>
<arg>${ResponseDescription}</arg>
</arguments>
<status status="PASS" starttime="20200331 19:32:34.847" endtime="20200331 19:32:34.848"></status>
</kw>
<status status="PASS" starttime="20200331 19:32:34.272" endtime="20200331 19:32:34.849"></status>
</kw>
<doc>Valid: To check API response with valid JWT token.</doc>
<tags>
<tag>000</tag>
</tags>
<status status="PASS" starttime="20200331 19:32:33.563" endtime="20200331 19:32:34.849" critical="yes"></status>
</test>
<test id="s1-t6" name="TC_01 UpdateSellerStatus with Empty JWT Token">
<kw name="RegisterSellerID" library="Register_Global_Keywords">
<assign>
<var>${SellerId}</var>
</assign>
<kw name="GetToken Escrow" library="Get Token">
<assign>
<var>${TokenEscrow}</var>
</assign>
<kw name="Create Session" library="RequestsLibrary">
<doc>Create Session: create a HTTP session to a server</doc>
<arguments>
<arg>Session</arg>
<arg>${URLEscrowAuthUAT}</arg>
</arguments>
<msg timestamp="20200331 19:32:34.856" level="INFO">Creating Session using : alias=Session, url=http://172.31.2.28/escrow_core/api/v1/Authentication/oauth2, headers={},                     cookies={}, auth=None, timeout=None, proxies=None, verify=False,                     debug=0 </msg>
<status status="PASS" starttime="20200331 19:32:34.856" endtime="20200331 19:32:34.857"></status>
</kw>
<kw name="Create Dictionary" library="BuiltIn">
<doc>Creates and returns a dictionary based on the given ``items``.</doc>
<arguments>
<arg>Content-Type=application/x-www-form-urlencoded</arg>
</arguments>
<assign>
<var>${header}</var>
</assign>
<msg timestamp="20200331 19:32:34.858" level="INFO">${header} = {'Content-Type': 'application/x-www-form-urlencoded'}</msg>
<status status="PASS" starttime="20200331 19:32:34.858" endtime="20200331 19:32:34.859"></status>
</kw>
<kw name="Set To Dictionary" library="Collections">
<doc>Adds the given ``key_value_pairs`` and ``items`` to the ``dictionary``.</doc>
<arguments>
<arg>${header}</arg>
<arg>Authorization</arg>
<arg>Basic ${Client_authKey}</arg>
</arguments>
<status status="PASS" starttime="20200331 19:32:34.859" endtime="20200331 19:32:34.860"></status>
</kw>
<kw name="Create Dictionary" library="BuiltIn">
<doc>Creates and returns a dictionary based on the given ``items``.</doc>
<arguments>
<arg>grant_type=client_credentials</arg>
</arguments>
<assign>
<var>${Body}</var>
</assign>
<msg timestamp="20200331 19:32:34.861" level="INFO">${Body} = {'grant_type': 'client_credentials'}</msg>
<status status="PASS" starttime="20200331 19:32:34.860" endtime="20200331 19:32:34.861"></status>
</kw>
<kw name="Post Request" library="RequestsLibrary">
<doc>Send a POST request on the session object found using the
given `alias`</doc>
<arguments>
<arg>Session</arg>
<arg>/token</arg>
<arg>data=${Body}</arg>
<arg>headers=${header}</arg>
</arguments>
<assign>
<var>${response}</var>
</assign>
<msg timestamp="20200331 19:32:34.862" level="INFO">POST Request using : uri=/token, params=None, files=None, allow_redirects=True, timeout=None
headers={'User-Agent': 'python-requests/2.23.0', 'Accept-Encoding': 'gzip, deflate', 'Accept': '*/*', 'Connection': 'keep-alive', 'Content-Type': 'application/x-www-form-urlencoded', 'Authorization': 'Basic MDAxOmthaWRlZVNlY3JldEtleVRlc3Q='} 
data=grant_type=client_credentials 
json=None</msg>
<msg timestamp="20200331 19:32:35.387" level="INFO">${response} = &lt;Response [200]&gt;</msg>
<status status="PASS" starttime="20200331 19:32:34.861" endtime="20200331 19:32:35.387"></status>
</kw>
<kw name="Should Be Equal As Strings" library="BuiltIn">
<doc>Fails if objects are unequal after converting them to strings.</doc>
<arguments>
<arg>${response.status_code}</arg>
<arg>200</arg>
</arguments>
<msg timestamp="20200331 19:32:35.388" level="INFO">Argument types are:
&lt;class 'int'&gt;
&lt;type 'unicode'&gt;</msg>
<status status="PASS" starttime="20200331 19:32:35.387" endtime="20200331 19:32:35.388"></status>
</kw>
<kw name="Log" library="BuiltIn">
<doc>Logs the given message with the given level.</doc>
<arguments>
<arg>${response.json()['accessToken']}</arg>
</arguments>
<msg timestamp="20200331 19:32:35.389" level="INFO">eyJhbGciOiJIUzI1NiIsInR5cCI6IkpXVCJ9.eyJodHRwOi8vc2NoZW1hcy5taWNyb3NvZnQuY29tL3dzLzIwMDgvMDYvaWRlbnRpdHkvY2xhaW1zL3VzZXJkYXRhIjoiOTE1b2srbFFFM2Ird3ZBU1hsdE9QeVdmMmNiRTFTc1BUeU8vMHQxTk5XaXNmUFRvOWhnQjBHUHZ6WVpVUW5vOElOa29lN3JaKzR6b3pPQmRqbG5RMnVaYXZrM1pDMVBPTFZzZVd2SDhaZlE9IiwibmJmIjoxNTg1NjYzMzU0LCJleHAiOjE1ODU2NjM0MTQsImlhdCI6MTU4NTY2MzM1NCwiaXNzIjoiZXNjcm93LWNvcmUtYXBpIiwiYXVkIjoiZXNjcm93LWNvcmUtY2xpZW50In0.TOG9X-KdyQb3ysSdCl067P0KtZ_hD1SCErWVlUQe-D8</msg>
<status status="PASS" starttime="20200331 19:32:35.389" endtime="20200331 19:32:35.389"></status>
</kw>
<msg timestamp="20200331 19:32:35.390" level="INFO">${TokenEscrow} = eyJhbGciOiJIUzI1NiIsInR5cCI6IkpXVCJ9.eyJodHRwOi8vc2NoZW1hcy5taWNyb3NvZnQuY29tL3dzLzIwMDgvMDYvaWRlbnRpdHkvY2xhaW1zL3VzZXJkYXRhIjoiOTE1b2srbFFFM2Ird3ZBU1hsdE9QeVdmMmNiRTFTc1BUeU8vMHQxTk5XaXNmUFRvOWhnQjB...</msg>
<status status="PASS" starttime="20200331 19:32:34.855" endtime="20200331 19:32:35.390"></status>
</kw>
<kw name="Randome_IDNumber" library="Register_Global_Keywords">
<assign>
<var>${idNum}</var>
</assign>
<kw name="Generate Random String" library="String">
<doc>Generates a string with a desired ``length`` from the given ``chars``.</doc>
<arguments>
<arg>14</arg>
<arg>[NUMBERS]</arg>
</arguments>
<assign>
<var>${Id}</var>
</assign>
<msg timestamp="20200331 19:32:35.392" level="INFO">${Id} = 55781642540423</msg>
<status status="PASS" starttime="20200331 19:32:35.391" endtime="20200331 19:32:35.392"></status>
</kw>
<kw name="Set Global Variable" library="BuiltIn">
<doc>Makes a variable available globally in all tests and suites.</doc>
<arguments>
<arg>${IdNumber}</arg>
<arg>${Id}</arg>
</arguments>
<msg timestamp="20200331 19:32:35.393" level="INFO">${IdNumber} = 55781642540423</msg>
<status status="PASS" starttime="20200331 19:32:35.392" endtime="20200331 19:32:35.393"></status>
</kw>
<msg timestamp="20200331 19:32:35.394" level="INFO">${idNum} = 55781642540423</msg>
<status status="PASS" starttime="20200331 19:32:35.390" endtime="20200331 19:32:35.394"></status>
</kw>
<kw name="Randome_MobileNumber" library="Register_Global_Keywords">
<assign>
<var>${MobNo}</var>
</assign>
<kw name="Generate Random String" library="String">
<doc>Generates a string with a desired ``length`` from the given ``chars``.</doc>
<arguments>
<arg>10</arg>
<arg>[NUMBERS]</arg>
</arguments>
<assign>
<var>${mobile}</var>
</assign>
<msg timestamp="20200331 19:32:35.396" level="INFO">${mobile} = 0771871496</msg>
<status status="PASS" starttime="20200331 19:32:35.395" endtime="20200331 19:32:35.396"></status>
</kw>
<kw name="Set Global Variable" library="BuiltIn">
<doc>Makes a variable available globally in all tests and suites.</doc>
<arguments>
<arg>${mobileNo}</arg>
<arg>${mobile}</arg>
</arguments>
<msg timestamp="20200331 19:32:35.397" level="INFO">${mobileNo} = 0771871496</msg>
<status status="PASS" starttime="20200331 19:32:35.396" endtime="20200331 19:32:35.397"></status>
</kw>
<msg timestamp="20200331 19:32:35.398" level="INFO">${MobNo} = 0771871496</msg>
<status status="PASS" starttime="20200331 19:32:35.394" endtime="20200331 19:32:35.398"></status>
</kw>
<kw name="Randome_EmailId" library="Register_Global_Keywords">
<assign>
<var>${emailid}</var>
</assign>
<kw name="Randome_Number" library="Register_Global_Keywords">
<assign>
<var>${num}</var>
</assign>
<kw name="Generate Random String" library="String">
<doc>Generates a string with a desired ``length`` from the given ``chars``.</doc>
<arguments>
<arg>5</arg>
<arg>[NUMBERS]</arg>
</arguments>
<assign>
<var>${Emailnum}</var>
</assign>
<msg timestamp="20200331 19:32:35.400" level="INFO">${Emailnum} = 50289</msg>
<status status="PASS" starttime="20200331 19:32:35.400" endtime="20200331 19:32:35.400"></status>
</kw>
<kw name="Set Global Variable" library="BuiltIn">
<doc>Makes a variable available globally in all tests and suites.</doc>
<arguments>
<arg>${enum}</arg>
<arg>${Emailnum}</arg>
</arguments>
<msg timestamp="20200331 19:32:35.402" level="INFO">${enum} = 50289</msg>
<status status="PASS" starttime="20200331 19:32:35.401" endtime="20200331 19:32:35.402"></status>
</kw>
<msg timestamp="20200331 19:32:35.402" level="INFO">${num} = 50289</msg>
<status status="PASS" starttime="20200331 19:32:35.399" endtime="20200331 19:32:35.402"></status>
</kw>
<kw name="Set Variable" library="BuiltIn">
<doc>Returns the given values which can then be assigned to a variables.</doc>
<arguments>
<arg>pavan${num}@2c2p.com</arg>
</arguments>
<assign>
<var>${emailid}</var>
</assign>
<msg timestamp="20200331 19:32:35.403" level="INFO">${emailid} = pavan50289@2c2p.com</msg>
<status status="PASS" starttime="20200331 19:32:35.403" endtime="20200331 19:32:35.403"></status>
</kw>
<kw name="Set Global Variable" library="BuiltIn">
<doc>Makes a variable available globally in all tests and suites.</doc>
<arguments>
<arg>${email}</arg>
<arg>${emailid}</arg>
</arguments>
<msg timestamp="20200331 19:32:35.405" level="INFO">${email} = pavan50289@2c2p.com</msg>
<status status="PASS" starttime="20200331 19:32:35.404" endtime="20200331 19:32:35.405"></status>
</kw>
<msg timestamp="20200331 19:32:35.405" level="INFO">${emailid} = pavan50289@2c2p.com</msg>
<status status="PASS" starttime="20200331 19:32:35.398" endtime="20200331 19:32:35.405"></status>
</kw>
<kw name="RegisterSeller with valid Data" library="Register_Seller_API">
<arguments>
<arg>${TokenEscrow}</arg>
<arg>@{valid_mobile_country_code}[0]</arg>
<arg>${idNum}</arg>
<arg>${3}</arg>
<arg>@{valid_mobile_country_code}[1]</arg>
<arg>${MobNo}</arg>
<arg>${emailid}</arg>
<arg>M</arg>
<arg>@{RegisterSellerData}[0]</arg>
<arg>@{RegisterSellerData}[1]</arg>
<arg>@{RegisterSellerData}[2]</arg>
<arg>@{RegisterSellerData}[3]</arg>
<arg>@{RegisterSellerData}[4]</arg>
<arg>@{RegisterSellerData}[5]</arg>
<arg>@{RegisterSellerData}[6]</arg>
<arg>@{v_nationalityId}</arg>
<arg>@{RegisterSellerData}[7]</arg>
<arg>@{RegisterSellerData}[8]</arg>
<arg>@{RegisterSellerData}[9]</arg>
<arg>@{RegisterSellerData}[10]</arg>
<arg>@{RegisterSellerData}[11]</arg>
<arg>@{RegisterSellerData}[12]</arg>
<arg>@{RegisterSellerData}[13]</arg>
<arg>${0}</arg>
<arg>000</arg>
<arg>Success</arg>
</arguments>
<assign>
<var>${sellerid}</var>
</assign>
<kw name="Create Session" library="RequestsLibrary">
<doc>Create Session: create a HTTP session to a server</doc>
<arguments>
<arg>RegisterNewSeller</arg>
<arg>http://172.31.2.28/escrow_core/api/v1</arg>
</arguments>
<msg timestamp="20200331 19:32:35.411" level="INFO">Creating Session using : alias=RegisterNewSeller, url=http://172.31.2.28/escrow_core/api/v1, headers={},                     cookies={}, auth=None, timeout=None, proxies=None, verify=False,                     debug=0 </msg>
<status status="PASS" starttime="20200331 19:32:35.410" endtime="20200331 19:32:35.411"></status>
</kw>
<kw name="Convert To Integer" library="BuiltIn">
<doc>Converts the given item to an integer number.</doc>
<arguments>
<arg>${typeOfID}</arg>
</arguments>
<assign>
<var>${typeID}</var>
</assign>
<msg timestamp="20200331 19:32:35.413" level="INFO">${typeID} = 3</msg>
<status status="PASS" starttime="20200331 19:32:35.412" endtime="20200331 19:32:35.413"></status>
</kw>
<kw name="Convert To Integer" library="BuiltIn">
<doc>Converts the given item to an integer number.</doc>
<arguments>
<arg>${kycRequest}</arg>
</arguments>
<assign>
<var>${KeyReq}</var>
</assign>
<msg timestamp="20200331 19:32:35.414" level="INFO">${KeyReq} = 0</msg>
<status status="PASS" starttime="20200331 19:32:35.413" endtime="20200331 19:32:35.414"></status>
</kw>
<kw name="Create Dictionary" library="BuiltIn">
<doc>Creates and returns a dictionary based on the given ``items``.</doc>
<arguments>
<arg>homeAddress1=@{Address}[0]</arg>
<arg>homeAddress2=@{Address}[1]</arg>
<arg>countryId=@{Address}[2]</arg>
<arg>stateId=@{Address}[3]</arg>
<arg>state=@{Address}[4]</arg>
<arg>postalCode=@{Address}[5]</arg>
<arg>addressDefine1=@{Address}[6]</arg>
<arg>addressDefine2=@{Address}[7]</arg>
<arg>addressDefine3=@{Address}[8]</arg>
<arg>addressDefine4=@{Address}[9]</arg>
</arguments>
<assign>
<var>${UserAddress}</var>
</assign>
<msg timestamp="20200331 19:32:35.417" level="INFO">${UserAddress} = {'homeAddress1': 'homeaddr1', 'homeAddress2': 'homeaddr2', 'countryId': '764', 'stateId': '001', 'state': 'Bangkok', 'postalCode': '10100', 'addressDefine1': 'addrdef1', 'addressDefine2': 'addrdef2', ...</msg>
<status status="PASS" starttime="20200331 19:32:35.414" endtime="20200331 19:32:35.417"></status>
</kw>
<kw name="Create Dictionary" library="BuiltIn">
<doc>Creates and returns a dictionary based on the given ``items``.</doc>
<arguments>
<arg>mailAddress1=@{MailingAddress}[0]</arg>
<arg>mailAddress2=@{MailingAddress}[1]</arg>
<arg>countryId=@{Address}[2]</arg>
<arg>stateId=@{MailingAddress}[2]</arg>
<arg>state=@{Address}[4]</arg>
<arg>postalCode=@{MailingAddress}[3]</arg>
<arg>addressDefine1=@{Address}[6]</arg>
<arg>addressDefine2=@{Address}[7]</arg>
<arg>addressDefine3=@{Address}[8]</arg>
<arg>addressDefine4=@{Address}[9]</arg>
</arguments>
<assign>
<var>${MailAddress}</var>
</assign>
<msg timestamp="20200331 19:32:35.420" level="INFO">${MailAddress} = {'mailAddress1': 'mailaddr1', 'mailAddress2': 'mailaddr2', 'countryId': '764', 'stateId': '002', 'state': 'Bangkok', 'postalCode': '11100', 'addressDefine1': 'addrdef1', 'addressDefine2': 'addrdef2', ...</msg>
<status status="PASS" starttime="20200331 19:32:35.417" endtime="20200331 19:32:35.420"></status>
</kw>
<kw name="Create Dictionary" library="BuiltIn">
<doc>Creates and returns a dictionary based on the given ``items``.</doc>
<arguments>
<arg>escrowCompanyId=${escrowCompanyID}</arg>
<arg>idNumber=${idNumber}</arg>
<arg>typeOfId=${typeID}</arg>
<arg>mobileCountryCode=${MobCountryCode}</arg>
<arg>mobileNo=${MobNo}</arg>
<arg>email=${emailid}</arg>
<arg>gender=${gender}</arg>
<arg>titleEn=${EnTitle}</arg>
<arg>firstNameEn=${EnFirstName}</arg>
<arg>lastNameEn=${EnLastName}</arg>
<arg>titleLocal=${LocalTitle}</arg>
<arg>firstNameLocal=${LocalFistName}</arg>
<arg>lastNameLocal=${LocalLastName}</arg>
<arg>dateOfBirth=${dob}</arg>
<arg>nationalityId=${Nationality}</arg>
<arg>otherVerification=${Verification}</arg>
<arg>workPlace=${WorkPlace}</arg>
<arg>userDefine1=${UserDef1}</arg>
<arg>userDefine2=${UserDef2}</arg>
<arg>userDefine3=${UserDef3}</arg>
<arg>userDefine4=${UserDef4}</arg>
<arg>userDefine5=${UserDef5}</arg>
<arg>kycRequest=${KeyReq}</arg>
<arg>address=${UserAddress}</arg>
<arg>mailingAddress=${MailAddress}</arg>
</arguments>
<assign>
<var>${body}</var>
</assign>
<msg timestamp="20200331 19:32:35.426" level="INFO">${body} = {'escrowCompanyId': '001', 'idNumber': '55781642540423', 'typeOfId': 3, 'mobileCountryCode': '67', 'mobileNo': '0771871496', 'email': 'pavan50289@2c2p.com', 'gender': 'M', 'titleEn': 'MR.', 'firstName...</msg>
<status status="PASS" starttime="20200331 19:32:35.420" endtime="20200331 19:32:35.426"></status>
</kw>
<kw name="Log To Console" library="BuiltIn">
<doc>Logs the given message to the console.</doc>
<arguments>
<arg>${body}</arg>
</arguments>
<status status="PASS" starttime="20200331 19:32:35.427" endtime="20200331 19:32:35.428"></status>
</kw>
<kw name="Set Variable" library="BuiltIn">
<doc>Returns the given values which can then be assigned to a variables.</doc>
<arguments>
<arg>bearer ${Token}</arg>
</arguments>
<assign>
<var>${AuthToken}</var>
</assign>
<msg timestamp="20200331 19:32:35.429" level="INFO">${AuthToken} = bearer eyJhbGciOiJIUzI1NiIsInR5cCI6IkpXVCJ9.eyJodHRwOi8vc2NoZW1hcy5taWNyb3NvZnQuY29tL3dzLzIwMDgvMDYvaWRlbnRpdHkvY2xhaW1zL3VzZXJkYXRhIjoiOTE1b2srbFFFM2Ird3ZBU1hsdE9QeVdmMmNiRTFTc1BUeU8vMHQxTk5XaXNmUFRv...</msg>
<status status="PASS" starttime="20200331 19:32:35.429" endtime="20200331 19:32:35.430"></status>
</kw>
<kw name="Create Dictionary" library="BuiltIn">
<doc>Creates and returns a dictionary based on the given ``items``.</doc>
<arguments>
<arg>Content-Type=application/json</arg>
<arg>Authorization=${AuthToken}</arg>
</arguments>
<assign>
<var>${header}</var>
</assign>
<msg timestamp="20200331 19:32:35.431" level="INFO">${header} = {'Content-Type': 'application/json', 'Authorization': 'bearer eyJhbGciOiJIUzI1NiIsInR5cCI6IkpXVCJ9.eyJodHRwOi8vc2NoZW1hcy5taWNyb3NvZnQuY29tL3dzLzIwMDgvMDYvaWRlbnRpdHkvY2xhaW1zL3VzZXJkYXRhIjoiOTE1b2srb...</msg>
<status status="PASS" starttime="20200331 19:32:35.430" endtime="20200331 19:32:35.431"></status>
</kw>
<kw name="Post Request" library="RequestsLibrary">
<doc>Send a POST request on the session object found using the
given `alias`</doc>
<arguments>
<arg>RegisterNewSeller</arg>
<arg>/seller/register</arg>
<arg>data=${body}</arg>
<arg>headers=${header}</arg>
</arguments>
<assign>
<var>${response}</var>
</assign>
<msg timestamp="20200331 19:32:35.433" level="INFO">POST Request using : uri=/seller/register, params=None, files=None, allow_redirects=True, timeout=None
headers={'User-Agent': 'python-requests/2.23.0', 'Accept-Encoding': 'gzip, deflate', 'Accept': '*/*', 'Connection': 'keep-alive', 'Content-Type': 'application/json', 'Authorization': 'bearer eyJhbGciOiJIUzI1NiIsInR5cCI6IkpXVCJ9.eyJodHRwOi8vc2NoZW1hcy5taWNyb3NvZnQuY29tL3dzLzIwMDgvMDYvaWRlbnRpdHkvY2xhaW1zL3VzZXJkYXRhIjoiOTE1b2srbFFFM2Ird3ZBU1hsdE9QeVdmMmNiRTFTc1BUeU8vMHQxTk5XaXNmUFRvOWhnQjBHUHZ6WVpVUW5vOElOa29lN3JaKzR6b3pPQmRqbG5RMnVaYXZrM1pDMVBPTFZzZVd2SDhaZlE9IiwibmJmIjoxNTg1NjYzMzU0LCJleHAiOjE1ODU2NjM0MTQsImlhdCI6MTU4NTY2MzM1NCwiaXNzIjoiZXNjcm93LWNvcmUtYXBpIiwiYXVkIjoiZXNjcm93LWNvcmUtY2xpZW50In0.TOG9X-KdyQb3ysSdCl067P0KtZ_hD1SCErWVlUQe-D8'} 
data={"escrowCompanyId": "001", "idNumber": "55781642540423", "typeOfId": 3, "mobileCountryCode": "67", "mobileNo": "0771871496", "email": "pavan50289@2c2p.com", "gender": "M", "titleEn": "MR.", "firstNameEn": "Pavan", "lastNameEn": "Powar", "titleLocal": "\u0e19\u0e32\u0e22", "firstNameLocal": "\u0e2a\u0e21\u0e0a\u0e32\u0e22", "lastNameLocal": "\u0e02\u0e32\u0e22\u0e14\u0e35", "dateOfBirth": "20/02/1991", "nationalityId": "764", "otherVerification": "SM0928716357", "workPlace": "pavantest", "userDefine1": "UserDef1", "userDefine2": "UserDef2", "userDefine3": "UserDef3", "userDefine4": "UserDef4", "userDefine5": "UserDef5", "kycRequest": 0, "address": {"homeAddress1": "homeaddr1", "homeAddress2": "homeaddr2", "countryId": "764", "stateId": "001", "state": "Bangkok", "postalCode": "10100", "addressDefine1": "addrdef1", "addressDefine2": "addrdef2", "addressDefine3": "addrdef3", "addressDefine4": "addrdef4"}, "mailingAddress": {"mailAddress1": "mailaddr1", "mailAddress2": "mailaddr2", "countryId": "764", "stateId": "002", "state": "Bangkok", "postalCode": "11100", "addressDefine1": "addrdef1", "addressDefine2": "addrdef2", "addressDefine3": "addrdef3", "addressDefine4": "addrdef4"}} 
json=None</msg>
<msg timestamp="20200331 19:32:35.649" level="INFO">${response} = &lt;Response [200]&gt;</msg>
<status status="PASS" starttime="20200331 19:32:35.432" endtime="20200331 19:32:35.649"></status>
</kw>
<kw name="Should Be Equal As Strings" library="BuiltIn">
<doc>Fails if objects are unequal after converting them to strings.</doc>
<arguments>
<arg>${response.status_code}</arg>
<arg>200</arg>
</arguments>
<msg timestamp="20200331 19:32:35.651" level="INFO">Argument types are:
&lt;class 'int'&gt;
&lt;type 'unicode'&gt;</msg>
<status status="PASS" starttime="20200331 19:32:35.650" endtime="20200331 19:32:35.651"></status>
</kw>
<kw name="Should Be Equal As Strings" library="BuiltIn">
<doc>Fails if objects are unequal after converting them to strings.</doc>
<arguments>
<arg>${response.json()['responseCode']}</arg>
<arg>${ResponseCode}</arg>
</arguments>
<status status="PASS" starttime="20200331 19:32:35.651" endtime="20200331 19:32:35.652"></status>
</kw>
<kw name="Should Be Equal As Strings" library="BuiltIn">
<doc>Fails if objects are unequal after converting them to strings.</doc>
<arguments>
<arg>${response.json()['resDescription']}</arg>
<arg>${ResponseDescription}</arg>
</arguments>
<status status="PASS" starttime="20200331 19:32:35.652" endtime="20200331 19:32:35.653"></status>
</kw>
<msg timestamp="20200331 19:32:35.654" level="INFO">${sellerid} = de8461bd-536c-4af2-ad62-2281a89bab6b</msg>
<status status="PASS" starttime="20200331 19:32:35.406" endtime="20200331 19:32:35.654"></status>
</kw>
<msg timestamp="20200331 19:32:35.654" level="INFO">${SellerId} = ['de8461bd-536c-4af2-ad62-2281a89bab6b', '55781642540423']</msg>
<status status="PASS" starttime="20200331 19:32:34.854" endtime="20200331 19:32:35.654"></status>
</kw>
<kw name="UpdateSeller" library="UpdateSeller_Status_API">
<arguments>
<arg>${EMPTY}</arg>
<arg>@{escrowCompId}</arg>
<arg>${SellerId}</arg>
<arg>${4}</arg>
<arg>A01</arg>
<arg>Invalid access token</arg>
</arguments>
<kw name="Create Session" library="RequestsLibrary">
<doc>Create Session: create a HTTP session to a server</doc>
<arguments>
<arg>UpdateSeller</arg>
[...]
&lt;class 'int'&gt;
&lt;type 'unicode'&gt;</msg>
<status status="PASS" starttime="20200331 19:39:53.381" endtime="20200331 19:39:53.382"></status>
</kw>
<kw name="Should Be Equal As Strings" library="BuiltIn">
<doc>Fails if objects are unequal after converting them to strings.</doc>
<arguments>
<arg>${response.json()['responseCode']}</arg>
<arg>${ResponseCode}</arg>
</arguments>
<status status="PASS" starttime="20200331 19:39:53.382" endtime="20200331 19:39:53.383"></status>
</kw>
<kw name="Should Be Equal As Strings" library="BuiltIn">
<doc>Fails if objects are unequal after converting them to strings.</doc>
<arguments>
<arg>${response.json()['resDescription']}</arg>
<arg>${ResponseDescription}</arg>
</arguments>
<status status="PASS" starttime="20200331 19:39:53.384" endtime="20200331 19:39:53.385"></status>
</kw>
<status status="PASS" starttime="20200331 19:39:52.911" endtime="20200331 19:39:53.385"></status>
</kw>
<doc>Invalid : To verify response for Invalid JWT token</doc>
<tags>
<tag>A01</tag>
</tags>
<status status="PASS" starttime="20200331 19:39:51.665" endtime="20200331 19:39:53.387" critical="yes"></status>
</test>
<test id="s1-t13" name="TC_03 UpdateSellerDetails with Expired JWT Token">
<kw name="GetToken Escrow" library="Get Token">
<assign>
<var>${TokenEscrow}</var>
</assign>
<kw name="Create Session" library="RequestsLibrary">
<doc>Create Session: create a HTTP session to a server</doc>
<arguments>
<arg>Session</arg>
<arg>${URLEscrowAuthUAT}</arg>
</arguments>
<msg timestamp="20200331 19:39:53.391" level="INFO">Creating Session using : alias=Session, url=http://172.31.2.28/escrow_core/api/v1/Authentication/oauth2, headers={},                     cookies={}, auth=None, timeout=None, proxies=None, verify=False,                     debug=0 </msg>
<status status="PASS" starttime="20200331 19:39:53.391" endtime="20200331 19:39:53.392"></status>
</kw>
<kw name="Create Dictionary" library="BuiltIn">
<doc>Creates and returns a dictionary based on the given ``items``.</doc>
<arguments>
<arg>Content-Type=application/x-www-form-urlencoded</arg>
</arguments>
<assign>
<var>${header}</var>
</assign>
<msg timestamp="20200331 19:39:53.393" level="INFO">${header} = {'Content-Type': 'application/x-www-form-urlencoded'}</msg>
<status status="PASS" starttime="20200331 19:39:53.392" endtime="20200331 19:39:53.393"></status>
</kw>
<kw name="Set To Dictionary" library="Collections">
<doc>Adds the given ``key_value_pairs`` and ``items`` to the ``dictionary``.</doc>
<arguments>
<arg>${header}</arg>
<arg>Authorization</arg>
<arg>Basic ${Client_authKey}</arg>
</arguments>
<status status="PASS" starttime="20200331 19:39:53.393" endtime="20200331 19:39:53.394"></status>
</kw>
<kw name="Create Dictionary" library="BuiltIn">
<doc>Creates and returns a dictionary based on the given ``items``.</doc>
<arguments>
<arg>grant_type=client_credentials</arg>
</arguments>
<assign>
<var>${Body}</var>
</assign>
<msg timestamp="20200331 19:39:53.394" level="INFO">${Body} = {'grant_type': 'client_credentials'}</msg>
<status status="PASS" starttime="20200331 19:39:53.394" endtime="20200331 19:39:53.395"></status>
</kw>
<kw name="Post Request" library="RequestsLibrary">
<doc>Send a POST request on the session object found using the
given `alias`</doc>
<arguments>
<arg>Session</arg>
<arg>/token</arg>
<arg>data=${Body}</arg>
<arg>headers=${header}</arg>
</arguments>
<assign>
<var>${response}</var>
</assign>
<msg timestamp="20200331 19:39:53.396" level="INFO">POST Request using : uri=/token, params=None, files=None, allow_redirects=True, timeout=None
headers={'User-Agent': 'python-requests/2.23.0', 'Accept-Encoding': 'gzip, deflate', 'Accept': '*/*', 'Connection': 'keep-alive', 'Content-Type': 'application/x-www-form-urlencoded', 'Authorization': 'Basic MDAxOmthaWRlZVNlY3JldEtleVRlc3Q='} 
data=grant_type=client_credentials 
json=None</msg>
<msg timestamp="20200331 19:39:53.860" level="INFO">${response} = &lt;Response [200]&gt;</msg>
<status status="PASS" starttime="20200331 19:39:53.395" endtime="20200331 19:39:53.860"></status>
</kw>
<kw name="Should Be Equal As Strings" library="BuiltIn">
<doc>Fails if objects are unequal after converting them to strings.</doc>
<arguments>
<arg>${response.status_code}</arg>
<arg>200</arg>
</arguments>
<msg timestamp="20200331 19:39:53.860" level="INFO">Argument types are:
&lt;class 'int'&gt;
&lt;type 'unicode'&gt;</msg>
<status status="PASS" starttime="20200331 19:39:53.860" endtime="20200331 19:39:53.860"></status>
</kw>
<kw name="Log" library="BuiltIn">
<doc>Logs the given message with the given level.</doc>
<arguments>
<arg>${response.json()['accessToken']}</arg>
</arguments>
<msg timestamp="20200331 19:39:53.861" level="INFO">eyJhbGciOiJIUzI1NiIsInR5cCI6IkpXVCJ9.eyJodHRwOi8vc2NoZW1hcy5taWNyb3NvZnQuY29tL3dzLzIwMDgvMDYvaWRlbnRpdHkvY2xhaW1zL3VzZXJkYXRhIjoiOTE1b2srbFFFM2Ird3ZBU1hsdE9QMlhFTmhMdWF2VEdrREVaQUxTVzRVRmdrTTA4aHpTK2lsdWZmSUtwdk4ya3BuNEh3MncxdGlwOUMxb0dieXNHZUtVNG9IdkVIa3l4VHU1Wm5zek9MKzA9IiwibmJmIjoxNTg1NjYzNzkyLCJleHAiOjE1ODU2NjM4NTIsImlhdCI6MTU4NTY2Mzc5MiwiaXNzIjoiZXNjcm93LWNvcmUtYXBpIiwiYXVkIjoiZXNjcm93LWNvcmUtY2xpZW50In0.FNn1Ls0-sBMzGSjXDSCb7tAU-9URpJcNnSHC0vjYr58</msg>
<status status="PASS" starttime="20200331 19:39:53.861" endtime="20200331 19:39:53.861"></status>
</kw>
<msg timestamp="20200331 19:39:53.862" level="INFO">${TokenEscrow} = eyJhbGciOiJIUzI1NiIsInR5cCI6IkpXVCJ9.eyJodHRwOi8vc2NoZW1hcy5taWNyb3NvZnQuY29tL3dzLzIwMDgvMDYvaWRlbnRpdHkvY2xhaW1zL3VzZXJkYXRhIjoiOTE1b2srbFFFM2Ird3ZBU1hsdE9QMlhFTmhMdWF2VEdrREVaQUxTVzRVRmdrTTA4aHpTK2l...</msg>
<status status="PASS" starttime="20200331 19:39:53.390" endtime="20200331 19:39:53.862"></status>
</kw>
<kw name="Randome_IDNumber" library="Register_Global_Keywords">
<assign>
<var>${idNum}</var>
</assign>
<kw name="Generate Random String" library="String">
<doc>Generates a string with a desired ``length`` from the given ``chars``.</doc>
<arguments>
<arg>14</arg>
<arg>[NUMBERS]</arg>
</arguments>
<assign>
<var>${Id}</var>
</assign>
<msg timestamp="20200331 19:39:53.864" level="INFO">${Id} = 80039207365410</msg>
<status status="PASS" starttime="20200331 19:39:53.863" endtime="20200331 19:39:53.864"></status>
</kw>
<kw name="Set Global Variable" library="BuiltIn">
<doc>Makes a variable available globally in all tests and suites.</doc>
<arguments>
<arg>${IdNumber}</arg>
<arg>${Id}</arg>
</arguments>
<msg timestamp="20200331 19:39:53.866" level="INFO">${IdNumber} = 80039207365410</msg>
<status status="PASS" starttime="20200331 19:39:53.865" endtime="20200331 19:39:53.866"></status>
</kw>
<msg timestamp="20200331 19:39:53.867" level="INFO">${idNum} = 80039207365410</msg>
<status status="PASS" starttime="20200331 19:39:53.862" endtime="20200331 19:39:53.867"></status>
</kw>
<kw name="RegisterSellerID" library="Register_Global_Keywords">
<assign>
<var>${SellerId}</var>
</assign>
<kw name="GetToken Escrow" library="Get Token">
<assign>
<var>${TokenEscrow}</var>
</assign>
<kw name="Create Session" library="RequestsLibrary">
<doc>Create Session: create a HTTP session to a server</doc>
<arguments>
<arg>Session</arg>
<arg>${URLEscrowAuthUAT}</arg>
</arguments>
<msg timestamp="20200331 19:39:53.869" level="INFO">Creating Session using : alias=Session, url=http://172.31.2.28/escrow_core/api/v1/Authentication/oauth2, headers={},                     cookies={}, auth=None, timeout=None, proxies=None, verify=False,                     debug=0 </msg>
<status status="PASS" starttime="20200331 19:39:53.869" endtime="20200331 19:39:53.870"></status>
</kw>
<kw name="Create Dictionary" library="BuiltIn">
<doc>Creates and returns a dictionary based on the given ``items``.</doc>
<arguments>
<arg>Content-Type=application/x-www-form-urlencoded</arg>
</arguments>
<assign>
<var>${header}</var>
</assign>
<msg timestamp="20200331 19:39:53.871" level="INFO">${header} = {'Content-Type': 'application/x-www-form-urlencoded'}</msg>
<status status="PASS" starttime="20200331 19:39:53.870" endtime="20200331 19:39:53.871"></status>
</kw>
<kw name="Set To Dictionary" library="Collections">
<doc>Adds the given ``key_value_pairs`` and ``items`` to the ``dictionary``.</doc>
<arguments>
<arg>${header}</arg>
<arg>Authorization</arg>
<arg>Basic ${Client_authKey}</arg>
</arguments>
<status status="PASS" starttime="20200331 19:39:53.871" endtime="20200331 19:39:53.871"></status>
</kw>
<kw name="Create Dictionary" library="BuiltIn">
<doc>Creates and returns a dictionary based on the given ``items``.</doc>
<arguments>
<arg>grant_type=client_credentials</arg>
</arguments>
<assign>
<var>${Body}</var>
</assign>
<msg timestamp="20200331 19:39:53.872" level="INFO">${Body} = {'grant_type': 'client_credentials'}</msg>
<status status="PASS" starttime="20200331 19:39:53.872" endtime="20200331 19:39:53.873"></status>
</kw>
<kw name="Post Request" library="RequestsLibrary">
<doc>Send a POST request on the session object found using the
given `alias`</doc>
<arguments>
<arg>Session</arg>
<arg>/token</arg>
<arg>data=${Body}</arg>
<arg>headers=${header}</arg>
</arguments>
<assign>
<var>${response}</var>
</assign>
<msg timestamp="20200331 19:39:53.874" level="INFO">POST Request using : uri=/token, params=None, files=None, allow_redirects=True, timeout=None
headers={'User-Agent': 'python-requests/2.23.0', 'Accept-Encoding': 'gzip, deflate', 'Accept': '*/*', 'Connection': 'keep-alive', 'Content-Type': 'application/x-www-form-urlencoded', 'Authorization': 'Basic MDAxOmthaWRlZVNlY3JldEtleVRlc3Q='} 
data=grant_type=client_credentials 
json=None</msg>
<msg timestamp="20200331 19:39:54.333" level="INFO">${response} = &lt;Response [200]&gt;</msg>
<status status="PASS" starttime="20200331 19:39:53.873" endtime="20200331 19:39:54.333"></status>
</kw>
<kw name="Should Be Equal As Strings" library="BuiltIn">
<doc>Fails if objects are unequal after converting them to strings.</doc>
<arguments>
<arg>${response.status_code}</arg>
<arg>200</arg>
</arguments>
<msg timestamp="20200331 19:39:54.334" level="INFO">Argument types are:
&lt;class 'int'&gt;
&lt;type 'unicode'&gt;</msg>
<status status="PASS" starttime="20200331 19:39:54.333" endtime="20200331 19:39:54.334"></status>
</kw>
<kw name="Log" library="BuiltIn">
<doc>Logs the given message with the given level.</doc>
<arguments>
<arg>${response.json()['accessToken']}</arg>
</arguments>
<msg timestamp="20200331 19:39:54.335" level="INFO">eyJhbGciOiJIUzI1NiIsInR5cCI6IkpXVCJ9.eyJodHRwOi8vc2NoZW1hcy5taWNyb3NvZnQuY29tL3dzLzIwMDgvMDYvaWRlbnRpdHkvY2xhaW1zL3VzZXJkYXRhIjoiOTE1b2srbFFFM2Ird3ZBU1hsdE9QNWdQdE4rTHZVUzlwNFE4YW96ZVdjT0lGNDBkU1dOZ0RsOTI0d1BOQWdtWUVzZ05JY0FQYjVuSVBQTDZtaGovY0pSR29ucVNjZGlCT1ZBT0t2ZWczREU9IiwibmJmIjoxNTg1NjYzNzkzLCJleHAiOjE1ODU2NjM4NTMsImlhdCI6MTU4NTY2Mzc5MywiaXNzIjoiZXNjcm93LWNvcmUtYXBpIiwiYXVkIjoiZXNjcm93LWNvcmUtY2xpZW50In0.rRwJVCGFKCRd_OGR6rBBaNAYjLDuptG8X9fDC7J_fiI</msg>
<status status="PASS" starttime="20200331 19:39:54.334" endtime="20200331 19:39:54.335"></status>
</kw>
<msg timestamp="20200331 19:39:54.335" level="INFO">${TokenEscrow} = eyJhbGciOiJIUzI1NiIsInR5cCI6IkpXVCJ9.eyJodHRwOi8vc2NoZW1hcy5taWNyb3NvZnQuY29tL3dzLzIwMDgvMDYvaWRlbnRpdHkvY2xhaW1zL3VzZXJkYXRhIjoiOTE1b2srbFFFM2Ird3ZBU1hsdE9QNWdQdE4rTHZVUzlwNFE4YW96ZVdjT0lGNDBkU1dOZ0R...</msg>
<status status="PASS" starttime="20200331 19:39:53.868" endtime="20200331 19:39:54.335"></status>
</kw>
<kw name="Randome_IDNumber" library="Register_Global_Keywords">
<assign>
<var>${idNum}</var>
</assign>
<kw name="Generate Random String" library="String">
<doc>Generates a string with a desired ``length`` from the given ``chars``.</doc>
<arguments>
<arg>14</arg>
<arg>[NUMBERS]</arg>
</arguments>
<assign>
<var>${Id}</var>
</assign>
<msg timestamp="20200331 19:39:54.336" level="INFO">${Id} = 88623831954253</msg>
<status status="PASS" starttime="20200331 19:39:54.336" endtime="20200331 19:39:54.336"></status>
</kw>
<kw name="Set Global Variable" library="BuiltIn">
<doc>Makes a variable available globally in all tests and suites.</doc>
<arguments>
<arg>${IdNumber}</arg>
<arg>${Id}</arg>
</arguments>
<msg timestamp="20200331 19:39:54.337" level="INFO">${IdNumber} = 88623831954253</msg>
<status status="PASS" starttime="20200331 19:39:54.337" endtime="20200331 19:39:54.337"></status>
</kw>
<msg timestamp="20200331 19:39:54.337" level="INFO">${idNum} = 88623831954253</msg>
<status status="PASS" starttime="20200331 19:39:54.336" endtime="20200331 19:39:54.337"></status>
</kw>
<kw name="Randome_MobileNumber" library="Register_Global_Keywords">
<assign>
<var>${MobNo}</var>
</assign>
<kw name="Generate Random String" library="String">
<doc>Generates a string with a desired ``length`` from the given ``chars``.</doc>
<arguments>
<arg>10</arg>
<arg>[NUMBERS]</arg>
</arguments>
<assign>
<var>${mobile}</var>
</assign>
<msg timestamp="20200331 19:39:54.339" level="INFO">${mobile} = 4095944589</msg>
<status status="PASS" starttime="20200331 19:39:54.338" endtime="20200331 19:39:54.339"></status>
</kw>
<kw name="Set Global Variable" library="BuiltIn">
<doc>Makes a variable available globally in all tests and suites.</doc>
<arguments>
<arg>${mobileNo}</arg>
<arg>${mobile}</arg>
</arguments>
<msg timestamp="20200331 19:39:54.340" level="INFO">${mobileNo} = 4095944589</msg>
<status status="PASS" starttime="20200331 19:39:54.339" endtime="20200331 19:39:54.340"></status>
</kw>
<msg timestamp="20200331 19:39:54.340" level="INFO">${MobNo} = 4095944589</msg>
<status status="PASS" starttime="20200331 19:39:54.338" endtime="20200331 19:39:54.341"></status>
</kw>
<kw name="Randome_EmailId" library="Register_Global_Keywords">
<assign>
<var>${emailid}</var>
</assign>
<kw name="Randome_Number" library="Register_Global_Keywords">
<assign>
<var>${num}</var>
</assign>
<kw name="Generate Random String" library="String">
<doc>Generates a string with a desired ``length`` from the given ``chars``.</doc>
<arguments>
<arg>5</arg>
<arg>[NUMBERS]</arg>
</arguments>
<assign>
<var>${Emailnum}</var>
</assign>
<msg timestamp="20200331 19:39:54.343" level="INFO">${Emailnum} = 65525</msg>
<status status="PASS" starttime="20200331 19:39:54.342" endtime="20200331 19:39:54.343"></status>
</kw>
<kw name="Set Global Variable" library="BuiltIn">
<doc>Makes a variable available globally in all tests and suites.</doc>
<arguments>
<arg>${enum}</arg>
<arg>${Emailnum}</arg>
</arguments>
<msg timestamp="20200331 19:39:54.344" level="INFO">${enum} = 65525</msg>
<status status="PASS" starttime="20200331 19:39:54.343" endtime="20200331 19:39:54.344"></status>
</kw>
<msg timestamp="20200331 19:39:54.344" level="INFO">${num} = 65525</msg>
<status status="PASS" starttime="20200331 19:39:54.341" endtime="20200331 19:39:54.344"></status>
</kw>
<kw name="Set Variable" library="BuiltIn">
<doc>Returns the given values which can then be assigned to a variables.</doc>
<arguments>
<arg>pavan${num}@2c2p.com</arg>
</arguments>
<assign>
<var>${emailid}</var>
</assign>
<msg timestamp="20200331 19:39:54.345" level="INFO">${emailid} = pavan65525@2c2p.com</msg>
<status status="PASS" starttime="20200331 19:39:54.344" endtime="20200331 19:39:54.345"></status>
</kw>
<kw name="Set Global Variable" library="BuiltIn">
<doc>Makes a variable available globally in all tests and suites.</doc>
<arguments>
<arg>${email}</arg>
<arg>${emailid}</arg>
</arguments>
<msg timestamp="20200331 19:39:54.346" level="INFO">${email} = pavan65525@2c2p.com</msg>
<status status="PASS" starttime="20200331 19:39:54.345" endtime="20200331 19:39:54.347"></status>
</kw>
<msg timestamp="20200331 19:39:54.347" level="INFO">${emailid} = pavan65525@2c2p.com</msg>
<status status="PASS" starttime="20200331 19:39:54.341" endtime="20200331 19:39:54.347"></status>
</kw>
<kw name="RegisterSeller with valid Data" library="Register_Seller_API">
<arguments>
<arg>${TokenEscrow}</arg>
<arg>@{valid_mobile_country_code}[0]</arg>
<arg>${idNum}</arg>
<arg>${3}</arg>
<arg>@{valid_mobile_country_code}[1]</arg>
<arg>${MobNo}</arg>
<arg>${emailid}</arg>
<arg>M</arg>
<arg>@{RegisterSellerData}[0]</arg>
<arg>@{RegisterSellerData}[1]</arg>
<arg>@{RegisterSellerData}[2]</arg>
<arg>@{RegisterSellerData}[3]</arg>
<arg>@{RegisterSellerData}[4]</arg>
<arg>@{RegisterSellerData}[5]</arg>
<arg>@{RegisterSellerData}[6]</arg>
<arg>@{v_nationalityId}</arg>
<arg>@{RegisterSellerData}[7]</arg>
<arg>@{RegisterSellerData}[8]</arg>
<arg>@{RegisterSellerData}[9]</arg>
<arg>@{RegisterSellerData}[10]</arg>
<arg>@{RegisterSellerData}[11]</arg>
<arg>@{RegisterSellerData}[12]</arg>
<arg>@{RegisterSellerData}[13]</arg>
<arg>${0}</arg>
<arg>000</arg>
<arg>Success</arg>
</arguments>
<assign>
<var>${sellerid}</var>
</assign>
<kw name="Create Session" library="RequestsLibrary">
<doc>Create Session: create a HTTP session to a server</doc>
<arguments>
<arg>RegisterNewSeller</arg>
<arg>http://172.31.2.28/escrow_core/api/v1</arg>
</arguments>
<msg timestamp="20200331 19:39:54.350" level="INFO">Creating Session using : alias=RegisterNewSeller, url=http://172.31.2.28/escrow_core/api/v1, headers={},                     cookies={}, auth=None, timeout=None, proxies=None, verify=False,                     debug=0 </msg>
<status status="PASS" starttime="20200331 19:39:54.350" endtime="20200331 19:39:54.351"></status>
</kw>
<kw name="Convert To Integer" library="BuiltIn">
<doc>Converts the given item to an integer number.</doc>
<arguments>
<arg>${typeOfID}</arg>
</arguments>
<assign>
<var>${typeID}</var>
</assign>
<msg timestamp="20200331 19:39:54.351" level="INFO">${typeID} = 3</msg>
<status status="PASS" starttime="20200331 19:39:54.351" endtime="20200331 19:39:54.352"></status>
</kw>
<kw name="Convert To Integer" library="BuiltIn">
<doc>Converts the given item to an integer number.</doc>
<arguments>
<arg>${kycRequest}</arg>
</arguments>
<assign>
<var>${KeyReq}</var>
</assign>
<msg timestamp="20200331 19:39:54.352" level="INFO">${KeyReq} = 0</msg>
<status status="PASS" starttime="20200331 19:39:54.352" endtime="20200331 19:39:54.352"></status>
</kw>
<kw name="Create Dictionary" library="BuiltIn">
<doc>Creates and returns a dictionary based on the given ``items``.</doc>
<arguments>
<arg>homeAddress1=@{Address}[0]</arg>
<arg>homeAddress2=@{Address}[1]</arg>
<arg>countryId=@{Address}[2]</arg>
<arg>stateId=@{Address}[3]</arg>
<arg>state=@{Address}[4]</arg>
<arg>postalCode=@{Address}[5]</arg>
<arg>addressDefine1=@{Address}[6]</arg>
<arg>addressDefine2=@{Address}[7]</arg>
<arg>addressDefine3=@{Address}[8]</arg>
<arg>addressDefine4=@{Address}[9]</arg>
</arguments>
<assign>
<var>${UserAddress}</var>
</assign>
<msg timestamp="20200331 19:39:54.354" level="INFO">${UserAddress} = {'homeAddress1': 'homeaddr1', 'homeAddress2': 'homeaddr2', 'countryId': '764', 'stateId': '001', 'state': 'Bangkok', 'postalCode': '10100', 'addressDefine1': 'addrdef1', 'addressDefine2': 'addrdef2', ...</msg>
<status status="PASS" starttime="20200331 19:39:54.353" endtime="20200331 19:39:54.354"></status>
</kw>
<kw name="Create Dictionary" library="BuiltIn">
<doc>Creates and returns a dictionary based on the given ``items``.</doc>
<arguments>
<arg>mailAddress1=@{MailingAddress}[0]</arg>
<arg>mailAddress2=@{MailingAddress}[1]</arg>
<arg>countryId=@{Address}[2]</arg>
<arg>stateId=@{MailingAddress}[2]</arg>
<arg>state=@{Address}[4]</arg>
<arg>postalCode=@{MailingAddress}[3]</arg>
<arg>addressDefine1=@{Address}[6]</arg>
<arg>addressDefine2=@{Address}[7]</arg>
<arg>addressDefine3=@{Address}[8]</arg>
<arg>addressDefine4=@{Address}[9]</arg>
</arguments>
<assign>
<var>${MailAddress}</var>
</assign>
<msg timestamp="20200331 19:39:54.357" level="INFO">${MailAddress} = {'mailAddress1': 'mailaddr1', 'mailAddress2': 'mailaddr2', 'countryId': '764', 'stateId': '002', 'state': 'Bangkok', 'postalCode': '11100', 'addressDefine1': 'addrdef1', 'addressDefine2': 'addrdef2', ...</msg>
<status status="PASS" starttime="20200331 19:39:54.355" endtime="20200331 19:39:54.357"></status>
</kw>
<kw name="Create Dictionary" library="BuiltIn">
<doc>Creates and returns a dictionary based on the given ``items``.