<?xml version="1.0" encoding="UTF-8"?>
<robot generator="Robot 3.1.2 (Python 3.8.1 on win32)" generated="20200402 09:16:27.548" rpa="false">
<suite id="s1" name="GetSellerDetails TestCases" source="C:\Users\perennial\PycharmProjects\EscrowAPI\TestCases\GetSellerDetails_API\GetSellerDetails_TestCases.robot">
<test id="s1-t1" name="TC_06 GetSellerDetails to Verify Request">
<kw name="GetToken Escrow" library="Get Token">
<assign>
<var>${TokenEscrow}</var>
</assign>
<kw name="Create Session" library="RequestsLibrary">
<doc>Create Session: create a HTTP session to a server</doc>
<arguments>
<arg>Session</arg>
<arg>${URLEscrowAuthUAT}</arg>
</arguments>
<msg timestamp="20200402 09:16:28.129" level="INFO">Creating Session using : alias=Session, url=http://172.31.2.28/escrow_core/api/v1/Authentication/oauth2, headers={},                     cookies={}, auth=None, timeout=None, proxies=None, verify=False,                     debug=0 </msg>
<status status="PASS" starttime="20200402 09:16:28.129" endtime="20200402 09:16:28.130"></status>
</kw>
<kw name="Create Dictionary" library="BuiltIn">
<doc>Creates and returns a dictionary based on the given ``items``.</doc>
<arguments>
<arg>Content-Type=application/x-www-form-urlencoded</arg>
</arguments>
<assign>
<var>${header}</var>
</assign>
<msg timestamp="20200402 09:16:28.130" level="INFO">${header} = {'Content-Type': 'application/x-www-form-urlencoded'}</msg>
<status status="PASS" starttime="20200402 09:16:28.130" endtime="20200402 09:16:28.130"></status>
</kw>
<kw name="Set To Dictionary" library="Collections">
<doc>Adds the given ``key_value_pairs`` and ``items`` to the ``dictionary``.</doc>
<arguments>
<arg>${header}</arg>
<arg>Authorization</arg>
<arg>Basic ${Client_authKey}</arg>
</arguments>
<status status="PASS" starttime="20200402 09:16:28.131" endtime="20200402 09:16:28.131"></status>
</kw>
<kw name="Create Dictionary" library="BuiltIn">
<doc>Creates and returns a dictionary based on the given ``items``.</doc>
<arguments>
<arg>grant_type=client_credentials</arg>
</arguments>
<assign>
<var>${Body}</var>
</assign>
<msg timestamp="20200402 09:16:28.131" level="INFO">${Body} = {'grant_type': 'client_credentials'}</msg>
<status status="PASS" starttime="20200402 09:16:28.131" endtime="20200402 09:16:28.131"></status>
</kw>
<kw name="Post Request" library="RequestsLibrary">
<doc>Send a POST request on the session object found using the
given `alias`</doc>
<arguments>
<arg>Session</arg>
<arg>/token</arg>
<arg>data=${Body}</arg>
<arg>headers=${header}</arg>
</arguments>
<assign>
<var>${response}</var>
</assign>
<msg timestamp="20200402 09:16:28.132" level="INFO">POST Request using : uri=/token, params=None, files=None, allow_redirects=True, timeout=None
headers={'User-Agent': 'python-requests/2.23.0', 'Accept-Encoding': 'gzip, deflate', 'Accept': '*/*', 'Connection': 'keep-alive', 'Content-Type': 'application/x-www-form-urlencoded', 'Authorization': 'Basic MDAxOmthaWRlZVNlY3JldEtleVRlc3Q='} 
data=grant_type=client_credentials 
json=None</msg>
<msg timestamp="20200402 09:16:28.623" level="INFO">${response} = &lt;Response [200]&gt;</msg>
<status status="PASS" starttime="20200402 09:16:28.132" endtime="20200402 09:16:28.623"></status>
</kw>
<kw name="Should Be Equal As Strings" library="BuiltIn">
<doc>Fails if objects are unequal after converting them to strings.</doc>
<arguments>
<arg>${response.status_code}</arg>
<arg>200</arg>
</arguments>
<msg timestamp="20200402 09:16:28.624" level="INFO">Argument types are:
&lt;class 'int'&gt;
&lt;type 'unicode'&gt;</msg>
<status status="PASS" starttime="20200402 09:16:28.624" endtime="20200402 09:16:28.624"></status>
</kw>
<kw name="Log" library="BuiltIn">
<doc>Logs the given message with the given level.</doc>
<arguments>
<arg>${response.json()['accessToken']}</arg>
</arguments>
<msg timestamp="20200402 09:16:28.632" level="INFO">eyJhbGciOiJIUzI1NiIsInR5cCI6IkpXVCJ9.eyJodHRwOi8vc2NoZW1hcy5taWNyb3NvZnQuY29tL3dzLzIwMDgvMDYvaWRlbnRpdHkvY2xhaW1zL3VzZXJkYXRhIjoiOTE1b2srbFFFM2Ird3ZBU1hsdE9Qd1MxQzhQTXpCTHlDaWdhbnNDdW5KVjVyMHUzMFNNV1NlVDlHek5XQVh2ZllxSWZkblEzUEJSbG8zaWZBeEFWZlFReUF2QnFLNi8yaWp2YUg5cFNqOHc9IiwibmJmIjoxNTg1Nzk5MTg2LCJleHAiOjE1ODU3OTkyNDYsImlhdCI6MTU4NTc5OTE4NiwiaXNzIjoiZXNjcm93LWNvcmUtYXBpIiwiYXVkIjoiZXNjcm93LWNvcmUtY2xpZW50In0.QWGbl--ovgtKgP0Vw3bMn2AYgmiOJ1t5A4_2iF1gxAA</msg>
<status status="PASS" starttime="20200402 09:16:28.632" endtime="20200402 09:16:28.632"></status>
</kw>
<msg timestamp="20200402 09:16:28.633" level="INFO">${TokenEscrow} = eyJhbGciOiJIUzI1NiIsInR5cCI6IkpXVCJ9.eyJodHRwOi8vc2NoZW1hcy5taWNyb3NvZnQuY29tL3dzLzIwMDgvMDYvaWRlbnRpdHkvY2xhaW1zL3VzZXJkYXRhIjoiOTE1b2srbFFFM2Ird3ZBU1hsdE9Qd1MxQzhQTXpCTHlDaWdhbnNDdW5KVjVyMHUzMFNNV1N...</msg>
<status status="PASS" starttime="20200402 09:16:28.129" endtime="20200402 09:16:28.633"></status>
</kw>
<kw name="RegisterSellerID" library="Register_Global_Keywords">
<assign>
<var>${SellerId}</var>
<var>${IdNumber}</var>
</assign>
<kw name="GetToken Escrow" library="Get Token">
<assign>
<var>${TokenEscrow}</var>
</assign>
<kw name="Create Session" library="RequestsLibrary">
<doc>Create Session: create a HTTP session to a server</doc>
<arguments>
<arg>Session</arg>
<arg>${URLEscrowAuthUAT}</arg>
</arguments>
<msg timestamp="20200402 09:16:28.634" level="INFO">Creating Session using : alias=Session, url=http://172.31.2.28/escrow_core/api/v1/Authentication/oauth2, headers={},                     cookies={}, auth=None, timeout=None, proxies=None, verify=False,                     debug=0 </msg>
<status status="PASS" starttime="20200402 09:16:28.634" endtime="20200402 09:16:28.635"></status>
</kw>
<kw name="Create Dictionary" library="BuiltIn">
<doc>Creates and returns a dictionary based on the given ``items``.</doc>
<arguments>
<arg>Content-Type=application/x-www-form-urlencoded</arg>
</arguments>
<assign>
<var>${header}</var>
</assign>
<msg timestamp="20200402 09:16:28.635" level="INFO">${header} = {'Content-Type': 'application/x-www-form-urlencoded'}</msg>
<status status="PASS" starttime="20200402 09:16:28.635" endtime="20200402 09:16:28.635"></status>
</kw>
<kw name="Set To Dictionary" library="Collections">
<doc>Adds the given ``key_value_pairs`` and ``items`` to the ``dictionary``.</doc>
<arguments>
<arg>${header}</arg>
<arg>Authorization</arg>
<arg>Basic ${Client_authKey}</arg>
</arguments>
<status status="PASS" starttime="20200402 09:16:28.635" endtime="20200402 09:16:28.636"></status>
</kw>
<kw name="Create Dictionary" library="BuiltIn">
<doc>Creates and returns a dictionary based on the given ``items``.</doc>
<arguments>
<arg>grant_type=client_credentials</arg>
</arguments>
<assign>
<var>${Body}</var>
</assign>
<msg timestamp="20200402 09:16:28.636" level="INFO">${Body} = {'grant_type': 'client_credentials'}</msg>
<status status="PASS" starttime="20200402 09:16:28.636" endtime="20200402 09:16:28.636"></status>
</kw>
<kw name="Post Request" library="RequestsLibrary">
<doc>Send a POST request on the session object found using the
given `alias`</doc>
<arguments>
<arg>Session</arg>
<arg>/token</arg>
<arg>data=${Body}</arg>
<arg>headers=${header}</arg>
</arguments>
<assign>
<var>${response}</var>
</assign>
<msg timestamp="20200402 09:16:28.637" level="INFO">POST Request using : uri=/token, params=None, files=None, allow_redirects=True, timeout=None
headers={'User-Agent': 'python-requests/2.23.0', 'Accept-Encoding': 'gzip, deflate', 'Accept': '*/*', 'Connection': 'keep-alive', 'Content-Type': 'application/x-www-form-urlencoded', 'Authorization': 'Basic MDAxOmthaWRlZVNlY3JldEtleVRlc3Q='} 
data=grant_type=client_credentials 
json=None</msg>
<msg timestamp="20200402 09:16:29.126" level="INFO">${response} = &lt;Response [200]&gt;</msg>
<status status="PASS" starttime="20200402 09:16:28.636" endtime="20200402 09:16:29.126"></status>
</kw>
<kw name="Should Be Equal As Strings" library="BuiltIn">
<doc>Fails if objects are unequal after converting them to strings.</doc>
<arguments>
<arg>${response.status_code}</arg>
<arg>200</arg>
</arguments>
<msg timestamp="20200402 09:16:29.126" level="INFO">Argument types are:
&lt;class 'int'&gt;
&lt;type 'unicode'&gt;</msg>
<status status="PASS" starttime="20200402 09:16:29.126" endtime="20200402 09:16:29.127"></status>
</kw>
<kw name="Log" library="BuiltIn">
<doc>Logs the given message with the given level.</doc>
<arguments>
<arg>${response.json()['accessToken']}</arg>
</arguments>
<msg timestamp="20200402 09:16:29.127" level="INFO">eyJhbGciOiJIUzI1NiIsInR5cCI6IkpXVCJ9.eyJodHRwOi8vc2NoZW1hcy5taWNyb3NvZnQuY29tL3dzLzIwMDgvMDYvaWRlbnRpdHkvY2xhaW1zL3VzZXJkYXRhIjoiOTE1b2srbFFFM2Ird3ZBU1hsdE9QMFBQUTZNUVFMbVd5VVdqemZFS0JOb0RZZEtLTTB5ZElZeklIbW51TTdrWjMvdU8xWHdROXdTNmNPdnBvZ2NUelFBMytXd3VYNHNZeGFsemU1QVd4bFE9IiwibmJmIjoxNTg1Nzk5MTg3LCJleHAiOjE1ODU3OTkyNDcsImlhdCI6MTU4NTc5OTE4NywiaXNzIjoiZXNjcm93LWNvcmUtYXBpIiwiYXVkIjoiZXNjcm93LWNvcmUtY2xpZW50In0.UP8AzZEPmR3eMD--dYuI_s-oX_ZHVmb6-VnVDDBvWAw</msg>
<status status="PASS" starttime="20200402 09:16:29.127" endtime="20200402 09:16:29.127"></status>
</kw>
<msg timestamp="20200402 09:16:29.128" level="INFO">${TokenEscrow} = eyJhbGciOiJIUzI1NiIsInR5cCI6IkpXVCJ9.eyJodHRwOi8vc2NoZW1hcy5taWNyb3NvZnQuY29tL3dzLzIwMDgvMDYvaWRlbnRpdHkvY2xhaW1zL3VzZXJkYXRhIjoiOTE1b2srbFFFM2Ird3ZBU1hsdE9QMFBQUTZNUVFMbVd5VVdqemZFS0JOb0RZZEtLTTB5ZEl...</msg>
<status status="PASS" starttime="20200402 09:16:28.634" endtime="20200402 09:16:29.128"></status>
</kw>
<kw name="Randome_IDNumber" library="Register_Global_Keywords">
<assign>
<var>${idNum}</var>
</assign>
<kw name="Generate Random String" library="String">
<doc>Generates a string with a desired ``length`` from the given ``chars``.</doc>
<arguments>
<arg>14</arg>
<arg>[NUMBERS]</arg>
</arguments>
<assign>
<var>${Id}</var>
</assign>
<msg timestamp="20200402 09:16:29.129" level="INFO">${Id} = 63478475463187</msg>
<status status="PASS" starttime="20200402 09:16:29.128" endtime="20200402 09:16:29.129"></status>
</kw>
<kw name="Set Global Variable" library="BuiltIn">
<doc>Makes a variable available globally in all tests and suites.</doc>
<arguments>
<arg>${IdNumber}</arg>
<arg>${Id}</arg>
</arguments>
<msg timestamp="20200402 09:16:29.129" level="INFO">${IdNumber} = 63478475463187</msg>
<status status="PASS" starttime="20200402 09:16:29.129" endtime="20200402 09:16:29.129"></status>
</kw>
<msg timestamp="20200402 09:16:29.129" level="INFO">${idNum} = 63478475463187</msg>
<status status="PASS" starttime="20200402 09:16:29.128" endtime="20200402 09:16:29.129"></status>
</kw>
<kw name="Randome_MobileNumber" library="Register_Global_Keywords">
<assign>
<var>${MobNo}</var>
</assign>
<kw name="Generate Random String" library="String">
<doc>Generates a string with a desired ``length`` from the given ``chars``.</doc>
<arguments>
<arg>10</arg>
<arg>[NUMBERS]</arg>
</arguments>
<assign>
<var>${mobile}</var>
</assign>
<msg timestamp="20200402 09:16:29.130" level="INFO">${mobile} = 0556435585</msg>
<status status="PASS" starttime="20200402 09:16:29.130" endtime="20200402 09:16:29.130"></status>
</kw>
<kw name="Set Global Variable" library="BuiltIn">
<doc>Makes a variable available globally in all tests and suites.</doc>
<arguments>
<arg>${mobileNo}</arg>
<arg>${mobile}</arg>
</arguments>
<msg timestamp="20200402 09:16:29.131" level="INFO">${mobileNo} = 0556435585</msg>
<status status="PASS" starttime="20200402 09:16:29.130" endtime="20200402 09:16:29.131"></status>
</kw>
<msg timestamp="20200402 09:16:29.131" level="INFO">${MobNo} = 0556435585</msg>
<status status="PASS" starttime="20200402 09:16:29.130" endtime="20200402 09:16:29.131"></status>
</kw>
<kw name="Randome_EmailId" library="Register_Global_Keywords">
<assign>
<var>${emailid}</var>
</assign>
<kw name="Randome_Number" library="Register_Global_Keywords">
<assign>
<var>${num}</var>
</assign>
<kw name="Generate Random String" library="String">
<doc>Generates a string with a desired ``length`` from the given ``chars``.</doc>
<arguments>
<arg>5</arg>
<arg>[NUMBERS]</arg>
</arguments>
<assign>
<var>${Emailnum}</var>
</assign>
<msg timestamp="20200402 09:16:29.132" level="INFO">${Emailnum} = 34513</msg>
<status status="PASS" starttime="20200402 09:16:29.132" endtime="20200402 09:16:29.132"></status>
</kw>
<kw name="Set Global Variable" library="BuiltIn">
<doc>Makes a variable available globally in all tests and suites.</doc>
<arguments>
<arg>${enum}</arg>
<arg>${Emailnum}</arg>
</arguments>
<msg timestamp="20200402 09:16:29.133" level="INFO">${enum} = 34513</msg>
<status status="PASS" starttime="20200402 09:16:29.132" endtime="20200402 09:16:29.133"></status>
</kw>
<msg timestamp="20200402 09:16:29.133" level="INFO">${num} = 34513</msg>
<status status="PASS" starttime="20200402 09:16:29.131" endtime="20200402 09:16:29.133"></status>
</kw>
<kw name="Set Variable" library="BuiltIn">
<doc>Returns the given values which can then be assigned to a variables.</doc>
<arguments>
<arg>pavan${num}@2c2p.com</arg>
</arguments>
<assign>
<var>${emailid}</var>
</assign>
<msg timestamp="20200402 09:16:29.134" level="INFO">${emailid} = pavan34513@2c2p.com</msg>
<status status="PASS" starttime="20200402 09:16:29.133" endtime="20200402 09:16:29.134"></status>
</kw>
<kw name="Set Global Variable" library="BuiltIn">
<doc>Makes a variable available globally in all tests and suites.</doc>
<arguments>
<arg>${email}</arg>
<arg>${emailid}</arg>
</arguments>
<msg timestamp="20200402 09:16:29.134" level="INFO">${email} = pavan34513@2c2p.com</msg>
<status status="PASS" starttime="20200402 09:16:29.134" endtime="20200402 09:16:29.134"></status>
</kw>
<msg timestamp="20200402 09:16:29.134" level="INFO">${emailid} = pavan34513@2c2p.com</msg>
<status status="PASS" starttime="20200402 09:16:29.131" endtime="20200402 09:16:29.134"></status>
</kw>
<kw name="RegisterSeller with valid Data" library="Register_Seller_API">
<arguments>
<arg>${TokenEscrow}</arg>
<arg>@{valid_mobile_country_code}[0]</arg>
<arg>${idNum}</arg>
<arg>${3}</arg>
<arg>@{valid_mobile_country_code}[1]</arg>
<arg>${MobNo}</arg>
<arg>${emailid}</arg>
<arg>M</arg>
<arg>@{RegisterSellerData}[0]</arg>
<arg>@{RegisterSellerData}[1]</arg>
<arg>@{RegisterSellerData}[2]</arg>
<arg>@{RegisterSellerData}[3]</arg>
<arg>@{RegisterSellerData}[4]</arg>
<arg>@{RegisterSellerData}[5]</arg>
<arg>@{RegisterSellerData}[6]</arg>
<arg>@{v_nationalityId}</arg>
<arg>@{RegisterSellerData}[7]</arg>
<arg>@{RegisterSellerData}[8]</arg>
<arg>@{RegisterSellerData}[9]</arg>
<arg>@{RegisterSellerData}[10]</arg>
<arg>@{RegisterSellerData}[11]</arg>
<arg>@{RegisterSellerData}[12]</arg>
<arg>@{RegisterSellerData}[13]</arg>
<arg>${0}</arg>
<arg>000</arg>
<arg>Success</arg>
</arguments>
<assign>
<var>${sellerid}</var>
</assign>
<kw name="Create Session" library="RequestsLibrary">
<doc>Create Session: create a HTTP session to a server</doc>
<arguments>
<arg>RegisterNewSeller</arg>
<arg>http://172.31.2.28/escrow_core/api/v1</arg>
</arguments>
<msg timestamp="20200402 09:16:29.137" level="INFO">Creating Session using : alias=RegisterNewSeller, url=http://172.31.2.28/escrow_core/api/v1, headers={},                     cookies={}, auth=None, timeout=None, proxies=None, verify=False,                     debug=0 </msg>
<status status="PASS" starttime="20200402 09:16:29.137" endtime="20200402 09:16:29.137"></status>
</kw>
<kw name="Convert To Integer" library="BuiltIn">
<doc>Converts the given item to an integer number.</doc>
<arguments>
<arg>${typeOfID}</arg>
</arguments>
<assign>
<var>${typeID}</var>
</assign>
<msg timestamp="20200402 09:16:29.138" level="INFO">${typeID} = 3</msg>
<status status="PASS" starttime="20200402 09:16:29.138" endtime="20200402 09:16:29.138"></status>
</kw>
<kw name="Convert To Integer" library="BuiltIn">
<doc>Converts the given item to an integer number.</doc>
<arguments>
<arg>${kycRequest}</arg>
</arguments>
<assign>
<var>${KeyReq}</var>
</assign>
<msg timestamp="20200402 09:16:29.138" level="INFO">${KeyReq} = 0</msg>
<status status="PASS" starttime="20200402 09:16:29.138" endtime="20200402 09:16:29.138"></status>
</kw>
<kw name="Create Dictionary" library="BuiltIn">
<doc>Creates and returns a dictionary based on the given ``items``.</doc>
<arguments>
<arg>homeAddress1=@{Address}[0]</arg>
<arg>homeAddress2=@{Address}[1]</arg>
<arg>countryId=@{Address}[2]</arg>
<arg>stateId=@{Address}[3]</arg>
<arg>state=@{Address}[4]</arg>
<arg>postalCode=@{Address}[5]</arg>
<arg>addressDefine1=@{Address}[6]</arg>
<arg>addressDefine2=@{Address}[7]</arg>
<arg>addressDefine3=@{Address}[8]</arg>
<arg>addressDefine4=@{Address}[9]</arg>
</arguments>
<assign>
<var>${UserAddress}</var>
</assign>
<msg timestamp="20200402 09:16:29.140" level="INFO">${UserAddress} = {'homeAddress1': 'homeaddr1', 'homeAddress2': 'homeaddr2', 'countryId': '764', 'stateId': '001', 'state': 'Bangkok', 'postalCode': '10100', 'addressDefine1': 'addrdef1', 'addressDefine2': 'addrdef2', ...</msg>
<status status="PASS" starttime="20200402 09:16:29.139" endtime="20200402 09:16:29.140"></status>
</kw>
<kw name="Create Dictionary" library="BuiltIn">
<doc>Creates and returns a dictionary based on the given ``items``.</doc>
<arguments>
<arg>mailAddress1=@{MailingAddress}[0]</arg>
<arg>mailAddress2=@{MailingAddress}[1]</arg>
<arg>countryId=@{Address}[2]</arg>
<arg>stateId=@{MailingAddress}[2]</arg>
<arg>state=@{Address}[4]</arg>
<arg>postalCode=@{MailingAddress}[3]</arg>
<arg>addressDefine1=@{Address}[6]</arg>
<arg>addressDefine2=@{Address}[7]</arg>
<arg>addressDefine3=@{Address}[8]</arg>
<arg>addressDefine4=@{Address}[9]</arg>
</arguments>
<assign>
<var>${MailAddress}</var>
</assign>
<msg timestamp="20200402 09:16:29.141" level="INFO">${MailAddress} = {'mailAddress1': 'mailaddr1', 'mailAddress2': 'mailaddr2', 'countryId': '764', 'stateId': '002', 'state': 'Bangkok', 'postalCode': '11100', 'addressDefine1': 'addrdef1', 'addressDefine2': 'addrdef2', ...</msg>
<status status="PASS" starttime="20200402 09:16:29.140" endtime="20200402 09:16:29.141"></status>
</kw>
<kw name="Create Dictionary" library="BuiltIn">
<doc>Creates and returns a dictionary based on the given ``items``.</doc>
<arguments>
<arg>escrowCompanyId=${escrowCompanyID}</arg>
<arg>idNumber=${idNumber}</arg>
<arg>typeOfId=${typeID}</arg>
<arg>mobileCountryCode=${MobCountryCode}</arg>
<arg>mobileNo=${MobNo}</arg>
<arg>email=${emailid}</arg>
<arg>gender=${gender}</arg>
<arg>titleEn=${EnTitle}</arg>
<arg>firstNameEn=${EnFirstName}</arg>
<arg>lastNameEn=${EnLastName}</arg>
<arg>titleLocal=${LocalTitle}</arg>
<arg>firstNameLocal=${LocalFistName}</arg>
<arg>lastNameLocal=${LocalLastName}</arg>
<arg>dateOfBirth=${dob}</arg>
<arg>nationalityId=${Nationality}</arg>
<arg>otherVerification=${Verification}</arg>
<arg>workPlace=${WorkPlace}</arg>
<arg>userDefine1=${UserDef1}</arg>
<arg>userDefine2=${UserDef2}</arg>
<arg>userDefine3=${UserDef3}</arg>
<arg>userDefine4=${UserDef4}</arg>
<arg>userDefine5=${UserDef5}</arg>
<arg>kycRequest=${KeyReq}</arg>
<arg>address=${UserAddress}</arg>
<arg>mailingAddress=${MailAddress}</arg>
</arguments>
<assign>
<var>${body}</var>
</assign>
<msg timestamp="20200402 09:16:29.144" level="INFO">${body} = {'escrowCompanyId': '001', 'idNumber': '63478475463187', 'typeOfId': 3, 'mobileCountryCode': '67', 'mobileNo': '0556435585', 'email': 'pavan34513@2c2p.com', 'gender': 'M', 'titleEn': 'MR.', 'firstName...</msg>
<status status="PASS" starttime="20200402 09:16:29.141" endtime="20200402 09:16:29.144"></status>
</kw>
<kw name="Log To Console" library="BuiltIn">
<doc>Logs the given message to the console.</doc>
<arguments>
<arg>${body}</arg>
</arguments>
<status status="PASS" starttime="20200402 09:16:29.144" endtime="20200402 09:16:29.145"></status>
</kw>
<kw name="Set Variable" library="BuiltIn">
<doc>Returns the given values which can then be assigned to a variables.</doc>
<arguments>
<arg>bearer ${Token}</arg>
</arguments>
<assign>
<var>${AuthToken}</var>
</assign>
<msg timestamp="20200402 09:16:29.145" level="INFO">${AuthToken} = bearer eyJhbGciOiJIUzI1NiIsInR5cCI6IkpXVCJ9.eyJodHRwOi8vc2NoZW1hcy5taWNyb3NvZnQuY29tL3dzLzIwMDgvMDYvaWRlbnRpdHkvY2xhaW1zL3VzZXJkYXRhIjoiOTE1b2srbFFFM2Ird3ZBU1hsdE9QMFBQUTZNUVFMbVd5VVdqemZFS0JOb0RZZEtL...</msg>
<status status="PASS" starttime="20200402 09:16:29.145" endtime="20200402 09:16:29.145"></status>
</kw>
<kw name="Create Dictionary" library="BuiltIn">
<doc>Creates and returns a dictionary based on the given ``items``.</doc>
<arguments>
<arg>Content-Type=application/json</arg>
<arg>Authorization=${AuthToken}</arg>
</arguments>
<assign>
<var>${header}</var>
</assign>
<msg timestamp="20200402 09:16:29.146" level="INFO">${header} = {'Content-Type': 'application/json', 'Authorization': 'bearer eyJhbGciOiJIUzI1NiIsInR5cCI6IkpXVCJ9.eyJodHRwOi8vc2NoZW1hcy5taWNyb3NvZnQuY29tL3dzLzIwMDgvMDYvaWRlbnRpdHkvY2xhaW1zL3VzZXJkYXRhIjoiOTE1b2srb...</msg>
<status status="PASS" starttime="20200402 09:16:29.146" endtime="20200402 09:16:29.146"></status>
</kw>
<kw name="Post Request" library="RequestsLibrary">
<doc>Send a POST request on the session object found using the
given `alias`</doc>
<arguments>
<arg>RegisterNewSeller</arg>
<arg>/seller/register</arg>
<arg>data=${body}</arg>
<arg>headers=${header}</arg>
</arguments>
<assign>
<var>${response}</var>
</assign>
<msg timestamp="20200402 09:16:29.147" level="INFO">POST Request using : uri=/seller/register, params=None, files=None, allow_redirects=True, timeout=None
headers={'User-Agent': 'python-requests/2.23.0', 'Accept-Encoding': 'gzip, deflate', 'Accept': '*/*', 'Connection': 'keep-alive', 'Content-Type': 'application/json', 'Authorization': 'bearer eyJhbGciOiJIUzI1NiIsInR5cCI6IkpXVCJ9.eyJodHRwOi8vc2NoZW1hcy5taWNyb3NvZnQuY29tL3dzLzIwMDgvMDYvaWRlbnRpdHkvY2xhaW1zL3VzZXJkYXRhIjoiOTE1b2srbFFFM2Ird3ZBU1hsdE9QMFBQUTZNUVFMbVd5VVdqemZFS0JOb0RZZEtLTTB5ZElZeklIbW51TTdrWjMvdU8xWHdROXdTNmNPdnBvZ2NUelFBMytXd3VYNHNZeGFsemU1QVd4bFE9IiwibmJmIjoxNTg1Nzk5MTg3LCJleHAiOjE1ODU3OTkyNDcsImlhdCI6MTU4NTc5OTE4NywiaXNzIjoiZXNjcm93LWNvcmUtYXBpIiwiYXVkIjoiZXNjcm93LWNvcmUtY2xpZW50In0.UP8AzZEPmR3eMD--dYuI_s-oX_ZHVmb6-VnVDDBvWAw'} 
data={"escrowCompanyId": "001", "idNumber": "63478475463187", "typeOfId": 3, "mobileCountryCode": "67", "mobileNo": "0556435585", "email": "pavan34513@2c2p.com", "gender": "M", "titleEn": "MR.", "firstNameEn": "Pavan", "lastNameEn": "Powar", "titleLocal": "\u0e19\u0e32\u0e22", "firstNameLocal": "\u0e2a\u0e21\u0e0a\u0e32\u0e22", "lastNameLocal": "\u0e02\u0e32\u0e22\u0e14\u0e35", "dateOfBirth": "20/02/1991", "nationalityId": "764", "otherVerification": "SM0928716357", "workPlace": "pavantest", "userDefine1": "UserDef1", "userDefine2": "UserDef2", "userDefine3": "UserDef3", "userDefine4": "UserDef4", "userDefine5": "UserDef5", "kycRequest": 0, "address": {"homeAddress1": "homeaddr1", "homeAddress2": "homeaddr2", "countryId": "764", "stateId": "001", "state": "Bangkok", "postalCode": "10100", "addressDefine1": "addrdef1", "addressDefine2": "addrdef2", "addressDefine3": "addrdef3", "addressDefine4": "addrdef4"}, "mailingAddress": {"mailAddress1": "mailaddr1", "mailAddress2": "mailaddr2", "countryId": "764", "stateId": "002", "state": "Bangkok", "postalCode": "11100", "addressDefine1": "addrdef1", "addressDefine2": "addrdef2", "addressDefine3": "addrdef3", "addressDefine4": "addrdef4"}} 
json=None</msg>
<msg timestamp="20200402 09:16:29.414" level="INFO">${response} = &lt;Response [200]&gt;</msg>
<status status="PASS" starttime="20200402 09:16:29.146" endtime="20200402 09:16:29.414"></status>
</kw>
<kw name="Should Be Equal As Strings" library="BuiltIn">
<doc>Fails if objects are unequal after converting them to strings.</doc>
<arguments>
<arg>${response.status_code}</arg>
<arg>200</arg>
</arguments>
<msg timestamp="20200402 09:16:29.414" level="INFO">Argument types are:
&lt;class 'int'&gt;
&lt;type 'unicode'&gt;</msg>
<status status="PASS" starttime="20200402 09:16:29.414" endtime="20200402 09:16:29.415"></status>
</kw>
<kw name="Should Be Equal As Strings" library="BuiltIn">
<doc>Fails if objects are unequal after converting them to strings.</doc>
<arguments>
<arg>${response.json()['responseCode']}</arg>
<arg>${ResponseCode}</arg>
</arguments>
<status status="PASS" starttime="20200402 09:16:29.415" endtime="20200402 09:16:29.415"></status>
</kw>
<kw name="Should Be Equal As Strings" library="BuiltIn">
<doc>Fails if objects are unequal after converting them to strings.</doc>
<arguments>
<arg>${response.json()['resDescription']}</arg>
<arg>${ResponseDescription}</arg>
</arguments>
<status status="PASS" starttime="20200402 09:16:29.415" endtime="20200402 09:16:29.416"></status>
</kw>
<msg timestamp="20200402 09:16:29.416" level="INFO">${sellerid} = fd86360c-15d9-4db7-bdcf-5f2a635eeec0</msg>
<status status="PASS" starttime="20200402 09:16:29.135" endtime="20200402 09:16:29.416"></status>
</kw>
<msg timestamp="20200402 09:16:29.416" level="INFO">${SellerId} = fd86360c-15d9-4db7-bdcf-5f2a635eeec0</msg>
<msg timestamp="20200402 09:16:29.417" level="INFO">${IdNumber} = 63478475463187</msg>
<status status="PASS" starttime="20200402 09:16:28.633" endtime="20200402 09:16:29.417"></status>
</kw>
<kw name="GetSellerDetails" library="GetSellerDetails_API">
<arguments>
<arg>${TokenEscrow}</arg>
<arg>@{escrowCompId}</arg>
<arg>${SellerId}</arg>
<arg>000</arg>
<arg>Success</arg>
</arguments>
<kw name="Create Session" library="RequestsLibrary">
<doc>Create Session: create a HTTP session to a server</doc>
<arguments>
<arg>GetUpdateSeller</arg>
<arg>http://172.31.2.28/escrow_core/api/v1</arg>
</arguments>
<msg timestamp="20200402 09:16:29.419" level="INFO">Creating Session using : alias=GetUpdateSeller, url=http://172.31.2.28/escrow_core/api/v1, headers={},                     cookies={}, auth=None, timeout=None, proxies=None, verify=False,                     debug=0 </msg>
<status status="PASS" starttime="20200402 09:16:29.418" endtime="20200402 09:16:29.419"></status>
</kw>
<kw name="Create Dictionary" library="BuiltIn">
<doc>Creates and returns a dictionary based on the given ``items``.</doc>
<arguments>
<arg>escrowCompanyId=${escrowCompanyID}</arg>
<arg>sellerID=${SELLERId}</arg>
</arguments>
<assign>
<var>${body}</var>
</assign>
<msg timestamp="20200402 09:16:29.420" level="INFO">${body} = {'escrowCompanyId': '001', 'sellerID': 'fd86360c-15d9-4db7-bdcf-5f2a635eeec0'}</msg>
<status status="PASS" starttime="20200402 09:16:29.419" endtime="20200402 09:16:29.420"></status>
</kw>
<kw name="Set Variable" library="BuiltIn">
<doc>Returns the given values which can then be assigned to a variables.</doc>
<arguments>
<arg>bearer ${Token}</arg>
</arguments>
<assign>
<var>${AuthToken}</var>
</assign>
<msg timestamp="20200402 09:16:29.421" level="INFO">${AuthToken} = bearer eyJhbGciOiJIUzI1NiIsInR5cCI6IkpXVCJ9.eyJodHRwOi8vc2NoZW1hcy5taWNyb3NvZnQuY29tL3dzLzIwMDgvMDYvaWRlbnRpdHkvY2xhaW1zL3VzZXJkYXRhIjoiOTE1b2srbFFFM2Ird3ZBU1hsdE9Qd1MxQzhQTXpCTHlDaWdhbnNDdW5KVjVyMHUz...</msg>
<status status="PASS" starttime="20200402 09:16:29.420" endtime="20200402 09:16:29.421"></status>
</kw>
<kw name="Create Dictionary" library="BuiltIn">
<doc>Creates and returns a dictionary based on the given ``items``.</doc>
<arguments>
<arg>Content-Type=application/json</arg>
<arg>Authorization=${AuthToken}</arg>
</arguments>
<assign>
<var>${header}</var>
</assign>
<msg timestamp="20200402 09:16:29.421" level="INFO">${header} = {'Content-Type': 'application/json', 'Authorization': 'bearer eyJhbGciOiJIUzI1NiIsInR5cCI6IkpXVCJ9.eyJodHRwOi8vc2NoZW1hcy5taWNyb3NvZnQuY29tL3dzLzIwMDgvMDYvaWRlbnRpdHkvY2xhaW1zL3VzZXJkYXRhIjoiOTE1b2srb...</msg>
<status status="PASS" starttime="20200402 09:16:29.421" endtime="20200402 09:16:29.421"></status>
</kw>
<kw name="Post Request" library="RequestsLibrary">
<doc>Send a POST request on the session object found using the
given `alias`</doc>
<arguments>
<arg>GetUpdateSeller</arg>
<arg>/seller/detail</arg>
<arg>data=${body}</arg>
<arg>headers=${header}</arg>
</arguments>
<assign>
<var>${response}</var>
</assign>
<msg timestamp="20200402 09:16:29.422" level="INFO">POST Request using : uri=/seller/detail, params=None, files=None, allow_redirects=True, timeout=None
headers={'User-Agent': 'python-requests/2.23.0', 'Accept-Encoding': 'gzip, deflate', 'Accept': '*/*', 'Connection': 'keep-alive', 'Content-Type': 'application/json', 'Authorization': 'bearer eyJhbGciOiJIUzI1NiIsInR5cCI6IkpXVCJ9.eyJodHRwOi8vc2NoZW1hcy5taWNyb3NvZnQuY29tL3dzLzIwMDgvMDYvaWRlbnRpdHkvY2xhaW1zL3VzZXJkYXRhIjoiOTE1b2srbFFFM2Ird3ZBU1hsdE9Qd1MxQzhQTXpCTHlDaWdhbnNDdW5KVjVyMHUzMFNNV1NlVDlHek5XQVh2ZllxSWZkblEzUEJSbG8zaWZBeEFWZlFReUF2QnFLNi8yaWp2YUg5cFNqOHc9IiwibmJmIjoxNTg1Nzk5MTg2LCJleHAiOjE1ODU3OTkyNDYsImlhdCI6MTU4NTc5OTE4NiwiaXNzIjoiZXNjcm93LWNvcmUtYXBpIiwiYXVkIjoiZXNjcm93LWNvcmUtY2xpZW50In0.QWGbl--ovgtKgP0Vw3bMn2AYgmiOJ1t5A4_2iF1gxAA'} 
data={"escrowCompanyId": "001", "sellerID": "fd86360c-15d9-4db7-bdcf-5f2a635eeec0"} 
json=None</msg>
<msg timestamp="20200402 09:16:29.890" level="INFO">${response} = &lt;Response [200]&gt;</msg>
<status status="PASS" starttime="20200402 09:16:29.422" endtime="20200402 09:16:29.890"></status>
</kw>
<kw name="Should Be Equal As Strings" library="BuiltIn">
<doc>Fails if objects are unequal after converting them to strings.</doc>
<arguments>
<arg>${response.status_code}</arg>
<arg>200</arg>
</arguments>
<msg timestamp="20200402 09:16:29.891" level="INFO">Argument types are:
&lt;class 'int'&gt;
&lt;type 'unicode'&gt;</msg>
<status status="PASS" starttime="20200402 09:16:29.890" endtime="20200402 09:16:29.891"></status>
</kw>
<kw name="Should Be Equal As Strings" library="BuiltIn">
<doc>Fails if objects are unequal after converting them to strings.</doc>
<arguments>
<arg>${response.json()['responseCode']}</arg>
<arg>${ResponseCode}</arg>
</arguments>
<status status="PASS" starttime="20200402 09:16:29.891" endtime="20200402 09:16:29.892"></status>
</kw>
<kw name="Should Be Equal As Strings" library="BuiltIn">
<doc>Fails if objects are unequal after converting them to strings.</doc>
<arguments>
<arg>${response.json()['resDescription']}</arg>
<arg>${ResponseDescription}</arg>
</arguments>
<status status="PASS" starttime="20200402 09:16:29.892" endtime="20200402 09:16:29.892"></status>
</kw>
<status status="PASS" starttime="20200402 09:16:29.417" endtime="20200402 09:16:29.892"></status>
</kw>
<doc>Valid: To Verify request parameter of get Seller detail API</doc>
<tags>
<tag>000</tag>
</tags>
<status status="PASS" starttime="20200402 09:16:28.127" endtime="20200402 09:16:29.893" critical="yes"></status>
</test>
<test id="s1-t2" name="TC_07 GetSellerDetails To Verify Response">
<kw name="GetToken Escrow" library="Get Token">
<assign>
<var>${TokenEscrow}</var>
</assign>
<kw name="Create Session" library="RequestsLibrary">
<doc>Create Session: create a HTTP session to a server</doc>
<arguments>
<arg>Session</arg>
<arg>${URLEscrowAuthUAT}</arg>
</arguments>
<msg timestamp="20200402 09:16:29.897" level="INFO">Creating Session using : alias=Session, url=http://172.31.2.28/escrow_core/api/v1/Authentication/oauth2, headers={},                     cookies={}, auth=None, timeout=None, proxies=None, verify=False,                     debug=0 </msg>
<status status="PASS" starttime="20200402 09:16:29.896" endtime="20200402 09:16:29.898"></status>
</kw>
<kw name="Create Dictionary" library="BuiltIn">
<doc>Creates and returns a dictionary based on the given ``items``.</doc>
<arguments>
<arg>Content-Type=application/x-www-form-urlencoded</arg>
</arguments>
<assign>
<var>${header}</var>
</assign>
<msg timestamp="20200402 09:16:29.898" level="INFO">${header} = {'Content-Type': 'application/x-www-form-urlencoded'}</msg>
<status status="PASS" starttime="20200402 09:16:29.898" endtime="20200402 09:16:29.899"></status>
</kw>
<kw name="Set To Dictionary" library="Collections">
<doc>Adds the given ``key_value_pairs`` and ``items`` to the ``dictionary``.</doc>
<arguments>
<arg>${header}</arg>
<arg>Authorization</arg>
<arg>Basic ${Client_authKey}</arg>
</arguments>
<status status="PASS" starttime="20200402 09:16:29.899" endtime="20200402 09:16:29.899"></status>
</kw>
<kw name="Create Dictionary" library="BuiltIn">
<doc>Creates and returns a dictionary based on the given ``items``.</doc>
<arguments>
<arg>grant_type=client_credentials</arg>
</arguments>
<assign>
<var>${Body}</var>
</assign>
<msg timestamp="20200402 09:16:29.900" level="INFO">${Body} = {'grant_type': 'client_credentials'}</msg>
<status status="PASS" starttime="20200402 09:16:29.899" endtime="20200402 09:16:29.900"></status>
</kw>
<kw name="Post Request" library="RequestsLibrary">
<doc>Send a POST request on the session object found using the
given `alias`</doc>
<arguments>
<arg>Session</arg>
<arg>/token</arg>
<arg>data=${Body}</arg>
<arg>headers=${header}</arg>
</arguments>
<assign>
<var>${response}</var>
</assign>
<msg timestamp="20200402 09:16:29.900" level="INFO">POST Request using : uri=/token, params=None, files=None, allow_redirects=True, timeout=None
headers={'User-Agent': 'python-requests/2.23.0', 'Accept-Encoding': 'gzip, deflate', 'Accept': '*/*', 'Connection': 'keep-alive', 'Content-Type': 'application/x-www-form-urlencoded', 'Authorization': 'Basic MDAxOmthaWRlZVNlY3JldEtleVRlc3Q='} 
data=grant_type=client_credentials 
json=None</msg>
<msg timestamp="20200402 09:16:30.103" level="INFO">${response} = &lt;Response [200]&gt;</msg>
<status status="PASS" starttime="20200402 09:16:29.900" endtime="20200402 09:16:30.104"></status>
</kw>
<kw name="Should Be Equal As Strings" library="BuiltIn">
<doc>Fails if objects are unequal after converting them to strings.</doc>
<arguments>
<arg>${response.status_code}</arg>
<arg>200</arg>
</arguments>
<msg timestamp="20200402 09:16:30.104" level="INFO">Argument types are:
&lt;class 'int'&gt;
&lt;type 'unicode'&gt;</msg>
<status status="PASS" starttime="20200402 09:16:30.104" endtime="20200402 09:16:30.104"></status>
</kw>
<kw name="Log" library="BuiltIn">
<doc>Logs the given message with the given level.</doc>
<arguments>
<arg>${response.json()['accessToken']}</arg>
</arguments>
<msg timestamp="20200402 09:16:30.105" level="INFO">eyJhbGciOiJIUzI1NiIsInR5cCI6IkpXVCJ9.eyJodHRwOi8vc2NoZW1hcy5taWNyb3NvZnQuY29tL3dzLzIwMDgvMDYvaWRlbnRpdHkvY2xhaW1zL3VzZXJkYXRhIjoiOTE1b2srbFFFM2Ird3ZBU1hsdE9QMFYvTXdPc0tsNWhSdCs3cDZIVjdYNitGMk4wcjFNTlNrS0V6RGJTbDVWaGtodUxVbVBndmdXVzhmWGkyeGJWb1dzSXh5a2FEQ1BtYzJJZSsvRyszc009IiwibmJmIjoxNTg1Nzk5MTg4LCJleHAiOjE1ODU3OTkyNDgsImlhdCI6MTU4NTc5OTE4OCwiaXNzIjoiZXNjcm93LWNvcmUtYXBpIiwiYXVkIjoiZXNjcm93LWNvcmUtY2xpZW50In0.hihTFXJFzVaY1WxEvR5ZFbCj-Ce2FRid9rFzCLV21Xc</msg>
<status status="PASS" starttime="20200402 09:16:30.104" endtime="20200402 09:16:30.105"></status>
</kw>
<msg timestamp="20200402 09:16:30.105" level="INFO">${TokenEscrow} = eyJhbGciOiJIUzI1NiIsInR5cCI6IkpXVCJ9.eyJodHRwOi8vc2NoZW1hcy5taWNyb3NvZnQuY29tL3dzLzIwMDgvMDYvaWRlbnRpdHkvY2xhaW1zL3VzZXJkYXRhIjoiOTE1b2srbFFFM2Ird3ZBU1hsdE9QMFYvTXdPc0tsNWhSdCs3cDZIVjdYNitGMk4wcjFNTlN...</msg>
<status status="PASS" starttime="20200402 09:16:29.896" endtime="20200402 09:16:30.105"></status>
</kw>
<kw name="RegisterSellerID" library="Register_Global_Keywords">
<assign>
<var>${SellerId}</var>
<var>${IdNumber}</var>
</assign>
<kw name="GetToken Escrow" library="Get Token">
<assign>
<var>${TokenEscrow}</var>
</assign>
<kw name="Create Session" library="RequestsLibrary">
<doc>Create Session: create a HTTP session to a server</doc>
<arguments>
<arg>Session</arg>
<arg>${URLEscrowAuthUAT}</arg>
</arguments>
<msg timestamp="20200402 09:16:30.107" level="INFO">Creating Session using : alias=Session, url=http://172.31.2.28/escrow_core/api/v1/Authentication/oauth2, headers={},                     cookies={}, auth=None, timeout=None, proxies=None, verify=False,                     debug=0 </msg>
<status status="PASS" starttime="20200402 09:16:30.107" endtime="20200402 09:16:30.107"></status>
</kw>
<kw name="Create Dictionary" library="BuiltIn">
<doc>Creates and returns a dictionary based on the given ``items``.</doc>
<arguments>
<arg>Content-Type=application/x-www-form-urlencoded</arg>
</arguments>
<assign>
<var>${header}</var>
</assign>
<msg timestamp="20200402 09:16:30.108" level="INFO">${header} = {'Content-Type': 'application/x-www-form-urlencoded'}</msg>
<status status="PASS" starttime="20200402 09:16:30.107" endtime="20200402 09:16:30.108"></status>
</kw>
<kw name="Set To Dictionary" library="Collections">
<doc>Adds the given ``key_value_pairs`` and ``items`` to the ``dictionary``.</doc>
<arguments>
<arg>${header}</arg>
<arg>Authorization</arg>
<arg>Basic ${Client_authKey}</arg>
</arguments>
<status status="PASS" starttime="20200402 09:16:30.108" endtime="20200402 09:16:30.108"></status>
</kw>
<kw name="Create Dictionary" library="BuiltIn">
<doc>Creates and returns a dictionary based on the given ``items``.</doc>
<arguments>
<arg>grant_type=client_credentials</arg>
</arguments>
<assign>
<var>${Body}</var>
</assign>
<msg timestamp="20200402 09:16:30.109" level="INFO">${Body} = {'grant_type': 'client_credentials'}</msg>
<status status="PASS" starttime="20200402 09:16:30.109" endtime="20200402 09:16:30.109"></status>
</kw>
<kw name="Post Request" library="RequestsLibrary">
<doc>Send a POST request on the session object found using the
given `alias`</doc>
<arguments>
<arg>Session</arg>
<arg>/token</arg>
<arg>data=${Body}</arg>
<arg>headers=${header}</arg>
</arguments>
<assign>
<var>${response}</var>
</assign>
<msg timestamp="20200402 09:16:30.110" level="INFO">POST Request using : uri=/token, params=None, files=None, allow_redirects=True, timeout=None
headers={'User-Agent': 'python-requests/2.23.0', 'Accept-Encoding': 'gzip, deflate', 'Accept': '*/*', 'Connection': 'keep-alive', 'Content-Type': 'application/x-www-form-urlencoded', 'Authorization': 'Basic MDAxOmthaWRlZVNlY3JldEtleVRlc3Q='} 
data=grant_type=client_credentials 
json=None</msg>
<msg timestamp="20200402 09:16:30.588" level="INFO">${response} = &lt;Response [200]&gt;</msg>
<status status="PASS" starttime="20200402 09:16:30.109" endtime="20200402 09:16:30.588"></status>
</kw>
<kw name="Should Be Equal As Strings" library="BuiltIn">
<doc>Fails if objects are unequal after converting them to strings.</doc>
<arguments>
<arg>${response.status_code}</arg>
<arg>200</arg>
</arguments>
<msg timestamp="20200402 09:16:30.588" level="INFO">Argument types are:
&lt;class 'int'&gt;
&lt;type 'unicode'&gt;</msg>
<status status="PASS" starttime="20200402 09:16:30.588" endtime="20200402 09:16:30.589"></status>
</kw>
<kw name="Log" library="BuiltIn">
<doc>Logs the given message with the given level.</doc>
<arguments>
<arg>${response.json()['accessToken']}</arg>
</arguments>
<msg timestamp="20200402 09:16:30.589" level="INFO">eyJhbGciOiJIUzI1NiIsInR5cCI6IkpXVCJ9.eyJodHRwOi8vc2NoZW1hcy5taWNyb3NvZnQuY29tL3dzLzIwMDgvMDYvaWRlbnRpdHkvY2xhaW1zL3VzZXJkYXRhIjoiOTE1b2srbFFFM2Ird3ZBU1hsdE9QeXFubmNUcEpGS213SHhIR1U0UGlIOVJrVW92RlV6TTVtSTh6TlgrVEpJTlpSdjVkaXNndE9aU3dOWk1JMUNmT04vL3JsZVFzRTBkOTJlWFo5V0c4VTg9IiwibmJmIjoxNTg1Nzk5MTg4LCJleHAiOjE1ODU3OTkyNDgsImlhdCI6MTU4NTc5OTE4OCwiaXNzIjoiZXNjcm93LWNvcmUtYXBpIiwiYXVkIjoiZXNjcm93LWNvcmUtY2xpZW50In0.wljk6fCxKSPSXgXTTMD60r5A3NADUDbA4uxrpRYgjzM</msg>
<status status="PASS" starttime="20200402 09:16:30.589" endtime="20200402 09:16:30.589"></status>
</kw>
<msg timestamp="20200402 09:16:30.590" level="INFO">${TokenEscrow} = eyJhbGciOiJIUzI1NiIsInR5cCI6IkpXVCJ9.eyJodHRwOi8vc2NoZW1hcy5taWNyb3NvZnQuY29tL3dzLzIwMDgvMDYvaWRlbnRpdHkvY2xhaW1zL3VzZXJkYXRhIjoiOTE1b2srbFFFM2Ird3ZBU1hsdE9QeXFubmNUcEpGS213SHhIR1U0UGlIOVJrVW92RlV6TTV...</msg>
<status status="PASS" starttime="20200402 09:16:30.106" endtime="20200402 09:16:30.590"></status>
</kw>
<kw name="Randome_IDNumber" library="Register_Global_Keywords">
<assign>
<var>${idNum}</var>
</assign>
<kw name="Generate Random String" library="String">
<doc>Generates a string with a desired ``length`` from the given ``chars``.</doc>
<arguments>
<arg>14</arg>
<arg>[NUMBERS]</arg>
</arguments>
<assign>
<var>${Id}</var>
</assign>
<msg timestamp="20200402 09:16:30.591" level="INFO">${Id} = 01043087888338</msg>
<status status="PASS" starttime="20200402 09:16:30.590" endtime="20200402 09:16:30.591"></status>
</kw>
<kw name="Set Global Variable" library="BuiltIn">
<doc>Makes a variable available globally in all tests and suites.</doc>
<arguments>
<arg>${IdNumber}</arg>
<arg>${Id}</arg>
</arguments>
<msg timestamp="20200402 09:16:30.591" level="INFO">${IdNumber} = 01043087888338</msg>
<status status="PASS" starttime="20200402 09:16:30.591" endtime="20200402 09:16:30.591"></status>
</kw>
<msg timestamp="20200402 09:16:30.592" level="INFO">${idNum} = 01043087888338</msg>
<status status="PASS" starttime="20200402 09:16:30.590" endtime="20200402 09:16:30.592"></status>
</kw>
<kw name="Randome_MobileNumber" library="Register_Global_Keywords">
<assign>
<var>${MobNo}</var>
</assign>
<kw name="Generate Random String" library="String">
<doc>Generates a string with a desired ``length`` from the given ``chars``.</doc>
<arguments>
<arg>10</arg>
<arg>[NUMBERS]</arg>
</arguments>
<assign>
<var>${mobile}</var>
</assign>
<msg timestamp="20200402 09:16:30.592" level="INFO">${mobile} = 2274334535</msg>
<status status="PASS" starttime="20200402 09:16:30.592" endtime="20200402 09:16:30.593"></status>
</kw>
<kw name="Set Global Variable" library="BuiltIn">
<doc>Makes a variable available globally in all tests and suites.</doc>
<arguments>
<arg>${mobileNo}</arg>
<arg>${mobile}</arg>
</arguments>
<msg timestamp="20200402 09:16:30.593" level="INFO">${mobileNo} = 2274334535</msg>
<status status="PASS" starttime="20200402 09:16:30.593" endtime="20200402 09:16:30.593"></status>
</kw>
<msg timestamp="20200402 09:16:30.593" level="INFO">${MobNo} = 2274334535</msg>
<status status="PASS" starttime="20200402 09:16:30.592" endtime="20200402 09:16:30.593"></status>
</kw>
<kw name="Randome_EmailId" library="Register_Global_Keywords">
<assign>
<var>${emailid}</var>
</assign>
<kw name="Randome_Number" library="Register_Global_Keywords">
<assign>
<var>${num}</var>
</assign>
<kw name="Generate Random String" library="String">
<doc>Generates a string with a desired ``length`` from the given ``chars``.</doc>
<arguments>
<arg>5</arg>
<arg>[NUMBERS]</arg>
</arguments>
<assign>
<var>${Emailnum}</var>
</assign>
<msg timestamp="20200402 09:16:30.595" level="INFO">${Emailnum} = 97369</msg>
<status status="PASS" starttime="20200402 09:16:30.594" endtime="20200402 09:16:30.595"></status>
</kw>
<kw name="Set Global Variable" library="BuiltIn">
<doc>Makes a variable available globally in all tests and suites.</doc>
<arguments>
<arg>${enum}</arg>
<arg>${Emailnum}</arg>
</arguments>
<msg timestamp="20200402 09:16:30.595" level="INFO">${enum} = 97369</msg>
<status status="PASS" starttime="20200402 09:16:30.595" endtime="20200402 09:16:30.595"></status>
</kw>
<msg timestamp="20200402 09:16:30.596" level="INFO">${num} = 97369</msg>
<status status="PASS" starttime="20200402 09:16:30.594" endtime="20200402 09:16:30.596"></status>
</kw>
<kw name="Set Variable" library="BuiltIn">
<doc>Returns the given values which can then be assigned to a variables.</doc>
<arguments>
<arg>pavan${num}@2c2p.com</arg>
</arguments>
<assign>
<var>${emailid}</var>
</assign>
<msg timestamp="20200402 09:16:30.596" level="INFO">${emailid} = pavan97369@2c2p.com</msg>
<status status="PASS" starttime="20200402 09:16:30.596" endtime="20200402 09:16:30.596"></status>
</kw>
<kw name="Set Global Variable" library="BuiltIn">
<doc>Makes a variable available globally in all tests and suites.</doc>
<arguments>
<arg>${email}</arg>
<arg>${emailid}</arg>
</arguments>
<msg timestamp="20200402 09:16:30.597" level="INFO">${email} = pavan97369@2c2p.com</msg>
<status status="PASS" starttime="20200402 09:16:30.596" endtime="20200402 09:16:30.597"></status>
</kw>
<msg timestamp="20200402 09:16:30.597" level="INFO">${emailid} = pavan97369@2c2p.com</msg>
<status status="PASS" starttime="20200402 09:16:30.594" endtime="20200402 09:16:30.597"></status>
</kw>
<kw name="RegisterSeller with valid Data" library="Register_Seller_API">
<arguments>
<arg>${TokenEscrow}</arg>
<arg>@{valid_mobile_country_code}[0]</arg>
<arg>${idNum}</arg>
<arg>${3}</arg>
<arg>@{valid_mobile_country_code}[1]</arg>
<arg>${MobNo}</arg>
<arg>${emailid}</arg>
<arg>M</arg>
<arg>@{RegisterSellerData}[0]</arg>
<arg>@{RegisterSellerData}[1]</arg>
<arg>@{RegisterSellerData}[2]</arg>
<arg>@{RegisterSellerData}[3]</arg>
<arg>@{RegisterSellerData}[4]</arg>
<arg>@{RegisterSellerData}[5]</arg>
<arg>@{RegisterSellerData}[6]</arg>
<arg>@{v_nationalityId}</arg>
<arg>@{RegisterSellerData}[7]</arg>
<arg>@{RegisterSellerData}[8]</arg>
<arg>@{RegisterSellerData}[9]</arg>
<arg>@{RegisterSellerData}[10]</arg>
<arg>@{RegisterSellerData}[11]</arg>
<arg>@{RegisterSellerData}[12]</arg>
<arg>@{RegisterSellerData}[13]</arg>
<arg>${0}</arg>
<arg>000</arg>
<arg>Success</arg>
</arguments>
<assign>
<var>${sellerid}</var>
</assign>
<kw name="Create Session" library="RequestsLibrary">
<doc>Create Session: create a HTTP session to a server</doc>
<arguments>
<arg>RegisterNewSeller</arg>
<arg>http://172.31.2.28/escrow_core/api/v1</arg>
</arguments>
<msg timestamp="20200402 09:16:30.599" level="INFO">Creating Session using : alias=RegisterNewSeller, url=http://172.31.2.28/escrow_core/api/v1, headers={},                     cookies={}, auth=None, timeout=None, proxies=None, verify=False,                     debug=0 </msg>
<status status="PASS" starttime="20200402 09:16:30.599" endtime="20200402 09:16:30.600"></status>
</kw>
<kw name="Convert To Integer" library="BuiltIn">
<doc>Converts the given item to an integer number.</doc>
<arguments>
<arg>${typeOfID}</arg>
</arguments>
<assign>
<var>${typeID}</var>
</assign>
<msg timestamp="20200402 09:16:30.600" level="INFO">${typeID} = 3</msg>
<status status="PASS" starttime="20200402 09:16:30.600" endtime="20200402 09:16:30.600"></status>
</kw>
<kw name="Convert To Integer" library="BuiltIn">
<doc>Converts the given item to an integer number.</doc>
<arguments>
<arg>${kycRequest}</arg>
</arguments>
<assign>
<var>${KeyReq}</var>
</assign>
<msg timestamp="20200402 09:16:30.601" level="INFO">${KeyReq} = 0</msg>
<status status="PASS" starttime="20200402 09:16:30.600" endtime="20200402 09:16:30.601"></status>
</kw>
<kw name="Create Dictionary" library="BuiltIn">
<doc>Creates and returns a dictionary based on the given ``items``.</doc>
<arguments>
<arg>homeAddress1=@{Address}[0]</arg>
<arg>homeAddress2=@{Address}[1]</arg>
<arg>countryId=@{Address}[2]</arg>
<arg>stateId=@{Address}[3]</arg>
<arg>state=@{Address}[4]</arg>
<arg>postalCode=@{Address}[5]</arg>
<arg>addressDefine1=@{Address}[6]</arg>
<arg>addressDefine2=@{Address}[7]</arg>
<arg>addressDefine3=@{Address}[8]</arg>
<arg>addressDefine4=@{Address}[9]</arg>
</arguments>
<assign>
<var>${UserAddress}</var>
</assign>
<msg timestamp="20200402 09:16:30.602" level="INFO">${UserAddress} = {'homeAddress1': 'homeaddr1', 'homeAddress2': 'homeaddr2', 'countryId': '764', 'stateId': '001', 'state': 'Bangkok', 'postalCode': '10100', 'addressDefine1': 'addrdef1', 'addressDefine2': 'addrdef2', ...</msg>
<status status="PASS" starttime="20200402 09:16:30.601" endtime="20200402 09:16:30.602"></status>
</kw>
<kw name="Create Dictionary" library="BuiltIn">
<doc>Creates and returns a dictionary based on the given ``items``.</doc>
<arguments>
<arg>mailAddress1=@{MailingAddress}[0]</arg>
<arg>mailAddress2=@{MailingAddress}[1]</arg>
<arg>countryId=@{Address}[2]</arg>
<arg>stateId=@{MailingAddress}[2]</arg>
<arg>state=@{Address}[4]</arg>
<arg>postalCode=@{MailingAddress}[3]</arg>
<arg>addressDefine1=@{Address}[6]</arg>
<arg>addressDefine2=@{Address}[7]</arg>
<arg>addressDefine3=@{Address}[8]</arg>
<arg>addressDefine4=@{Address}[9]</arg>
</arguments>
<assign>
<var>${MailAddress}</var>
</assign>
<msg timestamp="20200402 09:16:30.604" level="INFO">${MailAddress} = {'mailAddress1': 'mailaddr1', 'mailAddress2': 'mailaddr2', 'countryId': '764', 'stateId': '002', 'state': 'Bangkok', 'postalCode': '11100', 'addressDefine1': 'addrdef1', 'addressDefine2': 'addrdef2', ...</msg>
<status status="PASS" starttime="20200402 09:16:30.603" endtime="20200402 09:16:30.604"></status>
</kw>
<kw name="Create Dictionary" library="BuiltIn">
<doc>Creates and returns a dictionary based on the given ``items``.</doc>
<arguments>
<arg>escrowCompanyId=${escrowCompanyID}</arg>
<arg>idNumber=${idNumber}</arg>
<arg>typeOfId=${typeID}</arg>
<arg>mobileCountryCode=${MobCountryCode}</arg>
<arg>mobileNo=${MobNo}</arg>
<arg>email=${emailid}</arg>
<arg>gender=${gender}</arg>
<arg>titleEn=${EnTitle}</arg>
<arg>firstNameEn=${EnFirstName}</arg>
<arg>lastNameEn=${EnLastName}</arg>
<arg>titleLocal=${LocalTitle}</arg>
<arg>firstNameLocal=${LocalFistName}</arg>
<arg>lastNameLocal=${LocalLastName}</arg>
<arg>dateOfBirth=${dob}</arg>
<arg>nationalityId=${Nationality}</arg>
<arg>otherVerification=${Verification}</arg>
<arg>workPlace=${WorkPlace}</arg>
<arg>userDefine1=${UserDef1}</arg>
<arg>userDefine2=${UserDef2}</arg>
<arg>userDefine3=${UserDef3}</arg>
<arg>userDefine4=${UserDef4}</arg>
<arg>userDefine5=${UserDef5}</arg>
<arg>kycRequest=${KeyReq}</arg>
<arg>address=${UserAddress}</arg>
<arg>mailingAddress=${MailAddress}</arg>
</arguments>
<assign>
<var>${body}</var>
</assign>
<msg timestamp="20200402 09:16:30.606" level="INFO">${body} = {'escrowCompanyId': '001', 'idNumber': '01043087888338', 'typeOfId': 3, 'mobileCountryCode': '67', 'mobileNo': '2274334535', 'email': 'pavan97369@2c2p.com', 'gender': 'M', 'titleEn': 'MR.', 'firstName...</msg>
<status status="PASS" starttime="20200402 09:16:30.604" endtime="20200402 09:16:30.606"></status>
</kw>
<kw name="Log To Console" library="BuiltIn">
<doc>Logs the given message to the console.</doc>
<arguments>
<arg>${body}</arg>
</arguments>
<status status="PASS" starttime="20200402 09:16:30.607" endtime="20200402 09:16:30.607"></status>
</kw>
<kw name="Set Variable" library="BuiltIn">
<doc>Returns the given values which can then be assigned to a variables.</doc>
<arguments>
<arg>bearer ${Token}</arg>
</arguments>
<assign>
<var>${AuthToken}</var>
</assign>
<msg timestamp="20200402 09:16:30.608" level="INFO">${AuthToken} = bearer eyJhbGciOiJIUzI1NiIsInR5cCI6IkpXVCJ9.eyJodHRwOi8vc2NoZW1hcy5taWNyb3NvZnQuY29tL3dzLzIwMDgvMDYvaWRlbnRpdHkvY2xhaW1zL3VzZXJkYXRhIjoiOTE1b2srbFFFM2Ird3ZBU1hsdE9QeXFubmNUcEpGS213SHhIR1U0UGlIOVJrVW92...</msg>
<status status="PASS" starttime="20200402 09:16:30.608" endtime="20200402 09:16:30.608"></status>
</kw>
<kw name="Create Dictionary" library="BuiltIn">
<doc>Creates and returns a dictionary based on the given ``items``.</doc>
<arguments>
<arg>Content-Type=application/json</arg>
<arg>Authorization=${AuthToken}</arg>
</arguments>
<assign>
<var>${header}</var>
</assign>
<msg timestamp="20200402 09:16:30.609" level="INFO">${header} = {'Content-Type': 'application/json', 'Authorization': 'bearer eyJhbGciOiJIUzI1NiIsInR5cCI6IkpXVCJ9.eyJodHRwOi8vc2NoZW1hcy5taWNyb3NvZnQuY29tL3dzLzIwMDgvMDYvaWRlbnRpdHkvY2xhaW1zL3VzZXJkYXRhIjoiOTE1b2srb...</msg>
<status status="PASS" starttime="20200402 09:16:30.608" endtime="20200402 09:16:30.609"></status>
</kw>
<kw name="Post Request" library="RequestsLibrary">
<doc>Send a POST request on the session object found using the
given `alias`</doc>
<arguments>
<arg>RegisterNewSeller</arg>
<arg>/seller/register</arg>
<arg>data=${body}</arg>
<arg>headers=${header}</arg>
</arguments>
<assign>
<var>${response}</var>
</assign>
<msg timestamp="20200402 09:16:30.609" level="INFO">POST Request using : uri=/seller/register, params=None, files=None, allow_redirects=True, timeout=None
headers={'User-Agent': 'python-requests/2.23.0', 'Accept-Encoding': 'gzip, deflate', 'Accept': '*/*', 'Connection': 'keep-alive', 'Content-Type': 'application/json', 'Authorization': 'bearer eyJhbGciOiJIUzI1NiIsInR5cCI6IkpXVCJ9.eyJodHRwOi8vc2NoZW1hcy5taWNyb3NvZnQuY29tL3dzLzIwMDgvMDYvaWRlbnRpdHkvY2xhaW1zL3VzZXJkYXRhIjoiOTE1b2srbFFFM2Ird3ZBU1hsdE9QeXFubmNUcEpGS213SHhIR1U0UGlIOVJrVW92RlV6TTVtSTh6TlgrVEpJTlpSdjVkaXNndE9aU3dOWk1JMUNmT04vL3JsZVFzRTBkOTJlWFo5V0c4VTg9IiwibmJmIjoxNTg1Nzk5MTg4LCJleHAiOjE1ODU3OTkyNDgsImlhdCI6MTU4NTc5OTE4OCwiaXNzIjoiZXNjcm93LWNvcmUtYXBpIiwiYXVkIjoiZXNjcm93LWNvcmUtY2xpZW50In0.wljk6fCxKSPSXgXTTMD60r5A3NADUDbA4uxrpRYgjzM'} 
data={"escrowCompanyId": "001", "idNumber": "01043087888338", "typeOfId": 3, "mobileCountryCode": "67", "mobileNo": "2274334535", "email": "pavan97369@2c2p.com", "gender": "M", "titleEn": "MR.", "firstNameEn": "Pavan", "lastNameEn": "Powar", "titleLocal": "\u0e19\u0e32\u0e22", "firstNameLocal": "\u0e2a\u0e21\u0e0a\u0e32\u0e22", "lastNameLocal": "\u0e02\u0e32\u0e22\u0e14\u0e35", "dateOfBirth": "20/02/1991", "nationalityId": "764", "otherVerification": "SM0928716357", "workPlace": "pavantest", "userDefine1": "UserDef1", "userDefine2": "UserDef2", "userDefine3": "UserDef3", "userDefine4": "UserDef4", "userDefine5": "UserDef5", "kycRequest": 0, "address": {"homeAddress1": "homeaddr1", "homeAddress2": "homeaddr2", "countryId": "764", "stateId": "001", "state": "Bangkok", "postalCode": "10100", "addressDefine1": "addrdef1", "addressDefine2": "addrdef2", "addressDefine3": "addrdef3", "addressDefine4": "addrdef4"}, "mailingAddress": {"mailAddress1": "mailaddr1", "mailAddress2": "mailaddr2", "countryId": "764", "stateId": "002", "state": "Bangkok", "postalCode": "11100", "addressDefine1": "addrdef1", "addressDefine2": "addrdef2", "addressDefine3": "addrdef3", "addressDefine4": "addrdef4"}} 
json=None</msg>
<msg timestamp="20200402 09:16:30.837" level="INFO">${response} = &lt;Response [200]&gt;</msg>
<status status="PASS" starttime="20200402 09:16:30.609" endtime="20200402 09:16:30.837"></status>
</kw>
<kw name="Should Be Equal As Strings" library="BuiltIn">
<doc>Fails if objects are unequal after converting them to strings.</doc>
<arguments>
<arg>${response.status_code}</arg>
<arg>200</arg>
</arguments>
<msg timestamp="20200402 09:16:30.837" level="INFO">Argument types are:
&lt;class 'int'&gt;
&lt;type 'unicode'&gt;</msg>
<status status="PASS" starttime="20200402 09:16:30.837" endtime="20200402 09:16:30.838"></status>
</kw>
<kw name="Should Be Equal As Strings" library="BuiltIn">
<doc>Fails if objects are unequal after converting them to strings.</doc>
<arguments>
<arg>${response.json()['responseCode']}</arg>
<arg>${ResponseCode}</arg>
</arguments>
<status status="PASS" starttime="20200402 09:16:30.838" endtime="20200402 09:16:30.838"></status>
</kw>
<kw name="Should Be Equal As Strings" library="BuiltIn">
<doc>Fails if objects are unequal after converting them to strings.</doc>
<arguments>
<arg>${response.json()['resDescription']}</arg>
<arg>${ResponseDescription}</arg>
</arguments>
<status status="PASS" starttime="20200402 09:16:30.838" endtime="20200402 09:16:30.839"></status>
</kw>
<msg timestamp="20200402 09:16:30.839" level="INFO">${sellerid} = e5e0f6b7-a6f6-4e5c-9b66-375038505db5</msg>
<status status="PASS" starttime="20200402 09:16:30.597" endtime="20200402 09:16:30.839"></status>
</kw>
<msg timestamp="20200402 09:16:30.839" level="INFO">${SellerId} = e5e0f6b7-a6f6-4e5c-9b66-375038505db5</msg>
<msg timestamp="20200402 09:16:30.839" level="INFO">${IdNumber} = 01043087888338</msg>
<status status="PASS" starttime="20200402 09:16:30.106" endtime="20200402 09:16:30.840"></status>
</kw>
<kw name="GetSellerDetails" library="GetSellerDetails_API">
<arguments>
<arg>${TokenEscrow}</arg>
<arg>@{escrowCompId}</arg>
<arg>${SellerId}</arg>
<arg>000</arg>
<arg>Success</arg>
</arguments>
<kw name="Create Session" library="RequestsLibrary">
<doc>Create Session: create a HTTP session to a server</doc>
<arguments>
<arg>GetUpdateSeller</arg>
<arg>http://172.31.2.28/escrow_core/api/v1</arg>
</arguments>
<msg timestamp="20200402 09:16:30.841" level="INFO">Creating Session using : alias=GetUpdateSeller, url=http://172.31.2.28/escrow_core/api/v1, headers={},                     cookies={}, auth=None, timeout=None, proxies=None, verify=False,                     debug=0 </msg>
<status status="PASS" starttime="20200402 09:16:30.841" endtime="20200402 09:16:30.841"></status>
</kw>
<kw name="Create Dictionary" library="BuiltIn">
<doc>Creates and returns a dictionary based on the given ``items``.</doc>
<arguments>
<arg>escrowCompanyId=${escrowCompanyID}</arg>
<arg>sellerID=${SELLERId}</arg>
</arguments>
<assign>
<var>${body}</var>
</assign>
<msg timestamp="20200402 09:16:30.842" level="INFO">${body} = {'escrowCompanyId': '001', 'sellerID': 'e5e0f6b7-a6f6-4e5c-9b66-375038505db5'}</msg>
<status status="PASS" starttime="20200402 09:16:30.842" endtime="20200402 09:16:30.842"></status>
</kw>
<kw name="Set Variable" library="BuiltIn">
<doc>Returns the given values which can then be assigned to a variables.</doc>
<arguments>
<arg>bearer ${Token}</arg>
</arguments>
<assign>
<var>${AuthToken}</var>
</assign>
<msg timestamp="20200402 09:16:30.843" level="INFO">${AuthToken} = bearer eyJhbGciOiJIUzI1NiIsInR5cCI6IkpXVCJ9.eyJodHRwOi8vc2NoZW1hcy5taWNyb3NvZnQuY29tL3dzLzIwMDgvMDYvaWRlbnRpdHkvY2xhaW1zL3VzZXJkYXRhIjoiOTE1b2srbFFFM2Ird3ZBU1hsdE9QMFYvTXdPc0tsNWhSdCs3cDZIVjdYNitGMk4w...</msg>
<status status="PASS" starttime="20200402 09:16:30.842" endtime="20200402 09:16:30.843"></status>
</kw>
<kw name="Create Dictionary" library="BuiltIn">
<doc>Creates and returns a dictionary based on the given ``items``.</doc>
<arguments>
<arg>Content-Type=application/json</arg>
<arg>Authorization=${AuthToken}</arg>
</arguments>
<assign>
<var>${header}</var>
</assign>
<msg timestamp="20200402 09:16:30.843" level="INFO">${header} = {'Content-Type': 'application/json', 'Authorization': 'bearer eyJhbGciOiJIUzI1NiIsInR5cCI6IkpXVCJ9.eyJodHRwOi8vc2NoZW1hcy5taWNyb3NvZnQuY29tL3dzLzIwMDgvMDYvaWRlbnRpdHkvY2xhaW1zL3VzZXJkYXRhIjoiOTE1b2srb...</msg>
<status status="PASS" starttime="20200402 09:16:30.843" endtime="20200402 09:16:30.843"></status>
</kw>
<kw name="Post Request" library="RequestsLibrary">
<doc>Send a POST request on the session object found using the
given `alias`</doc>
<arguments>
<arg>GetUpdateSeller</arg>
<arg>/seller/detail</arg>
<arg>data=${body}</arg>
<arg>headers=${header}</arg>
</arguments>
<assign>
<var>${response}</var>
</assign>
<msg timestamp="20200402 09:16:30.844" level="INFO">POST Request using : uri=/seller/detail, params=None, files=None, allow_redirects=True, timeout=None
headers={'User-Agent': 'python-requests/2.23.0', 'Accept-Encoding': 'gzip, deflate', 'Accept': '*/*', 'Connection': 'keep-alive', 'Content-Type': 'application/json', 'Authorization': 'bearer eyJhbGciOiJIUzI1NiIsInR5cCI6IkpXVCJ9.eyJodHRwOi8vc2NoZW1hcy5taWNyb3NvZnQuY29tL3dzLzIwMDgvMDYvaWRlbnRpdHkvY2xhaW1zL3VzZXJkYXRhIjoiOTE1b2srbFFFM2Ird3ZBU1hsdE9QMFYvTXdPc0tsNWhSdCs3cDZIVjdYNitGMk4wcjFNTlNrS0V6RGJTbDVWaGtodUxVbVBndmdXVzhmWGkyeGJWb1dzSXh5a2FEQ1BtYzJJZSsvRyszc009IiwibmJmIjoxNTg1Nzk5MTg4LCJleHAiOjE1ODU3OTkyNDgsImlhdCI6MTU4NTc5OTE4OCwiaXNzIjoiZXNjcm93LWNvcmUtYXBpIiwiYXVkIjoiZXNjcm93LWNvcmUtY2xpZW50In0.hihTFXJFzVaY1WxEvR5ZFbCj-Ce2FRid9rFzCLV21Xc'} 
data={"escrowCompanyId": "001", "sellerID": "e5e0f6b7-a6f6-4e5c-9b66-375038505db5"} 
json=None</msg>
<msg timestamp="20200402 09:16:31.343" level="INFO">${response} = &lt;Response [200]&gt;</msg>
<status status="PASS" starttime="20200402 09:16:30.843" endtime="20200402 09:16:31.343"></status>
</kw>
<kw name="Should Be Equal As Strings" library="BuiltIn">
<doc>Fails if objects are unequal after converting them to strings.</doc>
<arguments>
<arg>${response.status_code}</arg>
<arg>200</arg>
</arguments>
<msg timestamp="20200402 09:16:31.344" level="INFO">Argument types are:
&lt;class 'int'&gt;
&lt;type 'unicode'&gt;</msg>
<status status="PASS" starttime="20200402 09:16:31.343" endtime="20200402 09:16:31.344"></status>
</kw>
<kw name="Should Be Equal As Strings" library="BuiltIn">
<doc>Fails if objects are unequal after converting them to strings.</doc>
<arguments>
<arg>${response.json()['responseCode']}</arg>
<arg>${ResponseCode}</arg>
</arguments>
<status status="PASS" starttime="20200402 09:16:31.344" endtime="20200402 09:16:31.344"></status>
</kw>
<kw name="Should Be Equal As Strings" library="BuiltIn">
<doc>Fails if objects are unequal after converting them to strings.</doc>
<arguments>
<arg>${response.json()['resDescription']}</arg>
<arg>${ResponseDescription}</arg>
</arguments>
<status status="PASS" starttime="20200402 09:16:31.345" endtime="20200402 09:16:31.345"></status>
</kw>
<status status="PASS" starttime="20200402 09:16:30.840" endtime="20200402 09:16:31.345"></status>
</kw>
<doc>Valid: To Verify response parameter of get Seller detail API</doc>
<tags>
<tag>000</tag>
</tags>
<status status="PASS" starttime="20200402 09:16:29.895" endtime="20200402 09:16:31.346" critical="yes"></status>
</test>
<test id="s1-t3" name="TC_08 GetSellerDetails with Empty Body">
<kw name="GetToken Escrow" library="Get Token">
<assign>
<var>${TokenEscrow}</var>
</assign>
<kw name="Create Session" library="RequestsLibrary">
<doc>Create Session: create a HTTP session to a server</doc>
<arguments>
<arg>Session</arg>
<arg>${URLEscrowAuthUAT}</arg>
</arguments>
<msg timestamp="20200402 09:16:31.349" level="INFO">Creating Session using : alias=Session, url=http://172.31.2.28/escrow_core/api/v1/Authentication/oauth2, headers={},                     cookies={}, auth=None, timeout=None, proxies=None, verify=False,                     debug=0 </msg>
<status status="PASS" starttime="20200402 09:16:31.349" endtime="20200402 09:16:31.349"></status>
</kw>
<kw name="Create Dictionary" library="BuiltIn">
<doc>Creates and returns a dictionary based on the given ``items``.</doc>
<arguments>
<arg>Content-Type=application/x-www-form-urlencoded</arg>
</arguments>
<assign>
<var>${header}</var>
</assign>
<msg timestamp="20200402 09:16:31.350" level="INFO">${header} = {'Content-Type': 'application/x-www-form-urlencoded'}</msg>
<status status="PASS" starttime="20200402 09:16:31.350" endtime="20200402 09:16:31.350"></status>
</kw>
<kw name="Set To Dictionary" library="Collections">
<doc>Adds the given ``key_value_pairs`` and ``items`` to the ``dictionary``.</doc>
<arguments>
<arg>${header}</arg>
<arg>Authorization</arg>
<arg>Basic ${Client_authKey}</arg>
</arguments>
<status status="PASS" starttime="20200402 09:16:31.350" endtime="20200402 09:16:31.350"></status>
</kw>
<kw name="Create Dictionary" library="BuiltIn">
<doc>Creates and returns a dictionary based on the given ``items``.</doc>
<arguments>
<arg>grant_type=client_credentials</arg>
</arguments>
<assign>
<var>${Body}</var>
</assign>
<msg timestamp="20200402 09:16:31.351" level="INFO">${Body} = {'grant_type': 'client_credentials'}</msg>
<status status="PASS" starttime="20200402 09:16:31.351" endtime="20200402 09:16:31.351"></status>
</kw>
<kw name="Post Request" library="RequestsLibrary">
<doc>Send a POST request on the session object found using the
given `alias`</doc>
<arguments>
<arg>Session</arg>
<arg>/token</arg>
<arg>data=${Body}</arg>
<arg>headers=${header}</arg>
</arguments>
<assign>
<var>${response}</var>
</assign>
<msg timestamp="20200402 09:16:31.352" level="INFO">POST Request using : uri=/token, params=None, files=None, allow_redirects=True, timeout=None
headers={'User-Agent': 'python-requests/2.23.0', 'Accept-Encoding': 'gzip, deflate', 'Accept': '*/*', 'Connection': 'keep-alive', 'Content-Type': 'application/x-www-form-urlencoded', 'Authorization': 'Basic MDAxOmthaWRlZVNlY3JldEtleVRlc3Q='} 
data=grant_type=client_credentials 
json=None</msg>
<msg timestamp="20200402 09:16:32.149" level="INFO">${response} = &lt;Response [200]&gt;</msg>
<status status="PASS" starttime="20200402 09:16:31.351" endtime="20200402 09:16:32.149"></status>
</kw>
<kw name="Should Be Equal As Strings" library="BuiltIn">
<doc>Fails if objects are unequal after converting them to strings.</doc>
<arguments>
<arg>${response.status_code}</arg>
<arg>200</arg>
</arguments>
<msg timestamp="20200402 09:16:32.150" level="INFO">Argument types are:
&lt;class 'int'&gt;
&lt;type 'unicode'&gt;</msg>
<status status="PASS" starttime="20200402 09:16:32.149" endtime="20200402 09:16:32.150"></status>
</kw>
<kw name="Log" library="BuiltIn">
<doc>Logs the given message with the given level.</doc>
<arguments>
<arg>${response.json()['accessToken']}</arg>
</arguments>
<msg timestamp="20200402 09:16:32.151" level="INFO">eyJhbGciOiJIUzI1NiIsInR5cCI6IkpXVCJ9.eyJodHRwOi8vc2NoZW1hcy5taWNyb3NvZnQuY29tL3dzLzIwMDgvMDYvaWRlbnRpdHkvY2xhaW1zL3VzZXJkYXRhIjoiOTE1b2srbFFFM2Ird3ZBU1hsdE9QNEp3b3pGQ21xOVFZUHRmU1hYUVE4aGh1eC9UYURGYThWOGt5NXRxWkprU0hwc2NzRWtZbFBFZnZzTDN4SFA0U1RoTnIxTmxDcHJiVFJtVktSUEZqNmM9IiwibmJmIjoxNTg1Nzk5MTg5LCJleHAiOjE1ODU3OTkyNDksImlhdCI6MTU4NTc5OTE4OSwiaXNzIjoiZXNjcm93LWNvcmUtYXBpIiwiYXVkIjoiZXNjcm93LWNvcmUtY2xpZW50In0.5APr9t1dV6jOeCe5xW1Ds6MIjhTapDGSGyUeEOytJbY</msg>
<status status="PASS" starttime="20200402 09:16:32.151" endtime="20200402 09:16:32.151"></status>
</kw>
<msg timestamp="20200402 09:16:32.152" level="INFO">${TokenEscrow} = eyJhbGciOiJIUzI1NiIsInR5cCI6IkpXVCJ9.eyJodHRwOi8vc2NoZW1hcy5taWNyb3NvZnQuY29tL3dzLzIwMDgvMDYvaWRlbnRpdHkvY2xhaW1zL3VzZXJkYXRhIjoiOTE1b2srbFFFM2Ird3ZBU1hsdE9QNEp3b3pGQ21xOVFZUHRmU1hYUVE4aGh1eC9UYURGYTh...</msg>
<status status="PASS" starttime="20200402 09:16:31.348" endtime="20200402 09:16:32.152"></status>
</kw>
<kw name="GetSellerDetails" library="GetSellerDetails_API">
<arguments>
<arg>${TokenEscrow}</arg>
<arg>${EMPTY}</arg>
<arg>${EMPTY}</arg>
<arg>E05</arg>
<arg>Missing mandatory field</arg>
</arguments>
<kw name="Create Session" library="RequestsLibrary">
<doc>Create Session: create a HTTP session to a server</doc>
<arguments>
<arg>GetUpdateSeller</arg>
<arg>http://172.31.2.28/escrow_core/api/v1</arg>
</arguments>
<msg timestamp="20200402 09:16:32.155" level="INFO">Creating Session using : alias=GetUpdateSeller, url=http://172.31.2.28/escrow_core/api/v1, headers={},                     cookies={}, auth=None, timeout=None, proxies=None, verify=False,                     debug=0 </msg>
<status status="PASS" starttime="20200402 09:16:32.154" endtime="20200402 09:16:32.155"></status>
</kw>
<kw name="Create Dictionary" library="BuiltIn">
<doc>Creates and returns a dictionary based on the given ``items``.</doc>
<arguments>
<arg>escrowCompanyId=${escrowCompanyID}</arg>
<arg>sellerID=${SELLERId}</arg>
</arguments>
<assign>
<var>${body}</var>
</assign>
<msg timestamp="20200402 09:16:32.156" level="INFO">${body} = {'escrowCompanyId': '', 'sellerID': ''}</msg>
<status status="PASS" starttime="20200402 09:16:32.155" endtime="20200402 09:16:32.157"></status>
</kw>
<kw name="Set Variable" library="BuiltIn">
<doc>Returns the given values which can then be assigned to a variables.</doc>
<arguments>
<arg>bearer ${Token}</arg>
</arguments>
<assign>
<var>${AuthToken}</var>
</assign>
<msg timestamp="20200402 09:16:32.157" level="INFO">${AuthToken} = bearer eyJhbGciOiJIUzI1NiIsInR5cCI6IkpXVCJ9.eyJodHRwOi8vc2NoZW1hcy5taWNyb3NvZnQuY29tL3dzLzIwMDgvMDYvaWRlbnRpdHkvY2xhaW1zL3VzZXJkYXRhIjoiOTE1b2srbFFFM2Ird3ZBU1hsdE9QNEp3b3pGQ21xOVFZUHRmU1hYUVE4aGh1eC9U...</msg>
<status status="PASS" starttime="20200402 09:16:32.157" endtime="20200402 09:16:32.158"></status>
</kw>
<kw name="Create Dictionary" library="BuiltIn">
<doc>Creates and returns a dictionary based on the given ``items``.</doc>
<arguments>
<arg>Content-Type=application/json</arg>
<arg>Authorization=${AuthToken}</arg>
</arguments>
<assign>
<var>${header}</var>
</assign>
<msg timestamp="20200402 09:16:32.159" level="INFO">${header} = {'Content-Type': 'application/json', 'Authorization': 'bearer eyJhbGciOiJIUzI1NiIsInR5cCI6IkpXVCJ9.eyJodHRwOi8vc2NoZW1hcy5taWNyb3NvZnQuY29tL3dzLzIwMDgvMDYvaWRlbnRpdHkvY2xhaW1zL3VzZXJkYXRhIjoiOTE1b2srb...</msg>
<status status="PASS" starttime="20200402 09:16:32.158" endtime="20200402 09:16:32.159"></status>
</kw>
<kw name="Post Request" library="RequestsLibrary">
<doc>Send a POST request on the session object found using the
given `alias`</doc>
<arguments>
<arg>GetUpdateSeller</arg>
<arg>/seller/detail</arg>
<arg>data=${body}</arg>
<arg>headers=${header}</arg>
</arguments>
<assign>
<var>${response}</var>
</assign>
<msg timestamp="20200402 09:16:32.160" level="INFO">POST Request using : uri=/seller/detail, params=None, files=None, allow_redirects=True, timeout=None
headers={'User-Agent': 'python-requests/2.23.0', 'Accept-Encoding': 'gzip, deflate', 'Accept': '*/*', 'Connection': 'keep-alive', 'Content-Type': 'application/json', 'Authorization': 'bearer eyJhbGciOiJIUzI1NiIsInR5cCI6IkpXVCJ9.eyJodHRwOi8vc2NoZW1hcy5taWNyb3NvZnQuY29tL3dzLzIwMDgvMDYvaWRlbnRpdHkvY2xhaW1zL3VzZXJkYXRhIjoiOTE1b2srbFFFM2Ird3ZBU1hsdE9QNEp3b3pGQ21xOVFZUHRmU1hYUVE4aGh1eC9UYURGYThWOGt5NXRxWkprU0hwc2NzRWtZbFBFZnZzTDN4SFA0U1RoTnIxTmxDcHJiVFJtVktSUEZqNmM9IiwibmJmIjoxNTg1Nzk5MTg5LCJleHAiOjE1ODU3OTkyNDksImlhdCI6MTU4NTc5OTE4OSwiaXNzIjoiZXNjcm93LWNvcmUtYXBpIiwiYXVkIjoiZXNjcm93LWNvcmUtY2xpZW50In0.5APr9t1dV6jOeCe5xW1Ds6MIjhTapDGSGyUeEOytJbY'} 
data={"escrowCompanyId": "", "sellerID": ""} 
json=None</msg>
<msg timestamp="20200402 09:16:32.915" level="INFO">${response} = &lt;Response [200]&gt;</msg>
<status status="PASS" starttime="20200402 09:16:32.159" endtime="20200402 09:16:32.915"></status>
</kw>
<kw name="Should Be Equal As Strings" library="BuiltIn">
<doc>Fails if objects are unequal after converting them to strings.</doc>
<arguments>
<arg>${response.status_code}</arg>
<arg>200</arg>
</arguments>
<msg timestamp="20200402 09:16:32.915" level="INFO">Argument types are:
&lt;class 'int'&gt;
&lt;type 'unicode'&gt;</msg>
<status status="PASS" starttime="20200402 09:16:32.915" endtime="20200402 09:16:32.916"></status>
</kw>
<kw name="Should Be Equal As Strings" library="BuiltIn">
<doc>Fails if objects are unequal after converting them to strings.</doc>
<arguments>
<arg>${response.json()['responseCode']}</arg>
<arg>${ResponseCode}</arg>
</arguments>
<status status="PASS" starttime="20200402 09:16:32.916" endtime="20200402 09:16:32.916"></status>
</kw>
<kw name="Should Be Equal As Strings" library="BuiltIn">
<doc>Fails if objects are unequal after converting them to strings.</doc>
<arguments>
<arg>${response.json()['resDescription']}</arg>
<arg>${ResponseDescription}</arg>
</arguments>
<status status="PASS" starttime="20200402 09:16:32.917" endtime="20200402 09:16:32.917"></status>
</kw>
<status status="PASS" starttime="20200402 09:16:32.153" endtime="20200402 09:16:32.917"></status>
</kw>
<doc>Invalid: To verify Response when all request fields are entered empty without body</doc>
<tags>
<tag>E05</tag>
</tags>
<status status="PASS" starttime="20200402 09:16:31.347" endtime="20200402 09:16:32.918" critical="yes"></status>
</test>
<test id="s1-t4" name="TC_09 GetSellerDetails with Valid EscrowID and Mandatory Fields">
<kw name="GetToken Escrow" library="Get Token">
<assign>
<var>${TokenEscrow}</var>
</assign>
<kw name="Create Session" library="RequestsLibrary">
<doc>Create Session: create a HTTP session to a server</doc>
<arguments>
<arg>Session</arg>
<arg>${URLEscrowAuthUAT}</arg>
</arguments>
<msg timestamp="20200402 09:16:32.922" level="INFO">Creating Session using : alias=Session, url=http://172.31.2.28/escrow_core/api/v1/Authentication/oauth2, headers={},                     cookies={}, auth=None, timeout=None, proxies=None, verify=False,                     debug=0 </msg>
<status status="PASS" starttime="20200402 09:16:32.921" endtime="20200402 09:16:32.922"></status>
</kw>
<kw name="Create Dictionary" library="BuiltIn">
<doc>Creates and returns a dictionary based on the given ``items``.</doc>
<arguments>
<arg>Content-Type=application/x-www-form-urlencoded</arg>
</arguments>
<assign>
<var>${header}</var>
</assign>
<msg timestamp="20200402 09:16:32.922" level="INFO">${header} = {'Content-Type': 'application/x-www-form-urlencoded'}</msg>
<status status="PASS" starttime="20200402 09:16:32.922" endtime="20200402 09:16:32.922"></status>
</kw>
<kw name="Set To Dictionary" library="Collections">
<doc>Adds the given ``key_value_pairs`` and ``items`` to the ``dictionary``.</doc>
<arguments>
<arg>${header}</arg>
<arg>Authorization</arg>
<arg>Basic ${Client_authKey}</arg>
</arguments>
<status status="PASS" starttime="20200402 09:16:32.923" endtime="20200402 09:16:32.923"></status>
</kw>
<kw name="Create Dictionary" library="BuiltIn">
<doc>Creates and returns a dictionary based on the given ``items``.</doc>
<arguments>
<arg>grant_type=client_credentials</arg>
</arguments>
<assign>
<var>${Body}</var>
</assign>
<msg timestamp="20200402 09:16:32.924" level="INFO">${Body} = {'grant_type': 'client_credentials'}</msg>
<status status="PASS" starttime="20200402 09:16:32.924" endtime="20200402 09:16:32.924"></status>
</kw>
<kw name="Post Request" library="RequestsLibrary">
<doc>Send a POST request on the session object found using the
given `alias`</doc>
<arguments>
<arg>Session</arg>
<arg>/token</arg>
<arg>data=${Body}</arg>
<arg>headers=${header}</arg>
</arguments>
<assign>
<var>${response}</var>
</assign>
<msg timestamp="20200402 09:16:32.925" level="INFO">POST Request using : uri=/token, params=None, files=None, allow_redirects=True, timeout=None
headers={'User-Agent': 'python-requests/2.23.0', 'Accept-Encoding': 'gzip, deflate', 'Accept': '*/*', 'Connection': 'keep-alive', 'Content-Type': 'application/x-www-form-urlencoded', 'Authorization': 'Basic MDAxOmthaWRlZVNlY3JldEtleVRlc3Q='} 
data=grant_type=client_credentials 
json=None</msg>
<msg timestamp="20200402 09:16:33.409" level="INFO">${response} = &lt;Response [200]&gt;</msg>
<status status="PASS" starttime="20200402 09:16:32.924" endtime="20200402 09:16:33.409"></status>
</kw>
<kw name="Should Be Equal As Strings" library="BuiltIn">
<doc>Fails if objects are unequal after converting them to strings.</doc>
<arguments>
<arg>${response.status_code}</arg>
<arg>200</arg>
</arguments>
<msg timestamp="20200402 09:16:33.409" level="INFO">Argument types are:
&lt;class 'int'&gt;
&lt;type 'unicode'&gt;</msg>
<status status="PASS" starttime="20200402 09:16:33.409" endtime="20200402 09:16:33.409"></status>
</kw>
<kw name="Log" library="BuiltIn">
<doc>Logs the given message with the given level.</doc>
<arguments>
<arg>${response.json()['accessToken']}</arg>
</arguments>
<msg timestamp="20200402 09:16:33.410" level="INFO">eyJhbGciOiJIUzI1NiIsInR5cCI6IkpXVCJ9.eyJodHRwOi8vc2NoZW1hcy5taWNyb3NvZnQuY29tL3dzLzIwMDgvMDYvaWRlbnRpdHkvY2xhaW1zL3VzZXJkYXRhIjoiOTE1b2srbFFFM2Ird3ZBU1hsdE9QN3krMnZ6NDQvYlhFdHFPaFJUUTB5M1lRQjJiRWNJcWNXcExHZHdMbEFrZ2pFc1JXSlZTTjFreVQzQnVFczUweHhUQ2pUNVRWNFJoRXZQNXNwb1Y5bGs9IiwibmJmIjoxNTg1Nzk5MTkxLCJleHAiOjE1ODU3OTkyNTEsImlhdCI6MTU4NTc5OTE5MSwiaXNzIjoiZXNjcm93LWNvcmUtYXBpIiwiYXVkIjoiZXNjcm93LWNvcmUtY2xpZW50In0.f5Ow-tEwDRNer7tU3V2-wji3kJVG47b9p8rTx2FKrbE</msg>
<status status="PASS" starttime="20200402 09:16:33.410" endtime="20200402 09:16:33.410"></status>
</kw>
<msg timestamp="20200402 09:16:33.410" level="INFO">${TokenEscrow} = eyJhbGciOiJIUzI1NiIsInR5cCI6IkpXVCJ9.eyJodHRwOi8vc2NoZW1hcy5taWNyb3NvZnQuY29tL3dzLzIwMDgvMDYvaWRlbnRpdHkvY2xhaW1zL3VzZXJkYXRhIjoiOTE1b2srbFFFM2Ird3ZBU1hsdE9QN3krMnZ6NDQvYlhFdHFPaFJUUTB5M1lRQjJiRWNJcWN...</msg>
<status status="PASS" starttime="20200402 09:16:32.921" endtime="20200402 09:16:33.410"></status>
</kw>
<kw name="RegisterSellerID" library="Register_Global_Keywords">
<assign>
<var>${SellerId}</var>
<var>${IdNumber}</var>
</assign>
<kw name="GetToken Escrow" library="Get Token">
<assign>
<var>${TokenEscrow}</var>
</assign>
<kw name="Create Session" library="RequestsLibrary">
<doc>Create Session: create a HTTP session to a server</doc>
<arguments>
<arg>Session</arg>
<arg>${URLEscrowAuthUAT}</arg>
</arguments>
<msg timestamp="20200402 09:16:33.412" level="INFO">Creating Session using : alias=Session, url=http://172.31.2.28/escrow_core/api/v1/Authentication/oauth2, headers={},                     cookies={}, auth=None, timeout=None, proxies=None, verify=False,                     debug=0 </msg>
<status status="PASS" starttime="20200402 09:16:33.412" endtime="20200402 09:16:33.412"></status>
</kw>
<kw name="Create Dictionary" library="BuiltIn">
<doc>Creates and returns a dictionary based on the given ``items``.</doc>
<arguments>
<arg>Content-Type=application/x-www-form-urlencoded</arg>
</arguments>
<assign>
<var>${header}</var>
</assign>
<msg timestamp="20200402 09:16:33.413" level="INFO">${header} = {'Content-Type': 'application/x-www-form-urlencoded'}</msg>
<status status="PASS" starttime="20200402 09:16:33.413" endtime="20200402 09:16:33.413"></status>
</kw>
<kw name="Set To Dictionary" library="Collections">
<doc>Adds the given ``key_value_pairs`` and ``items`` to the ``dictionary``.</doc>
<arguments>
<arg>${header}</arg>
<arg>Authorization</arg>
<arg>Basic ${Client_authKey}</arg>
</arguments>
<status status="PASS" starttime="20200402 09:16:33.413" endtime="20200402 09:16:33.413"></status>
</kw>
<kw name="Create Dictionary" library="BuiltIn">
<doc>Creates and returns a dictionary based on the given ``items``.</doc>
<arguments>
<arg>grant_type=client_credentials</arg>
</arguments>
<assign>
<var>${Body}</var>
</assign>
<msg timestamp="20200402 09:16:33.414" level="INFO">${Body} = {'grant_type': 'client_credentials'}</msg>
<status status="PASS" starttime="20200402 09:16:33.414" endtime="20200402 09:16:33.414"></status>
</kw>
<kw name="Post Request" library="RequestsLibrary">
<doc>Send a POST request on the session object found using the
given `alias`</doc>
<arguments>
<arg>Session</arg>
<arg>/token</arg>
<arg>data=${Body}</arg>
<arg>headers=${header}</arg>
</arguments>
<assign>
<var>${response}</var>
</assign>
<msg timestamp="20200402 09:16:33.415" level="INFO">POST Request using : uri=/token, params=None, files=None, allow_redirects=True, timeout=None
headers={'User-Agent': 'python-requests/2.23.0', 'Accept-Encoding': 'gzip, deflate', 'Accept': '*/*', 'Connection': 'keep-alive', 'Content-Type': 'application/x-www-form-urlencoded', 'Authorization': 'Basic MDAxOmthaWRlZVNlY3JldEtleVRlc3Q='} 
data=grant_type=client_credentials 
json=None</msg>
<msg timestamp="20200402 09:16:33.927" level="INFO">${response} = &lt;Response [200]&gt;</msg>
<status status="PASS" starttime="20200402 09:16:33.414" endtime="20200402 09:16:33.927"></status>
</kw>
<kw name="Should Be Equal As Strings" library="BuiltIn">
<doc>Fails if objects are unequal after converting them to strings.</doc>
<arguments>
<arg>${response.status_code}</arg>
<arg>200</arg>
</arguments>
<msg timestamp="20200402 09:16:33.928" level="INFO">Argument types are:
&lt;class 'int'&gt;
&lt;type 'unicode'&gt;</msg>
<status status="PASS" starttime="20200402 09:16:33.928" endtime="20200402 09:16:33.928"></status>
</kw>
<kw name="Log" library="BuiltIn">
<doc>Logs the given message with the given level.</doc>
<arguments>
<arg>${response.json()['accessToken']}</arg>
</arguments>
<msg timestamp="20200402 09:16:33.929" level="INFO">eyJhbGciOiJIUzI1NiIsInR5cCI6IkpXVCJ9.eyJodHRwOi8vc2NoZW1hcy5taWNyb3NvZnQuY29tL3dzLzIwMDgvMDYvaWRlbnRpdHkvY2xhaW1zL3VzZXJkYXRhIjoiOTE1b2srbFFFM2Ird3ZBU1hsdE9QM1RTbmVlbFNBR0RkZERkREQ1OUhSWnJ6dGdsL01OY0VxTUdzQUhqZUY0LytCdEJvekZCRUFaaGFMYXdoNWJkTzNreGZhc01wcHJJTVorbzRNeWRJcTA9IiwibmJmIjoxNTg1Nzk5MTkxLCJleHAiOjE1ODU3OTkyNTEsImlhdCI6MTU4NTc5OTE5MSwiaXNzIjoiZXNjcm93LWNvcmUtYXBpIiwiYXVkIjoiZXNjcm93LWNvcmUtY2xpZW50In0.8tYp6D9pWks5lNBVK5frkqKlLpvunxspIqi4CY3xZZw</msg>
<status status="PASS" starttime="20200402 09:16:33.928" endtime="20200402 09:16:33.929"></status>
</kw>
<msg timestamp="20200402 09:16:33.929" level="INFO">${TokenEscrow} = eyJhbGciOiJIUzI1NiIsInR5cCI6IkpXVCJ9.eyJodHRwOi8vc2NoZW1hcy5taWNyb3NvZnQuY29tL3dzLzIwMDgvMDYvaWRlbnRpdHkvY2xhaW1zL3VzZXJkYXRhIjoiOTE1b2srbFFFM2Ird3ZBU1hsdE9QM1RTbmVlbFNBR0RkZERkREQ1OUhSWnJ6dGdsL01OY0V...</msg>
<status status="PASS" starttime="20200402 09:16:33.411" endtime="20200402 09:16:33.929"></status>
</kw>
<kw name="Randome_IDNumber" library="Register_Global_Keywords">
<assign>
<var>${idNum}</var>
</assign>
<kw name="Generate Random String" library="String">
<doc>Generates a string with a desired ``length`` from the given ``chars``.</doc>
<arguments>
<arg>14</arg>
<arg>[NUMBERS]</arg>
</arguments>
<assign>
<var>${Id}</var>
</assign>
<msg timestamp="20200402 09:16:33.930" level="INFO">${Id} = 16519236697906</msg>
<status status="PASS" starttime="20200402 09:16:33.930" endtime="20200402 09:16:33.930"></status>
</kw>
[...]
<status status="PASS" starttime="20200402 09:17:32.597" endtime="20200402 09:17:32.597"></status>
</kw>
<kw name="Create Dictionary" library="BuiltIn">
<doc>Creates and returns a dictionary based on the given ``items``.</doc>
<arguments>
<arg>escrowCompanyId=${escrowCompanyID}</arg>
<arg>sellerID=${SELLERId}</arg>
</arguments>
<assign>
<var>${body}</var>
</assign>
<msg timestamp="20200402 09:17:32.598" level="INFO">${body} = {'escrowCompanyId': '001', 'sellerID': '72e70a93-f951-4795-9514-5e3dafd314af'}</msg>
<status status="PASS" starttime="20200402 09:17:32.597" endtime="20200402 09:17:32.598"></status>
</kw>
<kw name="Set Variable" library="BuiltIn">
<doc>Returns the given values which can then be assigned to a variables.</doc>
<arguments>
<arg>bearer ${Token}</arg>
</arguments>
<assign>
<var>${AuthToken}</var>
</assign>
<msg timestamp="20200402 09:17:32.598" level="INFO">${AuthToken} = bearer eyJhbGciOiJIUzI1NiIsInR5cCI6IkpXVCJ9.eyJodHRwOi8vc2NoZW1hcy5taWNyb3NvZnQuY29tL3dzLzIwMDgvMDYvaWRlbnRpdHkvY2xhaW1zL3VzZXJkYXRhIjoiOTE1b2srbFFFM2Ird3ZBU1hsdE9QenVlTllISnpwRkJheUhTSU9nWmpQRmc2OVFk...</msg>
<status status="PASS" starttime="20200402 09:17:32.598" endtime="20200402 09:17:32.598"></status>
</kw>
<kw name="Create Dictionary" library="BuiltIn">
<doc>Creates and returns a dictionary based on the given ``items``.</doc>
<arguments>
<arg>Content-Type=application/json</arg>
<arg>Authorization=${AuthToken}</arg>
</arguments>
<assign>
<var>${header}</var>
</assign>
<msg timestamp="20200402 09:17:32.599" level="INFO">${header} = {'Content-Type': 'application/json', 'Authorization': 'bearer eyJhbGciOiJIUzI1NiIsInR5cCI6IkpXVCJ9.eyJodHRwOi8vc2NoZW1hcy5taWNyb3NvZnQuY29tL3dzLzIwMDgvMDYvaWRlbnRpdHkvY2xhaW1zL3VzZXJkYXRhIjoiOTE1b2srb...</msg>
<status status="PASS" starttime="20200402 09:17:32.598" endtime="20200402 09:17:32.599"></status>
</kw>
<kw name="Post Request" library="RequestsLibrary">
<doc>Send a POST request on the session object found using the
given `alias`</doc>
<arguments>
<arg>GetUpdateSeller</arg>
<arg>/seller/detail</arg>
<arg>data=${body}</arg>
<arg>headers=${header}</arg>
</arguments>
<assign>
<var>${response}</var>
</assign>
<msg timestamp="20200402 09:17:32.600" level="INFO">POST Request using : uri=/seller/detail, params=None, files=None, allow_redirects=True, timeout=None
headers={'User-Agent': 'python-requests/2.23.0', 'Accept-Encoding': 'gzip, deflate', 'Accept': '*/*', 'Connection': 'keep-alive', 'Content-Type': 'application/json', 'Authorization': 'bearer eyJhbGciOiJIUzI1NiIsInR5cCI6IkpXVCJ9.eyJodHRwOi8vc2NoZW1hcy5taWNyb3NvZnQuY29tL3dzLzIwMDgvMDYvaWRlbnRpdHkvY2xhaW1zL3VzZXJkYXRhIjoiOTE1b2srbFFFM2Ird3ZBU1hsdE9QenVlTllISnpwRkJheUhTSU9nWmpQRmc2OVFkbnIrbDlVcnVRME5GOG8zcG5TRHF3VStYaCtDbUx6MlZ2RVFpa3dhNGg4dy80VmdzbW5OSTNmZWlkWW89IiwibmJmIjoxNTg1Nzk5MjQ4LCJleHAiOjE1ODU3OTkzMDgsImlhdCI6MTU4NTc5OTI0OCwiaXNzIjoiZXNjcm93LWNvcmUtYXBpIiwiYXVkIjoiZXNjcm93LWNvcmUtY2xpZW50In0.tRaV_2MYW8SeFUT0DTvXzEwKKJm8SK4s4oaaGL23drM'} 
data={"escrowCompanyId": "001", "sellerID": "72e70a93-f951-4795-9514-5e3dafd314af"} 
json=None</msg>
<msg timestamp="20200402 09:17:33.062" level="INFO">${response} = &lt;Response [200]&gt;</msg>
<status status="PASS" starttime="20200402 09:17:32.599" endtime="20200402 09:17:33.062"></status>
</kw>
<kw name="Should Be Equal As Strings" library="BuiltIn">
<doc>Fails if objects are unequal after converting them to strings.</doc>
<arguments>
<arg>${response.status_code}</arg>
<arg>200</arg>
</arguments>
<msg timestamp="20200402 09:17:33.062" level="INFO">Argument types are:
&lt;class 'int'&gt;
&lt;type 'unicode'&gt;</msg>
<status status="PASS" starttime="20200402 09:17:33.062" endtime="20200402 09:17:33.063"></status>
</kw>
<msg timestamp="20200402 09:17:33.063" level="INFO">${Value} = ทดสอบ</msg>
<status status="PASS" starttime="20200402 09:17:32.596" endtime="20200402 09:17:33.063"></status>
</kw>
<kw name="Log To Console" library="BuiltIn">
<doc>Logs the given message to the console.</doc>
<arguments>
<arg>${Value}</arg>
</arguments>
<status status="PASS" starttime="20200402 09:17:33.064" endtime="20200402 09:17:33.064"></status>
</kw>
<kw name="GetSellerDetails ReturnAttribute" library="GetSellerDetails_API">
<arguments>
<arg>${TokenEscrow}</arg>
<arg>@{escrowCompId}</arg>
<arg>${SellerId}</arg>
<arg>userDefine3</arg>
</arguments>
<assign>
<var>${Value}</var>
</assign>
<kw name="Create Session" library="RequestsLibrary">
<doc>Create Session: create a HTTP session to a server</doc>
<arguments>
<arg>GetUpdateSeller</arg>
<arg>http://172.31.2.28/escrow_core/api/v1</arg>
</arguments>
<msg timestamp="20200402 09:17:33.066" level="INFO">Creating Session using : alias=GetUpdateSeller, url=http://172.31.2.28/escrow_core/api/v1, headers={},                     cookies={}, auth=None, timeout=None, proxies=None, verify=False,                     debug=0 </msg>
<status status="PASS" starttime="20200402 09:17:33.065" endtime="20200402 09:17:33.066"></status>
</kw>
<kw name="Create Dictionary" library="BuiltIn">
<doc>Creates and returns a dictionary based on the given ``items``.</doc>
<arguments>
<arg>escrowCompanyId=${escrowCompanyID}</arg>
<arg>sellerID=${SELLERId}</arg>
</arguments>
<assign>
<var>${body}</var>
</assign>
<msg timestamp="20200402 09:17:33.067" level="INFO">${body} = {'escrowCompanyId': '001', 'sellerID': '72e70a93-f951-4795-9514-5e3dafd314af'}</msg>
<status status="PASS" starttime="20200402 09:17:33.066" endtime="20200402 09:17:33.067"></status>
</kw>
<kw name="Set Variable" library="BuiltIn">
<doc>Returns the given values which can then be assigned to a variables.</doc>
<arguments>
<arg>bearer ${Token}</arg>
</arguments>
<assign>
<var>${AuthToken}</var>
</assign>
<msg timestamp="20200402 09:17:33.068" level="INFO">${AuthToken} = bearer eyJhbGciOiJIUzI1NiIsInR5cCI6IkpXVCJ9.eyJodHRwOi8vc2NoZW1hcy5taWNyb3NvZnQuY29tL3dzLzIwMDgvMDYvaWRlbnRpdHkvY2xhaW1zL3VzZXJkYXRhIjoiOTE1b2srbFFFM2Ird3ZBU1hsdE9QenVlTllISnpwRkJheUhTSU9nWmpQRmc2OVFk...</msg>
<status status="PASS" starttime="20200402 09:17:33.067" endtime="20200402 09:17:33.068"></status>
</kw>
<kw name="Create Dictionary" library="BuiltIn">
<doc>Creates and returns a dictionary based on the given ``items``.</doc>
<arguments>
<arg>Content-Type=application/json</arg>
<arg>Authorization=${AuthToken}</arg>
</arguments>
<assign>
<var>${header}</var>
</assign>
<msg timestamp="20200402 09:17:33.068" level="INFO">${header} = {'Content-Type': 'application/json', 'Authorization': 'bearer eyJhbGciOiJIUzI1NiIsInR5cCI6IkpXVCJ9.eyJodHRwOi8vc2NoZW1hcy5taWNyb3NvZnQuY29tL3dzLzIwMDgvMDYvaWRlbnRpdHkvY2xhaW1zL3VzZXJkYXRhIjoiOTE1b2srb...</msg>
<status status="PASS" starttime="20200402 09:17:33.068" endtime="20200402 09:17:33.068"></status>
</kw>
<kw name="Post Request" library="RequestsLibrary">
<doc>Send a POST request on the session object found using the
given `alias`</doc>
<arguments>
<arg>GetUpdateSeller</arg>
<arg>/seller/detail</arg>
<arg>data=${body}</arg>
<arg>headers=${header}</arg>
</arguments>
<assign>
<var>${response}</var>
</assign>
<msg timestamp="20200402 09:17:33.069" level="INFO">POST Request using : uri=/seller/detail, params=None, files=None, allow_redirects=True, timeout=None
headers={'User-Agent': 'python-requests/2.23.0', 'Accept-Encoding': 'gzip, deflate', 'Accept': '*/*', 'Connection': 'keep-alive', 'Content-Type': 'application/json', 'Authorization': 'bearer eyJhbGciOiJIUzI1NiIsInR5cCI6IkpXVCJ9.eyJodHRwOi8vc2NoZW1hcy5taWNyb3NvZnQuY29tL3dzLzIwMDgvMDYvaWRlbnRpdHkvY2xhaW1zL3VzZXJkYXRhIjoiOTE1b2srbFFFM2Ird3ZBU1hsdE9QenVlTllISnpwRkJheUhTSU9nWmpQRmc2OVFkbnIrbDlVcnVRME5GOG8zcG5TRHF3VStYaCtDbUx6MlZ2RVFpa3dhNGg4dy80VmdzbW5OSTNmZWlkWW89IiwibmJmIjoxNTg1Nzk5MjQ4LCJleHAiOjE1ODU3OTkzMDgsImlhdCI6MTU4NTc5OTI0OCwiaXNzIjoiZXNjcm93LWNvcmUtYXBpIiwiYXVkIjoiZXNjcm93LWNvcmUtY2xpZW50In0.tRaV_2MYW8SeFUT0DTvXzEwKKJm8SK4s4oaaGL23drM'} 
data={"escrowCompanyId": "001", "sellerID": "72e70a93-f951-4795-9514-5e3dafd314af"} 
json=None</msg>
<msg timestamp="20200402 09:17:33.547" level="INFO">${response} = &lt;Response [200]&gt;</msg>
<status status="PASS" starttime="20200402 09:17:33.069" endtime="20200402 09:17:33.547"></status>
</kw>
<kw name="Should Be Equal As Strings" library="BuiltIn">
<doc>Fails if objects are unequal after converting them to strings.</doc>
<arguments>
<arg>${response.status_code}</arg>
<arg>200</arg>
</arguments>
<msg timestamp="20200402 09:17:33.547" level="INFO">Argument types are:
&lt;class 'int'&gt;
&lt;type 'unicode'&gt;</msg>
<status status="PASS" starttime="20200402 09:17:33.547" endtime="20200402 09:17:33.548"></status>
</kw>
<msg timestamp="20200402 09:17:33.548" level="INFO">${Value} = ทดสอบ</msg>
<status status="PASS" starttime="20200402 09:17:33.065" endtime="20200402 09:17:33.548"></status>
</kw>
<kw name="Log To Console" library="BuiltIn">
<doc>Logs the given message to the console.</doc>
<arguments>
<arg>${Value}</arg>
</arguments>
<status status="PASS" starttime="20200402 09:17:33.549" endtime="20200402 09:17:33.549"></status>
</kw>
<kw name="GetSellerDetails ReturnAttribute" library="GetSellerDetails_API">
<arguments>
<arg>${TokenEscrow}</arg>
<arg>@{escrowCompId}</arg>
<arg>${SellerId}</arg>
<arg>userDefine4</arg>
</arguments>
<assign>
<var>${Value}</var>
</assign>
<kw name="Create Session" library="RequestsLibrary">
<doc>Create Session: create a HTTP session to a server</doc>
<arguments>
<arg>GetUpdateSeller</arg>
<arg>http://172.31.2.28/escrow_core/api/v1</arg>
</arguments>
<msg timestamp="20200402 09:17:33.551" level="INFO">Creating Session using : alias=GetUpdateSeller, url=http://172.31.2.28/escrow_core/api/v1, headers={},                     cookies={}, auth=None, timeout=None, proxies=None, verify=False,                     debug=0 </msg>
<status status="PASS" starttime="20200402 09:17:33.550" endtime="20200402 09:17:33.551"></status>
</kw>
<kw name="Create Dictionary" library="BuiltIn">
<doc>Creates and returns a dictionary based on the given ``items``.</doc>
<arguments>
<arg>escrowCompanyId=${escrowCompanyID}</arg>
<arg>sellerID=${SELLERId}</arg>
</arguments>
<assign>
<var>${body}</var>
</assign>
<msg timestamp="20200402 09:17:33.552" level="INFO">${body} = {'escrowCompanyId': '001', 'sellerID': '72e70a93-f951-4795-9514-5e3dafd314af'}</msg>
<status status="PASS" starttime="20200402 09:17:33.551" endtime="20200402 09:17:33.552"></status>
</kw>
<kw name="Set Variable" library="BuiltIn">
<doc>Returns the given values which can then be assigned to a variables.</doc>
<arguments>
<arg>bearer ${Token}</arg>
</arguments>
<assign>
<var>${AuthToken}</var>
</assign>
<msg timestamp="20200402 09:17:33.552" level="INFO">${AuthToken} = bearer eyJhbGciOiJIUzI1NiIsInR5cCI6IkpXVCJ9.eyJodHRwOi8vc2NoZW1hcy5taWNyb3NvZnQuY29tL3dzLzIwMDgvMDYvaWRlbnRpdHkvY2xhaW1zL3VzZXJkYXRhIjoiOTE1b2srbFFFM2Ird3ZBU1hsdE9QenVlTllISnpwRkJheUhTSU9nWmpQRmc2OVFk...</msg>
<status status="PASS" starttime="20200402 09:17:33.552" endtime="20200402 09:17:33.552"></status>
</kw>
<kw name="Create Dictionary" library="BuiltIn">
<doc>Creates and returns a dictionary based on the given ``items``.</doc>
<arguments>
<arg>Content-Type=application/json</arg>
<arg>Authorization=${AuthToken}</arg>
</arguments>
<assign>
<var>${header}</var>
</assign>
<msg timestamp="20200402 09:17:33.553" level="INFO">${header} = {'Content-Type': 'application/json', 'Authorization': 'bearer eyJhbGciOiJIUzI1NiIsInR5cCI6IkpXVCJ9.eyJodHRwOi8vc2NoZW1hcy5taWNyb3NvZnQuY29tL3dzLzIwMDgvMDYvaWRlbnRpdHkvY2xhaW1zL3VzZXJkYXRhIjoiOTE1b2srb...</msg>
<status status="PASS" starttime="20200402 09:17:33.552" endtime="20200402 09:17:33.553"></status>
</kw>
<kw name="Post Request" library="RequestsLibrary">
<doc>Send a POST request on the session object found using the
given `alias`</doc>
<arguments>
<arg>GetUpdateSeller</arg>
<arg>/seller/detail</arg>
<arg>data=${body}</arg>
<arg>headers=${header}</arg>
</arguments>
<assign>
<var>${response}</var>
</assign>
<msg timestamp="20200402 09:17:33.554" level="INFO">POST Request using : uri=/seller/detail, params=None, files=None, allow_redirects=True, timeout=None
headers={'User-Agent': 'python-requests/2.23.0', 'Accept-Encoding': 'gzip, deflate', 'Accept': '*/*', 'Connection': 'keep-alive', 'Content-Type': 'application/json', 'Authorization': 'bearer eyJhbGciOiJIUzI1NiIsInR5cCI6IkpXVCJ9.eyJodHRwOi8vc2NoZW1hcy5taWNyb3NvZnQuY29tL3dzLzIwMDgvMDYvaWRlbnRpdHkvY2xhaW1zL3VzZXJkYXRhIjoiOTE1b2srbFFFM2Ird3ZBU1hsdE9QenVlTllISnpwRkJheUhTSU9nWmpQRmc2OVFkbnIrbDlVcnVRME5GOG8zcG5TRHF3VStYaCtDbUx6MlZ2RVFpa3dhNGg4dy80VmdzbW5OSTNmZWlkWW89IiwibmJmIjoxNTg1Nzk5MjQ4LCJleHAiOjE1ODU3OTkzMDgsImlhdCI6MTU4NTc5OTI0OCwiaXNzIjoiZXNjcm93LWNvcmUtYXBpIiwiYXVkIjoiZXNjcm93LWNvcmUtY2xpZW50In0.tRaV_2MYW8SeFUT0DTvXzEwKKJm8SK4s4oaaGL23drM'} 
data={"escrowCompanyId": "001", "sellerID": "72e70a93-f951-4795-9514-5e3dafd314af"} 
json=None</msg>
<msg timestamp="20200402 09:17:34.022" level="INFO">${response} = &lt;Response [200]&gt;</msg>
<status status="PASS" starttime="20200402 09:17:33.553" endtime="20200402 09:17:34.022"></status>
</kw>
<kw name="Should Be Equal As Strings" library="BuiltIn">
<doc>Fails if objects are unequal after converting them to strings.</doc>
<arguments>
<arg>${response.status_code}</arg>
<arg>200</arg>
</arguments>
<msg timestamp="20200402 09:17:34.023" level="INFO">Argument types are:
&lt;class 'int'&gt;
&lt;type 'unicode'&gt;</msg>
<status status="PASS" starttime="20200402 09:17:34.022" endtime="20200402 09:17:34.023"></status>
</kw>
<msg timestamp="20200402 09:17:34.023" level="INFO">${Value} = ทดสอบ</msg>
<status status="PASS" starttime="20200402 09:17:33.550" endtime="20200402 09:17:34.023"></status>
</kw>
<kw name="Log To Console" library="BuiltIn">
<doc>Logs the given message to the console.</doc>
<arguments>
<arg>${Value}</arg>
</arguments>
<status status="PASS" starttime="20200402 09:17:34.024" endtime="20200402 09:17:34.024"></status>
</kw>
<kw name="GetSellerDetails ReturnAttribute" library="GetSellerDetails_API">
<arguments>
<arg>${TokenEscrow}</arg>
<arg>@{escrowCompId}</arg>
<arg>${SellerId}</arg>
<arg>userDefine5</arg>
</arguments>
<assign>
<var>${Value}</var>
</assign>
<kw name="Create Session" library="RequestsLibrary">
<doc>Create Session: create a HTTP session to a server</doc>
<arguments>
<arg>GetUpdateSeller</arg>
<arg>http://172.31.2.28/escrow_core/api/v1</arg>
</arguments>
<msg timestamp="20200402 09:17:34.025" level="INFO">Creating Session using : alias=GetUpdateSeller, url=http://172.31.2.28/escrow_core/api/v1, headers={},                     cookies={}, auth=None, timeout=None, proxies=None, verify=False,                     debug=0 </msg>
<status status="PASS" starttime="20200402 09:17:34.025" endtime="20200402 09:17:34.026"></status>
</kw>
<kw name="Create Dictionary" library="BuiltIn">
<doc>Creates and returns a dictionary based on the given ``items``.</doc>
<arguments>
<arg>escrowCompanyId=${escrowCompanyID}</arg>
<arg>sellerID=${SELLERId}</arg>
</arguments>
<assign>
<var>${body}</var>
</assign>
<msg timestamp="20200402 09:17:34.026" level="INFO">${body} = {'escrowCompanyId': '001', 'sellerID': '72e70a93-f951-4795-9514-5e3dafd314af'}</msg>
<status status="PASS" starttime="20200402 09:17:34.026" endtime="20200402 09:17:34.027"></status>
</kw>
<kw name="Set Variable" library="BuiltIn">
<doc>Returns the given values which can then be assigned to a variables.</doc>
<arguments>
<arg>bearer ${Token}</arg>
</arguments>
<assign>
<var>${AuthToken}</var>
</assign>
<msg timestamp="20200402 09:17:34.027" level="INFO">${AuthToken} = bearer eyJhbGciOiJIUzI1NiIsInR5cCI6IkpXVCJ9.eyJodHRwOi8vc2NoZW1hcy5taWNyb3NvZnQuY29tL3dzLzIwMDgvMDYvaWRlbnRpdHkvY2xhaW1zL3VzZXJkYXRhIjoiOTE1b2srbFFFM2Ird3ZBU1hsdE9QenVlTllISnpwRkJheUhTSU9nWmpQRmc2OVFk...</msg>
<status status="PASS" starttime="20200402 09:17:34.027" endtime="20200402 09:17:34.027"></status>
</kw>
<kw name="Create Dictionary" library="BuiltIn">
<doc>Creates and returns a dictionary based on the given ``items``.</doc>
<arguments>
<arg>Content-Type=application/json</arg>
<arg>Authorization=${AuthToken}</arg>
</arguments>
<assign>
<var>${header}</var>
</assign>
<msg timestamp="20200402 09:17:34.028" level="INFO">${header} = {'Content-Type': 'application/json', 'Authorization': 'bearer eyJhbGciOiJIUzI1NiIsInR5cCI6IkpXVCJ9.eyJodHRwOi8vc2NoZW1hcy5taWNyb3NvZnQuY29tL3dzLzIwMDgvMDYvaWRlbnRpdHkvY2xhaW1zL3VzZXJkYXRhIjoiOTE1b2srb...</msg>
<status status="PASS" starttime="20200402 09:17:34.027" endtime="20200402 09:17:34.028"></status>
</kw>
<kw name="Post Request" library="RequestsLibrary">
<doc>Send a POST request on the session object found using the
given `alias`</doc>
<arguments>
<arg>GetUpdateSeller</arg>
<arg>/seller/detail</arg>
<arg>data=${body}</arg>
<arg>headers=${header}</arg>
</arguments>
<assign>
<var>${response}</var>
</assign>
<msg timestamp="20200402 09:17:34.028" level="INFO">POST Request using : uri=/seller/detail, params=None, files=None, allow_redirects=True, timeout=None
headers={'User-Agent': 'python-requests/2.23.0', 'Accept-Encoding': 'gzip, deflate', 'Accept': '*/*', 'Connection': 'keep-alive', 'Content-Type': 'application/json', 'Authorization': 'bearer eyJhbGciOiJIUzI1NiIsInR5cCI6IkpXVCJ9.eyJodHRwOi8vc2NoZW1hcy5taWNyb3NvZnQuY29tL3dzLzIwMDgvMDYvaWRlbnRpdHkvY2xhaW1zL3VzZXJkYXRhIjoiOTE1b2srbFFFM2Ird3ZBU1hsdE9QenVlTllISnpwRkJheUhTSU9nWmpQRmc2OVFkbnIrbDlVcnVRME5GOG8zcG5TRHF3VStYaCtDbUx6MlZ2RVFpa3dhNGg4dy80VmdzbW5OSTNmZWlkWW89IiwibmJmIjoxNTg1Nzk5MjQ4LCJleHAiOjE1ODU3OTkzMDgsImlhdCI6MTU4NTc5OTI0OCwiaXNzIjoiZXNjcm93LWNvcmUtYXBpIiwiYXVkIjoiZXNjcm93LWNvcmUtY2xpZW50In0.tRaV_2MYW8SeFUT0DTvXzEwKKJm8SK4s4oaaGL23drM'} 
data={"escrowCompanyId": "001", "sellerID": "72e70a93-f951-4795-9514-5e3dafd314af"} 
json=None</msg>
<msg timestamp="20200402 09:17:34.886" level="INFO">${response} = &lt;Response [200]&gt;</msg>
<status status="PASS" starttime="20200402 09:17:34.028" endtime="20200402 09:17:34.886"></status>
</kw>
<kw name="Should Be Equal As Strings" library="BuiltIn">
<doc>Fails if objects are unequal after converting them to strings.</doc>
<arguments>
<arg>${response.status_code}</arg>
<arg>200</arg>
</arguments>
<msg timestamp="20200402 09:17:34.887" level="INFO">Argument types are:
&lt;class 'int'&gt;
&lt;type 'unicode'&gt;</msg>
<status status="PASS" starttime="20200402 09:17:34.887" endtime="20200402 09:17:34.887"></status>
</kw>
<msg timestamp="20200402 09:17:34.888" level="INFO">${Value} = ทดสอบ</msg>
<status status="PASS" starttime="20200402 09:17:34.025" endtime="20200402 09:17:34.888"></status>
</kw>
<kw name="Log To Console" library="BuiltIn">
<doc>Logs the given message to the console.</doc>
<arguments>
<arg>${Value}</arg>
</arguments>
<status status="PASS" starttime="20200402 09:17:34.888" endtime="20200402 09:17:34.889"></status>
</kw>
<doc>Valid : To Check the system return data correctly in the response when User is registered with userdefine 1-5 in Thai language</doc>
<tags>
<tag>000</tag>
</tags>
<status status="PASS" starttime="20200402 09:17:30.288" endtime="20200402 09:17:34.889" critical="yes"></status>
</test>
<status status="PASS" starttime="20200402 09:16:27.551" endtime="20200402 09:17:34.893"></status>
</suite>
<statistics>
<total>
<stat pass="24" fail="0">Critical Tests</stat>
<stat pass="24" fail="0">All Tests</stat>
</total>
<tag>
<stat pass="17" fail="0">000</stat>
<stat pass="2" fail="0">E05</stat>
<stat pass="5" fail="0">E08</stat>
</tag>
<suite>
<stat pass="24" fail="0" id="s1" name="GetSellerDetails TestCases">GetSellerDetails TestCases</stat>
</suite>
</statistics>
<errors>
<msg timestamp="20200402 09:16:28.059" level="ERROR">Error in file 'C:\Users\perennial\PycharmProjects\EscrowAPI\Resource\Keyword\All Keywords EscrowAPI.robot': Resource file '\Global Keyword\Get Token.robot' does not exist.</msg>
<msg timestamp="20200402 09:16:28.061" level="ERROR">Error in file 'C:\Users\perennial\PycharmProjects\EscrowAPI\Resource\Keyword\All Keywords EscrowAPI.robot': Resource file '\Global Keyword\Register_Global_Keywords.robot' does not exist.</msg>
</errors>
</robot>
